Using device: cuda
Loading Source Train...
Using Mean/Std calculated from Source Train (mean[0]=21.899328771009145, std[0]=2.217699515769997)
Epoch: [0][ 10/660]	L_Src_Sup 5.8434e-01 (1.6185e+00)	L_Trg_Inj 0.0000e+00 (0.0000e+00)	Loss Disc 0.0000e+00 (0.0000e+00)	Loss Pred 7.5714e-01 (8.0432e-01)	Loss TOTAL 1.0493e+00 (1.6136e+00)
Epoch: [0][ 20/660]	L_Src_Sup 3.6246e-01 (9.6260e-01)	L_Trg_Inj 0.0000e+00 (0.0000e+00)	Loss Disc 0.0000e+00 (0.0000e+00)	Loss Pred 7.8506e-01 (7.9678e-01)	Loss TOTAL 9.6629e-01 (1.2781e+00)
Epoch: [0][ 30/660]	L_Src_Sup 2.1488e-01 (7.2802e-01)	L_Trg_Inj 0.0000e+00 (0.0000e+00)	Loss Disc 0.0000e+00 (0.0000e+00)	Loss Pred 7.9829e-01 (7.9999e-01)	Loss TOTAL 9.0573e-01 (1.1640e+00)
Epoch: [0][ 40/660]	L_Src_Sup 4.4850e-01 (6.0395e-01)	L_Trg_Inj 0.0000e+00 (0.0000e+00)	Loss Disc 0.0000e+00 (0.0000e+00)	Loss Pred 8.2931e-01 (7.9457e-01)	Loss TOTAL 1.0536e+00 (1.0965e+00)
Epoch: [0][ 50/660]	L_Src_Sup 2.2337e-01 (5.3976e-01)	L_Trg_Inj 0.0000e+00 (0.0000e+00)	Loss Disc 0.0000e+00 (0.0000e+00)	Loss Pred 8.0964e-01 (7.9453e-01)	Loss TOTAL 9.2133e-01 (1.0644e+00)
Epoch: [0][ 60/660]	L_Src_Sup 2.2856e-01 (4.8001e-01)	L_Trg_Inj 0.0000e+00 (0.0000e+00)	Loss Disc 0.0000e+00 (0.0000e+00)	Loss Pred 7.8855e-01 (7.9439e-01)	Loss TOTAL 9.0283e-01 (1.0344e+00)
Epoch: [0][ 70/660]	L_Src_Sup 1.5154e-01 (4.4103e-01)	L_Trg_Inj 0.0000e+00 (0.0000e+00)	Loss Disc 0.0000e+00 (0.0000e+00)	Loss Pred 7.8506e-01 (7.9328e-01)	Loss TOTAL 8.6083e-01 (1.0138e+00)
Epoch: [0][ 80/660]	L_Src_Sup 1.7210e-01 (4.0918e-01)	L_Trg_Inj 0.0000e+00 (0.0000e+00)	Loss Disc 0.0000e+00 (0.0000e+00)	Loss Pred 7.1457e-01 (7.9033e-01)	Loss TOTAL 8.0061e-01 (9.9492e-01)
Epoch: [0][ 90/660]	L_Src_Sup 2.1549e-01 (3.8399e-01)	L_Trg_Inj 0.0000e+00 (0.0000e+00)	Loss Disc 0.0000e+00 (0.0000e+00)	Loss Pred 7.3793e-01 (7.8758e-01)	Loss TOTAL 8.4568e-01 (9.7957e-01)
Epoch: [0][100/660]	L_Src_Sup 2.3776e-01 (3.6731e-01)	L_Trg_Inj 0.0000e+00 (0.0000e+00)	Loss Disc 0.0000e+00 (0.0000e+00)	Loss Pred 7.7317e-01 (7.8493e-01)	Loss TOTAL 8.9205e-01 (9.6858e-01)
Epoch: [0][110/660]	L_Src_Sup 2.7851e-01 (3.5208e-01)	L_Trg_Inj 0.0000e+00 (0.0000e+00)	Loss Disc 0.0000e+00 (0.0000e+00)	Loss Pred 7.4842e-01 (7.8291e-01)	Loss TOTAL 8.8768e-01 (9.5895e-01)
Epoch: [0][120/660]	L_Src_Sup 1.8945e-01 (3.3954e-01)	L_Trg_Inj 0.0000e+00 (0.0000e+00)	Loss Disc 0.0000e+00 (0.0000e+00)	Loss Pred 7.7603e-01 (7.8096e-01)	Loss TOTAL 8.7075e-01 (9.5073e-01)
Epoch: [0][130/660]	L_Src_Sup 1.7527e-01 (3.2630e-01)	L_Trg_Inj 0.0000e+00 (0.0000e+00)	Loss Disc 0.0000e+00 (0.0000e+00)	Loss Pred 8.1684e-01 (7.8017e-01)	Loss TOTAL 9.0448e-01 (9.4332e-01)
Epoch: [0][140/660]	L_Src_Sup 1.4709e-01 (3.1801e-01)	L_Trg_Inj 0.0000e+00 (0.0000e+00)	Loss Disc 0.0000e+00 (0.0000e+00)	Loss Pred 7.2396e-01 (7.7886e-01)	Loss TOTAL 7.9750e-01 (9.3787e-01)
Epoch: [0][150/660]	L_Src_Sup 1.2056e-01 (3.1001e-01)	L_Trg_Inj 0.0000e+00 (0.0000e+00)	Loss Disc 0.0000e+00 (0.0000e+00)	Loss Pred 7.6664e-01 (7.7703e-01)	Loss TOTAL 8.2692e-01 (9.3203e-01)
Epoch: [0][160/660]	L_Src_Sup 3.2940e-01 (3.0231e-01)	L_Trg_Inj 0.0000e+00 (0.0000e+00)	Loss Disc 0.0000e+00 (0.0000e+00)	Loss Pred 7.0160e-01 (7.7473e-01)	Loss TOTAL 8.6630e-01 (9.2589e-01)
Epoch: [0][170/660]	L_Src_Sup 1.4893e-01 (2.9560e-01)	L_Trg_Inj 0.0000e+00 (0.0000e+00)	Loss Disc 0.0000e+00 (0.0000e+00)	Loss Pred 6.9700e-01 (7.7388e-01)	Loss TOTAL 7.7146e-01 (9.2168e-01)
Epoch: [0][180/660]	L_Src_Sup 2.4882e-01 (2.9109e-01)	L_Trg_Inj 0.0000e+00 (0.0000e+00)	Loss Disc 0.0000e+00 (0.0000e+00)	Loss Pred 6.6619e-01 (7.7098e-01)	Loss TOTAL 7.9060e-01 (9.1652e-01)
Epoch: [0][190/660]	L_Src_Sup 2.2313e-01 (2.8676e-01)	L_Trg_Inj 0.0000e+00 (0.0000e+00)	Loss Disc 0.0000e+00 (0.0000e+00)	Loss Pred 7.4010e-01 (7.6965e-01)	Loss TOTAL 8.5167e-01 (9.1304e-01)
Epoch: [0][200/660]	L_Src_Sup 2.6458e-01 (2.8095e-01)	L_Trg_Inj 0.0000e+00 (0.0000e+00)	Loss Disc 0.0000e+00 (0.0000e+00)	Loss Pred 7.3972e-01 (7.6866e-01)	Loss TOTAL 8.7201e-01 (9.0914e-01)
Epoch: [0][210/660]	L_Src_Sup 9.8993e-02 (2.7764e-01)	L_Trg_Inj 0.0000e+00 (0.0000e+00)	Loss Disc 0.0000e+00 (0.0000e+00)	Loss Pred 6.8074e-01 (7.6751e-01)	Loss TOTAL 7.3023e-01 (9.0633e-01)
Epoch: [0][220/660]	L_Src_Sup 1.0201e-01 (2.7437e-01)	L_Trg_Inj 0.0000e+00 (0.0000e+00)	Loss Disc 0.0000e+00 (0.0000e+00)	Loss Pred 7.1785e-01 (7.6575e-01)	Loss TOTAL 7.6885e-01 (9.0293e-01)
Epoch: [0][230/660]	L_Src_Sup 2.0233e-01 (2.7142e-01)	L_Trg_Inj 0.0000e+00 (0.0000e+00)	Loss Disc 0.0000e+00 (0.0000e+00)	Loss Pred 6.8625e-01 (7.6334e-01)	Loss TOTAL 7.8741e-01 (8.9905e-01)
Epoch: [0][240/660]	L_Src_Sup 1.5355e-01 (2.6828e-01)	L_Trg_Inj 0.0000e+00 (0.0000e+00)	Loss Disc 0.0000e+00 (0.0000e+00)	Loss Pred 7.2695e-01 (7.6106e-01)	Loss TOTAL 8.0373e-01 (8.9520e-01)
Epoch: [0][250/660]	L_Src_Sup 2.2765e-01 (2.6614e-01)	L_Trg_Inj 0.0000e+00 (0.0000e+00)	Loss Disc 0.0000e+00 (0.0000e+00)	Loss Pred 7.8256e-01 (7.5978e-01)	Loss TOTAL 8.9639e-01 (8.9286e-01)
Epoch: [0][260/660]	L_Src_Sup 2.2447e-01 (2.6356e-01)	L_Trg_Inj 0.0000e+00 (0.0000e+00)	Loss Disc 0.0000e+00 (0.0000e+00)	Loss Pred 7.6856e-01 (7.5893e-01)	Loss TOTAL 8.8079e-01 (8.9071e-01)
Epoch: [0][270/660]	L_Src_Sup 1.4871e-01 (2.6113e-01)	L_Trg_Inj 0.0000e+00 (0.0000e+00)	Loss Disc 0.0000e+00 (0.0000e+00)	Loss Pred 7.0506e-01 (7.5750e-01)	Loss TOTAL 7.7941e-01 (8.8807e-01)
Epoch: [0][280/660]	L_Src_Sup 2.2593e-01 (2.5836e-01)	L_Trg_Inj 0.0000e+00 (0.0000e+00)	Loss Disc 0.0000e+00 (0.0000e+00)	Loss Pred 6.2414e-01 (7.5568e-01)	Loss TOTAL 7.3710e-01 (8.8485e-01)
Epoch: [0][290/660]	L_Src_Sup 2.3154e-01 (2.5576e-01)	L_Trg_Inj 0.0000e+00 (0.0000e+00)	Loss Disc 0.0000e+00 (0.0000e+00)	Loss Pred 6.6786e-01 (7.5400e-01)	Loss TOTAL 7.8363e-01 (8.8188e-01)
Epoch: [0][300/660]	L_Src_Sup 1.4930e-01 (2.5505e-01)	L_Trg_Inj 0.0000e+00 (0.0000e+00)	Loss Disc 0.0000e+00 (0.0000e+00)	Loss Pred 6.9667e-01 (7.5250e-01)	Loss TOTAL 7.7133e-01 (8.8003e-01)
Epoch: [0][310/660]	L_Src_Sup 1.8848e-01 (2.5299e-01)	L_Trg_Inj 0.0000e+00 (0.0000e+00)	Loss Disc 0.0000e+00 (0.0000e+00)	Loss Pred 7.4376e-01 (7.5066e-01)	Loss TOTAL 8.3800e-01 (8.7716e-01)
Epoch: [0][320/660]	L_Src_Sup 1.8885e-01 (2.5136e-01)	L_Trg_Inj 0.0000e+00 (0.0000e+00)	Loss Disc 0.0000e+00 (0.0000e+00)	Loss Pred 7.2507e-01 (7.4850e-01)	Loss TOTAL 8.1950e-01 (8.7418e-01)
Epoch: [0][330/660]	L_Src_Sup 1.8044e-01 (2.4983e-01)	L_Trg_Inj 0.0000e+00 (0.0000e+00)	Loss Disc 0.0000e+00 (0.0000e+00)	Loss Pred 6.9109e-01 (7.4783e-01)	Loss TOTAL 7.8131e-01 (8.7274e-01)
Epoch: [0][340/660]	L_Src_Sup 1.0762e-01 (2.4826e-01)	L_Trg_Inj 0.0000e+00 (0.0000e+00)	Loss Disc 0.0000e+00 (0.0000e+00)	Loss Pred 8.0749e-01 (7.4632e-01)	Loss TOTAL 8.6130e-01 (8.7045e-01)
Epoch: [0][350/660]	L_Src_Sup 2.8728e-01 (2.4720e-01)	L_Trg_Inj 0.0000e+00 (0.0000e+00)	Loss Disc 0.0000e+00 (0.0000e+00)	Loss Pred 6.6848e-01 (7.4586e-01)	Loss TOTAL 8.1212e-01 (8.6946e-01)
Epoch: [0][360/660]	L_Src_Sup 1.7740e-01 (2.4572e-01)	L_Trg_Inj 0.0000e+00 (0.0000e+00)	Loss Disc 0.0000e+00 (0.0000e+00)	Loss Pred 6.4783e-01 (7.4484e-01)	Loss TOTAL 7.3653e-01 (8.6770e-01)
Epoch: [0][370/660]	L_Src_Sup 2.3056e-01 (2.4599e-01)	L_Trg_Inj 0.0000e+00 (0.0000e+00)	Loss Disc 0.0000e+00 (0.0000e+00)	Loss Pred 8.3799e-01 (7.4462e-01)	Loss TOTAL 9.5327e-01 (8.6761e-01)
Epoch: [0][380/660]	L_Src_Sup 2.6660e-01 (2.4506e-01)	L_Trg_Inj 0.0000e+00 (0.0000e+00)	Loss Disc 0.0000e+00 (0.0000e+00)	Loss Pred 7.7036e-01 (7.4418e-01)	Loss TOTAL 9.0366e-01 (8.6671e-01)
Epoch: [0][390/660]	L_Src_Sup 2.0434e-01 (2.4402e-01)	L_Trg_Inj 0.0000e+00 (0.0000e+00)	Loss Disc 0.0000e+00 (0.0000e+00)	Loss Pred 6.7832e-01 (7.4299e-01)	Loss TOTAL 7.8049e-01 (8.6501e-01)
Epoch: [0][400/660]	L_Src_Sup 1.5117e-01 (2.4269e-01)	L_Trg_Inj 0.0000e+00 (0.0000e+00)	Loss Disc 0.0000e+00 (0.0000e+00)	Loss Pred 6.2202e-01 (7.4127e-01)	Loss TOTAL 6.9761e-01 (8.6261e-01)
Epoch: [0][410/660]	L_Src_Sup 3.0900e-01 (2.4187e-01)	L_Trg_Inj 0.0000e+00 (0.0000e+00)	Loss Disc 0.0000e+00 (0.0000e+00)	Loss Pred 5.8276e-01 (7.3962e-01)	Loss TOTAL 7.3726e-01 (8.6055e-01)
Epoch: [0][420/660]	L_Src_Sup 1.6755e-01 (2.4113e-01)	L_Trg_Inj 0.0000e+00 (0.0000e+00)	Loss Disc 0.0000e+00 (0.0000e+00)	Loss Pred 6.4444e-01 (7.3764e-01)	Loss TOTAL 7.2821e-01 (8.5821e-01)
Epoch: [0][430/660]	L_Src_Sup 2.1143e-01 (2.4046e-01)	L_Trg_Inj 0.0000e+00 (0.0000e+00)	Loss Disc 0.0000e+00 (0.0000e+00)	Loss Pred 7.0964e-01 (7.3604e-01)	Loss TOTAL 8.1536e-01 (8.5627e-01)
Epoch: [0][440/660]	L_Src_Sup 1.6123e-01 (2.3936e-01)	L_Trg_Inj 0.0000e+00 (0.0000e+00)	Loss Disc 0.0000e+00 (0.0000e+00)	Loss Pred 7.3270e-01 (7.3491e-01)	Loss TOTAL 8.1332e-01 (8.5459e-01)
Epoch: [0][450/660]	L_Src_Sup 1.5307e-01 (2.3784e-01)	L_Trg_Inj 0.0000e+00 (0.0000e+00)	Loss Disc 0.0000e+00 (0.0000e+00)	Loss Pred 6.4653e-01 (7.3318e-01)	Loss TOTAL 7.2306e-01 (8.5210e-01)
Epoch: [0][460/660]	L_Src_Sup 1.3643e-01 (2.3629e-01)	L_Trg_Inj 0.0000e+00 (0.0000e+00)	Loss Disc 0.0000e+00 (0.0000e+00)	Loss Pred 6.5056e-01 (7.3074e-01)	Loss TOTAL 7.1877e-01 (8.4889e-01)
Epoch: [0][470/660]	L_Src_Sup 2.4621e-01 (2.3580e-01)	L_Trg_Inj 0.0000e+00 (0.0000e+00)	Loss Disc 0.0000e+00 (0.0000e+00)	Loss Pred 6.8093e-01 (7.2875e-01)	Loss TOTAL 8.0403e-01 (8.4665e-01)
Epoch: [0][480/660]	L_Src_Sup 1.5709e-01 (2.3528e-01)	L_Trg_Inj 0.0000e+00 (0.0000e+00)	Loss Disc 0.0000e+00 (0.0000e+00)	Loss Pred 6.4419e-01 (7.2676e-01)	Loss TOTAL 7.2273e-01 (8.4440e-01)
Epoch: [0][490/660]	L_Src_Sup 2.2903e-01 (2.3525e-01)	L_Trg_Inj 0.0000e+00 (0.0000e+00)	Loss Disc 0.0000e+00 (0.0000e+00)	Loss Pred 6.4578e-01 (7.2453e-01)	Loss TOTAL 7.6030e-01 (8.4216e-01)
Epoch: [0][500/660]	L_Src_Sup 2.9492e-01 (2.3472e-01)	L_Trg_Inj 0.0000e+00 (0.0000e+00)	Loss Disc 0.0000e+00 (0.0000e+00)	Loss Pred 5.9782e-01 (7.2218e-01)	Loss TOTAL 7.4528e-01 (8.3954e-01)
Epoch: [0][510/660]	L_Src_Sup 2.5583e-01 (2.3414e-01)	L_Trg_Inj 0.0000e+00 (0.0000e+00)	Loss Disc 0.0000e+00 (0.0000e+00)	Loss Pred 6.1358e-01 (7.1986e-01)	Loss TOTAL 7.4150e-01 (8.3693e-01)
Epoch: [0][520/660]	L_Src_Sup 2.2916e-01 (2.3348e-01)	L_Trg_Inj 0.0000e+00 (0.0000e+00)	Loss Disc 0.0000e+00 (0.0000e+00)	Loss Pred 6.2134e-01 (7.1754e-01)	Loss TOTAL 7.3593e-01 (8.3428e-01)
Epoch: [0][530/660]	L_Src_Sup 1.4018e-01 (2.3277e-01)	L_Trg_Inj 0.0000e+00 (0.0000e+00)	Loss Disc 0.0000e+00 (0.0000e+00)	Loss Pred 5.9762e-01 (7.1552e-01)	Loss TOTAL 6.6771e-01 (8.3191e-01)
Epoch: [0][540/660]	L_Src_Sup 1.9149e-01 (2.3220e-01)	L_Trg_Inj 0.0000e+00 (0.0000e+00)	Loss Disc 0.0000e+00 (0.0000e+00)	Loss Pred 6.0868e-01 (7.1325e-01)	Loss TOTAL 7.0442e-01 (8.2935e-01)
Epoch: [0][550/660]	L_Src_Sup 2.9414e-01 (2.3184e-01)	L_Trg_Inj 0.0000e+00 (0.0000e+00)	Loss Disc 0.0000e+00 (0.0000e+00)	Loss Pred 6.1659e-01 (7.1085e-01)	Loss TOTAL 7.6366e-01 (8.2677e-01)
Epoch: [0][560/660]	L_Src_Sup 1.1748e-01 (2.3110e-01)	L_Trg_Inj 0.0000e+00 (0.0000e+00)	Loss Disc 0.0000e+00 (0.0000e+00)	Loss Pred 5.8108e-01 (7.0828e-01)	Loss TOTAL 6.3981e-01 (8.2383e-01)
Epoch: [0][570/660]	L_Src_Sup 1.0057e-01 (2.3022e-01)	L_Trg_Inj 0.0000e+00 (0.0000e+00)	Loss Disc 0.0000e+00 (0.0000e+00)	Loss Pred 5.6193e-01 (7.0568e-01)	Loss TOTAL 6.1222e-01 (8.2079e-01)
Epoch: [0][580/660]	L_Src_Sup 2.0999e-01 (2.3016e-01)	L_Trg_Inj 0.0000e+00 (0.0000e+00)	Loss Disc 0.0000e+00 (0.0000e+00)	Loss Pred 5.8259e-01 (7.0322e-01)	Loss TOTAL 6.8759e-01 (8.1830e-01)
Epoch: [0][590/660]	L_Src_Sup 1.9131e-01 (2.2973e-01)	L_Trg_Inj 0.0000e+00 (0.0000e+00)	Loss Disc 0.0000e+00 (0.0000e+00)	Loss Pred 5.3020e-01 (7.0067e-01)	Loss TOTAL 6.2586e-01 (8.1553e-01)
Epoch: [0][600/660]	L_Src_Sup 2.2491e-01 (2.2918e-01)	L_Trg_Inj 0.0000e+00 (0.0000e+00)	Loss Disc 0.0000e+00 (0.0000e+00)	Loss Pred 5.9258e-01 (6.9841e-01)	Loss TOTAL 7.0503e-01 (8.1300e-01)
Epoch: [0][610/660]	L_Src_Sup 1.7999e-01 (2.2887e-01)	L_Trg_Inj 0.0000e+00 (0.0000e+00)	Loss Disc 0.0000e+00 (0.0000e+00)	Loss Pred 6.0250e-01 (6.9628e-01)	Loss TOTAL 6.9249e-01 (8.1072e-01)
Epoch: [0][620/660]	L_Src_Sup 2.3015e-01 (2.2813e-01)	L_Trg_Inj 0.0000e+00 (0.0000e+00)	Loss Disc 0.0000e+00 (0.0000e+00)	Loss Pred 4.9963e-01 (6.9398e-01)	Loss TOTAL 6.1470e-01 (8.0805e-01)
Epoch: [0][630/660]	L_Src_Sup 1.5996e-01 (2.2800e-01)	L_Trg_Inj 0.0000e+00 (0.0000e+00)	Loss Disc 0.0000e+00 (0.0000e+00)	Loss Pred 5.6562e-01 (6.9175e-01)	Loss TOTAL 6.4560e-01 (8.0574e-01)
Epoch: [0][640/660]	L_Src_Sup 2.5474e-01 (2.2785e-01)	L_Trg_Inj 0.0000e+00 (0.0000e+00)	Loss Disc 0.0000e+00 (0.0000e+00)	Loss Pred 5.2081e-01 (6.8918e-01)	Loss TOTAL 6.4818e-01 (8.0310e-01)
Epoch: [0][650/660]	L_Src_Sup 2.4585e-01 (2.2788e-01)	L_Trg_Inj 0.0000e+00 (0.0000e+00)	Loss Disc 0.0000e+00 (0.0000e+00)	Loss Pred 5.6148e-01 (6.8683e-01)	Loss TOTAL 6.8440e-01 (8.0077e-01)
Epoch: [0][660/660]	L_Src_Sup 2.4997e-01 (2.2752e-01)	L_Trg_Inj 0.0000e+00 (0.0000e+00)	Loss Disc 0.0000e+00 (0.0000e+00)	Loss Pred 5.2398e-01 (6.8441e-01)	Loss TOTAL 6.4896e-01 (7.9817e-01)
Epoch: [0][660/660]	L_Src_Sup 2.4997e-01 (2.2752e-01)	L_Trg_Inj 0.0000e+00 (0.0000e+00)	Loss Disc 0.0000e+00 (0.0000e+00)	Loss Pred 5.2398e-01 (6.8441e-01)	Loss TOTAL 6.4896e-01 (7.9817e-01)
Epoch 0 complete. Saving model state...
Epoch: [1][ 10/660]	L_Src_Sup 2.3583e-01 (2.1906e-01)	L_Trg_Inj 0.0000e+00 (0.0000e+00)	Loss Disc 0.0000e+00 (0.0000e+00)	Loss Pred 5.1200e-01 (5.3034e-01)	Loss TOTAL 6.2992e-01 (6.3987e-01)
Epoch: [1][ 20/660]	L_Src_Sup 2.0900e-01 (2.1264e-01)	L_Trg_Inj 0.0000e+00 (0.0000e+00)	Loss Disc 0.0000e+00 (0.0000e+00)	Loss Pred 5.3441e-01 (5.3059e-01)	Loss TOTAL 6.3892e-01 (6.3691e-01)
Epoch: [1][ 30/660]	L_Src_Sup 1.9983e-01 (2.0947e-01)	L_Trg_Inj 0.0000e+00 (0.0000e+00)	Loss Disc 0.0000e+00 (0.0000e+00)	Loss Pred 4.9391e-01 (5.2345e-01)	Loss TOTAL 5.9383e-01 (6.2818e-01)
Epoch: [1][ 40/660]	L_Src_Sup 1.1792e-01 (2.0748e-01)	L_Trg_Inj 0.0000e+00 (0.0000e+00)	Loss Disc 0.0000e+00 (0.0000e+00)	Loss Pred 5.1635e-01 (5.2432e-01)	Loss TOTAL 5.7531e-01 (6.2806e-01)
Epoch: [1][ 50/660]	L_Src_Sup 2.3436e-01 (2.1303e-01)	L_Trg_Inj 0.0000e+00 (0.0000e+00)	Loss Disc 0.0000e+00 (0.0000e+00)	Loss Pred 5.1381e-01 (5.2372e-01)	Loss TOTAL 6.3099e-01 (6.3024e-01)
Epoch: [1][ 60/660]	L_Src_Sup 1.6844e-01 (2.1038e-01)	L_Trg_Inj 0.0000e+00 (0.0000e+00)	Loss Disc 0.0000e+00 (0.0000e+00)	Loss Pred 5.1285e-01 (5.2448e-01)	Loss TOTAL 5.9707e-01 (6.2967e-01)
Epoch: [1][ 70/660]	L_Src_Sup 1.7418e-01 (2.1032e-01)	L_Trg_Inj 0.0000e+00 (0.0000e+00)	Loss Disc 0.0000e+00 (0.0000e+00)	Loss Pred 6.0378e-01 (5.2573e-01)	Loss TOTAL 6.9087e-01 (6.3089e-01)
Epoch: [1][ 80/660]	L_Src_Sup 1.7115e-01 (2.0990e-01)	L_Trg_Inj 0.0000e+00 (0.0000e+00)	Loss Disc 0.0000e+00 (0.0000e+00)	Loss Pred 5.2695e-01 (5.2509e-01)	Loss TOTAL 6.1252e-01 (6.3004e-01)
Epoch: [1][ 90/660]	L_Src_Sup 1.6631e-01 (2.0916e-01)	L_Trg_Inj 0.0000e+00 (0.0000e+00)	Loss Disc 0.0000e+00 (0.0000e+00)	Loss Pred 5.6215e-01 (5.2505e-01)	Loss TOTAL 6.4530e-01 (6.2963e-01)
Epoch: [1][100/660]	L_Src_Sup 1.7154e-01 (2.0752e-01)	L_Trg_Inj 0.0000e+00 (0.0000e+00)	Loss Disc 0.0000e+00 (0.0000e+00)	Loss Pred 5.2345e-01 (5.2591e-01)	Loss TOTAL 6.0922e-01 (6.2967e-01)
Epoch: [1][110/660]	L_Src_Sup 1.8712e-01 (2.0703e-01)	L_Trg_Inj 0.0000e+00 (0.0000e+00)	Loss Disc 0.0000e+00 (0.0000e+00)	Loss Pred 4.9371e-01 (5.2478e-01)	Loss TOTAL 5.8727e-01 (6.2830e-01)
Epoch: [1][120/660]	L_Src_Sup 1.9353e-01 (2.0791e-01)	L_Trg_Inj 0.0000e+00 (0.0000e+00)	Loss Disc 0.0000e+00 (0.0000e+00)	Loss Pred 5.7760e-01 (5.2391e-01)	Loss TOTAL 6.7436e-01 (6.2787e-01)
Epoch: [1][130/660]	L_Src_Sup 2.0068e-01 (2.1041e-01)	L_Trg_Inj 0.0000e+00 (0.0000e+00)	Loss Disc 0.0000e+00 (0.0000e+00)	Loss Pred 5.0262e-01 (5.2432e-01)	Loss TOTAL 6.0296e-01 (6.2953e-01)
Epoch: [1][140/660]	L_Src_Sup 1.9971e-01 (2.1165e-01)	L_Trg_Inj 0.0000e+00 (0.0000e+00)	Loss Disc 0.0000e+00 (0.0000e+00)	Loss Pred 5.1624e-01 (5.2442e-01)	Loss TOTAL 6.1609e-01 (6.3024e-01)
Epoch: [1][150/660]	L_Src_Sup 1.8647e-01 (2.0973e-01)	L_Trg_Inj 0.0000e+00 (0.0000e+00)	Loss Disc 0.0000e+00 (0.0000e+00)	Loss Pred 5.1641e-01 (5.2389e-01)	Loss TOTAL 6.0964e-01 (6.2875e-01)
Epoch: [1][160/660]	L_Src_Sup 2.0378e-01 (2.0863e-01)	L_Trg_Inj 0.0000e+00 (0.0000e+00)	Loss Disc 0.0000e+00 (0.0000e+00)	Loss Pred 5.2336e-01 (5.2340e-01)	Loss TOTAL 6.2524e-01 (6.2771e-01)
Epoch: [1][170/660]	L_Src_Sup 1.6899e-01 (2.0843e-01)	L_Trg_Inj 0.0000e+00 (0.0000e+00)	Loss Disc 0.0000e+00 (0.0000e+00)	Loss Pred 4.7859e-01 (5.2149e-01)	Loss TOTAL 5.6308e-01 (6.2570e-01)
Epoch: [1][180/660]	L_Src_Sup 2.0584e-01 (2.0656e-01)	L_Trg_Inj 0.0000e+00 (0.0000e+00)	Loss Disc 0.0000e+00 (0.0000e+00)	Loss Pred 4.6717e-01 (5.2049e-01)	Loss TOTAL 5.7009e-01 (6.2377e-01)
Epoch: [1][190/660]	L_Src_Sup 5.4178e-02 (2.0573e-01)	L_Trg_Inj 0.0000e+00 (0.0000e+00)	Loss Disc 0.0000e+00 (0.0000e+00)	Loss Pred 5.5014e-01 (5.1944e-01)	Loss TOTAL 5.7723e-01 (6.2231e-01)
Epoch: [1][200/660]	L_Src_Sup 1.6599e-01 (2.0520e-01)	L_Trg_Inj 0.0000e+00 (0.0000e+00)	Loss Disc 0.0000e+00 (0.0000e+00)	Loss Pred 4.9153e-01 (5.1930e-01)	Loss TOTAL 5.7453e-01 (6.2190e-01)
Epoch: [1][210/660]	L_Src_Sup 2.0567e-01 (2.0595e-01)	L_Trg_Inj 0.0000e+00 (0.0000e+00)	Loss Disc 0.0000e+00 (0.0000e+00)	Loss Pred 5.1133e-01 (5.1875e-01)	Loss TOTAL 6.1417e-01 (6.2173e-01)
Epoch: [1][220/660]	L_Src_Sup 1.9001e-01 (2.0470e-01)	L_Trg_Inj 0.0000e+00 (0.0000e+00)	Loss Disc 0.0000e+00 (0.0000e+00)	Loss Pred 5.0666e-01 (5.1768e-01)	Loss TOTAL 6.0166e-01 (6.2004e-01)
Epoch: [1][230/660]	L_Src_Sup 2.1665e-01 (2.0583e-01)	L_Trg_Inj 0.0000e+00 (0.0000e+00)	Loss Disc 0.0000e+00 (0.0000e+00)	Loss Pred 4.8894e-01 (5.1776e-01)	Loss TOTAL 5.9726e-01 (6.2068e-01)
Epoch: [1][240/660]	L_Src_Sup 6.8334e-02 (2.0481e-01)	L_Trg_Inj 0.0000e+00 (0.0000e+00)	Loss Disc 0.0000e+00 (0.0000e+00)	Loss Pred 4.9181e-01 (5.1720e-01)	Loss TOTAL 5.2597e-01 (6.1961e-01)
Epoch: [1][250/660]	L_Src_Sup 2.7835e-01 (2.0380e-01)	L_Trg_Inj 0.0000e+00 (0.0000e+00)	Loss Disc 0.0000e+00 (0.0000e+00)	Loss Pred 5.0721e-01 (5.1672e-01)	Loss TOTAL 6.4639e-01 (6.1863e-01)
Epoch: [1][260/660]	L_Src_Sup 2.1306e-01 (2.0404e-01)	L_Trg_Inj 0.0000e+00 (0.0000e+00)	Loss Disc 0.0000e+00 (0.0000e+00)	Loss Pred 4.9531e-01 (5.1511e-01)	Loss TOTAL 6.0185e-01 (6.1714e-01)
Epoch: [1][270/660]	L_Src_Sup 2.1516e-01 (2.0335e-01)	L_Trg_Inj 0.0000e+00 (0.0000e+00)	Loss Disc 0.0000e+00 (0.0000e+00)	Loss Pred 4.4927e-01 (5.1442e-01)	Loss TOTAL 5.5685e-01 (6.1610e-01)
Epoch: [1][280/660]	L_Src_Sup 2.5569e-01 (2.0369e-01)	L_Trg_Inj 0.0000e+00 (0.0000e+00)	Loss Disc 0.0000e+00 (0.0000e+00)	Loss Pred 5.5902e-01 (5.1417e-01)	Loss TOTAL 6.8686e-01 (6.1602e-01)
Epoch: [1][290/660]	L_Src_Sup 1.1973e-01 (2.0244e-01)	L_Trg_Inj 0.0000e+00 (0.0000e+00)	Loss Disc 0.0000e+00 (0.0000e+00)	Loss Pred 4.8589e-01 (5.1331e-01)	Loss TOTAL 5.4576e-01 (6.1453e-01)
Epoch: [1][300/660]	L_Src_Sup 2.2480e-01 (2.0222e-01)	L_Trg_Inj 0.0000e+00 (0.0000e+00)	Loss Disc 0.0000e+00 (0.0000e+00)	Loss Pred 5.0476e-01 (5.1214e-01)	Loss TOTAL 6.1717e-01 (6.1325e-01)
Epoch: [1][310/660]	L_Src_Sup 2.1682e-01 (2.0283e-01)	L_Trg_Inj 0.0000e+00 (0.0000e+00)	Loss Disc 0.0000e+00 (0.0000e+00)	Loss Pred 4.9866e-01 (5.1106e-01)	Loss TOTAL 6.0707e-01 (6.1247e-01)
Epoch: [1][320/660]	L_Src_Sup 1.5789e-01 (2.0246e-01)	L_Trg_Inj 0.0000e+00 (0.0000e+00)	Loss Disc 0.0000e+00 (0.0000e+00)	Loss Pred 5.1004e-01 (5.1000e-01)	Loss TOTAL 5.8898e-01 (6.1123e-01)
Epoch: [1][330/660]	L_Src_Sup 2.0688e-01 (2.0241e-01)	L_Trg_Inj 0.0000e+00 (0.0000e+00)	Loss Disc 0.0000e+00 (0.0000e+00)	Loss Pred 5.0008e-01 (5.0957e-01)	Loss TOTAL 6.0352e-01 (6.1078e-01)
Epoch: [1][340/660]	L_Src_Sup 2.5645e-01 (2.0224e-01)	L_Trg_Inj 0.0000e+00 (0.0000e+00)	Loss Disc 0.0000e+00 (0.0000e+00)	Loss Pred 4.8248e-01 (5.0872e-01)	Loss TOTAL 6.1070e-01 (6.0985e-01)
Epoch: [1][350/660]	L_Src_Sup 1.8480e-01 (2.0238e-01)	L_Trg_Inj 0.0000e+00 (0.0000e+00)	Loss Disc 0.0000e+00 (0.0000e+00)	Loss Pred 4.6513e-01 (5.0791e-01)	Loss TOTAL 5.5753e-01 (6.0910e-01)
Epoch: [1][360/660]	L_Src_Sup 2.6701e-01 (2.0280e-01)	L_Trg_Inj 0.0000e+00 (0.0000e+00)	Loss Disc 0.0000e+00 (0.0000e+00)	Loss Pred 4.8463e-01 (5.0753e-01)	Loss TOTAL 6.1814e-01 (6.0893e-01)
Epoch: [1][370/660]	L_Src_Sup 1.9092e-01 (2.0243e-01)	L_Trg_Inj 0.0000e+00 (0.0000e+00)	Loss Disc 0.0000e+00 (0.0000e+00)	Loss Pred 5.0609e-01 (5.0720e-01)	Loss TOTAL 6.0155e-01 (6.0842e-01)
Epoch: [1][380/660]	L_Src_Sup 8.8885e-02 (2.0150e-01)	L_Trg_Inj 0.0000e+00 (0.0000e+00)	Loss Disc 0.0000e+00 (0.0000e+00)	Loss Pred 5.0461e-01 (5.0682e-01)	Loss TOTAL 5.4905e-01 (6.0757e-01)
Epoch: [1][390/660]	L_Src_Sup 1.6451e-01 (2.0142e-01)	L_Trg_Inj 0.0000e+00 (0.0000e+00)	Loss Disc 0.0000e+00 (0.0000e+00)	Loss Pred 4.4980e-01 (5.0650e-01)	Loss TOTAL 5.3205e-01 (6.0721e-01)
Epoch: [1][400/660]	L_Src_Sup 2.3980e-01 (2.0221e-01)	L_Trg_Inj 0.0000e+00 (0.0000e+00)	Loss Disc 0.0000e+00 (0.0000e+00)	Loss Pred 4.5987e-01 (5.0559e-01)	Loss TOTAL 5.7977e-01 (6.0670e-01)
Epoch: [1][410/660]	L_Src_Sup 1.3974e-01 (2.0184e-01)	L_Trg_Inj 0.0000e+00 (0.0000e+00)	Loss Disc 0.0000e+00 (0.0000e+00)	Loss Pred 5.3049e-01 (5.0507e-01)	Loss TOTAL 6.0036e-01 (6.0598e-01)
Epoch: [1][420/660]	L_Src_Sup 2.1145e-01 (2.0182e-01)	L_Trg_Inj 0.0000e+00 (0.0000e+00)	Loss Disc 0.0000e+00 (0.0000e+00)	Loss Pred 4.5216e-01 (5.0434e-01)	Loss TOTAL 5.5789e-01 (6.0525e-01)
Epoch: [1][430/660]	L_Src_Sup 2.4882e-01 (2.0224e-01)	L_Trg_Inj 0.0000e+00 (0.0000e+00)	Loss Disc 0.0000e+00 (0.0000e+00)	Loss Pred 4.6596e-01 (5.0371e-01)	Loss TOTAL 5.9037e-01 (6.0483e-01)
Epoch: [1][440/660]	L_Src_Sup 1.4166e-01 (2.0158e-01)	L_Trg_Inj 0.0000e+00 (0.0000e+00)	Loss Disc 0.0000e+00 (0.0000e+00)	Loss Pred 5.1431e-01 (5.0262e-01)	Loss TOTAL 5.8513e-01 (6.0341e-01)
Epoch: [1][450/660]	L_Src_Sup 8.3339e-02 (2.0129e-01)	L_Trg_Inj 0.0000e+00 (0.0000e+00)	Loss Disc 0.0000e+00 (0.0000e+00)	Loss Pred 4.6518e-01 (5.0198e-01)	Loss TOTAL 5.0685e-01 (6.0263e-01)
Epoch: [1][460/660]	L_Src_Sup 2.3237e-01 (2.0096e-01)	L_Trg_Inj 0.0000e+00 (0.0000e+00)	Loss Disc 0.0000e+00 (0.0000e+00)	Loss Pred 5.1827e-01 (5.0194e-01)	Loss TOTAL 6.3446e-01 (6.0242e-01)
Epoch: [1][470/660]	L_Src_Sup 1.7840e-01 (2.0106e-01)	L_Trg_Inj 0.0000e+00 (0.0000e+00)	Loss Disc 0.0000e+00 (0.0000e+00)	Loss Pred 5.6011e-01 (5.0154e-01)	Loss TOTAL 6.4931e-01 (6.0207e-01)
Epoch: [1][480/660]	L_Src_Sup 2.2712e-01 (2.0159e-01)	L_Trg_Inj 0.0000e+00 (0.0000e+00)	Loss Disc 0.0000e+00 (0.0000e+00)	Loss Pred 5.0671e-01 (5.0136e-01)	Loss TOTAL 6.2028e-01 (6.0216e-01)
Epoch: [1][490/660]	L_Src_Sup 9.9520e-02 (2.0087e-01)	L_Trg_Inj 0.0000e+00 (0.0000e+00)	Loss Disc 0.0000e+00 (0.0000e+00)	Loss Pred 4.7471e-01 (5.0074e-01)	Loss TOTAL 5.2447e-01 (6.0118e-01)
Epoch: [1][500/660]	L_Src_Sup 2.1052e-01 (2.0078e-01)	L_Trg_Inj 0.0000e+00 (0.0000e+00)	Loss Disc 0.0000e+00 (0.0000e+00)	Loss Pred 4.7881e-01 (5.0011e-01)	Loss TOTAL 5.8407e-01 (6.0050e-01)
Epoch: [1][510/660]	L_Src_Sup 1.6373e-01 (2.0045e-01)	L_Trg_Inj 0.0000e+00 (0.0000e+00)	Loss Disc 0.0000e+00 (0.0000e+00)	Loss Pred 5.2097e-01 (4.9965e-01)	Loss TOTAL 6.0283e-01 (5.9988e-01)
Epoch: [1][520/660]	L_Src_Sup 2.5014e-01 (2.0028e-01)	L_Trg_Inj 0.0000e+00 (0.0000e+00)	Loss Disc 0.0000e+00 (0.0000e+00)	Loss Pred 4.4562e-01 (4.9887e-01)	Loss TOTAL 5.7069e-01 (5.9901e-01)
Epoch: [1][530/660]	L_Src_Sup 2.2045e-01 (2.0048e-01)	L_Trg_Inj 0.0000e+00 (0.0000e+00)	Loss Disc 0.0000e+00 (0.0000e+00)	Loss Pred 4.8631e-01 (4.9851e-01)	Loss TOTAL 5.9654e-01 (5.9875e-01)
Epoch: [1][540/660]	L_Src_Sup 3.5620e-01 (2.0124e-01)	L_Trg_Inj 0.0000e+00 (0.0000e+00)	Loss Disc 0.0000e+00 (0.0000e+00)	Loss Pred 4.5894e-01 (4.9778e-01)	Loss TOTAL 6.3704e-01 (5.9840e-01)
Epoch: [1][550/660]	L_Src_Sup 2.4350e-01 (2.0128e-01)	L_Trg_Inj 0.0000e+00 (0.0000e+00)	Loss Disc 0.0000e+00 (0.0000e+00)	Loss Pred 5.2303e-01 (4.9737e-01)	Loss TOTAL 6.4478e-01 (5.9801e-01)
Epoch: [1][560/660]	L_Src_Sup 1.7765e-01 (2.0150e-01)	L_Trg_Inj 0.0000e+00 (0.0000e+00)	Loss Disc 0.0000e+00 (0.0000e+00)	Loss Pred 4.1301e-01 (4.9691e-01)	Loss TOTAL 5.0184e-01 (5.9767e-01)
Epoch: [1][570/660]	L_Src_Sup 1.6671e-01 (2.0145e-01)	L_Trg_Inj 0.0000e+00 (0.0000e+00)	Loss Disc 0.0000e+00 (0.0000e+00)	Loss Pred 4.8122e-01 (4.9693e-01)	Loss TOTAL 5.6457e-01 (5.9766e-01)
Epoch: [1][580/660]	L_Src_Sup 2.3028e-01 (2.0102e-01)	L_Trg_Inj 0.0000e+00 (0.0000e+00)	Loss Disc 0.0000e+00 (0.0000e+00)	Loss Pred 5.0882e-01 (4.9667e-01)	Loss TOTAL 6.2396e-01 (5.9718e-01)
Epoch: [1][590/660]	L_Src_Sup 2.8853e-01 (2.0110e-01)	L_Trg_Inj 0.0000e+00 (0.0000e+00)	Loss Disc 0.0000e+00 (0.0000e+00)	Loss Pred 4.5210e-01 (4.9628e-01)	Loss TOTAL 5.9636e-01 (5.9682e-01)
Epoch: [1][600/660]	L_Src_Sup 1.7239e-01 (2.0075e-01)	L_Trg_Inj 0.0000e+00 (0.0000e+00)	Loss Disc 0.0000e+00 (0.0000e+00)	Loss Pred 4.7814e-01 (4.9590e-01)	Loss TOTAL 5.6434e-01 (5.9627e-01)
Epoch: [1][610/660]	L_Src_Sup 1.6690e-01 (2.0039e-01)	L_Trg_Inj 0.0000e+00 (0.0000e+00)	Loss Disc 0.0000e+00 (0.0000e+00)	Loss Pred 4.4286e-01 (4.9576e-01)	Loss TOTAL 5.2631e-01 (5.9596e-01)
Epoch: [1][620/660]	L_Src_Sup 1.6029e-01 (2.0009e-01)	L_Trg_Inj 0.0000e+00 (0.0000e+00)	Loss Disc 0.0000e+00 (0.0000e+00)	Loss Pred 4.2245e-01 (4.9556e-01)	Loss TOTAL 5.0259e-01 (5.9560e-01)
Epoch: [1][630/660]	L_Src_Sup 1.5927e-01 (2.0017e-01)	L_Trg_Inj 0.0000e+00 (0.0000e+00)	Loss Disc 0.0000e+00 (0.0000e+00)	Loss Pred 4.8272e-01 (4.9521e-01)	Loss TOTAL 5.6236e-01 (5.9530e-01)
Epoch: [1][640/660]	L_Src_Sup 1.0079e-01 (2.0033e-01)	L_Trg_Inj 0.0000e+00 (0.0000e+00)	Loss Disc 0.0000e+00 (0.0000e+00)	Loss Pred 4.5345e-01 (4.9497e-01)	Loss TOTAL 5.0385e-01 (5.9513e-01)
Epoch: [1][650/660]	L_Src_Sup 1.6817e-01 (2.0019e-01)	L_Trg_Inj 0.0000e+00 (0.0000e+00)	Loss Disc 0.0000e+00 (0.0000e+00)	Loss Pred 4.4323e-01 (4.9433e-01)	Loss TOTAL 5.2731e-01 (5.9443e-01)
Epoch: [1][660/660]	L_Src_Sup 2.9315e-01 (2.0064e-01)	L_Trg_Inj 0.0000e+00 (0.0000e+00)	Loss Disc 0.0000e+00 (0.0000e+00)	Loss Pred 4.6197e-01 (4.9382e-01)	Loss TOTAL 6.0854e-01 (5.9414e-01)
Epoch: [1][660/660]	L_Src_Sup 2.9315e-01 (2.0064e-01)	L_Trg_Inj 0.0000e+00 (0.0000e+00)	Loss Disc 0.0000e+00 (0.0000e+00)	Loss Pred 4.6197e-01 (4.9382e-01)	Loss TOTAL 6.0854e-01 (5.9414e-01)
Epoch 1 complete. Saving model state...
Epoch: [2][ 10/660]	L_Src_Sup 1.5639e-01 (1.7244e-01)	L_Trg_Inj 0.0000e+00 (0.0000e+00)	Loss Disc 0.0000e+00 (0.0000e+00)	Loss Pred 4.9902e-01 (4.7096e-01)	Loss TOTAL 5.7721e-01 (5.5718e-01)
Epoch: [2][ 20/660]	L_Src_Sup 2.2431e-01 (1.8187e-01)	L_Trg_Inj 0.0000e+00 (0.0000e+00)	Loss Disc 0.0000e+00 (0.0000e+00)	Loss Pred 4.7088e-01 (4.7898e-01)	Loss TOTAL 5.8304e-01 (5.6991e-01)
Epoch: [2][ 30/660]	L_Src_Sup 1.6951e-01 (1.8930e-01)	L_Trg_Inj 0.0000e+00 (0.0000e+00)	Loss Disc 0.0000e+00 (0.0000e+00)	Loss Pred 4.6894e-01 (4.7582e-01)	Loss TOTAL 5.5369e-01 (5.7048e-01)
Epoch: [2][ 40/660]	L_Src_Sup 2.9255e-01 (2.0174e-01)	L_Trg_Inj 0.0000e+00 (0.0000e+00)	Loss Disc 0.0000e+00 (0.0000e+00)	Loss Pred 4.7792e-01 (4.7128e-01)	Loss TOTAL 6.2420e-01 (5.7216e-01)
Epoch: [2][ 50/660]	L_Src_Sup 1.3238e-01 (1.9674e-01)	L_Trg_Inj 0.0000e+00 (0.0000e+00)	Loss Disc 0.0000e+00 (0.0000e+00)	Loss Pred 4.5786e-01 (4.6847e-01)	Loss TOTAL 5.2405e-01 (5.6685e-01)
Epoch: [2][ 60/660]	L_Src_Sup 2.4710e-01 (1.9506e-01)	L_Trg_Inj 0.0000e+00 (0.0000e+00)	Loss Disc 0.0000e+00 (0.0000e+00)	Loss Pred 4.9094e-01 (4.7037e-01)	Loss TOTAL 6.1449e-01 (5.6790e-01)
Epoch: [2][ 70/660]	L_Src_Sup 2.0349e-01 (1.9623e-01)	L_Trg_Inj 0.0000e+00 (0.0000e+00)	Loss Disc 0.0000e+00 (0.0000e+00)	Loss Pred 4.5079e-01 (4.7005e-01)	Loss TOTAL 5.5254e-01 (5.6816e-01)
Epoch: [2][ 80/660]	L_Src_Sup 3.9804e-01 (2.0203e-01)	L_Trg_Inj 0.0000e+00 (0.0000e+00)	Loss Disc 0.0000e+00 (0.0000e+00)	Loss Pred 4.4389e-01 (4.6927e-01)	Loss TOTAL 6.4291e-01 (5.7029e-01)
Epoch: [2][ 90/660]	L_Src_Sup 2.9903e-01 (2.0520e-01)	L_Trg_Inj 0.0000e+00 (0.0000e+00)	Loss Disc 0.0000e+00 (0.0000e+00)	Loss Pred 4.7560e-01 (4.7083e-01)	Loss TOTAL 6.2511e-01 (5.7343e-01)
Epoch: [2][100/660]	L_Src_Sup 3.0776e-01 (2.0445e-01)	L_Trg_Inj 0.0000e+00 (0.0000e+00)	Loss Disc 0.0000e+00 (0.0000e+00)	Loss Pred 4.7231e-01 (4.6989e-01)	Loss TOTAL 6.2619e-01 (5.7211e-01)
Epoch: [2][110/660]	L_Src_Sup 2.3338e-01 (2.0775e-01)	L_Trg_Inj 0.0000e+00 (0.0000e+00)	Loss Disc 0.0000e+00 (0.0000e+00)	Loss Pred 4.3820e-01 (4.6949e-01)	Loss TOTAL 5.5489e-01 (5.7337e-01)
Epoch: [2][120/660]	L_Src_Sup 2.0176e-01 (2.0759e-01)	L_Trg_Inj 0.0000e+00 (0.0000e+00)	Loss Disc 0.0000e+00 (0.0000e+00)	Loss Pred 4.4143e-01 (4.6891e-01)	Loss TOTAL 5.4231e-01 (5.7270e-01)
Epoch: [2][130/660]	L_Src_Sup 1.6394e-01 (2.0802e-01)	L_Trg_Inj 0.0000e+00 (0.0000e+00)	Loss Disc 0.0000e+00 (0.0000e+00)	Loss Pred 4.4110e-01 (4.7061e-01)	Loss TOTAL 5.2307e-01 (5.7462e-01)
Epoch: [2][140/660]	L_Src_Sup 1.9130e-01 (2.0688e-01)	L_Trg_Inj 0.0000e+00 (0.0000e+00)	Loss Disc 0.0000e+00 (0.0000e+00)	Loss Pred 5.0618e-01 (4.7235e-01)	Loss TOTAL 6.0183e-01 (5.7579e-01)
Epoch: [2][150/660]	L_Src_Sup 2.9755e-01 (2.0782e-01)	L_Trg_Inj 0.0000e+00 (0.0000e+00)	Loss Disc 0.0000e+00 (0.0000e+00)	Loss Pred 4.3235e-01 (4.7204e-01)	Loss TOTAL 5.8112e-01 (5.7595e-01)
Epoch: [2][160/660]	L_Src_Sup 1.7095e-01 (2.0804e-01)	L_Trg_Inj 0.0000e+00 (0.0000e+00)	Loss Disc 0.0000e+00 (0.0000e+00)	Loss Pred 4.6243e-01 (4.7173e-01)	Loss TOTAL 5.4791e-01 (5.7575e-01)
Epoch: [2][170/660]	L_Src_Sup 2.4195e-01 (2.0870e-01)	L_Trg_Inj 0.0000e+00 (0.0000e+00)	Loss Disc 0.0000e+00 (0.0000e+00)	Loss Pred 4.3559e-01 (4.7151e-01)	Loss TOTAL 5.5657e-01 (5.7586e-01)
Epoch: [2][180/660]	L_Src_Sup 1.8968e-01 (2.0908e-01)	L_Trg_Inj 0.0000e+00 (0.0000e+00)	Loss Disc 0.0000e+00 (0.0000e+00)	Loss Pred 4.6127e-01 (4.7031e-01)	Loss TOTAL 5.5611e-01 (5.7485e-01)
Epoch: [2][190/660]	L_Src_Sup 2.3936e-01 (2.0803e-01)	L_Trg_Inj 0.0000e+00 (0.0000e+00)	Loss Disc 0.0000e+00 (0.0000e+00)	Loss Pred 4.5826e-01 (4.6918e-01)	Loss TOTAL 5.7794e-01 (5.7320e-01)
Epoch: [2][200/660]	L_Src_Sup 1.1867e-01 (2.0719e-01)	L_Trg_Inj 0.0000e+00 (0.0000e+00)	Loss Disc 0.0000e+00 (0.0000e+00)	Loss Pred 4.4952e-01 (4.6905e-01)	Loss TOTAL 5.0885e-01 (5.7264e-01)
Epoch: [2][210/660]	L_Src_Sup 3.3633e-01 (2.0785e-01)	L_Trg_Inj 0.0000e+00 (0.0000e+00)	Loss Disc 0.0000e+00 (0.0000e+00)	Loss Pred 4.9070e-01 (4.6921e-01)	Loss TOTAL 6.5886e-01 (5.7314e-01)
Epoch: [2][220/660]	L_Src_Sup 8.7699e-02 (2.0706e-01)	L_Trg_Inj 0.0000e+00 (0.0000e+00)	Loss Disc 0.0000e+00 (0.0000e+00)	Loss Pred 4.7848e-01 (4.7015e-01)	Loss TOTAL 5.2233e-01 (5.7369e-01)
Epoch: [2][230/660]	L_Src_Sup 2.1050e-01 (2.0665e-01)	L_Trg_Inj 0.0000e+00 (0.0000e+00)	Loss Disc 0.0000e+00 (0.0000e+00)	Loss Pred 4.7632e-01 (4.7054e-01)	Loss TOTAL 5.8157e-01 (5.7386e-01)
Epoch: [2][240/660]	L_Src_Sup 2.3726e-01 (2.0608e-01)	L_Trg_Inj 0.0000e+00 (0.0000e+00)	Loss Disc 0.0000e+00 (0.0000e+00)	Loss Pred 4.5358e-01 (4.7022e-01)	Loss TOTAL 5.7221e-01 (5.7327e-01)
Epoch: [2][250/660]	L_Src_Sup 2.5646e-01 (2.0686e-01)	L_Trg_Inj 0.0000e+00 (0.0000e+00)	Loss Disc 0.0000e+00 (0.0000e+00)	Loss Pred 4.7205e-01 (4.6987e-01)	Loss TOTAL 6.0028e-01 (5.7330e-01)
Epoch: [2][260/660]	L_Src_Sup 1.1648e-01 (2.0611e-01)	L_Trg_Inj 0.0000e+00 (0.0000e+00)	Loss Disc 0.0000e+00 (0.0000e+00)	Loss Pred 4.6087e-01 (4.6930e-01)	Loss TOTAL 5.1911e-01 (5.7236e-01)
Epoch: [2][270/660]	L_Src_Sup 1.4877e-01 (2.0534e-01)	L_Trg_Inj 0.0000e+00 (0.0000e+00)	Loss Disc 0.0000e+00 (0.0000e+00)	Loss Pred 4.3074e-01 (4.6901e-01)	Loss TOTAL 5.0512e-01 (5.7168e-01)
Epoch: [2][280/660]	L_Src_Sup 2.0169e-01 (2.0530e-01)	L_Trg_Inj 0.0000e+00 (0.0000e+00)	Loss Disc 0.0000e+00 (0.0000e+00)	Loss Pred 4.4647e-01 (4.6800e-01)	Loss TOTAL 5.4732e-01 (5.7065e-01)
Epoch: [2][290/660]	L_Src_Sup 2.2807e-01 (2.0531e-01)	L_Trg_Inj 0.0000e+00 (0.0000e+00)	Loss Disc 0.0000e+00 (0.0000e+00)	Loss Pred 4.9115e-01 (4.6750e-01)	Loss TOTAL 6.0519e-01 (5.7015e-01)
Epoch: [2][300/660]	L_Src_Sup 1.6073e-01 (2.0523e-01)	L_Trg_Inj 0.0000e+00 (0.0000e+00)	Loss Disc 0.0000e+00 (0.0000e+00)	Loss Pred 5.0539e-01 (4.6724e-01)	Loss TOTAL 5.8576e-01 (5.6985e-01)
Epoch: [2][310/660]	L_Src_Sup 9.9174e-02 (2.0489e-01)	L_Trg_Inj 0.0000e+00 (0.0000e+00)	Loss Disc 0.0000e+00 (0.0000e+00)	Loss Pred 4.3017e-01 (4.6671e-01)	Loss TOTAL 4.7976e-01 (5.6916e-01)
Epoch: [2][320/660]	L_Src_Sup 2.1079e-01 (2.0488e-01)	L_Trg_Inj 0.0000e+00 (0.0000e+00)	Loss Disc 0.0000e+00 (0.0000e+00)	Loss Pred 4.3499e-01 (4.6708e-01)	Loss TOTAL 5.4039e-01 (5.6952e-01)
Epoch: [2][330/660]	L_Src_Sup 2.9567e-01 (2.0570e-01)	L_Trg_Inj 0.0000e+00 (0.0000e+00)	Loss Disc 0.0000e+00 (0.0000e+00)	Loss Pred 4.6697e-01 (4.6688e-01)	Loss TOTAL 6.1481e-01 (5.6973e-01)
Epoch: [2][340/660]	L_Src_Sup 1.4415e-01 (2.0629e-01)	L_Trg_Inj 0.0000e+00 (0.0000e+00)	Loss Disc 0.0000e+00 (0.0000e+00)	Loss Pred 4.9524e-01 (4.6658e-01)	Loss TOTAL 5.6731e-01 (5.6972e-01)
Epoch: [2][350/660]	L_Src_Sup 2.7643e-01 (2.0599e-01)	L_Trg_Inj 0.0000e+00 (0.0000e+00)	Loss Disc 0.0000e+00 (0.0000e+00)	Loss Pred 4.2044e-01 (4.6656e-01)	Loss TOTAL 5.5865e-01 (5.6956e-01)
Epoch: [2][360/660]	L_Src_Sup 2.6454e-01 (2.0688e-01)	L_Trg_Inj 0.0000e+00 (0.0000e+00)	Loss Disc 0.0000e+00 (0.0000e+00)	Loss Pred 4.4160e-01 (4.6650e-01)	Loss TOTAL 5.7387e-01 (5.6994e-01)
Epoch: [2][370/660]	L_Src_Sup 2.2733e-01 (2.0707e-01)	L_Trg_Inj 0.0000e+00 (0.0000e+00)	Loss Disc 0.0000e+00 (0.0000e+00)	Loss Pred 4.6196e-01 (4.6632e-01)	Loss TOTAL 5.7563e-01 (5.6986e-01)
Epoch: [2][380/660]	L_Src_Sup 1.8826e-01 (2.0712e-01)	L_Trg_Inj 0.0000e+00 (0.0000e+00)	Loss Disc 0.0000e+00 (0.0000e+00)	Loss Pred 4.6014e-01 (4.6648e-01)	Loss TOTAL 5.5427e-01 (5.7004e-01)
Epoch: [2][390/660]	L_Src_Sup 1.6395e-01 (2.0709e-01)	L_Trg_Inj 0.0000e+00 (0.0000e+00)	Loss Disc 0.0000e+00 (0.0000e+00)	Loss Pred 4.2681e-01 (4.6617e-01)	Loss TOTAL 5.0878e-01 (5.6972e-01)
Epoch: [2][400/660]	L_Src_Sup 1.6671e-01 (2.0657e-01)	L_Trg_Inj 0.0000e+00 (0.0000e+00)	Loss Disc 0.0000e+00 (0.0000e+00)	Loss Pred 4.3814e-01 (4.6592e-01)	Loss TOTAL 5.2150e-01 (5.6921e-01)
Epoch: [2][410/660]	L_Src_Sup 2.3934e-01 (2.0646e-01)	L_Trg_Inj 0.0000e+00 (0.0000e+00)	Loss Disc 0.0000e+00 (0.0000e+00)	Loss Pred 4.7241e-01 (4.6605e-01)	Loss TOTAL 5.9208e-01 (5.6928e-01)
Epoch: [2][420/660]	L_Src_Sup 1.1968e-01 (2.0646e-01)	L_Trg_Inj 0.0000e+00 (0.0000e+00)	Loss Disc 0.0000e+00 (0.0000e+00)	Loss Pred 4.5368e-01 (4.6634e-01)	Loss TOTAL 5.1352e-01 (5.6957e-01)
Epoch: [2][430/660]	L_Src_Sup 2.1817e-01 (2.0666e-01)	L_Trg_Inj 0.0000e+00 (0.0000e+00)	Loss Disc 0.0000e+00 (0.0000e+00)	Loss Pred 5.3789e-01 (4.6620e-01)	Loss TOTAL 6.4697e-01 (5.6953e-01)
Epoch: [2][440/660]	L_Src_Sup 1.1675e-01 (2.0587e-01)	L_Trg_Inj 0.0000e+00 (0.0000e+00)	Loss Disc 0.0000e+00 (0.0000e+00)	Loss Pred 4.3486e-01 (4.6629e-01)	Loss TOTAL 4.9323e-01 (5.6923e-01)
Epoch: [2][450/660]	L_Src_Sup 1.5653e-01 (2.0572e-01)	L_Trg_Inj 0.0000e+00 (0.0000e+00)	Loss Disc 0.0000e+00 (0.0000e+00)	Loss Pred 4.6579e-01 (4.6619e-01)	Loss TOTAL 5.4405e-01 (5.6906e-01)
Epoch: [2][460/660]	L_Src_Sup 2.5000e-01 (2.0550e-01)	L_Trg_Inj 0.0000e+00 (0.0000e+00)	Loss Disc 0.0000e+00 (0.0000e+00)	Loss Pred 4.3458e-01 (4.6588e-01)	Loss TOTAL 5.5958e-01 (5.6863e-01)
Epoch: [2][470/660]	L_Src_Sup 2.8567e-01 (2.0547e-01)	L_Trg_Inj 0.0000e+00 (0.0000e+00)	Loss Disc 0.0000e+00 (0.0000e+00)	Loss Pred 4.8710e-01 (4.6593e-01)	Loss TOTAL 6.2994e-01 (5.6866e-01)
Epoch: [2][480/660]	L_Src_Sup 1.8816e-01 (2.0537e-01)	L_Trg_Inj 0.0000e+00 (0.0000e+00)	Loss Disc 0.0000e+00 (0.0000e+00)	Loss Pred 4.6975e-01 (4.6565e-01)	Loss TOTAL 5.6383e-01 (5.6834e-01)
Epoch: [2][490/660]	L_Src_Sup 1.5129e-01 (2.0534e-01)	L_Trg_Inj 0.0000e+00 (0.0000e+00)	Loss Disc 0.0000e+00 (0.0000e+00)	Loss Pred 4.4155e-01 (4.6572e-01)	Loss TOTAL 5.1720e-01 (5.6838e-01)
Epoch: [2][500/660]	L_Src_Sup 1.7095e-01 (2.0548e-01)	L_Trg_Inj 0.0000e+00 (0.0000e+00)	Loss Disc 0.0000e+00 (0.0000e+00)	Loss Pred 4.5613e-01 (4.6560e-01)	Loss TOTAL 5.4161e-01 (5.6834e-01)
Epoch: [2][510/660]	L_Src_Sup 3.0514e-01 (2.0559e-01)	L_Trg_Inj 0.0000e+00 (0.0000e+00)	Loss Disc 0.0000e+00 (0.0000e+00)	Loss Pred 4.4942e-01 (4.6544e-01)	Loss TOTAL 6.0199e-01 (5.6823e-01)
Epoch: [2][520/660]	L_Src_Sup 1.4752e-01 (2.0566e-01)	L_Trg_Inj 0.0000e+00 (0.0000e+00)	Loss Disc 0.0000e+00 (0.0000e+00)	Loss Pred 4.2671e-01 (4.6531e-01)	Loss TOTAL 5.0047e-01 (5.6813e-01)
Epoch: [2][530/660]	L_Src_Sup 2.0694e-01 (2.0550e-01)	L_Trg_Inj 0.0000e+00 (0.0000e+00)	Loss Disc 0.0000e+00 (0.0000e+00)	Loss Pred 4.7882e-01 (4.6557e-01)	Loss TOTAL 5.8229e-01 (5.6832e-01)
Epoch: [2][540/660]	L_Src_Sup 1.8647e-01 (2.0511e-01)	L_Trg_Inj 0.0000e+00 (0.0000e+00)	Loss Disc 0.0000e+00 (0.0000e+00)	Loss Pred 4.5272e-01 (4.6563e-01)	Loss TOTAL 5.4595e-01 (5.6818e-01)
Epoch: [2][550/660]	L_Src_Sup 2.3932e-01 (2.0515e-01)	L_Trg_Inj 0.0000e+00 (0.0000e+00)	Loss Disc 0.0000e+00 (0.0000e+00)	Loss Pred 4.5379e-01 (4.6534e-01)	Loss TOTAL 5.7346e-01 (5.6791e-01)
Epoch: [2][560/660]	L_Src_Sup 1.6529e-01 (2.0482e-01)	L_Trg_Inj 0.0000e+00 (0.0000e+00)	Loss Disc 0.0000e+00 (0.0000e+00)	Loss Pred 4.3252e-01 (4.6515e-01)	Loss TOTAL 5.1517e-01 (5.6756e-01)
Epoch: [2][570/660]	L_Src_Sup 2.9314e-01 (2.0448e-01)	L_Trg_Inj 0.0000e+00 (0.0000e+00)	Loss Disc 0.0000e+00 (0.0000e+00)	Loss Pred 4.7058e-01 (4.6478e-01)	Loss TOTAL 6.1716e-01 (5.6702e-01)
Epoch: [2][580/660]	L_Src_Sup 1.7887e-01 (2.0506e-01)	L_Trg_Inj 0.0000e+00 (0.0000e+00)	Loss Disc 0.0000e+00 (0.0000e+00)	Loss Pred 4.1559e-01 (4.6472e-01)	Loss TOTAL 5.0502e-01 (5.6726e-01)
Epoch: [2][590/660]	L_Src_Sup 2.2227e-01 (2.0520e-01)	L_Trg_Inj 0.0000e+00 (0.0000e+00)	Loss Disc 0.0000e+00 (0.0000e+00)	Loss Pred 4.5591e-01 (4.6465e-01)	Loss TOTAL 5.6705e-01 (5.6725e-01)
Epoch: [2][600/660]	L_Src_Sup 1.5126e-01 (2.0537e-01)	L_Trg_Inj 0.0000e+00 (0.0000e+00)	Loss Disc 0.0000e+00 (0.0000e+00)	Loss Pred 4.8117e-01 (4.6499e-01)	Loss TOTAL 5.5680e-01 (5.6767e-01)
Epoch: [2][610/660]	L_Src_Sup 1.2395e-01 (2.0533e-01)	L_Trg_Inj 0.0000e+00 (0.0000e+00)	Loss Disc 0.0000e+00 (0.0000e+00)	Loss Pred 4.7935e-01 (4.6504e-01)	Loss TOTAL 5.4132e-01 (5.6771e-01)
Epoch: [2][620/660]	L_Src_Sup 1.8037e-01 (2.0567e-01)	L_Trg_Inj 0.0000e+00 (0.0000e+00)	Loss Disc 0.0000e+00 (0.0000e+00)	Loss Pred 4.6764e-01 (4.6500e-01)	Loss TOTAL 5.5782e-01 (5.6783e-01)
Epoch: [2][630/660]	L_Src_Sup 2.1492e-01 (2.0519e-01)	L_Trg_Inj 0.0000e+00 (0.0000e+00)	Loss Disc 0.0000e+00 (0.0000e+00)	Loss Pred 4.3852e-01 (4.6498e-01)	Loss TOTAL 5.4599e-01 (5.6757e-01)
Epoch: [2][640/660]	L_Src_Sup 1.9300e-01 (2.0511e-01)	L_Trg_Inj 0.0000e+00 (0.0000e+00)	Loss Disc 0.0000e+00 (0.0000e+00)	Loss Pred 4.8212e-01 (4.6506e-01)	Loss TOTAL 5.7862e-01 (5.6762e-01)
Epoch: [2][650/660]	L_Src_Sup 2.4138e-01 (2.0533e-01)	L_Trg_Inj 0.0000e+00 (0.0000e+00)	Loss Disc 0.0000e+00 (0.0000e+00)	Loss Pred 4.6899e-01 (4.6511e-01)	Loss TOTAL 5.8968e-01 (5.6778e-01)
Epoch: [2][660/660]	L_Src_Sup 1.6812e-01 (2.0495e-01)	L_Trg_Inj 0.0000e+00 (0.0000e+00)	Loss Disc 0.0000e+00 (0.0000e+00)	Loss Pred 4.4213e-01 (4.6522e-01)	Loss TOTAL 5.2619e-01 (5.6769e-01)
Epoch: [2][660/660]	L_Src_Sup 1.6812e-01 (2.0495e-01)	L_Trg_Inj 0.0000e+00 (0.0000e+00)	Loss Disc 0.0000e+00 (0.0000e+00)	Loss Pred 4.4213e-01 (4.6522e-01)	Loss TOTAL 5.2619e-01 (5.6769e-01)
Epoch 2 complete. Saving model state...
Epoch: [3][ 10/660]	L_Src_Sup 1.6977e-01 (2.1568e-01)	L_Trg_Inj 0.0000e+00 (0.0000e+00)	Loss Disc 0.0000e+00 (0.0000e+00)	Loss Pred 4.6846e-01 (4.5540e-01)	Loss TOTAL 5.5335e-01 (5.6324e-01)
Epoch: [3][ 20/660]	L_Src_Sup 2.0001e-01 (2.0458e-01)	L_Trg_Inj 0.0000e+00 (0.0000e+00)	Loss Disc 0.0000e+00 (0.0000e+00)	Loss Pred 4.4850e-01 (4.5337e-01)	Loss TOTAL 5.4851e-01 (5.5567e-01)
Epoch: [3][ 30/660]	L_Src_Sup 1.6212e-01 (1.9664e-01)	L_Trg_Inj 0.0000e+00 (0.0000e+00)	Loss Disc 0.0000e+00 (0.0000e+00)	Loss Pred 4.9511e-01 (4.5421e-01)	Loss TOTAL 5.7617e-01 (5.5253e-01)
Epoch: [3][ 40/660]	L_Src_Sup 1.7244e-01 (1.9629e-01)	L_Trg_Inj 0.0000e+00 (0.0000e+00)	Loss Disc 0.0000e+00 (0.0000e+00)	Loss Pred 4.6277e-01 (4.5602e-01)	Loss TOTAL 5.4899e-01 (5.5417e-01)
Epoch: [3][ 50/660]	L_Src_Sup 1.3567e-01 (2.0078e-01)	L_Trg_Inj 0.0000e+00 (0.0000e+00)	Loss Disc 0.0000e+00 (0.0000e+00)	Loss Pred 4.4999e-01 (4.5773e-01)	Loss TOTAL 5.1782e-01 (5.5812e-01)
Epoch: [3][ 60/660]	L_Src_Sup 1.1865e-01 (1.9908e-01)	L_Trg_Inj 0.0000e+00 (0.0000e+00)	Loss Disc 0.0000e+00 (0.0000e+00)	Loss Pred 4.4653e-01 (4.5749e-01)	Loss TOTAL 5.0586e-01 (5.5703e-01)
Epoch: [3][ 70/660]	L_Src_Sup 1.9837e-01 (1.9891e-01)	L_Trg_Inj 0.0000e+00 (0.0000e+00)	Loss Disc 0.0000e+00 (0.0000e+00)	Loss Pred 4.2738e-01 (4.5610e-01)	Loss TOTAL 5.2657e-01 (5.5556e-01)
Epoch: [3][ 80/660]	L_Src_Sup 1.8490e-01 (1.9839e-01)	L_Trg_Inj 0.0000e+00 (0.0000e+00)	Loss Disc 0.0000e+00 (0.0000e+00)	Loss Pred 4.4017e-01 (4.5611e-01)	Loss TOTAL 5.3262e-01 (5.5531e-01)
Epoch: [3][ 90/660]	L_Src_Sup 1.0281e-01 (2.0077e-01)	L_Trg_Inj 0.0000e+00 (0.0000e+00)	Loss Disc 0.0000e+00 (0.0000e+00)	Loss Pred 4.8754e-01 (4.5730e-01)	Loss TOTAL 5.3894e-01 (5.5768e-01)
Epoch: [3][100/660]	L_Src_Sup 2.3935e-01 (2.0080e-01)	L_Trg_Inj 0.0000e+00 (0.0000e+00)	Loss Disc 0.0000e+00 (0.0000e+00)	Loss Pred 4.6922e-01 (4.5725e-01)	Loss TOTAL 5.8890e-01 (5.5765e-01)
Epoch: [3][110/660]	L_Src_Sup 1.6133e-01 (2.0032e-01)	L_Trg_Inj 0.0000e+00 (0.0000e+00)	Loss Disc 0.0000e+00 (0.0000e+00)	Loss Pred 4.2221e-01 (4.5735e-01)	Loss TOTAL 5.0287e-01 (5.5751e-01)
Epoch: [3][120/660]	L_Src_Sup 2.0514e-01 (2.0222e-01)	L_Trg_Inj 0.0000e+00 (0.0000e+00)	Loss Disc 0.0000e+00 (0.0000e+00)	Loss Pred 4.5261e-01 (4.5870e-01)	Loss TOTAL 5.5518e-01 (5.5981e-01)
Epoch: [3][130/660]	L_Src_Sup 1.4535e-01 (2.0265e-01)	L_Trg_Inj 0.0000e+00 (0.0000e+00)	Loss Disc 0.0000e+00 (0.0000e+00)	Loss Pred 4.0946e-01 (4.5850e-01)	Loss TOTAL 4.8213e-01 (5.5983e-01)
Epoch: [3][140/660]	L_Src_Sup 1.5007e-01 (2.0158e-01)	L_Trg_Inj 0.0000e+00 (0.0000e+00)	Loss Disc 0.0000e+00 (0.0000e+00)	Loss Pred 4.3720e-01 (4.5803e-01)	Loss TOTAL 5.1224e-01 (5.5882e-01)
Epoch: [3][150/660]	L_Src_Sup 1.9632e-01 (2.0020e-01)	L_Trg_Inj 0.0000e+00 (0.0000e+00)	Loss Disc 0.0000e+00 (0.0000e+00)	Loss Pred 4.8548e-01 (4.5825e-01)	Loss TOTAL 5.8364e-01 (5.5835e-01)
Epoch: [3][160/660]	L_Src_Sup 1.3836e-01 (1.9999e-01)	L_Trg_Inj 0.0000e+00 (0.0000e+00)	Loss Disc 0.0000e+00 (0.0000e+00)	Loss Pred 4.5901e-01 (4.5815e-01)	Loss TOTAL 5.2819e-01 (5.5814e-01)
Epoch: [3][170/660]	L_Src_Sup 2.9251e-01 (1.9946e-01)	L_Trg_Inj 0.0000e+00 (0.0000e+00)	Loss Disc 0.0000e+00 (0.0000e+00)	Loss Pred 4.6098e-01 (4.5864e-01)	Loss TOTAL 6.0724e-01 (5.5837e-01)
Epoch: [3][180/660]	L_Src_Sup 2.1493e-01 (2.0375e-01)	L_Trg_Inj 0.0000e+00 (0.0000e+00)	Loss Disc 0.0000e+00 (0.0000e+00)	Loss Pred 5.3990e-01 (4.6181e-01)	Loss TOTAL 6.4737e-01 (5.6369e-01)
Epoch: [3][190/660]	L_Src_Sup 1.8081e-01 (2.0354e-01)	L_Trg_Inj 0.0000e+00 (0.0000e+00)	Loss Disc 0.0000e+00 (0.0000e+00)	Loss Pred 5.1773e-01 (4.6482e-01)	Loss TOTAL 6.0813e-01 (5.6659e-01)
Epoch: [3][200/660]	L_Src_Sup 2.4161e-01 (2.0384e-01)	L_Trg_Inj 0.0000e+00 (0.0000e+00)	Loss Disc 0.0000e+00 (0.0000e+00)	Loss Pred 4.2075e-01 (4.6599e-01)	Loss TOTAL 5.4156e-01 (5.6791e-01)
Epoch: [3][210/660]	L_Src_Sup 1.6131e-01 (2.0279e-01)	L_Trg_Inj 0.0000e+00 (0.0000e+00)	Loss Disc 0.0000e+00 (0.0000e+00)	Loss Pred 4.0949e-01 (4.6602e-01)	Loss TOTAL 4.9014e-01 (5.6741e-01)
Epoch: [3][220/660]	L_Src_Sup 1.7777e-01 (2.0248e-01)	L_Trg_Inj 0.0000e+00 (0.0000e+00)	Loss Disc 0.0000e+00 (0.0000e+00)	Loss Pred 4.7227e-01 (4.6575e-01)	Loss TOTAL 5.6115e-01 (5.6699e-01)
Epoch: [3][230/660]	L_Src_Sup 2.7593e-01 (2.0187e-01)	L_Trg_Inj 0.0000e+00 (0.0000e+00)	Loss Disc 0.0000e+00 (0.0000e+00)	Loss Pred 4.6420e-01 (4.6537e-01)	Loss TOTAL 6.0216e-01 (5.6630e-01)
Epoch: [3][240/660]	L_Src_Sup 2.3730e-01 (2.0215e-01)	L_Trg_Inj 0.0000e+00 (0.0000e+00)	Loss Disc 0.0000e+00 (0.0000e+00)	Loss Pred 4.6338e-01 (4.6518e-01)	Loss TOTAL 5.8203e-01 (5.6626e-01)
Epoch: [3][250/660]	L_Src_Sup 2.7339e-01 (2.0226e-01)	L_Trg_Inj 0.0000e+00 (0.0000e+00)	Loss Disc 0.0000e+00 (0.0000e+00)	Loss Pred 4.6248e-01 (4.6493e-01)	Loss TOTAL 5.9917e-01 (5.6606e-01)
Epoch: [3][260/660]	L_Src_Sup 2.4141e-01 (2.0297e-01)	L_Trg_Inj 0.0000e+00 (0.0000e+00)	Loss Disc 0.0000e+00 (0.0000e+00)	Loss Pred 4.6811e-01 (4.6495e-01)	Loss TOTAL 5.8882e-01 (5.6643e-01)
Epoch: [3][270/660]	L_Src_Sup 1.6261e-01 (2.0378e-01)	L_Trg_Inj 0.0000e+00 (0.0000e+00)	Loss Disc 0.0000e+00 (0.0000e+00)	Loss Pred 4.1548e-01 (4.6477e-01)	Loss TOTAL 4.9679e-01 (5.6666e-01)
Epoch: [3][280/660]	L_Src_Sup 2.0000e-01 (2.0441e-01)	L_Trg_Inj 0.0000e+00 (0.0000e+00)	Loss Disc 0.0000e+00 (0.0000e+00)	Loss Pred 5.0093e-01 (4.6483e-01)	Loss TOTAL 6.0093e-01 (5.6704e-01)
Epoch: [3][290/660]	L_Src_Sup 3.2471e-01 (2.0385e-01)	L_Trg_Inj 0.0000e+00 (0.0000e+00)	Loss Disc 0.0000e+00 (0.0000e+00)	Loss Pred 4.7697e-01 (4.6523e-01)	Loss TOTAL 6.3932e-01 (5.6716e-01)
Epoch: [3][300/660]	L_Src_Sup 1.2281e-01 (2.0311e-01)	L_Trg_Inj 0.0000e+00 (0.0000e+00)	Loss Disc 0.0000e+00 (0.0000e+00)	Loss Pred 4.9567e-01 (4.6484e-01)	Loss TOTAL 5.5707e-01 (5.6639e-01)
Epoch: [3][310/660]	L_Src_Sup 1.5518e-01 (2.0284e-01)	L_Trg_Inj 0.0000e+00 (0.0000e+00)	Loss Disc 0.0000e+00 (0.0000e+00)	Loss Pred 4.7154e-01 (4.6487e-01)	Loss TOTAL 5.4913e-01 (5.6629e-01)
Epoch: [3][320/660]	L_Src_Sup 2.1604e-01 (2.0268e-01)	L_Trg_Inj 0.0000e+00 (0.0000e+00)	Loss Disc 0.0000e+00 (0.0000e+00)	Loss Pred 4.6815e-01 (4.6574e-01)	Loss TOTAL 5.7618e-01 (5.6708e-01)
Epoch: [3][330/660]	L_Src_Sup 2.0000e-01 (2.0299e-01)	L_Trg_Inj 0.0000e+00 (0.0000e+00)	Loss Disc 0.0000e+00 (0.0000e+00)	Loss Pred 4.7997e-01 (4.6646e-01)	Loss TOTAL 5.7997e-01 (5.6796e-01)
Epoch: [3][340/660]	L_Src_Sup 1.7096e-01 (2.0278e-01)	L_Trg_Inj 0.0000e+00 (0.0000e+00)	Loss Disc 0.0000e+00 (0.0000e+00)	Loss Pred 4.5658e-01 (4.6623e-01)	Loss TOTAL 5.4206e-01 (5.6761e-01)
Epoch: [3][350/660]	L_Src_Sup 2.0867e-01 (2.0306e-01)	L_Trg_Inj 0.0000e+00 (0.0000e+00)	Loss Disc 0.0000e+00 (0.0000e+00)	Loss Pred 4.6757e-01 (4.6582e-01)	Loss TOTAL 5.7191e-01 (5.6735e-01)
Epoch: [3][360/660]	L_Src_Sup 1.8488e-01 (2.0290e-01)	L_Trg_Inj 0.0000e+00 (0.0000e+00)	Loss Disc 0.0000e+00 (0.0000e+00)	Loss Pred 4.4041e-01 (4.6547e-01)	Loss TOTAL 5.3285e-01 (5.6691e-01)
Epoch: [3][370/660]	L_Src_Sup 1.0084e-01 (2.0162e-01)	L_Trg_Inj 0.0000e+00 (0.0000e+00)	Loss Disc 0.0000e+00 (0.0000e+00)	Loss Pred 4.4047e-01 (4.6542e-01)	Loss TOTAL 4.9089e-01 (5.6623e-01)
Epoch: [3][380/660]	L_Src_Sup 2.3858e-01 (2.0129e-01)	L_Trg_Inj 0.0000e+00 (0.0000e+00)	Loss Disc 0.0000e+00 (0.0000e+00)	Loss Pred 5.0438e-01 (4.6518e-01)	Loss TOTAL 6.2367e-01 (5.6582e-01)
Epoch: [3][390/660]	L_Src_Sup 2.1850e-01 (2.0128e-01)	L_Trg_Inj 0.0000e+00 (0.0000e+00)	Loss Disc 0.0000e+00 (0.0000e+00)	Loss Pred 4.5904e-01 (4.6518e-01)	Loss TOTAL 5.6829e-01 (5.6582e-01)
Epoch: [3][400/660]	L_Src_Sup 2.0002e-01 (2.0108e-01)	L_Trg_Inj 0.0000e+00 (0.0000e+00)	Loss Disc 0.0000e+00 (0.0000e+00)	Loss Pred 4.3359e-01 (4.6504e-01)	Loss TOTAL 5.3360e-01 (5.6558e-01)
Epoch: [3][410/660]	L_Src_Sup 1.9512e-01 (2.0097e-01)	L_Trg_Inj 0.0000e+00 (0.0000e+00)	Loss Disc 0.0000e+00 (0.0000e+00)	Loss Pred 4.1501e-01 (4.6473e-01)	Loss TOTAL 5.1257e-01 (5.6521e-01)
Epoch: [3][420/660]	L_Src_Sup 2.5864e-01 (2.0085e-01)	L_Trg_Inj 0.0000e+00 (0.0000e+00)	Loss Disc 0.0000e+00 (0.0000e+00)	Loss Pred 4.6340e-01 (4.6467e-01)	Loss TOTAL 5.9272e-01 (5.6509e-01)
Epoch: [3][430/660]	L_Src_Sup 2.8320e-01 (2.0152e-01)	L_Trg_Inj 0.0000e+00 (0.0000e+00)	Loss Disc 0.0000e+00 (0.0000e+00)	Loss Pred 4.9771e-01 (4.6490e-01)	Loss TOTAL 6.3931e-01 (5.6566e-01)
Epoch: [3][440/660]	L_Src_Sup 2.0692e-01 (2.0132e-01)	L_Trg_Inj 0.0000e+00 (0.0000e+00)	Loss Disc 0.0000e+00 (0.0000e+00)	Loss Pred 4.9466e-01 (4.6485e-01)	Loss TOTAL 5.9812e-01 (5.6551e-01)
Epoch: [3][450/660]	L_Src_Sup 1.7399e-01 (2.0139e-01)	L_Trg_Inj 0.0000e+00 (0.0000e+00)	Loss Disc 0.0000e+00 (0.0000e+00)	Loss Pred 4.5990e-01 (4.6434e-01)	Loss TOTAL 5.4689e-01 (5.6503e-01)
Epoch: [3][460/660]	L_Src_Sup 1.6668e-01 (2.0231e-01)	L_Trg_Inj 0.0000e+00 (0.0000e+00)	Loss Disc 0.0000e+00 (0.0000e+00)	Loss Pred 4.4992e-01 (4.6460e-01)	Loss TOTAL 5.3326e-01 (5.6576e-01)
Epoch: [3][470/660]	L_Src_Sup 2.8101e-01 (2.0232e-01)	L_Trg_Inj 0.0000e+00 (0.0000e+00)	Loss Disc 0.0000e+00 (0.0000e+00)	Loss Pred 4.2820e-01 (4.6505e-01)	Loss TOTAL 5.6871e-01 (5.6622e-01)
Epoch: [3][480/660]	L_Src_Sup 1.0085e-01 (2.0192e-01)	L_Trg_Inj 0.0000e+00 (0.0000e+00)	Loss Disc 0.0000e+00 (0.0000e+00)	Loss Pred 4.4203e-01 (4.6516e-01)	Loss TOTAL 4.9245e-01 (5.6613e-01)
Epoch: [3][490/660]	L_Src_Sup 2.3730e-01 (2.0166e-01)	L_Trg_Inj 0.0000e+00 (0.0000e+00)	Loss Disc 0.0000e+00 (0.0000e+00)	Loss Pred 4.4671e-01 (4.6498e-01)	Loss TOTAL 5.6536e-01 (5.6581e-01)
Epoch: [3][500/660]	L_Src_Sup 2.1240e-01 (2.0182e-01)	L_Trg_Inj 0.0000e+00 (0.0000e+00)	Loss Disc 0.0000e+00 (0.0000e+00)	Loss Pred 4.7842e-01 (4.6502e-01)	Loss TOTAL 5.8462e-01 (5.6593e-01)
Epoch: [3][510/660]	L_Src_Sup 2.9513e-01 (2.0203e-01)	L_Trg_Inj 0.0000e+00 (0.0000e+00)	Loss Disc 0.0000e+00 (0.0000e+00)	Loss Pred 4.2086e-01 (4.6485e-01)	Loss TOTAL 5.6843e-01 (5.6587e-01)
Epoch: [3][520/660]	L_Src_Sup 3.2761e-01 (2.0196e-01)	L_Trg_Inj 0.0000e+00 (0.0000e+00)	Loss Disc 0.0000e+00 (0.0000e+00)	Loss Pred 4.5921e-01 (4.6481e-01)	Loss TOTAL 6.2301e-01 (5.6579e-01)
Epoch: [3][530/660]	L_Src_Sup 3.0906e-01 (2.0188e-01)	L_Trg_Inj 0.0000e+00 (0.0000e+00)	Loss Disc 0.0000e+00 (0.0000e+00)	Loss Pred 4.1479e-01 (4.6451e-01)	Loss TOTAL 5.6932e-01 (5.6545e-01)
Epoch: [3][540/660]	L_Src_Sup 1.6394e-01 (2.0196e-01)	L_Trg_Inj 0.0000e+00 (0.0000e+00)	Loss Disc 0.0000e+00 (0.0000e+00)	Loss Pred 4.2537e-01 (4.6440e-01)	Loss TOTAL 5.0733e-01 (5.6538e-01)
Epoch: [3][550/660]	L_Src_Sup 1.5017e-01 (2.0172e-01)	L_Trg_Inj 0.0000e+00 (0.0000e+00)	Loss Disc 0.0000e+00 (0.0000e+00)	Loss Pred 4.6940e-01 (4.6442e-01)	Loss TOTAL 5.4449e-01 (5.6528e-01)
Epoch: [3][560/660]	L_Src_Sup 1.4546e-01 (2.0157e-01)	L_Trg_Inj 0.0000e+00 (0.0000e+00)	Loss Disc 0.0000e+00 (0.0000e+00)	Loss Pred 5.0108e-01 (4.6467e-01)	Loss TOTAL 5.7381e-01 (5.6545e-01)
Epoch: [3][570/660]	L_Src_Sup 1.5790e-01 (2.0156e-01)	L_Trg_Inj 0.0000e+00 (0.0000e+00)	Loss Disc 0.0000e+00 (0.0000e+00)	Loss Pred 4.7660e-01 (4.6449e-01)	Loss TOTAL 5.5555e-01 (5.6527e-01)
Epoch: [3][580/660]	L_Src_Sup 1.9470e-01 (2.0170e-01)	L_Trg_Inj 0.0000e+00 (0.0000e+00)	Loss Disc 0.0000e+00 (0.0000e+00)	Loss Pred 4.7836e-01 (4.6445e-01)	Loss TOTAL 5.7571e-01 (5.6530e-01)
Epoch: [3][590/660]	L_Src_Sup 2.3729e-01 (2.0181e-01)	L_Trg_Inj 0.0000e+00 (0.0000e+00)	Loss Disc 0.0000e+00 (0.0000e+00)	Loss Pred 4.4854e-01 (4.6422e-01)	Loss TOTAL 5.6718e-01 (5.6513e-01)
Epoch: [3][600/660]	L_Src_Sup 2.6089e-01 (2.0212e-01)	L_Trg_Inj 0.0000e+00 (0.0000e+00)	Loss Disc 0.0000e+00 (0.0000e+00)	Loss Pred 4.6612e-01 (4.6407e-01)	Loss TOTAL 5.9657e-01 (5.6513e-01)
Epoch: [3][610/660]	L_Src_Sup 1.9299e-01 (2.0207e-01)	L_Trg_Inj 0.0000e+00 (0.0000e+00)	Loss Disc 0.0000e+00 (0.0000e+00)	Loss Pred 4.7147e-01 (4.6405e-01)	Loss TOTAL 5.6796e-01 (5.6509e-01)
Epoch: [3][620/660]	L_Src_Sup 1.1966e-01 (2.0197e-01)	L_Trg_Inj 0.0000e+00 (0.0000e+00)	Loss Disc 0.0000e+00 (0.0000e+00)	Loss Pred 5.1188e-01 (4.6430e-01)	Loss TOTAL 5.7171e-01 (5.6528e-01)
Epoch: [3][630/660]	L_Src_Sup 1.5134e-01 (2.0146e-01)	L_Trg_Inj 0.0000e+00 (0.0000e+00)	Loss Disc 0.0000e+00 (0.0000e+00)	Loss Pred 4.4531e-01 (4.6420e-01)	Loss TOTAL 5.2098e-01 (5.6493e-01)
Epoch: [3][640/660]	L_Src_Sup 1.6261e-01 (2.0102e-01)	L_Trg_Inj 0.0000e+00 (0.0000e+00)	Loss Disc 0.0000e+00 (0.0000e+00)	Loss Pred 4.1452e-01 (4.6424e-01)	Loss TOTAL 4.9582e-01 (5.6475e-01)
Epoch: [3][650/660]	L_Src_Sup 2.0341e-01 (2.0117e-01)	L_Trg_Inj 0.0000e+00 (0.0000e+00)	Loss Disc 0.0000e+00 (0.0000e+00)	Loss Pred 4.7195e-01 (4.6419e-01)	Loss TOTAL 5.7365e-01 (5.6478e-01)
Epoch: [3][660/660]	L_Src_Sup 1.8185e-01 (2.0087e-01)	L_Trg_Inj 0.0000e+00 (0.0000e+00)	Loss Disc 0.0000e+00 (0.0000e+00)	Loss Pred 4.4200e-01 (4.6412e-01)	Loss TOTAL 5.3292e-01 (5.6455e-01)
Epoch: [3][660/660]	L_Src_Sup 1.8185e-01 (2.0087e-01)	L_Trg_Inj 0.0000e+00 (0.0000e+00)	Loss Disc 0.0000e+00 (0.0000e+00)	Loss Pred 4.4200e-01 (4.6412e-01)	Loss TOTAL 5.3292e-01 (5.6455e-01)
Epoch 3 complete. Saving model state...
Epoch: [4][ 10/660]	L_Src_Sup 2.0001e-01 (1.9360e-01)	L_Trg_Inj 0.0000e+00 (0.0000e+00)	Loss Disc 0.0000e+00 (0.0000e+00)	Loss Pred 4.3786e-01 (4.4747e-01)	Loss TOTAL 5.3786e-01 (5.4427e-01)
Epoch: [4][ 20/660]	L_Src_Sup 1.7095e-01 (1.9478e-01)	L_Trg_Inj 0.0000e+00 (0.0000e+00)	Loss Disc 0.0000e+00 (0.0000e+00)	Loss Pred 4.5745e-01 (4.4324e-01)	Loss TOTAL 5.4292e-01 (5.4063e-01)
Epoch: [4][ 30/660]	L_Src_Sup 1.6950e-01 (1.9321e-01)	L_Trg_Inj 0.0000e+00 (0.0000e+00)	Loss Disc 0.0000e+00 (0.0000e+00)	Loss Pred 4.4999e-01 (4.4458e-01)	Loss TOTAL 5.3474e-01 (5.4118e-01)
Epoch: [4][ 40/660]	L_Src_Sup 1.0526e-01 (1.8762e-01)	L_Trg_Inj 0.0000e+00 (0.0000e+00)	Loss Disc 0.0000e+00 (0.0000e+00)	Loss Pred 4.7175e-01 (4.4689e-01)	Loss TOTAL 5.2438e-01 (5.4070e-01)
Epoch: [4][ 50/660]	L_Src_Sup 1.8077e-01 (1.8917e-01)	L_Trg_Inj 0.0000e+00 (0.0000e+00)	Loss Disc 0.0000e+00 (0.0000e+00)	Loss Pred 4.5298e-01 (4.4953e-01)	Loss TOTAL 5.4337e-01 (5.4411e-01)
Epoch: [4][ 60/660]	L_Src_Sup 1.6727e-01 (1.9403e-01)	L_Trg_Inj 0.0000e+00 (0.0000e+00)	Loss Disc 0.0000e+00 (0.0000e+00)	Loss Pred 4.6310e-01 (4.4981e-01)	Loss TOTAL 5.4673e-01 (5.4683e-01)
Epoch: [4][ 70/660]	L_Src_Sup 1.3675e-01 (1.9456e-01)	L_Trg_Inj 0.0000e+00 (0.0000e+00)	Loss Disc 0.0000e+00 (0.0000e+00)	Loss Pred 4.5242e-01 (4.5088e-01)	Loss TOTAL 5.2080e-01 (5.4816e-01)
Epoch: [4][ 80/660]	L_Src_Sup 2.2414e-01 (1.9502e-01)	L_Trg_Inj 0.0000e+00 (0.0000e+00)	Loss Disc 0.0000e+00 (0.0000e+00)	Loss Pred 4.6450e-01 (4.5164e-01)	Loss TOTAL 5.7657e-01 (5.4915e-01)
Epoch: [4][ 90/660]	L_Src_Sup 2.2224e-01 (1.9224e-01)	L_Trg_Inj 0.0000e+00 (0.0000e+00)	Loss Disc 0.0000e+00 (0.0000e+00)	Loss Pred 4.7295e-01 (4.5144e-01)	Loss TOTAL 5.8407e-01 (5.4757e-01)
Epoch: [4][100/660]	L_Src_Sup 2.5002e-01 (1.9502e-01)	L_Trg_Inj 0.0000e+00 (0.0000e+00)	Loss Disc 0.0000e+00 (0.0000e+00)	Loss Pred 4.4586e-01 (4.5272e-01)	Loss TOTAL 5.7087e-01 (5.5023e-01)
Epoch: [4][110/660]	L_Src_Sup 2.2786e-01 (1.9807e-01)	L_Trg_Inj 0.0000e+00 (0.0000e+00)	Loss Disc 0.0000e+00 (0.0000e+00)	Loss Pred 4.7160e-01 (4.5353e-01)	Loss TOTAL 5.8553e-01 (5.5257e-01)
Epoch: [4][120/660]	L_Src_Sup 1.9643e-01 (1.9615e-01)	L_Trg_Inj 0.0000e+00 (0.0000e+00)	Loss Disc 0.0000e+00 (0.0000e+00)	Loss Pred 4.8439e-01 (4.5326e-01)	Loss TOTAL 5.8261e-01 (5.5134e-01)
Epoch: [4][130/660]	L_Src_Sup 1.6261e-01 (1.9747e-01)	L_Trg_Inj 0.0000e+00 (0.0000e+00)	Loss Disc 0.0000e+00 (0.0000e+00)	Loss Pred 4.4000e-01 (4.5409e-01)	Loss TOTAL 5.2130e-01 (5.5283e-01)
Epoch: [4][140/660]	L_Src_Sup 2.7640e-01 (1.9831e-01)	L_Trg_Inj 0.0000e+00 (0.0000e+00)	Loss Disc 0.0000e+00 (0.0000e+00)	Loss Pred 4.2030e-01 (4.5388e-01)	Loss TOTAL 5.5851e-01 (5.5303e-01)
Epoch: [4][150/660]	L_Src_Sup 2.3636e-01 (2.0019e-01)	L_Trg_Inj 0.0000e+00 (0.0000e+00)	Loss Disc 0.0000e+00 (0.0000e+00)	Loss Pred 4.9771e-01 (4.5407e-01)	Loss TOTAL 6.1589e-01 (5.5416e-01)
Epoch: [4][160/660]	L_Src_Sup 2.2414e-01 (2.0216e-01)	L_Trg_Inj 0.0000e+00 (0.0000e+00)	Loss Disc 0.0000e+00 (0.0000e+00)	Loss Pred 4.6471e-01 (4.5361e-01)	Loss TOTAL 5.7678e-01 (5.5469e-01)
