Using device: cuda
=== Source-Only Training Mode (No Target Domain) ===
Loading Source Train...
Using Mean/Std from Source Train (mean[0]=21.754703609461878, std[0]=2.2355389743796428)
Epoch: [0][ 10/496]	L_Src_Sup 1.9995e+00 (1.9998e+00)	L_Trg_Inj 0.0000e+00 (0.0000e+00)	Loss Disc 0.0000e+00 (0.0000e+00)	Loss Pred 9.1730e-01 (9.1117e-01)	Loss TOTAL 1.9170e+00 (1.9110e+00)
Epoch: [0][ 20/496]	L_Src_Sup 1.9812e+00 (1.9667e+00)	L_Trg_Inj 0.0000e+00 (0.0000e+00)	Loss Disc 0.0000e+00 (0.0000e+00)	Loss Pred 9.0861e-01 (9.0512e-01)	Loss TOTAL 1.8992e+00 (1.8885e+00)
Epoch: [0][ 30/496]	L_Src_Sup 1.8971e+00 (1.9720e+00)	L_Trg_Inj 0.0000e+00 (0.0000e+00)	Loss Disc 0.0000e+00 (0.0000e+00)	Loss Pred 8.6523e-01 (8.9811e-01)	Loss TOTAL 1.8138e+00 (1.8841e+00)
Epoch: [0][ 40/496]	L_Src_Sup 2.7784e-01 (1.8041e+00)	L_Trg_Inj 0.0000e+00 (0.0000e+00)	Loss Disc 0.0000e+00 (0.0000e+00)	Loss Pred 9.0233e-01 (8.9362e-01)	Loss TOTAL 1.0412e+00 (1.7957e+00)
Epoch: [0][ 50/496]	L_Src_Sup 7.5949e-02 (1.4963e+00)	L_Trg_Inj 0.0000e+00 (0.0000e+00)	Loss Disc 0.0000e+00 (0.0000e+00)	Loss Pred 8.6728e-01 (8.8753e-01)	Loss TOTAL 9.0525e-01 (1.6357e+00)
Epoch: [0][ 60/496]	L_Src_Sup 3.8387e-02 (1.2500e+00)	L_Trg_Inj 0.0000e+00 (0.0000e+00)	Loss Disc 0.0000e+00 (0.0000e+00)	Loss Pred 8.1693e-01 (8.8413e-01)	Loss TOTAL 8.3612e-01 (1.5091e+00)
Epoch: [0][ 70/496]	L_Src_Sup 2.0040e-02 (1.0740e+00)	L_Trg_Inj 0.0000e+00 (0.0000e+00)	Loss Disc 0.0000e+00 (0.0000e+00)	Loss Pred 8.9504e-01 (8.7839e-01)	Loss TOTAL 9.0506e-01 (1.4154e+00)
Epoch: [0][ 80/496]	L_Src_Sup 0.0000e+00 (9.4211e-01)	L_Trg_Inj 0.0000e+00 (0.0000e+00)	Loss Disc 0.0000e+00 (0.0000e+00)	Loss Pred 8.1809e-01 (8.7235e-01)	Loss TOTAL 8.1809e-01 (1.3434e+00)
Epoch: [0][ 90/496]	L_Src_Sup 1.8492e-02 (8.3888e-01)	L_Trg_Inj 0.0000e+00 (0.0000e+00)	Loss Disc 0.0000e+00 (0.0000e+00)	Loss Pred 8.0525e-01 (8.6827e-01)	Loss TOTAL 8.1449e-01 (1.2877e+00)
Epoch: [0][100/496]	L_Src_Sup 0.0000e+00 (7.5823e-01)	L_Trg_Inj 0.0000e+00 (0.0000e+00)	Loss Disc 0.0000e+00 (0.0000e+00)	Loss Pred 8.9015e-01 (8.6305e-01)	Loss TOTAL 8.9015e-01 (1.2422e+00)
Epoch: [0][110/496]	L_Src_Sup 1.2478e-02 (6.9036e-01)	L_Trg_Inj 0.0000e+00 (0.0000e+00)	Loss Disc 0.0000e+00 (0.0000e+00)	Loss Pred 8.4999e-01 (8.5867e-01)	Loss TOTAL 8.5623e-01 (1.2038e+00)
Epoch: [0][120/496]	L_Src_Sup 6.8613e-05 (6.3410e-01)	L_Trg_Inj 0.0000e+00 (0.0000e+00)	Loss Disc 0.0000e+00 (0.0000e+00)	Loss Pred 7.9766e-01 (8.5384e-01)	Loss TOTAL 7.9769e-01 (1.1709e+00)
Epoch: [0][130/496]	L_Src_Sup 2.6462e-04 (5.8621e-01)	L_Trg_Inj 0.0000e+00 (0.0000e+00)	Loss Disc 0.0000e+00 (0.0000e+00)	Loss Pred 8.0922e-01 (8.4874e-01)	Loss TOTAL 8.0936e-01 (1.1418e+00)
Epoch: [0][140/496]	L_Src_Sup 5.4108e-01 (5.5924e-01)	L_Trg_Inj 0.0000e+00 (0.0000e+00)	Loss Disc 0.0000e+00 (0.0000e+00)	Loss Pred 7.9864e-01 (8.4413e-01)	Loss TOTAL 1.0692e+00 (1.1237e+00)
Epoch: [0][150/496]	L_Src_Sup 0.0000e+00 (5.3178e-01)	L_Trg_Inj 0.0000e+00 (0.0000e+00)	Loss Disc 0.0000e+00 (0.0000e+00)	Loss Pred 8.0759e-01 (8.4207e-01)	Loss TOTAL 8.0759e-01 (1.1080e+00)
Epoch: [0][160/496]	L_Src_Sup 2.1006e-02 (4.9949e-01)	L_Trg_Inj 0.0000e+00 (0.0000e+00)	Loss Disc 0.0000e+00 (0.0000e+00)	Loss Pred 8.3725e-01 (8.3762e-01)	Loss TOTAL 8.4775e-01 (1.0874e+00)
Epoch: [0][170/496]	L_Src_Sup 0.0000e+00 (4.7064e-01)	L_Trg_Inj 0.0000e+00 (0.0000e+00)	Loss Disc 0.0000e+00 (0.0000e+00)	Loss Pred 7.5336e-01 (8.3294e-01)	Loss TOTAL 7.5336e-01 (1.0683e+00)
Epoch: [0][180/496]	L_Src_Sup 0.0000e+00 (4.4480e-01)	L_Trg_Inj 0.0000e+00 (0.0000e+00)	Loss Disc 0.0000e+00 (0.0000e+00)	Loss Pred 6.6595e-01 (8.2770e-01)	Loss TOTAL 6.6595e-01 (1.0501e+00)
Epoch: [0][190/496]	L_Src_Sup 0.0000e+00 (4.2167e-01)	L_Trg_Inj 0.0000e+00 (0.0000e+00)	Loss Disc 0.0000e+00 (0.0000e+00)	Loss Pred 7.6054e-01 (8.2298e-01)	Loss TOTAL 7.6054e-01 (1.0338e+00)
Epoch: [0][200/496]	L_Src_Sup 0.0000e+00 (4.0125e-01)	L_Trg_Inj 0.0000e+00 (0.0000e+00)	Loss Disc 0.0000e+00 (0.0000e+00)	Loss Pred 7.5191e-01 (8.1896e-01)	Loss TOTAL 7.5191e-01 (1.0196e+00)
Epoch: [0][210/496]	L_Src_Sup 0.0000e+00 (3.8241e-01)	L_Trg_Inj 0.0000e+00 (0.0000e+00)	Loss Disc 0.0000e+00 (0.0000e+00)	Loss Pred 7.6411e-01 (8.1474e-01)	Loss TOTAL 7.6411e-01 (1.0059e+00)
Epoch: [0][220/496]	L_Src_Sup 0.0000e+00 (3.6525e-01)	L_Trg_Inj 0.0000e+00 (0.0000e+00)	Loss Disc 0.0000e+00 (0.0000e+00)	Loss Pred 7.0986e-01 (8.1044e-01)	Loss TOTAL 7.0986e-01 (9.9307e-01)
Epoch: [0][230/496]	L_Src_Sup 0.0000e+00 (3.4962e-01)	L_Trg_Inj 0.0000e+00 (0.0000e+00)	Loss Disc 0.0000e+00 (0.0000e+00)	Loss Pred 7.2007e-01 (8.0595e-01)	Loss TOTAL 7.2007e-01 (9.8076e-01)
Epoch: [0][240/496]	L_Src_Sup 0.0000e+00 (3.3527e-01)	L_Trg_Inj 0.0000e+00 (0.0000e+00)	Loss Disc 0.0000e+00 (0.0000e+00)	Loss Pred 6.9669e-01 (8.0154e-01)	Loss TOTAL 6.9669e-01 (9.6917e-01)
Epoch: [0][250/496]	L_Src_Sup 1.8833e-02 (3.2233e-01)	L_Trg_Inj 0.0000e+00 (0.0000e+00)	Loss Disc 0.0000e+00 (0.0000e+00)	Loss Pred 7.0795e-01 (7.9763e-01)	Loss TOTAL 7.1737e-01 (9.5880e-01)
Epoch: [0][260/496]	L_Src_Sup 1.7845e-02 (3.1010e-01)	L_Trg_Inj 0.0000e+00 (0.0000e+00)	Loss Disc 0.0000e+00 (0.0000e+00)	Loss Pred 6.6137e-01 (7.9320e-01)	Loss TOTAL 6.7029e-01 (9.4825e-01)
Epoch: [0][270/496]	L_Src_Sup 0.0000e+00 (2.9898e-01)	L_Trg_Inj 0.0000e+00 (0.0000e+00)	Loss Disc 0.0000e+00 (0.0000e+00)	Loss Pred 7.0238e-01 (7.8989e-01)	Loss TOTAL 7.0238e-01 (9.3938e-01)
Epoch: [0][280/496]	L_Src_Sup 0.0000e+00 (2.8848e-01)	L_Trg_Inj 0.0000e+00 (0.0000e+00)	Loss Disc 0.0000e+00 (0.0000e+00)	Loss Pred 6.8754e-01 (7.8557e-01)	Loss TOTAL 6.8754e-01 (9.2981e-01)
Epoch: [0][290/496]	L_Src_Sup 1.6977e-05 (2.7889e-01)	L_Trg_Inj 0.0000e+00 (0.0000e+00)	Loss Disc 0.0000e+00 (0.0000e+00)	Loss Pred 6.5692e-01 (7.8173e-01)	Loss TOTAL 6.5693e-01 (9.2117e-01)
Epoch: [0][300/496]	L_Src_Sup 0.0000e+00 (2.6984e-01)	L_Trg_Inj 0.0000e+00 (0.0000e+00)	Loss Disc 0.0000e+00 (0.0000e+00)	Loss Pred 6.2961e-01 (7.7775e-01)	Loss TOTAL 6.2961e-01 (9.1267e-01)
Epoch: [0][310/496]	L_Src_Sup 0.0000e+00 (2.6165e-01)	L_Trg_Inj 0.0000e+00 (0.0000e+00)	Loss Disc 0.0000e+00 (0.0000e+00)	Loss Pred 6.5321e-01 (7.7435e-01)	Loss TOTAL 6.5321e-01 (9.0517e-01)
Epoch: [0][320/496]	L_Src_Sup 1.5966e-02 (2.5388e-01)	L_Trg_Inj 0.0000e+00 (0.0000e+00)	Loss Disc 0.0000e+00 (0.0000e+00)	Loss Pred 6.6385e-01 (7.7074e-01)	Loss TOTAL 6.7183e-01 (8.9768e-01)
Epoch: [0][330/496]	L_Src_Sup 0.0000e+00 (2.4645e-01)	L_Trg_Inj 0.0000e+00 (0.0000e+00)	Loss Disc 0.0000e+00 (0.0000e+00)	Loss Pred 6.8583e-01 (7.6745e-01)	Loss TOTAL 6.8583e-01 (8.9067e-01)
Epoch: [0][340/496]	L_Src_Sup 1.7556e-02 (2.3950e-01)	L_Trg_Inj 0.0000e+00 (0.0000e+00)	Loss Disc 0.0000e+00 (0.0000e+00)	Loss Pred 6.5407e-01 (7.6426e-01)	Loss TOTAL 6.6285e-01 (8.8401e-01)
Epoch: [0][350/496]	L_Src_Sup 0.0000e+00 (2.3270e-01)	L_Trg_Inj 0.0000e+00 (0.0000e+00)	Loss Disc 0.0000e+00 (0.0000e+00)	Loss Pred 6.8098e-01 (7.6097e-01)	Loss TOTAL 6.8098e-01 (8.7732e-01)
Epoch: [0][360/496]	L_Src_Sup 0.0000e+00 (2.2640e-01)	L_Trg_Inj 0.0000e+00 (0.0000e+00)	Loss Disc 0.0000e+00 (0.0000e+00)	Loss Pred 6.2795e-01 (7.5757e-01)	Loss TOTAL 6.2795e-01 (8.7077e-01)
Epoch: [0][370/496]	L_Src_Sup 0.0000e+00 (2.2049e-01)	L_Trg_Inj 0.0000e+00 (0.0000e+00)	Loss Disc 0.0000e+00 (0.0000e+00)	Loss Pred 6.2412e-01 (7.5434e-01)	Loss TOTAL 6.2412e-01 (8.6458e-01)
Epoch: [0][380/496]	L_Src_Sup 0.0000e+00 (2.1508e-01)	L_Trg_Inj 0.0000e+00 (0.0000e+00)	Loss Disc 0.0000e+00 (0.0000e+00)	Loss Pred 6.1397e-01 (7.5105e-01)	Loss TOTAL 6.1397e-01 (8.5858e-01)
Epoch: [0][390/496]	L_Src_Sup 2.0303e-02 (2.0986e-01)	L_Trg_Inj 0.0000e+00 (0.0000e+00)	Loss Disc 0.0000e+00 (0.0000e+00)	Loss Pred 6.6721e-01 (7.4808e-01)	Loss TOTAL 6.7737e-01 (8.5300e-01)
Epoch: [0][400/496]	L_Src_Sup 5.3196e-02 (2.0488e-01)	L_Trg_Inj 0.0000e+00 (0.0000e+00)	Loss Disc 0.0000e+00 (0.0000e+00)	Loss Pred 5.9424e-01 (7.4483e-01)	Loss TOTAL 6.2083e-01 (8.4727e-01)
Epoch: [0][410/496]	L_Src_Sup 0.0000e+00 (1.9998e-01)	L_Trg_Inj 0.0000e+00 (0.0000e+00)	Loss Disc 0.0000e+00 (0.0000e+00)	Loss Pred 6.4478e-01 (7.4186e-01)	Loss TOTAL 6.4478e-01 (8.4185e-01)
Epoch: [0][420/496]	L_Src_Sup 6.6055e-03 (1.9548e-01)	L_Trg_Inj 0.0000e+00 (0.0000e+00)	Loss Disc 0.0000e+00 (0.0000e+00)	Loss Pred 6.5700e-01 (7.3878e-01)	Loss TOTAL 6.6030e-01 (8.3652e-01)
Epoch: [0][430/496]	L_Src_Sup 1.9012e-02 (1.9118e-01)	L_Trg_Inj 0.0000e+00 (0.0000e+00)	Loss Disc 0.0000e+00 (0.0000e+00)	Loss Pred 6.1309e-01 (7.3551e-01)	Loss TOTAL 6.2259e-01 (8.3110e-01)
Epoch: [0][440/496]	L_Src_Sup 0.0000e+00 (1.8688e-01)	L_Trg_Inj 0.0000e+00 (0.0000e+00)	Loss Disc 0.0000e+00 (0.0000e+00)	Loss Pred 6.0314e-01 (7.3259e-01)	Loss TOTAL 6.0314e-01 (8.2603e-01)
Epoch: [0][450/496]	L_Src_Sup 0.0000e+00 (1.8276e-01)	L_Trg_Inj 0.0000e+00 (0.0000e+00)	Loss Disc 0.0000e+00 (0.0000e+00)	Loss Pred 5.9849e-01 (7.2968e-01)	Loss TOTAL 5.9849e-01 (8.2106e-01)
Epoch: [0][460/496]	L_Src_Sup 0.0000e+00 (1.7895e-01)	L_Trg_Inj 0.0000e+00 (0.0000e+00)	Loss Disc 0.0000e+00 (0.0000e+00)	Loss Pred 6.0513e-01 (7.2697e-01)	Loss TOTAL 6.0513e-01 (8.1645e-01)
Epoch: [0][470/496]	L_Src_Sup 0.0000e+00 (1.7530e-01)	L_Trg_Inj 0.0000e+00 (0.0000e+00)	Loss Disc 0.0000e+00 (0.0000e+00)	Loss Pred 5.7946e-01 (7.2391e-01)	Loss TOTAL 5.7946e-01 (8.1156e-01)
Epoch: [0][480/496]	L_Src_Sup 0.0000e+00 (1.7172e-01)	L_Trg_Inj 0.0000e+00 (0.0000e+00)	Loss Disc 0.0000e+00 (0.0000e+00)	Loss Pred 6.0156e-01 (7.2139e-01)	Loss TOTAL 6.0156e-01 (8.0725e-01)
Epoch: [0][490/496]	L_Src_Sup 6.0148e-05 (1.6828e-01)	L_Trg_Inj 0.0000e+00 (0.0000e+00)	Loss Disc 0.0000e+00 (0.0000e+00)	Loss Pred 5.4890e-01 (7.1857e-01)	Loss TOTAL 5.4893e-01 (8.0271e-01)
Epoch: [0][496/496]	L_Src_Sup 9.5130e-03 (1.6635e-01)	L_Trg_Inj 0.0000e+00 (0.0000e+00)	Loss Disc 0.0000e+00 (0.0000e+00)	Loss Pred 5.5721e-01 (7.1686e-01)	Loss TOTAL 5.6197e-01 (8.0004e-01)
Epoch 0 complete. Saving model state...
Epoch: [1][ 10/496]	L_Src_Sup 1.9222e-02 (6.3425e-03)	L_Trg_Inj 0.0000e+00 (0.0000e+00)	Loss Disc 0.0000e+00 (0.0000e+00)	Loss Pred 5.8523e-01 (5.9234e-01)	Loss TOTAL 5.9484e-01 (5.9552e-01)
Epoch: [1][ 20/496]	L_Src_Sup 0.0000e+00 (5.6569e-03)	L_Trg_Inj 0.0000e+00 (0.0000e+00)	Loss Disc 0.0000e+00 (0.0000e+00)	Loss Pred 5.3192e-01 (5.7823e-01)	Loss TOTAL 5.3192e-01 (5.8106e-01)
Epoch: [1][ 30/496]	L_Src_Sup 0.0000e+00 (5.3017e-03)	L_Trg_Inj 0.0000e+00 (0.0000e+00)	Loss Disc 0.0000e+00 (0.0000e+00)	Loss Pred 5.6097e-01 (5.7750e-01)	Loss TOTAL 5.6097e-01 (5.8015e-01)
Epoch: [1][ 40/496]	L_Src_Sup 9.9893e-03 (4.9523e-03)	L_Trg_Inj 0.0000e+00 (0.0000e+00)	Loss Disc 0.0000e+00 (0.0000e+00)	Loss Pred 5.4035e-01 (5.7361e-01)	Loss TOTAL 5.4534e-01 (5.7608e-01)
Epoch: [1][ 50/496]	L_Src_Sup 0.0000e+00 (1.4216e-02)	L_Trg_Inj 0.0000e+00 (0.0000e+00)	Loss Disc 0.0000e+00 (0.0000e+00)	Loss Pred 5.6727e-01 (5.7298e-01)	Loss TOTAL 5.6727e-01 (5.8009e-01)
Epoch: [1][ 60/496]	L_Src_Sup 2.2177e-02 (1.3347e-02)	L_Trg_Inj 0.0000e+00 (0.0000e+00)	Loss Disc 0.0000e+00 (0.0000e+00)	Loss Pred 5.4574e-01 (5.7434e-01)	Loss TOTAL 5.5683e-01 (5.8101e-01)
Epoch: [1][ 70/496]	L_Src_Sup 0.0000e+00 (1.3268e-02)	L_Trg_Inj 0.0000e+00 (0.0000e+00)	Loss Disc 0.0000e+00 (0.0000e+00)	Loss Pred 5.6963e-01 (5.7285e-01)	Loss TOTAL 5.6963e-01 (5.7948e-01)
Epoch: [1][ 80/496]	L_Src_Sup 1.8687e-02 (1.2999e-02)	L_Trg_Inj 0.0000e+00 (0.0000e+00)	Loss Disc 0.0000e+00 (0.0000e+00)	Loss Pred 5.4318e-01 (5.6868e-01)	Loss TOTAL 5.5253e-01 (5.7518e-01)
Epoch: [1][ 90/496]	L_Src_Sup 0.0000e+00 (1.3875e-02)	L_Trg_Inj 0.0000e+00 (0.0000e+00)	Loss Disc 0.0000e+00 (0.0000e+00)	Loss Pred 5.4521e-01 (5.6645e-01)	Loss TOTAL 5.4521e-01 (5.7339e-01)
Epoch: [1][100/496]	L_Src_Sup 0.0000e+00 (1.2990e-02)	L_Trg_Inj 0.0000e+00 (0.0000e+00)	Loss Disc 0.0000e+00 (0.0000e+00)	Loss Pred 5.7574e-01 (5.6389e-01)	Loss TOTAL 5.7574e-01 (5.7039e-01)
Epoch: [1][110/496]	L_Src_Sup 5.3988e-02 (1.2886e-02)	L_Trg_Inj 0.0000e+00 (0.0000e+00)	Loss Disc 0.0000e+00 (0.0000e+00)	Loss Pred 5.2811e-01 (5.6228e-01)	Loss TOTAL 5.5511e-01 (5.6873e-01)
Epoch: [1][120/496]	L_Src_Sup 0.0000e+00 (1.2274e-02)	L_Trg_Inj 0.0000e+00 (0.0000e+00)	Loss Disc 0.0000e+00 (0.0000e+00)	Loss Pred 5.5248e-01 (5.6007e-01)	Loss TOTAL 5.5248e-01 (5.6621e-01)
Epoch: [1][130/496]	L_Src_Sup 0.0000e+00 (1.2062e-02)	L_Trg_Inj 0.0000e+00 (0.0000e+00)	Loss Disc 0.0000e+00 (0.0000e+00)	Loss Pred 5.0390e-01 (5.5786e-01)	Loss TOTAL 5.0390e-01 (5.6389e-01)
Epoch: [1][140/496]	L_Src_Sup 0.0000e+00 (1.1782e-02)	L_Trg_Inj 0.0000e+00 (0.0000e+00)	Loss Disc 0.0000e+00 (0.0000e+00)	Loss Pred 5.6056e-01 (5.5657e-01)	Loss TOTAL 5.6056e-01 (5.6246e-01)
Epoch: [1][150/496]	L_Src_Sup 0.0000e+00 (1.1240e-02)	L_Trg_Inj 0.0000e+00 (0.0000e+00)	Loss Disc 0.0000e+00 (0.0000e+00)	Loss Pred 4.7076e-01 (5.5424e-01)	Loss TOTAL 4.7076e-01 (5.5986e-01)
Epoch: [1][160/496]	L_Src_Sup 0.0000e+00 (1.0764e-02)	L_Trg_Inj 0.0000e+00 (0.0000e+00)	Loss Disc 0.0000e+00 (0.0000e+00)	Loss Pred 5.1089e-01 (5.5210e-01)	Loss TOTAL 5.1089e-01 (5.5748e-01)
Epoch: [1][170/496]	L_Src_Sup 0.0000e+00 (1.0355e-02)	L_Trg_Inj 0.0000e+00 (0.0000e+00)	Loss Disc 0.0000e+00 (0.0000e+00)	Loss Pred 5.3406e-01 (5.5093e-01)	Loss TOTAL 5.3406e-01 (5.5610e-01)
Epoch: [1][180/496]	L_Src_Sup 1.7319e-02 (1.0078e-02)	L_Trg_Inj 0.0000e+00 (0.0000e+00)	Loss Disc 0.0000e+00 (0.0000e+00)	Loss Pred 5.2125e-01 (5.4902e-01)	Loss TOTAL 5.2991e-01 (5.5406e-01)
Epoch: [1][190/496]	L_Src_Sup 0.0000e+00 (9.6741e-03)	L_Trg_Inj 0.0000e+00 (0.0000e+00)	Loss Disc 0.0000e+00 (0.0000e+00)	Loss Pred 5.4138e-01 (5.4786e-01)	Loss TOTAL 5.4138e-01 (5.5269e-01)
Epoch: [1][200/496]	L_Src_Sup 7.7814e-03 (9.4131e-03)	L_Trg_Inj 0.0000e+00 (0.0000e+00)	Loss Disc 0.0000e+00 (0.0000e+00)	Loss Pred 5.6232e-01 (5.4757e-01)	Loss TOTAL 5.6621e-01 (5.5228e-01)
Epoch: [1][210/496]	L_Src_Sup 1.8020e-02 (9.8037e-03)	L_Trg_Inj 0.0000e+00 (0.0000e+00)	Loss Disc 0.0000e+00 (0.0000e+00)	Loss Pred 4.9873e-01 (5.4708e-01)	Loss TOTAL 5.0774e-01 (5.5199e-01)
Epoch: [1][220/496]	L_Src_Sup 0.0000e+00 (9.6039e-03)	L_Trg_Inj 0.0000e+00 (0.0000e+00)	Loss Disc 0.0000e+00 (0.0000e+00)	Loss Pred 4.9721e-01 (5.4672e-01)	Loss TOTAL 4.9721e-01 (5.5153e-01)
Epoch: [1][230/496]	L_Src_Sup 1.8425e-02 (9.4317e-03)	L_Trg_Inj 0.0000e+00 (0.0000e+00)	Loss Disc 0.0000e+00 (0.0000e+00)	Loss Pred 5.1441e-01 (5.4593e-01)	Loss TOTAL 5.2362e-01 (5.5065e-01)
Epoch: [1][240/496]	L_Src_Sup 2.0710e-02 (9.4660e-03)	L_Trg_Inj 0.0000e+00 (0.0000e+00)	Loss Disc 0.0000e+00 (0.0000e+00)	Loss Pred 5.8591e-01 (5.4520e-01)	Loss TOTAL 5.9626e-01 (5.4993e-01)
Epoch: [1][250/496]	L_Src_Sup 0.0000e+00 (9.2402e-03)	L_Trg_Inj 0.0000e+00 (0.0000e+00)	Loss Disc 0.0000e+00 (0.0000e+00)	Loss Pred 5.2024e-01 (5.4464e-01)	Loss TOTAL 5.2024e-01 (5.4926e-01)
Epoch: [1][260/496]	L_Src_Sup 1.8850e-02 (9.7967e-03)	L_Trg_Inj 0.0000e+00 (0.0000e+00)	Loss Disc 0.0000e+00 (0.0000e+00)	Loss Pred 5.2590e-01 (5.4437e-01)	Loss TOTAL 5.3532e-01 (5.4927e-01)
Epoch: [1][270/496]	L_Src_Sup 0.0000e+00 (9.8938e-03)	L_Trg_Inj 0.0000e+00 (0.0000e+00)	Loss Disc 0.0000e+00 (0.0000e+00)	Loss Pred 5.5701e-01 (5.4430e-01)	Loss TOTAL 5.5701e-01 (5.4924e-01)
Epoch: [1][280/496]	L_Src_Sup 0.0000e+00 (9.8166e-03)	L_Trg_Inj 0.0000e+00 (0.0000e+00)	Loss Disc 0.0000e+00 (0.0000e+00)	Loss Pred 5.0745e-01 (5.4392e-01)	Loss TOTAL 5.0745e-01 (5.4883e-01)
Epoch: [1][290/496]	L_Src_Sup 2.2718e-02 (9.7845e-03)	L_Trg_Inj 0.0000e+00 (0.0000e+00)	Loss Disc 0.0000e+00 (0.0000e+00)	Loss Pred 5.0376e-01 (5.4317e-01)	Loss TOTAL 5.1512e-01 (5.4806e-01)
Epoch: [1][300/496]	L_Src_Sup 1.9408e-02 (1.0276e-02)	L_Trg_Inj 0.0000e+00 (0.0000e+00)	Loss Disc 0.0000e+00 (0.0000e+00)	Loss Pred 5.4913e-01 (5.4290e-01)	Loss TOTAL 5.5883e-01 (5.4804e-01)
Epoch: [1][310/496]	L_Src_Sup 0.0000e+00 (1.0190e-02)	L_Trg_Inj 0.0000e+00 (0.0000e+00)	Loss Disc 0.0000e+00 (0.0000e+00)	Loss Pred 5.3727e-01 (5.4288e-01)	Loss TOTAL 5.3727e-01 (5.4797e-01)
Epoch: [1][320/496]	L_Src_Sup 0.0000e+00 (1.0113e-02)	L_Trg_Inj 0.0000e+00 (0.0000e+00)	Loss Disc 0.0000e+00 (0.0000e+00)	Loss Pred 5.7427e-01 (5.4274e-01)	Loss TOTAL 5.7427e-01 (5.4779e-01)
Epoch: [1][330/496]	L_Src_Sup 1.8689e-02 (1.0049e-02)	L_Trg_Inj 0.0000e+00 (0.0000e+00)	Loss Disc 0.0000e+00 (0.0000e+00)	Loss Pred 5.1845e-01 (5.4194e-01)	Loss TOTAL 5.2779e-01 (5.4697e-01)
Epoch: [1][340/496]	L_Src_Sup 3.6528e-02 (1.0025e-02)	L_Trg_Inj 0.0000e+00 (0.0000e+00)	Loss Disc 0.0000e+00 (0.0000e+00)	Loss Pred 5.0647e-01 (5.4170e-01)	Loss TOTAL 5.2473e-01 (5.4671e-01)
Epoch: [1][350/496]	L_Src_Sup 0.0000e+00 (9.7906e-03)	L_Trg_Inj 0.0000e+00 (0.0000e+00)	Loss Disc 0.0000e+00 (0.0000e+00)	Loss Pred 5.6119e-01 (5.4129e-01)	Loss TOTAL 5.6119e-01 (5.4619e-01)
Epoch: [1][360/496]	L_Src_Sup 2.9143e-02 (9.5996e-03)	L_Trg_Inj 0.0000e+00 (0.0000e+00)	Loss Disc 0.0000e+00 (0.0000e+00)	Loss Pred 4.9412e-01 (5.4120e-01)	Loss TOTAL 5.0869e-01 (5.4600e-01)
Epoch: [1][370/496]	L_Src_Sup 0.0000e+00 (9.4434e-03)	L_Trg_Inj 0.0000e+00 (0.0000e+00)	Loss Disc 0.0000e+00 (0.0000e+00)	Loss Pred 5.1780e-01 (5.4074e-01)	Loss TOTAL 5.1780e-01 (5.4546e-01)
Epoch: [1][380/496]	L_Src_Sup 1.7997e-02 (9.3905e-03)	L_Trg_Inj 0.0000e+00 (0.0000e+00)	Loss Disc 0.0000e+00 (0.0000e+00)	Loss Pred 4.9960e-01 (5.4058e-01)	Loss TOTAL 5.0860e-01 (5.4527e-01)
Epoch: [1][390/496]	L_Src_Sup 1.9045e-02 (9.3393e-03)	L_Trg_Inj 0.0000e+00 (0.0000e+00)	Loss Disc 0.0000e+00 (0.0000e+00)	Loss Pred 5.3018e-01 (5.3996e-01)	Loss TOTAL 5.3970e-01 (5.4462e-01)
Epoch: [1][400/496]	L_Src_Sup 0.0000e+00 (9.1521e-03)	L_Trg_Inj 0.0000e+00 (0.0000e+00)	Loss Disc 0.0000e+00 (0.0000e+00)	Loss Pred 5.1160e-01 (5.3969e-01)	Loss TOTAL 5.1160e-01 (5.4427e-01)
Epoch: [1][410/496]	L_Src_Sup 2.1147e-02 (9.0716e-03)	L_Trg_Inj 0.0000e+00 (0.0000e+00)	Loss Disc 0.0000e+00 (0.0000e+00)	Loss Pred 4.9924e-01 (5.3888e-01)	Loss TOTAL 5.0981e-01 (5.4342e-01)
Epoch: [1][420/496]	L_Src_Sup 0.0000e+00 (8.9506e-03)	L_Trg_Inj 0.0000e+00 (0.0000e+00)	Loss Disc 0.0000e+00 (0.0000e+00)	Loss Pred 5.4211e-01 (5.3870e-01)	Loss TOTAL 5.4211e-01 (5.4318e-01)
Epoch: [1][430/496]	L_Src_Sup 0.0000e+00 (8.8657e-03)	L_Trg_Inj 0.0000e+00 (0.0000e+00)	Loss Disc 0.0000e+00 (0.0000e+00)	Loss Pred 5.5454e-01 (5.3811e-01)	Loss TOTAL 5.5454e-01 (5.4254e-01)
Epoch: [1][440/496]	L_Src_Sup 0.0000e+00 (8.7520e-03)	L_Trg_Inj 0.0000e+00 (0.0000e+00)	Loss Disc 0.0000e+00 (0.0000e+00)	Loss Pred 5.4221e-01 (5.3770e-01)	Loss TOTAL 5.4221e-01 (5.4207e-01)
Epoch: [1][450/496]	L_Src_Sup 0.0000e+00 (8.6826e-03)	L_Trg_Inj 0.0000e+00 (0.0000e+00)	Loss Disc 0.0000e+00 (0.0000e+00)	Loss Pred 4.8628e-01 (5.3710e-01)	Loss TOTAL 4.8628e-01 (5.4144e-01)
Epoch: [1][460/496]	L_Src_Sup 0.0000e+00 (8.5701e-03)	L_Trg_Inj 0.0000e+00 (0.0000e+00)	Loss Disc 0.0000e+00 (0.0000e+00)	Loss Pred 4.8634e-01 (5.3648e-01)	Loss TOTAL 4.8634e-01 (5.4077e-01)
Epoch: [1][470/496]	L_Src_Sup 0.0000e+00 (8.5333e-03)	L_Trg_Inj 0.0000e+00 (0.0000e+00)	Loss Disc 0.0000e+00 (0.0000e+00)	Loss Pred 5.4198e-01 (5.3638e-01)	Loss TOTAL 5.4198e-01 (5.4065e-01)
Epoch: [1][480/496]	L_Src_Sup 0.0000e+00 (8.4827e-03)	L_Trg_Inj 0.0000e+00 (0.0000e+00)	Loss Disc 0.0000e+00 (0.0000e+00)	Loss Pred 4.9325e-01 (5.3606e-01)	Loss TOTAL 4.9325e-01 (5.4030e-01)
Epoch: [1][490/496]	L_Src_Sup 1.8403e-02 (8.3471e-03)	L_Trg_Inj 0.0000e+00 (0.0000e+00)	Loss Disc 0.0000e+00 (0.0000e+00)	Loss Pred 5.2330e-01 (5.3584e-01)	Loss TOTAL 5.3250e-01 (5.4002e-01)
Epoch: [1][496/496]	L_Src_Sup 0.0000e+00 (8.4659e-03)	L_Trg_Inj 0.0000e+00 (0.0000e+00)	Loss Disc 0.0000e+00 (0.0000e+00)	Loss Pred 5.1662e-01 (5.3560e-01)	Loss TOTAL 5.1662e-01 (5.3984e-01)
Epoch 1 complete. Saving model state...
Epoch: [2][ 10/496]	L_Src_Sup 0.0000e+00 (7.4815e-03)	L_Trg_Inj 0.0000e+00 (0.0000e+00)	Loss Disc 0.0000e+00 (0.0000e+00)	Loss Pred 4.9874e-01 (5.2329e-01)	Loss TOTAL 4.9874e-01 (5.2703e-01)
Epoch: [2][ 20/496]	L_Src_Sup 3.7965e-02 (7.3576e-03)	L_Trg_Inj 0.0000e+00 (0.0000e+00)	Loss Disc 0.0000e+00 (0.0000e+00)	Loss Pred 5.2919e-01 (5.2225e-01)	Loss TOTAL 5.4817e-01 (5.2593e-01)
Epoch: [2][ 30/496]	L_Src_Sup 3.8050e-02 (8.6511e-03)	L_Trg_Inj 0.0000e+00 (0.0000e+00)	Loss Disc 0.0000e+00 (0.0000e+00)	Loss Pred 5.2969e-01 (5.1890e-01)	Loss TOTAL 5.4871e-01 (5.2322e-01)
Epoch: [2][ 40/496]	L_Src_Sup 0.0000e+00 (8.2707e-03)	L_Trg_Inj 0.0000e+00 (0.0000e+00)	Loss Disc 0.0000e+00 (0.0000e+00)	Loss Pred 5.1773e-01 (5.1678e-01)	Loss TOTAL 5.1773e-01 (5.2091e-01)
Epoch: [2][ 50/496]	L_Src_Sup 0.0000e+00 (8.1008e-03)	L_Trg_Inj 0.0000e+00 (0.0000e+00)	Loss Disc 0.0000e+00 (0.0000e+00)	Loss Pred 5.3557e-01 (5.1622e-01)	Loss TOTAL 5.3557e-01 (5.2027e-01)
Epoch: [2][ 60/496]	L_Src_Sup 0.0000e+00 (8.9291e-03)	L_Trg_Inj 0.0000e+00 (0.0000e+00)	Loss Disc 0.0000e+00 (0.0000e+00)	Loss Pred 4.9223e-01 (5.1576e-01)	Loss TOTAL 4.9223e-01 (5.2023e-01)
Epoch: [2][ 70/496]	L_Src_Sup 0.0000e+00 (9.5351e-03)	L_Trg_Inj 0.0000e+00 (0.0000e+00)	Loss Disc 0.0000e+00 (0.0000e+00)	Loss Pred 5.4153e-01 (5.1633e-01)	Loss TOTAL 5.4153e-01 (5.2110e-01)
Epoch: [2][ 80/496]	L_Src_Sup 0.0000e+00 (9.6176e-03)	L_Trg_Inj 0.0000e+00 (0.0000e+00)	Loss Disc 0.0000e+00 (0.0000e+00)	Loss Pred 5.4767e-01 (5.1731e-01)	Loss TOTAL 5.4767e-01 (5.2212e-01)
Epoch: [2][ 90/496]	L_Src_Sup 0.0000e+00 (8.6683e-03)	L_Trg_Inj 0.0000e+00 (0.0000e+00)	Loss Disc 0.0000e+00 (0.0000e+00)	Loss Pred 5.1086e-01 (5.1582e-01)	Loss TOTAL 5.1086e-01 (5.2016e-01)
Epoch: [2][100/496]	L_Src_Sup 0.0000e+00 (8.2174e-03)	L_Trg_Inj 0.0000e+00 (0.0000e+00)	Loss Disc 0.0000e+00 (0.0000e+00)	Loss Pred 5.3547e-01 (5.1725e-01)	Loss TOTAL 5.3547e-01 (5.2136e-01)
Epoch: [2][110/496]	L_Src_Sup 0.0000e+00 (8.3805e-03)	L_Trg_Inj 0.0000e+00 (0.0000e+00)	Loss Disc 0.0000e+00 (0.0000e+00)	Loss Pred 4.7905e-01 (5.1804e-01)	Loss TOTAL 4.7905e-01 (5.2223e-01)
Epoch: [2][120/496]	L_Src_Sup 0.0000e+00 (8.4604e-03)	L_Trg_Inj 0.0000e+00 (0.0000e+00)	Loss Disc 0.0000e+00 (0.0000e+00)	Loss Pred 5.4170e-01 (5.1780e-01)	Loss TOTAL 5.4170e-01 (5.2203e-01)
Epoch: [2][130/496]	L_Src_Sup 0.0000e+00 (8.1083e-03)	L_Trg_Inj 0.0000e+00 (0.0000e+00)	Loss Disc 0.0000e+00 (0.0000e+00)	Loss Pred 5.0426e-01 (5.1887e-01)	Loss TOTAL 5.0426e-01 (5.2292e-01)
Epoch: [2][140/496]	L_Src_Sup 0.0000e+00 (7.6863e-03)	L_Trg_Inj 0.0000e+00 (0.0000e+00)	Loss Disc 0.0000e+00 (0.0000e+00)	Loss Pred 5.0380e-01 (5.1868e-01)	Loss TOTAL 5.0380e-01 (5.2253e-01)
Epoch: [2][150/496]	L_Src_Sup 1.8903e-02 (7.7639e-03)	L_Trg_Inj 0.0000e+00 (0.0000e+00)	Loss Disc 0.0000e+00 (0.0000e+00)	Loss Pred 5.2894e-01 (5.1862e-01)	Loss TOTAL 5.3839e-01 (5.2251e-01)
Epoch: [2][160/496]	L_Src_Sup 0.0000e+00 (7.9929e-03)	L_Trg_Inj 0.0000e+00 (0.0000e+00)	Loss Disc 0.0000e+00 (0.0000e+00)	Loss Pred 5.2274e-01 (5.1879e-01)	Loss TOTAL 5.2274e-01 (5.2279e-01)
Epoch: [2][170/496]	L_Src_Sup 0.0000e+00 (7.9143e-03)	L_Trg_Inj 0.0000e+00 (0.0000e+00)	Loss Disc 0.0000e+00 (0.0000e+00)	Loss Pred 5.0361e-01 (5.1977e-01)	Loss TOTAL 5.0361e-01 (5.2373e-01)
Epoch: [2][180/496]	L_Src_Sup 0.0000e+00 (7.8908e-03)	L_Trg_Inj 0.0000e+00 (0.0000e+00)	Loss Disc 0.0000e+00 (0.0000e+00)	Loss Pred 5.1640e-01 (5.2064e-01)	Loss TOTAL 5.1640e-01 (5.2458e-01)
Epoch: [2][190/496]	L_Src_Sup 0.0000e+00 (7.6682e-03)	L_Trg_Inj 0.0000e+00 (0.0000e+00)	Loss Disc 0.0000e+00 (0.0000e+00)	Loss Pred 5.0982e-01 (5.2073e-01)	Loss TOTAL 5.0982e-01 (5.2456e-01)
Epoch: [2][200/496]	L_Src_Sup 0.0000e+00 (7.4665e-03)	L_Trg_Inj 0.0000e+00 (0.0000e+00)	Loss Disc 0.0000e+00 (0.0000e+00)	Loss Pred 5.7274e-01 (5.2119e-01)	Loss TOTAL 5.7274e-01 (5.2492e-01)
Epoch: [2][210/496]	L_Src_Sup 0.0000e+00 (7.3728e-03)	L_Trg_Inj 0.0000e+00 (0.0000e+00)	Loss Disc 0.0000e+00 (0.0000e+00)	Loss Pred 5.0356e-01 (5.2119e-01)	Loss TOTAL 5.0356e-01 (5.2488e-01)
Epoch: [2][220/496]	L_Src_Sup 2.0202e-02 (7.3012e-03)	L_Trg_Inj 0.0000e+00 (0.0000e+00)	Loss Disc 0.0000e+00 (0.0000e+00)	Loss Pred 5.6641e-01 (5.2176e-01)	Loss TOTAL 5.7651e-01 (5.2541e-01)
Epoch: [2][230/496]	L_Src_Sup 0.0000e+00 (6.9837e-03)	L_Trg_Inj 0.0000e+00 (0.0000e+00)	Loss Disc 0.0000e+00 (0.0000e+00)	Loss Pred 5.3492e-01 (5.2203e-01)	Loss TOTAL 5.3492e-01 (5.2552e-01)
Epoch: [2][240/496]	L_Src_Sup 0.0000e+00 (6.7699e-03)	L_Trg_Inj 0.0000e+00 (0.0000e+00)	Loss Disc 0.0000e+00 (0.0000e+00)	Loss Pred 4.9722e-01 (5.2213e-01)	Loss TOTAL 4.9722e-01 (5.2552e-01)
Epoch: [2][250/496]	L_Src_Sup 0.0000e+00 (6.6360e-03)	L_Trg_Inj 0.0000e+00 (0.0000e+00)	Loss Disc 0.0000e+00 (0.0000e+00)	Loss Pred 5.2854e-01 (5.2240e-01)	Loss TOTAL 5.2854e-01 (5.2572e-01)
Epoch: [2][260/496]	L_Src_Sup 0.0000e+00 (6.5077e-03)	L_Trg_Inj 0.0000e+00 (0.0000e+00)	Loss Disc 0.0000e+00 (0.0000e+00)	Loss Pred 5.0978e-01 (5.2248e-01)	Loss TOTAL 5.0978e-01 (5.2573e-01)
Epoch: [2][270/496]	L_Src_Sup 0.0000e+00 (6.5306e-03)	L_Trg_Inj 0.0000e+00 (0.0000e+00)	Loss Disc 0.0000e+00 (0.0000e+00)	Loss Pred 5.0339e-01 (5.2253e-01)	Loss TOTAL 5.0339e-01 (5.2580e-01)
Epoch: [2][280/496]	L_Src_Sup 0.0000e+00 (6.3206e-03)	L_Trg_Inj 0.0000e+00 (0.0000e+00)	Loss Disc 0.0000e+00 (0.0000e+00)	Loss Pred 5.2869e-01 (5.2273e-01)	Loss TOTAL 5.2869e-01 (5.2589e-01)
Epoch: [2][290/496]	L_Src_Sup 0.0000e+00 (6.2986e-03)	L_Trg_Inj 0.0000e+00 (0.0000e+00)	Loss Disc 0.0000e+00 (0.0000e+00)	Loss Pred 5.0367e-01 (5.2282e-01)	Loss TOTAL 5.0367e-01 (5.2597e-01)
Epoch: [2][300/496]	L_Src_Sup 0.0000e+00 (6.2740e-03)	L_Trg_Inj 0.0000e+00 (0.0000e+00)	Loss Disc 0.0000e+00 (0.0000e+00)	Loss Pred 5.0992e-01 (5.2289e-01)	Loss TOTAL 5.0992e-01 (5.2603e-01)
Epoch: [2][310/496]	L_Src_Sup 0.0000e+00 (6.0716e-03)	L_Trg_Inj 0.0000e+00 (0.0000e+00)	Loss Disc 0.0000e+00 (0.0000e+00)	Loss Pred 5.1608e-01 (5.2366e-01)	Loss TOTAL 5.1608e-01 (5.2670e-01)
Epoch: [2][320/496]	L_Src_Sup 0.0000e+00 (5.9447e-03)	L_Trg_Inj 0.0000e+00 (0.0000e+00)	Loss Disc 0.0000e+00 (0.0000e+00)	Loss Pred 4.9718e-01 (5.2397e-01)	Loss TOTAL 4.9718e-01 (5.2695e-01)
Epoch: [2][330/496]	L_Src_Sup 0.0000e+00 (5.8770e-03)	L_Trg_Inj 0.0000e+00 (0.0000e+00)	Loss Disc 0.0000e+00 (0.0000e+00)	Loss Pred 5.2852e-01 (5.2423e-01)	Loss TOTAL 5.2852e-01 (5.2717e-01)
Epoch: [2][340/496]	L_Src_Sup 1.9414e-02 (5.8696e-03)	L_Trg_Inj 0.0000e+00 (0.0000e+00)	Loss Disc 0.0000e+00 (0.0000e+00)	Loss Pred 5.4168e-01 (5.2443e-01)	Loss TOTAL 5.5139e-01 (5.2736e-01)
Epoch: [2][350/496]	L_Src_Sup 0.0000e+00 (6.4143e-03)	L_Trg_Inj 0.0000e+00 (0.0000e+00)	Loss Disc 0.0000e+00 (0.0000e+00)	Loss Pred 5.7309e-01 (5.2487e-01)	Loss TOTAL 5.7309e-01 (5.2807e-01)
Epoch: [2][360/496]	L_Src_Sup 0.0000e+00 (6.6604e-03)	L_Trg_Inj 0.0000e+00 (0.0000e+00)	Loss Disc 0.0000e+00 (0.0000e+00)	Loss Pred 4.9775e-01 (5.2498e-01)	Loss TOTAL 4.9775e-01 (5.2831e-01)
Epoch: [2][370/496]	L_Src_Sup 3.8697e-02 (6.7996e-03)	L_Trg_Inj 0.0000e+00 (0.0000e+00)	Loss Disc 0.0000e+00 (0.0000e+00)	Loss Pred 5.6154e-01 (5.2526e-01)	Loss TOTAL 5.8089e-01 (5.2866e-01)
Epoch: [2][380/496]	L_Src_Sup 1.9028e-02 (6.8533e-03)	L_Trg_Inj 0.0000e+00 (0.0000e+00)	Loss Disc 0.0000e+00 (0.0000e+00)	Loss Pred 5.3466e-01 (5.2490e-01)	Loss TOTAL 5.4417e-01 (5.2832e-01)
Epoch: [2][390/496]	L_Src_Sup 0.0000e+00 (6.8608e-03)	L_Trg_Inj 0.0000e+00 (0.0000e+00)	Loss Disc 0.0000e+00 (0.0000e+00)	Loss Pred 5.1586e-01 (5.2482e-01)	Loss TOTAL 5.1586e-01 (5.2825e-01)
Epoch: [2][400/496]	L_Src_Sup 0.0000e+00 (6.7779e-03)	L_Trg_Inj 0.0000e+00 (0.0000e+00)	Loss Disc 0.0000e+00 (0.0000e+00)	Loss Pred 4.9052e-01 (5.2413e-01)	Loss TOTAL 4.9052e-01 (5.2752e-01)
Epoch: [2][410/496]	L_Src_Sup 1.8868e-02 (6.7511e-03)	L_Trg_Inj 0.0000e+00 (0.0000e+00)	Loss Disc 0.0000e+00 (0.0000e+00)	Loss Pred 5.2206e-01 (5.2424e-01)	Loss TOTAL 5.3149e-01 (5.2762e-01)
Epoch: [2][420/496]	L_Src_Sup 1.8018e-02 (6.6332e-03)	L_Trg_Inj 0.0000e+00 (0.0000e+00)	Loss Disc 0.0000e+00 (0.0000e+00)	Loss Pred 4.9137e-01 (5.2407e-01)	Loss TOTAL 5.0038e-01 (5.2739e-01)
Epoch: [2][430/496]	L_Src_Sup 0.0000e+00 (6.5233e-03)	L_Trg_Inj 0.0000e+00 (0.0000e+00)	Loss Disc 0.0000e+00 (0.0000e+00)	Loss Pred 5.3493e-01 (5.2405e-01)	Loss TOTAL 5.3493e-01 (5.2731e-01)
Epoch: [2][440/496]	L_Src_Sup 0.0000e+00 (6.4606e-03)	L_Trg_Inj 0.0000e+00 (0.0000e+00)	Loss Disc 0.0000e+00 (0.0000e+00)	Loss Pred 5.4092e-01 (5.2418e-01)	Loss TOTAL 5.4092e-01 (5.2741e-01)
Epoch: [2][450/496]	L_Src_Sup 0.0000e+00 (6.4052e-03)	L_Trg_Inj 0.0000e+00 (0.0000e+00)	Loss Disc 0.0000e+00 (0.0000e+00)	Loss Pred 5.1628e-01 (5.2443e-01)	Loss TOTAL 5.1628e-01 (5.2763e-01)
Epoch: [2][460/496]	L_Src_Sup 0.0000e+00 (6.3192e-03)	L_Trg_Inj 0.0000e+00 (0.0000e+00)	Loss Disc 0.0000e+00 (0.0000e+00)	Loss Pred 5.2835e-01 (5.2438e-01)	Loss TOTAL 5.2835e-01 (5.2754e-01)
Epoch: [2][470/496]	L_Src_Sup 1.8692e-02 (6.3037e-03)	L_Trg_Inj 0.0000e+00 (0.0000e+00)	Loss Disc 0.0000e+00 (0.0000e+00)	Loss Pred 5.1583e-01 (5.2452e-01)	Loss TOTAL 5.2518e-01 (5.2767e-01)
Epoch: [2][480/496]	L_Src_Sup 9.9428e-03 (6.2630e-03)	L_Trg_Inj 0.0000e+00 (0.0000e+00)	Loss Disc 0.0000e+00 (0.0000e+00)	Loss Pred 5.4250e-01 (5.2454e-01)	Loss TOTAL 5.4747e-01 (5.2767e-01)
Epoch: [2][490/496]	L_Src_Sup 0.0000e+00 (6.1756e-03)	L_Trg_Inj 0.0000e+00 (0.0000e+00)	Loss Disc 0.0000e+00 (0.0000e+00)	Loss Pred 5.5348e-01 (5.2470e-01)	Loss TOTAL 5.5348e-01 (5.2778e-01)
Epoch: [2][496/496]	L_Src_Sup 0.0000e+00 (6.1008e-03)	L_Trg_Inj 0.0000e+00 (0.0000e+00)	Loss Disc 0.0000e+00 (0.0000e+00)	Loss Pred 4.8447e-01 (5.2467e-01)	Loss TOTAL 4.8447e-01 (5.2772e-01)
Epoch 2 complete. Saving model state...
Epoch: [3][ 10/496]	L_Src_Sup 1.9608e-02 (3.8685e-02)	L_Trg_Inj 0.0000e+00 (0.0000e+00)	Loss Disc 0.0000e+00 (0.0000e+00)	Loss Pred 5.4761e-01 (5.3555e-01)	Loss TOTAL 5.5741e-01 (5.5489e-01)
Epoch: [3][ 20/496]	L_Src_Sup 1.9387e-02 (2.4128e-02)	L_Trg_Inj 0.0000e+00 (0.0000e+00)	Loss Disc 0.0000e+00 (0.0000e+00)	Loss Pred 5.6773e-01 (5.2677e-01)	Loss TOTAL 5.7743e-01 (5.3883e-01)
Epoch: [3][ 30/496]	L_Src_Sup 0.0000e+00 (1.8579e-02)	L_Trg_Inj 0.0000e+00 (0.0000e+00)	Loss Disc 0.0000e+00 (0.0000e+00)	Loss Pred 5.4854e-01 (5.3025e-01)	Loss TOTAL 5.4854e-01 (5.3954e-01)
Epoch: [3][ 40/496]	L_Src_Sup 3.7252e-02 (1.7444e-02)	L_Trg_Inj 0.0000e+00 (0.0000e+00)	Loss Disc 0.0000e+00 (0.0000e+00)	Loss Pred 5.2861e-01 (5.2967e-01)	Loss TOTAL 5.4723e-01 (5.3839e-01)
Epoch: [3][ 50/496]	L_Src_Sup 0.0000e+00 (1.4726e-02)	L_Trg_Inj 0.0000e+00 (0.0000e+00)	Loss Disc 0.0000e+00 (0.0000e+00)	Loss Pred 5.0957e-01 (5.2787e-01)	Loss TOTAL 5.0957e-01 (5.3523e-01)
Epoch: [3][ 60/496]	L_Src_Sup 0.0000e+00 (1.3723e-02)	L_Trg_Inj 0.0000e+00 (0.0000e+00)	Loss Disc 0.0000e+00 (0.0000e+00)	Loss Pred 5.4723e-01 (5.2985e-01)	Loss TOTAL 5.4723e-01 (5.3671e-01)
Epoch: [3][ 70/496]	L_Src_Sup 0.0000e+00 (1.2296e-02)	L_Trg_Inj 0.0000e+00 (0.0000e+00)	Loss Disc 0.0000e+00 (0.0000e+00)	Loss Pred 5.2848e-01 (5.3032e-01)	Loss TOTAL 5.2848e-01 (5.3647e-01)
Epoch: [3][ 80/496]	L_Src_Sup 0.0000e+00 (1.1377e-02)	L_Trg_Inj 0.0000e+00 (0.0000e+00)	Loss Disc 0.0000e+00 (0.0000e+00)	Loss Pred 5.0997e-01 (5.2932e-01)	Loss TOTAL 5.0997e-01 (5.3501e-01)
Epoch: [3][ 90/496]	L_Src_Sup 0.0000e+00 (1.1098e-02)	L_Trg_Inj 0.0000e+00 (0.0000e+00)	Loss Disc 0.0000e+00 (0.0000e+00)	Loss Pred 5.0358e-01 (5.3097e-01)	Loss TOTAL 5.0358e-01 (5.3652e-01)
Epoch: [3][100/496]	L_Src_Sup 0.0000e+00 (1.0426e-02)	L_Trg_Inj 0.0000e+00 (0.0000e+00)	Loss Disc 0.0000e+00 (0.0000e+00)	Loss Pred 5.3547e-01 (5.2870e-01)	Loss TOTAL 5.3547e-01 (5.3391e-01)
Epoch: [3][110/496]	L_Src_Sup 0.0000e+00 (9.7995e-03)	L_Trg_Inj 0.0000e+00 (0.0000e+00)	Loss Disc 0.0000e+00 (0.0000e+00)	Loss Pred 5.7301e-01 (5.2758e-01)	Loss TOTAL 5.7301e-01 (5.3248e-01)
Epoch: [3][120/496]	L_Src_Sup 0.0000e+00 (9.1331e-03)	L_Trg_Inj 0.0000e+00 (0.0000e+00)	Loss Disc 0.0000e+00 (0.0000e+00)	Loss Pred 5.2836e-01 (5.2790e-01)	Loss TOTAL 5.2836e-01 (5.3247e-01)
Epoch: [3][130/496]	L_Src_Sup 0.0000e+00 (9.0045e-03)	L_Trg_Inj 0.0000e+00 (0.0000e+00)	Loss Disc 0.0000e+00 (0.0000e+00)	Loss Pred 4.9719e-01 (5.2700e-01)	Loss TOTAL 4.9719e-01 (5.3150e-01)
Epoch: [3][140/496]	L_Src_Sup 1.1909e-02 (9.1175e-03)	L_Trg_Inj 0.0000e+00 (0.0000e+00)	Loss Disc 0.0000e+00 (0.0000e+00)	Loss Pred 5.2869e-01 (5.2636e-01)	Loss TOTAL 5.3465e-01 (5.3092e-01)
Epoch: [3][150/496]	L_Src_Sup 1.8868e-02 (8.6354e-03)	L_Trg_Inj 0.0000e+00 (0.0000e+00)	Loss Disc 0.0000e+00 (0.0000e+00)	Loss Pred 5.2216e-01 (5.2718e-01)	Loss TOTAL 5.3159e-01 (5.3149e-01)
Epoch: [3][160/496]	L_Src_Sup 0.0000e+00 (8.2207e-03)	L_Trg_Inj 0.0000e+00 (0.0000e+00)	Loss Disc 0.0000e+00 (0.0000e+00)	Loss Pred 5.5985e-01 (5.2742e-01)	Loss TOTAL 5.5985e-01 (5.3153e-01)
Epoch: [3][170/496]	L_Src_Sup 0.0000e+00 (7.9667e-03)	L_Trg_Inj 0.0000e+00 (0.0000e+00)	Loss Disc 0.0000e+00 (0.0000e+00)	Loss Pred 5.3025e-01 (5.2771e-01)	Loss TOTAL 5.3025e-01 (5.3169e-01)
Epoch: [3][180/496]	L_Src_Sup 0.0000e+00 (7.8445e-03)	L_Trg_Inj 0.0000e+00 (0.0000e+00)	Loss Disc 0.0000e+00 (0.0000e+00)	Loss Pred 5.4118e-01 (5.2797e-01)	Loss TOTAL 5.4118e-01 (5.3189e-01)
Epoch: [3][190/496]	L_Src_Sup 0.0000e+00 (7.6331e-03)	L_Trg_Inj 0.0000e+00 (0.0000e+00)	Loss Disc 0.0000e+00 (0.0000e+00)	Loss Pred 5.0363e-01 (5.2834e-01)	Loss TOTAL 5.0363e-01 (5.3215e-01)
Epoch: [3][200/496]	L_Src_Sup 0.0000e+00 (7.3485e-03)	L_Trg_Inj 0.0000e+00 (0.0000e+00)	Loss Disc 0.0000e+00 (0.0000e+00)	Loss Pred 5.1587e-01 (5.2819e-01)	Loss TOTAL 5.1587e-01 (5.3187e-01)
Epoch: [3][210/496]	L_Src_Sup 0.0000e+00 (7.0885e-03)	L_Trg_Inj 0.0000e+00 (0.0000e+00)	Loss Disc 0.0000e+00 (0.0000e+00)	Loss Pred 5.1599e-01 (5.2792e-01)	Loss TOTAL 5.1599e-01 (5.3146e-01)
Epoch: [3][220/496]	L_Src_Sup 0.0000e+00 (6.7663e-03)	L_Trg_Inj 0.0000e+00 (0.0000e+00)	Loss Disc 0.0000e+00 (0.0000e+00)	Loss Pred 5.4745e-01 (5.2769e-01)	Loss TOTAL 5.4745e-01 (5.3107e-01)
Epoch: [3][230/496]	L_Src_Sup 0.0000e+00 (6.7239e-03)	L_Trg_Inj 0.0000e+00 (0.0000e+00)	Loss Disc 0.0000e+00 (0.0000e+00)	Loss Pred 4.5969e-01 (5.2778e-01)	Loss TOTAL 4.5969e-01 (5.3114e-01)
Epoch: [3][240/496]	L_Src_Sup 0.0000e+00 (6.5194e-03)	L_Trg_Inj 0.0000e+00 (0.0000e+00)	Loss Disc 0.0000e+00 (0.0000e+00)	Loss Pred 5.2864e-01 (5.2773e-01)	Loss TOTAL 5.2864e-01 (5.3099e-01)
Epoch: [3][250/496]	L_Src_Sup 0.0000e+00 (6.3363e-03)	L_Trg_Inj 0.0000e+00 (0.0000e+00)	Loss Disc 0.0000e+00 (0.0000e+00)	Loss Pred 5.0372e-01 (5.2689e-01)	Loss TOTAL 5.0372e-01 (5.3006e-01)
Epoch: [3][260/496]	L_Src_Sup 0.0000e+00 (6.3133e-03)	L_Trg_Inj 0.0000e+00 (0.0000e+00)	Loss Disc 0.0000e+00 (0.0000e+00)	Loss Pred 5.3466e-01 (5.2702e-01)	Loss TOTAL 5.3466e-01 (5.3018e-01)
Epoch: [3][270/496]	L_Src_Sup 0.0000e+00 (6.2576e-03)	L_Trg_Inj 0.0000e+00 (0.0000e+00)	Loss Disc 0.0000e+00 (0.0000e+00)	Loss Pred 5.6017e-01 (5.2663e-01)	Loss TOTAL 5.6017e-01 (5.2976e-01)
Epoch: [3][280/496]	L_Src_Sup 0.0000e+00 (6.0341e-03)	L_Trg_Inj 0.0000e+00 (0.0000e+00)	Loss Disc 0.0000e+00 (0.0000e+00)	Loss Pred 5.0319e-01 (5.2609e-01)	Loss TOTAL 5.0319e-01 (5.2911e-01)
Epoch: [3][290/496]	L_Src_Sup 0.0000e+00 (5.8260e-03)	L_Trg_Inj 0.0000e+00 (0.0000e+00)	Loss Disc 0.0000e+00 (0.0000e+00)	Loss Pred 5.2206e-01 (5.2577e-01)	Loss TOTAL 5.2206e-01 (5.2868e-01)
Epoch: [3][300/496]	L_Src_Sup 0.0000e+00 (5.8841e-03)	L_Trg_Inj 0.0000e+00 (0.0000e+00)	Loss Disc 0.0000e+00 (0.0000e+00)	Loss Pred 5.5986e-01 (5.2623e-01)	Loss TOTAL 5.5986e-01 (5.2917e-01)
Epoch: [3][310/496]	L_Src_Sup 0.0000e+00 (5.6943e-03)	L_Trg_Inj 0.0000e+00 (0.0000e+00)	Loss Disc 0.0000e+00 (0.0000e+00)	Loss Pred 5.5347e-01 (5.2612e-01)	Loss TOTAL 5.5347e-01 (5.2897e-01)
Epoch: [3][320/496]	L_Src_Sup 1.8181e-02 (5.8725e-03)	L_Trg_Inj 0.0000e+00 (0.0000e+00)	Loss Disc 0.0000e+00 (0.0000e+00)	Loss Pred 4.9691e-01 (5.2598e-01)	Loss TOTAL 5.0600e-01 (5.2892e-01)
Epoch: [3][330/496]	L_Src_Sup 0.0000e+00 (5.6945e-03)	L_Trg_Inj 0.0000e+00 (0.0000e+00)	Loss Disc 0.0000e+00 (0.0000e+00)	Loss Pred 4.7844e-01 (5.2622e-01)	Loss TOTAL 4.7844e-01 (5.2906e-01)
Epoch: [3][340/496]	L_Src_Sup 0.0000e+00 (5.5871e-03)	L_Trg_Inj 0.0000e+00 (0.0000e+00)	Loss Disc 0.0000e+00 (0.0000e+00)	Loss Pred 5.1026e-01 (5.2635e-01)	Loss TOTAL 5.1026e-01 (5.2914e-01)
Epoch: [3][350/496]	L_Src_Sup 0.0000e+00 (5.4805e-03)	L_Trg_Inj 0.0000e+00 (0.0000e+00)	Loss Disc 0.0000e+00 (0.0000e+00)	Loss Pred 5.2203e-01 (5.2633e-01)	Loss TOTAL 5.2203e-01 (5.2907e-01)
Epoch: [3][360/496]	L_Src_Sup 0.0000e+00 (5.3816e-03)	L_Trg_Inj 0.0000e+00 (0.0000e+00)	Loss Disc 0.0000e+00 (0.0000e+00)	Loss Pred 5.2219e-01 (5.2597e-01)	Loss TOTAL 5.2219e-01 (5.2866e-01)
Epoch: [3][370/496]	L_Src_Sup 0.0000e+00 (5.2907e-03)	L_Trg_Inj 0.0000e+00 (0.0000e+00)	Loss Disc 0.0000e+00 (0.0000e+00)	Loss Pred 4.7173e-01 (5.2572e-01)	Loss TOTAL 4.7173e-01 (5.2836e-01)
Epoch: [3][380/496]	L_Src_Sup 0.0000e+00 (5.2036e-03)	L_Trg_Inj 0.0000e+00 (0.0000e+00)	Loss Disc 0.0000e+00 (0.0000e+00)	Loss Pred 4.9059e-01 (5.2550e-01)	Loss TOTAL 4.9059e-01 (5.2810e-01)
Epoch: [3][390/496]	L_Src_Sup 0.0000e+00 (5.0702e-03)	L_Trg_Inj 0.0000e+00 (0.0000e+00)	Loss Disc 0.0000e+00 (0.0000e+00)	Loss Pred 5.5003e-01 (5.2565e-01)	Loss TOTAL 5.5003e-01 (5.2818e-01)
Epoch: [3][400/496]	L_Src_Sup 0.0000e+00 (6.1656e-03)	L_Trg_Inj 0.0000e+00 (0.0000e+00)	Loss Disc 0.0000e+00 (0.0000e+00)	Loss Pred 5.2886e-01 (5.2571e-01)	Loss TOTAL 5.2886e-01 (5.2880e-01)
Epoch: [3][410/496]	L_Src_Sup 1.8692e-02 (6.1655e-03)	L_Trg_Inj 0.0000e+00 (0.0000e+00)	Loss Disc 0.0000e+00 (0.0000e+00)	Loss Pred 5.1694e-01 (5.2531e-01)	Loss TOTAL 5.2629e-01 (5.2840e-01)
Epoch: [3][420/496]	L_Src_Sup 2.6144e-03 (6.2017e-03)	L_Trg_Inj 0.0000e+00 (0.0000e+00)	Loss Disc 0.0000e+00 (0.0000e+00)	Loss Pred 5.1596e-01 (5.2537e-01)	Loss TOTAL 5.1727e-01 (5.2847e-01)
Epoch: [3][430/496]	L_Src_Sup 0.0000e+00 (6.1364e-03)	L_Trg_Inj 0.0000e+00 (0.0000e+00)	Loss Disc 0.0000e+00 (0.0000e+00)	Loss Pred 5.1594e-01 (5.2515e-01)	Loss TOTAL 5.1594e-01 (5.2821e-01)
Epoch: [3][440/496]	L_Src_Sup 0.0000e+00 (6.0340e-03)	L_Trg_Inj 0.0000e+00 (0.0000e+00)	Loss Disc 0.0000e+00 (0.0000e+00)	Loss Pred 4.9057e-01 (5.2498e-01)	Loss TOTAL 4.9057e-01 (5.2800e-01)
Epoch: [3][450/496]	L_Src_Sup 0.0000e+00 (5.9792e-03)	L_Trg_Inj 0.0000e+00 (0.0000e+00)	Loss Disc 0.0000e+00 (0.0000e+00)	Loss Pred 5.9648e-01 (5.2488e-01)	Loss TOTAL 5.9648e-01 (5.2787e-01)
Epoch: [3][460/496]	L_Src_Sup 0.0000e+00 (6.0116e-03)	L_Trg_Inj 0.0000e+00 (0.0000e+00)	Loss Disc 0.0000e+00 (0.0000e+00)	Loss Pred 5.4717e-01 (5.2510e-01)	Loss TOTAL 5.4717e-01 (5.2811e-01)
Epoch: [3][470/496]	L_Src_Sup 1.8864e-02 (6.0585e-03)	L_Trg_Inj 0.0000e+00 (0.0000e+00)	Loss Disc 0.0000e+00 (0.0000e+00)	Loss Pred 5.2339e-01 (5.2515e-01)	Loss TOTAL 5.3282e-01 (5.2818e-01)
Epoch: [3][480/496]	L_Src_Sup 0.0000e+00 (5.9323e-03)	L_Trg_Inj 0.0000e+00 (0.0000e+00)	Loss Disc 0.0000e+00 (0.0000e+00)	Loss Pred 5.3083e-01 (5.2453e-01)	Loss TOTAL 5.3083e-01 (5.2750e-01)
Epoch: [3][490/496]	L_Src_Sup 0.0000e+00 (5.8112e-03)	L_Trg_Inj 0.0000e+00 (0.0000e+00)	Loss Disc 0.0000e+00 (0.0000e+00)	Loss Pred 5.4767e-01 (5.2426e-01)	Loss TOTAL 5.4767e-01 (5.2716e-01)
Epoch: [3][496/496]	L_Src_Sup 0.0000e+00 (5.7409e-03)	L_Trg_Inj 0.0000e+00 (0.0000e+00)	Loss Disc 0.0000e+00 (0.0000e+00)	Loss Pred 5.0954e-01 (5.2407e-01)	Loss TOTAL 5.0954e-01 (5.2694e-01)
Epoch 3 complete. Saving model state...
Epoch: [4][ 10/496]	L_Src_Sup 0.0000e+00 (1.8459e-03)	L_Trg_Inj 0.0000e+00 (0.0000e+00)	Loss Disc 0.0000e+00 (0.0000e+00)	Loss Pred 5.2867e-01 (5.1127e-01)	Loss TOTAL 5.2867e-01 (5.1219e-01)
Epoch: [4][ 20/496]	L_Src_Sup 0.0000e+00 (8.0901e-02)	L_Trg_Inj 0.0000e+00 (0.0000e+00)	Loss Disc 0.0000e+00 (0.0000e+00)	Loss Pred 4.9053e-01 (5.1449e-01)	Loss TOTAL 4.9053e-01 (5.5494e-01)
Epoch: [4][ 30/496]	L_Src_Sup 7.4163e-03 (5.6559e-02)	L_Trg_Inj 0.0000e+00 (0.0000e+00)	Loss Disc 0.0000e+00 (0.0000e+00)	Loss Pred 5.2845e-01 (5.1657e-01)	Loss TOTAL 5.3216e-01 (5.4485e-01)
Epoch: [4][ 40/496]	L_Src_Sup 0.0000e+00 (4.2661e-02)	L_Trg_Inj 0.0000e+00 (0.0000e+00)	Loss Disc 0.0000e+00 (0.0000e+00)	Loss Pred 5.3629e-01 (5.1863e-01)	Loss TOTAL 5.3629e-01 (5.3996e-01)
Epoch: [4][ 50/496]	L_Src_Sup 0.0000e+00 (3.4129e-02)	L_Trg_Inj 0.0000e+00 (0.0000e+00)	Loss Disc 0.0000e+00 (0.0000e+00)	Loss Pred 5.8105e-01 (5.2129e-01)	Loss TOTAL 5.8105e-01 (5.3836e-01)
Epoch: [4][ 60/496]	L_Src_Sup 0.0000e+00 (2.9705e-02)	L_Trg_Inj 0.0000e+00 (0.0000e+00)	Loss Disc 0.0000e+00 (0.0000e+00)	Loss Pred 5.2226e-01 (5.2130e-01)	Loss TOTAL 5.2226e-01 (5.3615e-01)
Epoch: [4][ 70/496]	L_Src_Sup 0.0000e+00 (2.5719e-02)	L_Trg_Inj 0.0000e+00 (0.0000e+00)	Loss Disc 0.0000e+00 (0.0000e+00)	Loss Pred 5.4712e-01 (5.2232e-01)	Loss TOTAL 5.4712e-01 (5.3518e-01)
Epoch: [4][ 80/496]	L_Src_Sup 9.2316e-03 (2.3103e-02)	L_Trg_Inj 0.0000e+00 (0.0000e+00)	Loss Disc 0.0000e+00 (0.0000e+00)	Loss Pred 5.3501e-01 (5.2339e-01)	Loss TOTAL 5.3962e-01 (5.3494e-01)
Epoch: [4][ 90/496]	L_Src_Sup 0.0000e+00 (2.0536e-02)	L_Trg_Inj 0.0000e+00 (0.0000e+00)	Loss Disc 0.0000e+00 (0.0000e+00)	Loss Pred 5.0336e-01 (5.2395e-01)	Loss TOTAL 5.0336e-01 (5.3422e-01)
Epoch: [4][100/496]	L_Src_Sup 0.0000e+00 (1.8593e-02)	L_Trg_Inj 0.0000e+00 (0.0000e+00)	Loss Disc 0.0000e+00 (0.0000e+00)	Loss Pred 5.0376e-01 (5.2249e-01)	Loss TOTAL 5.0376e-01 (5.3179e-01)
Epoch: [4][110/496]	L_Src_Sup 0.0000e+00 (1.6903e-02)	L_Trg_Inj 0.0000e+00 (0.0000e+00)	Loss Disc 0.0000e+00 (0.0000e+00)	Loss Pred 5.6132e-01 (5.2156e-01)	Loss TOTAL 5.6132e-01 (5.3001e-01)
Epoch: [4][120/496]	L_Src_Sup 1.7544e-02 (1.5958e-02)	L_Trg_Inj 0.0000e+00 (0.0000e+00)	Loss Disc 0.0000e+00 (0.0000e+00)	Loss Pred 4.7188e-01 (5.2163e-01)	Loss TOTAL 4.8065e-01 (5.2961e-01)
Epoch: [4][130/496]	L_Src_Sup 0.0000e+00 (1.4731e-02)	L_Trg_Inj 0.0000e+00 (0.0000e+00)	Loss Disc 0.0000e+00 (0.0000e+00)	Loss Pred 5.0989e-01 (5.2078e-01)	Loss TOTAL 5.0989e-01 (5.2814e-01)
Epoch: [4][140/496]	L_Src_Sup 0.0000e+00 (1.3925e-02)	L_Trg_Inj 0.0000e+00 (0.0000e+00)	Loss Disc 0.0000e+00 (0.0000e+00)	Loss Pred 5.4740e-01 (5.2086e-01)	Loss TOTAL 5.4740e-01 (5.2783e-01)
Epoch: [4][150/496]	L_Src_Sup 0.0000e+00 (1.3259e-02)	L_Trg_Inj 0.0000e+00 (0.0000e+00)	Loss Disc 0.0000e+00 (0.0000e+00)	Loss Pred 4.9987e-01 (5.2231e-01)	Loss TOTAL 4.9987e-01 (5.2894e-01)
Epoch: [4][160/496]	L_Src_Sup 0.0000e+00 (1.2774e-02)	L_Trg_Inj 0.0000e+00 (0.0000e+00)	Loss Disc 0.0000e+00 (0.0000e+00)	Loss Pred 5.1019e-01 (5.2146e-01)	Loss TOTAL 5.1019e-01 (5.2784e-01)
Epoch: [4][170/496]	L_Src_Sup 0.0000e+00 (1.2135e-02)	L_Trg_Inj 0.0000e+00 (0.0000e+00)	Loss Disc 0.0000e+00 (0.0000e+00)	Loss Pred 5.1575e-01 (5.2130e-01)	Loss TOTAL 5.1575e-01 (5.2737e-01)
Epoch: [4][180/496]	L_Src_Sup 1.7658e-02 (1.1763e-02)	L_Trg_Inj 0.0000e+00 (0.0000e+00)	Loss Disc 0.0000e+00 (0.0000e+00)	Loss Pred 5.0338e-01 (5.2095e-01)	Loss TOTAL 5.1221e-01 (5.2683e-01)
Epoch: [4][190/496]	L_Src_Sup 0.0000e+00 (1.1250e-02)	L_Trg_Inj 0.0000e+00 (0.0000e+00)	Loss Disc 0.0000e+00 (0.0000e+00)	Loss Pred 4.9067e-01 (5.2219e-01)	Loss TOTAL 4.9067e-01 (5.2782e-01)
Epoch: [4][200/496]	L_Src_Sup 0.0000e+00 (1.0688e-02)	L_Trg_Inj 0.0000e+00 (0.0000e+00)	Loss Disc 0.0000e+00 (0.0000e+00)	Loss Pred 4.9071e-01 (5.2169e-01)	Loss TOTAL 4.9071e-01 (5.2704e-01)
Epoch: [4][210/496]	L_Src_Sup 0.0000e+00 (1.0353e-02)	L_Trg_Inj 0.0000e+00 (0.0000e+00)	Loss Disc 0.0000e+00 (0.0000e+00)	Loss Pred 5.2221e-01 (5.2166e-01)	Loss TOTAL 5.2221e-01 (5.2684e-01)
Epoch: [4][220/496]	L_Src_Sup 0.0000e+00 (9.8828e-03)	L_Trg_Inj 0.0000e+00 (0.0000e+00)	Loss Disc 0.0000e+00 (0.0000e+00)	Loss Pred 5.0942e-01 (5.2163e-01)	Loss TOTAL 5.0942e-01 (5.2657e-01)
Epoch: [4][230/496]	L_Src_Sup 0.0000e+00 (9.4531e-03)	L_Trg_Inj 0.0000e+00 (0.0000e+00)	Loss Disc 0.0000e+00 (0.0000e+00)	Loss Pred 5.4720e-01 (5.2285e-01)	Loss TOTAL 5.4720e-01 (5.2758e-01)
Epoch: [4][240/496]	L_Src_Sup 0.0000e+00 (9.1376e-03)	L_Trg_Inj 0.0000e+00 (0.0000e+00)	Loss Disc 0.0000e+00 (0.0000e+00)	Loss Pred 4.9046e-01 (5.2229e-01)	Loss TOTAL 4.9046e-01 (5.2686e-01)
Epoch: [4][250/496]	L_Src_Sup 1.9048e-02 (8.9267e-03)	L_Trg_Inj 0.0000e+00 (0.0000e+00)	Loss Disc 0.0000e+00 (0.0000e+00)	Loss Pred 5.2863e-01 (5.2174e-01)	Loss TOTAL 5.3816e-01 (5.2621e-01)
Epoch: [4][260/496]	L_Src_Sup 0.0000e+00 (8.5834e-03)	L_Trg_Inj 0.0000e+00 (0.0000e+00)	Loss Disc 0.0000e+00 (0.0000e+00)	Loss Pred 5.2871e-01 (5.2176e-01)	Loss TOTAL 5.2871e-01 (5.2606e-01)
Epoch: [4][270/496]	L_Src_Sup 0.0000e+00 (8.2655e-03)	L_Trg_Inj 0.0000e+00 (0.0000e+00)	Loss Disc 0.0000e+00 (0.0000e+00)	Loss Pred 5.4096e-01 (5.2203e-01)	Loss TOTAL 5.4096e-01 (5.2617e-01)
Epoch: [4][280/496]	L_Src_Sup 1.7544e-02 (8.1584e-03)	L_Trg_Inj 0.0000e+00 (0.0000e+00)	Loss Disc 0.0000e+00 (0.0000e+00)	Loss Pred 4.7178e-01 (5.2167e-01)	Loss TOTAL 4.8055e-01 (5.2575e-01)
Epoch: [4][290/496]	L_Src_Sup 0.0000e+00 (7.8771e-03)	L_Trg_Inj 0.0000e+00 (0.0000e+00)	Loss Disc 0.0000e+00 (0.0000e+00)	Loss Pred 5.4710e-01 (5.2200e-01)	Loss TOTAL 5.4710e-01 (5.2594e-01)
Epoch: [4][300/496]	L_Src_Sup 0.0000e+00 (7.6145e-03)	L_Trg_Inj 0.0000e+00 (0.0000e+00)	Loss Disc 0.0000e+00 (0.0000e+00)	Loss Pred 5.8739e-01 (5.2220e-01)	Loss TOTAL 5.8739e-01 (5.2600e-01)
Epoch: [4][310/496]	L_Src_Sup 0.0000e+00 (7.4664e-03)	L_Trg_Inj 0.0000e+00 (0.0000e+00)	Loss Disc 0.0000e+00 (0.0000e+00)	Loss Pred 5.1596e-01 (5.2188e-01)	Loss TOTAL 5.1596e-01 (5.2562e-01)
Epoch: [4][320/496]	L_Src_Sup 0.0000e+00 (7.3556e-03)	L_Trg_Inj 0.0000e+00 (0.0000e+00)	Loss Disc 0.0000e+00 (0.0000e+00)	Loss Pred 4.7821e-01 (5.2242e-01)	Loss TOTAL 4.7821e-01 (5.2610e-01)
Epoch: [4][330/496]	L_Src_Sup 0.0000e+00 (7.2429e-03)	L_Trg_Inj 0.0000e+00 (0.0000e+00)	Loss Disc 0.0000e+00 (0.0000e+00)	Loss Pred 4.8434e-01 (5.2211e-01)	Loss TOTAL 4.8434e-01 (5.2573e-01)
Epoch: [4][340/496]	L_Src_Sup 0.0000e+00 (7.0299e-03)	L_Trg_Inj 0.0000e+00 (0.0000e+00)	Loss Disc 0.0000e+00 (0.0000e+00)	Loss Pred 5.1561e-01 (5.2243e-01)	Loss TOTAL 5.1561e-01 (5.2594e-01)
Epoch: [4][350/496]	L_Src_Sup 0.0000e+00 (6.8814e-03)	L_Trg_Inj 0.0000e+00 (0.0000e+00)	Loss Disc 0.0000e+00 (0.0000e+00)	Loss Pred 4.8444e-01 (5.2242e-01)	Loss TOTAL 4.8444e-01 (5.2587e-01)
Epoch: [4][360/496]	L_Src_Sup 0.0000e+00 (6.7386e-03)	L_Trg_Inj 0.0000e+00 (0.0000e+00)	Loss Disc 0.0000e+00 (0.0000e+00)	Loss Pred 5.3481e-01 (5.2237e-01)	Loss TOTAL 5.3481e-01 (5.2574e-01)
Epoch: [4][370/496]	L_Src_Sup 1.8018e-02 (7.1387e-03)	L_Trg_Inj 0.0000e+00 (0.0000e+00)	Loss Disc 0.0000e+00 (0.0000e+00)	Loss Pred 4.9071e-01 (5.2242e-01)	Loss TOTAL 4.9972e-01 (5.2599e-01)
Epoch: [4][380/496]	L_Src_Sup 8.0911e-04 (7.0500e-03)	L_Trg_Inj 0.0000e+00 (0.0000e+00)	Loss Disc 0.0000e+00 (0.0000e+00)	Loss Pred 5.0940e-01 (5.2243e-01)	Loss TOTAL 5.0980e-01 (5.2595e-01)
Epoch: [4][390/496]	L_Src_Sup 0.0000e+00 (7.0145e-03)	L_Trg_Inj 0.0000e+00 (0.0000e+00)	Loss Disc 0.0000e+00 (0.0000e+00)	Loss Pred 5.2259e-01 (5.2268e-01)	Loss TOTAL 5.2259e-01 (5.2619e-01)
Epoch: [4][400/496]	L_Src_Sup 0.0000e+00 (6.8391e-03)	L_Trg_Inj 0.0000e+00 (0.0000e+00)	Loss Disc 0.0000e+00 (0.0000e+00)	Loss Pred 5.6026e-01 (5.2297e-01)	Loss TOTAL 5.6026e-01 (5.2639e-01)
Epoch: [4][410/496]	L_Src_Sup 0.0000e+00 (6.7013e-03)	L_Trg_Inj 0.0000e+00 (0.0000e+00)	Loss Disc 0.0000e+00 (0.0000e+00)	Loss Pred 4.5311e-01 (5.2315e-01)	Loss TOTAL 4.5311e-01 (5.2650e-01)
Epoch: [4][420/496]	L_Src_Sup 0.0000e+00 (6.5418e-03)	L_Trg_Inj 0.0000e+00 (0.0000e+00)	Loss Disc 0.0000e+00 (0.0000e+00)	Loss Pred 5.4123e-01 (5.2335e-01)	Loss TOTAL 5.4123e-01 (5.2662e-01)
Epoch: [4][430/496]	L_Src_Sup 0.0000e+00 (6.4315e-03)	L_Trg_Inj 0.0000e+00 (0.0000e+00)	Loss Disc 0.0000e+00 (0.0000e+00)	Loss Pred 5.6003e-01 (5.2325e-01)	Loss TOTAL 5.6003e-01 (5.2646e-01)
Epoch: [4][440/496]	L_Src_Sup 0.0000e+00 (6.2853e-03)	L_Trg_Inj 0.0000e+00 (0.0000e+00)	Loss Disc 0.0000e+00 (0.0000e+00)	Loss Pred 5.3495e-01 (5.2342e-01)	Loss TOTAL 5.3495e-01 (5.2657e-01)
Epoch: [4][450/496]	L_Src_Sup 0.0000e+00 (6.1869e-03)	L_Trg_Inj 0.0000e+00 (0.0000e+00)	Loss Disc 0.0000e+00 (0.0000e+00)	Loss Pred 5.0978e-01 (5.2319e-01)	Loss TOTAL 5.0978e-01 (5.2628e-01)
Epoch: [4][460/496]	L_Src_Sup 0.0000e+00 (6.1322e-03)	L_Trg_Inj 0.0000e+00 (0.0000e+00)	Loss Disc 0.0000e+00 (0.0000e+00)	Loss Pred 5.2192e-01 (5.2341e-01)	Loss TOTAL 5.2192e-01 (5.2648e-01)
Epoch: [4][470/496]	L_Src_Sup 0.0000e+00 (6.0017e-03)	L_Trg_Inj 0.0000e+00 (0.0000e+00)	Loss Disc 0.0000e+00 (0.0000e+00)	Loss Pred 5.4725e-01 (5.2349e-01)	Loss TOTAL 5.4725e-01 (5.2649e-01)
Epoch: [4][480/496]	L_Src_Sup 2.0764e-02 (5.9200e-03)	L_Trg_Inj 0.0000e+00 (0.0000e+00)	Loss Disc 0.0000e+00 (0.0000e+00)	Loss Pred 4.9037e-01 (5.2359e-01)	Loss TOTAL 5.0075e-01 (5.2655e-01)
Epoch: [4][490/496]	L_Src_Sup 0.0000e+00 (5.8218e-03)	L_Trg_Inj 0.0000e+00 (0.0000e+00)	Loss Disc 0.0000e+00 (0.0000e+00)	Loss Pred 4.9116e-01 (5.2359e-01)	Loss TOTAL 4.9116e-01 (5.2650e-01)
Epoch: [4][496/496]	L_Src_Sup 0.0000e+00 (5.7917e-03)	L_Trg_Inj 0.0000e+00 (0.0000e+00)	Loss Disc 0.0000e+00 (0.0000e+00)	Loss Pred 5.2844e-01 (5.2382e-01)	Loss TOTAL 5.2844e-01 (5.2672e-01)
Epoch 4 complete. Saving model state...
Epoch: [5][ 10/496]	L_Src_Sup 0.0000e+00 (0.0000e+00)	L_Trg_Inj 0.0000e+00 (0.0000e+00)	Loss Disc 0.0000e+00 (0.0000e+00)	Loss Pred 5.4107e-01 (5.1710e-01)	Loss TOTAL 5.4107e-01 (5.1710e-01)
Epoch: [5][ 20/496]	L_Src_Sup 0.0000e+00 (9.2593e-04)	L_Trg_Inj 0.0000e+00 (0.0000e+00)	Loss Disc 0.0000e+00 (0.0000e+00)	Loss Pred 4.9697e-01 (5.2382e-01)	Loss TOTAL 4.9697e-01 (5.2428e-01)
Epoch: [5][ 30/496]	L_Src_Sup 0.0000e+00 (6.1728e-04)	L_Trg_Inj 0.0000e+00 (0.0000e+00)	Loss Disc 0.0000e+00 (0.0000e+00)	Loss Pred 5.3592e-01 (5.2349e-01)	Loss TOTAL 5.3592e-01 (5.2380e-01)
Epoch: [5][ 40/496]	L_Src_Sup 0.0000e+00 (1.4564e-03)	L_Trg_Inj 0.0000e+00 (0.0000e+00)	Loss Disc 0.0000e+00 (0.0000e+00)	Loss Pred 5.0936e-01 (5.2346e-01)	Loss TOTAL 5.0936e-01 (5.2419e-01)
Epoch: [5][ 50/496]	L_Src_Sup 0.0000e+00 (1.1651e-03)	L_Trg_Inj 0.0000e+00 (0.0000e+00)	Loss Disc 0.0000e+00 (0.0000e+00)	Loss Pred 5.2870e-01 (5.2296e-01)	Loss TOTAL 5.2870e-01 (5.2355e-01)
Epoch: [5][ 60/496]	L_Src_Sup 0.0000e+00 (9.7092e-04)	L_Trg_Inj 0.0000e+00 (0.0000e+00)	Loss Disc 0.0000e+00 (0.0000e+00)	Loss Pred 5.2194e-01 (5.2332e-01)	Loss TOTAL 5.2194e-01 (5.2381e-01)
Epoch: [5][ 70/496]	L_Src_Sup 0.0000e+00 (1.3945e-03)	L_Trg_Inj 0.0000e+00 (0.0000e+00)	Loss Disc 0.0000e+00 (0.0000e+00)	Loss Pred 5.4086e-01 (5.2390e-01)	Loss TOTAL 5.4086e-01 (5.2459e-01)
Epoch: [5][ 80/496]	L_Src_Sup 0.0000e+00 (1.2202e-03)	L_Trg_Inj 0.0000e+00 (0.0000e+00)	Loss Disc 0.0000e+00 (0.0000e+00)	Loss Pred 5.7317e-01 (5.2414e-01)	Loss TOTAL 5.7317e-01 (5.2475e-01)
Epoch: [5][ 90/496]	L_Src_Sup 0.0000e+00 (1.0846e-03)	L_Trg_Inj 0.0000e+00 (0.0000e+00)	Loss Disc 0.0000e+00 (0.0000e+00)	Loss Pred 5.5375e-01 (5.2324e-01)	Loss TOTAL 5.5375e-01 (5.2378e-01)
Epoch: [5][100/496]	L_Src_Sup 0.0000e+00 (1.1631e-03)	L_Trg_Inj 0.0000e+00 (0.0000e+00)	Loss Disc 0.0000e+00 (0.0000e+00)	Loss Pred 5.2873e-01 (5.2300e-01)	Loss TOTAL 5.2873e-01 (5.2358e-01)
Epoch: [5][110/496]	L_Src_Sup 0.0000e+00 (1.0573e-03)	L_Trg_Inj 0.0000e+00 (0.0000e+00)	Loss Disc 0.0000e+00 (0.0000e+00)	Loss Pred 5.3624e-01 (5.2285e-01)	Loss TOTAL 5.3624e-01 (5.2338e-01)
Epoch: [5][120/496]	L_Src_Sup 0.0000e+00 (1.4254e-03)	L_Trg_Inj 0.0000e+00 (0.0000e+00)	Loss Disc 0.0000e+00 (0.0000e+00)	Loss Pred 5.4107e-01 (5.2246e-01)	Loss TOTAL 5.4107e-01 (5.2317e-01)
Epoch: [5][130/496]	L_Src_Sup 0.0000e+00 (1.3158e-03)	L_Trg_Inj 0.0000e+00 (0.0000e+00)	Loss Disc 0.0000e+00 (0.0000e+00)	Loss Pred 5.0319e-01 (5.2253e-01)	Loss TOTAL 5.0319e-01 (5.2319e-01)
Epoch: [5][140/496]	L_Src_Sup 0.0000e+00 (1.2218e-03)	L_Trg_Inj 0.0000e+00 (0.0000e+00)	Loss Disc 0.0000e+00 (0.0000e+00)	Loss Pred 4.9662e-01 (5.2227e-01)	Loss TOTAL 4.9662e-01 (5.2288e-01)
Epoch: [5][150/496]	L_Src_Sup 0.0000e+00 (1.1403e-03)	L_Trg_Inj 0.0000e+00 (0.0000e+00)	Loss Disc 0.0000e+00 (0.0000e+00)	Loss Pred 5.0960e-01 (5.2162e-01)	Loss TOTAL 5.0960e-01 (5.2220e-01)
Epoch: [5][160/496]	L_Src_Sup 0.0000e+00 (1.1837e-03)	L_Trg_Inj 0.0000e+00 (0.0000e+00)	Loss Disc 0.0000e+00 (0.0000e+00)	Loss Pred 5.2198e-01 (5.2236e-01)	Loss TOTAL 5.2198e-01 (5.2295e-01)
Epoch: [5][170/496]	L_Src_Sup 0.0000e+00 (1.1141e-03)	L_Trg_Inj 0.0000e+00 (0.0000e+00)	Loss Disc 0.0000e+00 (0.0000e+00)	Loss Pred 5.0287e-01 (5.2238e-01)	Loss TOTAL 5.0287e-01 (5.2294e-01)
Epoch: [5][180/496]	L_Src_Sup 0.0000e+00 (1.0522e-03)	L_Trg_Inj 0.0000e+00 (0.0000e+00)	Loss Disc 0.0000e+00 (0.0000e+00)	Loss Pred 4.9121e-01 (5.2178e-01)	Loss TOTAL 4.9121e-01 (5.2230e-01)
Epoch: [5][190/496]	L_Src_Sup 0.0000e+00 (9.9683e-04)	L_Trg_Inj 0.0000e+00 (0.0000e+00)	Loss Disc 0.0000e+00 (0.0000e+00)	Loss Pred 4.9697e-01 (5.2213e-01)	Loss TOTAL 4.9697e-01 (5.2263e-01)
Epoch: [5][200/496]	L_Src_Sup 0.0000e+00 (1.0387e-03)	L_Trg_Inj 0.0000e+00 (0.0000e+00)	Loss Disc 0.0000e+00 (0.0000e+00)	Loss Pred 4.9677e-01 (5.2256e-01)	Loss TOTAL 4.9677e-01 (5.2308e-01)
Epoch: [5][210/496]	L_Src_Sup 0.0000e+00 (9.8927e-04)	L_Trg_Inj 0.0000e+00 (0.0000e+00)	Loss Disc 0.0000e+00 (0.0000e+00)	Loss Pred 4.8401e-01 (5.2304e-01)	Loss TOTAL 4.8401e-01 (5.2354e-01)
Epoch: [5][220/496]	L_Src_Sup 0.0000e+00 (9.4430e-04)	L_Trg_Inj 0.0000e+00 (0.0000e+00)	Loss Disc 0.0000e+00 (0.0000e+00)	Loss Pred 4.9077e-01 (5.2266e-01)	Loss TOTAL 4.9077e-01 (5.2313e-01)
Epoch: [5][230/496]	L_Src_Sup 0.0000e+00 (1.1444e-03)	L_Trg_Inj 0.0000e+00 (0.0000e+00)	Loss Disc 0.0000e+00 (0.0000e+00)	Loss Pred 5.2857e-01 (5.2311e-01)	Loss TOTAL 5.2857e-01 (5.2368e-01)
Epoch: [5][240/496]	L_Src_Sup 0.0000e+00 (1.0967e-03)	L_Trg_Inj 0.0000e+00 (0.0000e+00)	Loss Disc 0.0000e+00 (0.0000e+00)	Loss Pred 5.3450e-01 (5.2351e-01)	Loss TOTAL 5.3450e-01 (5.2406e-01)
Epoch: [5][250/496]	L_Src_Sup 0.0000e+00 (1.1204e-03)	L_Trg_Inj 0.0000e+00 (0.0000e+00)	Loss Disc 0.0000e+00 (0.0000e+00)	Loss Pred 4.9699e-01 (5.2294e-01)	Loss TOTAL 4.9699e-01 (5.2350e-01)
Epoch: [5][260/496]	L_Src_Sup 0.0000e+00 (1.0773e-03)	L_Trg_Inj 0.0000e+00 (0.0000e+00)	Loss Disc 0.0000e+00 (0.0000e+00)	Loss Pred 5.5348e-01 (5.2308e-01)	Loss TOTAL 5.5348e-01 (5.2361e-01)
Epoch: [5][270/496]	L_Src_Sup 0.0000e+00 (1.1136e-03)	L_Trg_Inj 0.0000e+00 (0.0000e+00)	Loss Disc 0.0000e+00 (0.0000e+00)	Loss Pred 5.7224e-01 (5.2363e-01)	Loss TOTAL 5.7224e-01 (5.2418e-01)
Epoch: [5][280/496]	L_Src_Sup 0.0000e+00 (1.3581e-03)	L_Trg_Inj 0.0000e+00 (0.0000e+00)	Loss Disc 0.0000e+00 (0.0000e+00)	Loss Pred 4.9689e-01 (5.2371e-01)	Loss TOTAL 4.9689e-01 (5.2439e-01)
Epoch: [5][290/496]	L_Src_Sup 0.0000e+00 (1.3789e-03)	L_Trg_Inj 0.0000e+00 (0.0000e+00)	Loss Disc 0.0000e+00 (0.0000e+00)	Loss Pred 5.3477e-01 (5.2352e-01)	Loss TOTAL 5.3477e-01 (5.2421e-01)
Epoch: [5][300/496]	L_Src_Sup 0.0000e+00 (1.3925e-03)	L_Trg_Inj 0.0000e+00 (0.0000e+00)	Loss Disc 0.0000e+00 (0.0000e+00)	Loss Pred 5.0954e-01 (5.2303e-01)	Loss TOTAL 5.0954e-01 (5.2372e-01)
Epoch: [5][310/496]	L_Src_Sup 1.8692e-02 (1.4079e-03)	L_Trg_Inj 0.0000e+00 (0.0000e+00)	Loss Disc 0.0000e+00 (0.0000e+00)	Loss Pred 5.2880e-01 (5.2294e-01)	Loss TOTAL 5.3814e-01 (5.2365e-01)
Epoch: [5][320/496]	L_Src_Sup 0.0000e+00 (1.3639e-03)	L_Trg_Inj 0.0000e+00 (0.0000e+00)	Loss Disc 0.0000e+00 (0.0000e+00)	Loss Pred 5.4191e-01 (5.2298e-01)	Loss TOTAL 5.4191e-01 (5.2367e-01)
Epoch: [5][330/496]	L_Src_Sup 0.0000e+00 (1.3226e-03)	L_Trg_Inj 0.0000e+00 (0.0000e+00)	Loss Disc 0.0000e+00 (0.0000e+00)	Loss Pred 5.0961e-01 (5.2282e-01)	Loss TOTAL 5.0961e-01 (5.2348e-01)
Epoch: [5][340/496]	L_Src_Sup 0.0000e+00 (1.3367e-03)	L_Trg_Inj 0.0000e+00 (0.0000e+00)	Loss Disc 0.0000e+00 (0.0000e+00)	Loss Pred 5.2241e-01 (5.2267e-01)	Loss TOTAL 5.2241e-01 (5.2334e-01)
Epoch: [5][350/496]	L_Src_Sup 1.8687e-02 (1.4592e-03)	L_Trg_Inj 0.0000e+00 (0.0000e+00)	Loss Disc 0.0000e+00 (0.0000e+00)	Loss Pred 5.1600e-01 (5.2270e-01)	Loss TOTAL 5.2534e-01 (5.2343e-01)
Epoch: [5][360/496]	L_Src_Sup 1.8868e-02 (1.4711e-03)	L_Trg_Inj 0.0000e+00 (0.0000e+00)	Loss Disc 0.0000e+00 (0.0000e+00)	Loss Pred 5.2215e-01 (5.2259e-01)	Loss TOTAL 5.3159e-01 (5.2332e-01)
Epoch: [5][370/496]	L_Src_Sup 0.0000e+00 (1.4314e-03)	L_Trg_Inj 0.0000e+00 (0.0000e+00)	Loss Disc 0.0000e+00 (0.0000e+00)	Loss Pred 4.9076e-01 (5.2258e-01)	Loss TOTAL 4.9076e-01 (5.2330e-01)
Epoch: [5][380/496]	L_Src_Sup 0.0000e+00 (1.3937e-03)	L_Trg_Inj 0.0000e+00 (0.0000e+00)	Loss Disc 0.0000e+00 (0.0000e+00)	Loss Pred 4.7139e-01 (5.2257e-01)	Loss TOTAL 4.7139e-01 (5.2327e-01)
Epoch: [5][390/496]	L_Src_Sup 7.9592e-03 (1.8614e-03)	L_Trg_Inj 0.0000e+00 (0.0000e+00)	Loss Disc 0.0000e+00 (0.0000e+00)	Loss Pred 5.0927e-01 (5.2271e-01)	Loss TOTAL 5.1325e-01 (5.2364e-01)
Epoch: [5][400/496]	L_Src_Sup 0.0000e+00 (1.9568e-03)	L_Trg_Inj 0.0000e+00 (0.0000e+00)	Loss Disc 0.0000e+00 (0.0000e+00)	Loss Pred 5.3446e-01 (5.2270e-01)	Loss TOTAL 5.3446e-01 (5.2368e-01)
Epoch: [5][410/496]	L_Src_Sup 0.0000e+00 (1.9530e-03)	L_Trg_Inj 0.0000e+00 (0.0000e+00)	Loss Disc 0.0000e+00 (0.0000e+00)	Loss Pred 5.0291e-01 (5.2237e-01)	Loss TOTAL 5.0291e-01 (5.2335e-01)
Epoch: [5][420/496]	L_Src_Sup 1.9417e-02 (1.9528e-03)	L_Trg_Inj 0.0000e+00 (0.0000e+00)	Loss Disc 0.0000e+00 (0.0000e+00)	Loss Pred 5.4098e-01 (5.2254e-01)	Loss TOTAL 5.5069e-01 (5.2352e-01)
Epoch: [5][430/496]	L_Src_Sup 0.0000e+00 (1.9073e-03)	L_Trg_Inj 0.0000e+00 (0.0000e+00)	Loss Disc 0.0000e+00 (0.0000e+00)	Loss Pred 5.2813e-01 (5.2253e-01)	Loss TOTAL 5.2813e-01 (5.2349e-01)
Epoch: [5][440/496]	L_Src_Sup 1.8868e-02 (2.0783e-03)	L_Trg_Inj 0.0000e+00 (0.0000e+00)	Loss Disc 0.0000e+00 (0.0000e+00)	Loss Pred 5.2210e-01 (5.2248e-01)	Loss TOTAL 5.3153e-01 (5.2352e-01)
Epoch: [5][450/496]	L_Src_Sup 1.9802e-02 (2.0761e-03)	L_Trg_Inj 0.0000e+00 (0.0000e+00)	Loss Disc 0.0000e+00 (0.0000e+00)	Loss Pred 5.5341e-01 (5.2265e-01)	Loss TOTAL 5.6331e-01 (5.2369e-01)
Epoch: [5][460/496]	L_Src_Sup 0.0000e+00 (2.0688e-03)	L_Trg_Inj 0.0000e+00 (0.0000e+00)	Loss Disc 0.0000e+00 (0.0000e+00)	Loss Pred 4.8437e-01 (5.2263e-01)	Loss TOTAL 4.8437e-01 (5.2367e-01)
Epoch: [5][470/496]	L_Src_Sup 0.0000e+00 (2.0641e-03)	L_Trg_Inj 0.0000e+00 (0.0000e+00)	Loss Disc 0.0000e+00 (0.0000e+00)	Loss Pred 5.2191e-01 (5.2308e-01)	Loss TOTAL 5.2191e-01 (5.2411e-01)
Epoch: [5][480/496]	L_Src_Sup 0.0000e+00 (2.0603e-03)	L_Trg_Inj 0.0000e+00 (0.0000e+00)	Loss Disc 0.0000e+00 (0.0000e+00)	Loss Pred 5.2833e-01 (5.2327e-01)	Loss TOTAL 5.2833e-01 (5.2430e-01)
Epoch: [5][490/496]	L_Src_Sup 0.0000e+00 (2.0575e-03)	L_Trg_Inj 0.0000e+00 (0.0000e+00)	Loss Disc 0.0000e+00 (0.0000e+00)	Loss Pred 5.4371e-01 (5.2339e-01)	Loss TOTAL 5.4371e-01 (5.2442e-01)
Epoch: [5][496/496]	L_Src_Sup 0.0000e+00 (2.0679e-03)	L_Trg_Inj 0.0000e+00 (0.0000e+00)	Loss Disc 0.0000e+00 (0.0000e+00)	Loss Pred 5.0301e-01 (5.2322e-01)	Loss TOTAL 5.0301e-01 (5.2426e-01)
Epoch 5 complete. Saving model state...
Epoch: [6][ 10/496]	L_Src_Sup 0.0000e+00 (0.0000e+00)	L_Trg_Inj 0.0000e+00 (0.0000e+00)	Loss Disc 0.0000e+00 (0.0000e+00)	Loss Pred 4.9721e-01 (5.0956e-01)	Loss TOTAL 4.9721e-01 (5.0956e-01)
Epoch: [6][ 20/496]	L_Src_Sup 0.0000e+00 (0.0000e+00)	L_Trg_Inj 0.0000e+00 (0.0000e+00)	Loss Disc 0.0000e+00 (0.0000e+00)	Loss Pred 5.0276e-01 (5.1669e-01)	Loss TOTAL 5.0276e-01 (5.1669e-01)
Epoch: [6][ 30/496]	L_Src_Sup 0.0000e+00 (6.4725e-04)	L_Trg_Inj 0.0000e+00 (0.0000e+00)	Loss Disc 0.0000e+00 (0.0000e+00)	Loss Pred 5.4072e-01 (5.2207e-01)	Loss TOTAL 5.4072e-01 (5.2239e-01)
Epoch: [6][ 40/496]	L_Src_Sup 0.0000e+00 (4.8544e-04)	L_Trg_Inj 0.0000e+00 (0.0000e+00)	Loss Disc 0.0000e+00 (0.0000e+00)	Loss Pred 5.2986e-01 (5.2223e-01)	Loss TOTAL 5.2986e-01 (5.2247e-01)
Epoch: [6][ 50/496]	L_Src_Sup 0.0000e+00 (7.9239e-04)	L_Trg_Inj 0.0000e+00 (0.0000e+00)	Loss Disc 0.0000e+00 (0.0000e+00)	Loss Pred 5.5339e-01 (5.2358e-01)	Loss TOTAL 5.5339e-01 (5.2397e-01)
Epoch: [6][ 60/496]	L_Src_Sup 0.0000e+00 (6.6032e-04)	L_Trg_Inj 0.0000e+00 (0.0000e+00)	Loss Disc 0.0000e+00 (0.0000e+00)	Loss Pred 5.4706e-01 (5.2578e-01)	Loss TOTAL 5.4706e-01 (5.2611e-01)
Epoch: [6][ 70/496]	L_Src_Sup 0.0000e+00 (8.2109e-04)	L_Trg_Inj 0.0000e+00 (0.0000e+00)	Loss Disc 0.0000e+00 (0.0000e+00)	Loss Pred 5.1586e-01 (5.2372e-01)	Loss TOTAL 5.1586e-01 (5.2413e-01)
Epoch: [6][ 80/496]	L_Src_Sup 0.0000e+00 (7.1846e-04)	L_Trg_Inj 0.0000e+00 (0.0000e+00)	Loss Disc 0.0000e+00 (0.0000e+00)	Loss Pred 5.1555e-01 (5.2197e-01)	Loss TOTAL 5.1555e-01 (5.2233e-01)
Epoch: [6][ 90/496]	L_Src_Sup 0.0000e+00 (8.3340e-04)	L_Trg_Inj 0.0000e+00 (0.0000e+00)	Loss Disc 0.0000e+00 (0.0000e+00)	Loss Pred 5.4730e-01 (5.2214e-01)	Loss TOTAL 5.4730e-01 (5.2256e-01)
Epoch: [6][100/496]	L_Src_Sup 0.0000e+00 (7.5006e-04)	L_Trg_Inj 0.0000e+00 (0.0000e+00)	Loss Disc 0.0000e+00 (0.0000e+00)	Loss Pred 5.2193e-01 (5.2203e-01)	Loss TOTAL 5.2193e-01 (5.2241e-01)
Epoch: [6][110/496]	L_Src_Sup 0.0000e+00 (1.0030e-03)	L_Trg_Inj 0.0000e+00 (0.0000e+00)	Loss Disc 0.0000e+00 (0.0000e+00)	Loss Pred 5.2858e-01 (5.2095e-01)	Loss TOTAL 5.2858e-01 (5.2146e-01)
Epoch: [6][120/496]	L_Src_Sup 0.0000e+00 (9.1944e-04)	L_Trg_Inj 0.0000e+00 (0.0000e+00)	Loss Disc 0.0000e+00 (0.0000e+00)	Loss Pred 5.1571e-01 (5.2126e-01)	Loss TOTAL 5.1571e-01 (5.2172e-01)
Epoch: [6][130/496]	L_Src_Sup 0.0000e+00 (9.9612e-04)	L_Trg_Inj 0.0000e+00 (0.0000e+00)	Loss Disc 0.0000e+00 (0.0000e+00)	Loss Pred 5.3454e-01 (5.2064e-01)	Loss TOTAL 5.3454e-01 (5.2114e-01)
Epoch: [6][140/496]	L_Src_Sup 0.0000e+00 (9.2497e-04)	L_Trg_Inj 0.0000e+00 (0.0000e+00)	Loss Disc 0.0000e+00 (0.0000e+00)	Loss Pred 5.1550e-01 (5.2127e-01)	Loss TOTAL 5.1550e-01 (5.2173e-01)
Epoch: [6][150/496]	L_Src_Sup 0.0000e+00 (1.0551e-03)	L_Trg_Inj 0.0000e+00 (0.0000e+00)	Loss Disc 0.0000e+00 (0.0000e+00)	Loss Pred 5.1095e-01 (5.2140e-01)	Loss TOTAL 5.1095e-01 (5.2192e-01)
Epoch: [6][160/496]	L_Src_Sup 0.0000e+00 (1.2224e-03)	L_Trg_Inj 0.0000e+00 (0.0000e+00)	Loss Disc 0.0000e+00 (0.0000e+00)	Loss Pred 5.2816e-01 (5.2192e-01)	Loss TOTAL 5.2816e-01 (5.2253e-01)
Epoch: [6][170/496]	L_Src_Sup 0.0000e+00 (1.1505e-03)	L_Trg_Inj 0.0000e+00 (0.0000e+00)	Loss Disc 0.0000e+00 (0.0000e+00)	Loss Pred 5.7261e-01 (5.2211e-01)	Loss TOTAL 5.7261e-01 (5.2269e-01)
Epoch: [6][180/496]	L_Src_Sup 0.0000e+00 (1.0865e-03)	L_Trg_Inj 0.0000e+00 (0.0000e+00)	Loss Disc 0.0000e+00 (0.0000e+00)	Loss Pred 5.0933e-01 (5.2208e-01)	Loss TOTAL 5.0933e-01 (5.2262e-01)
Epoch: [6][190/496]	L_Src_Sup 0.0000e+00 (1.1236e-03)	L_Trg_Inj 0.0000e+00 (0.0000e+00)	Loss Disc 0.0000e+00 (0.0000e+00)	Loss Pred 5.0950e-01 (5.2202e-01)	Loss TOTAL 5.0950e-01 (5.2258e-01)
Epoch: [6][200/496]	L_Src_Sup 0.0000e+00 (1.0675e-03)	L_Trg_Inj 0.0000e+00 (0.0000e+00)	Loss Disc 0.0000e+00 (0.0000e+00)	Loss Pred 4.9028e-01 (5.2171e-01)	Loss TOTAL 4.9028e-01 (5.2224e-01)
Epoch: [6][210/496]	L_Src_Sup 0.0000e+00 (1.0166e-03)	L_Trg_Inj 0.0000e+00 (0.0000e+00)	Loss Disc 0.0000e+00 (0.0000e+00)	Loss Pred 5.0288e-01 (5.2159e-01)	Loss TOTAL 5.0288e-01 (5.2210e-01)
Epoch: [6][220/496]	L_Src_Sup 0.0000e+00 (9.7042e-04)	L_Trg_Inj 0.0000e+00 (0.0000e+00)	Loss Disc 0.0000e+00 (0.0000e+00)	Loss Pred 5.2817e-01 (5.2146e-01)	Loss TOTAL 5.2817e-01 (5.2195e-01)
Epoch: [6][230/496]	L_Src_Sup 1.8519e-02 (1.9660e-03)	L_Trg_Inj 0.0000e+00 (0.0000e+00)	Loss Disc 0.0000e+00 (0.0000e+00)	Loss Pred 5.0937e-01 (5.2107e-01)	Loss TOTAL 5.1863e-01 (5.2205e-01)
Epoch: [6][240/496]	L_Src_Sup 0.0000e+00 (1.8841e-03)	L_Trg_Inj 0.0000e+00 (0.0000e+00)	Loss Disc 0.0000e+00 (0.0000e+00)	Loss Pred 4.8511e-01 (5.2064e-01)	Loss TOTAL 4.8511e-01 (5.2158e-01)
Epoch: [6][250/496]	L_Src_Sup 0.0000e+00 (1.8864e-03)	L_Trg_Inj 0.0000e+00 (0.0000e+00)	Loss Disc 0.0000e+00 (0.0000e+00)	Loss Pred 4.9071e-01 (5.2096e-01)	Loss TOTAL 4.9071e-01 (5.2191e-01)
Epoch: [6][260/496]	L_Src_Sup 1.8182e-02 (1.9524e-03)	L_Trg_Inj 0.0000e+00 (0.0000e+00)	Loss Disc 0.0000e+00 (0.0000e+00)	Loss Pred 4.9702e-01 (5.2113e-01)	Loss TOTAL 5.0611e-01 (5.2211e-01)
Epoch: [6][270/496]	L_Src_Sup 1.8682e-02 (2.1478e-03)	L_Trg_Inj 0.0000e+00 (0.0000e+00)	Loss Disc 0.0000e+00 (0.0000e+00)	Loss Pred 5.1586e-01 (5.2051e-01)	Loss TOTAL 5.2520e-01 (5.2159e-01)
Epoch: [6][280/496]	L_Src_Sup 1.8868e-02 (2.2714e-03)	L_Trg_Inj 0.0000e+00 (0.0000e+00)	Loss Disc 0.0000e+00 (0.0000e+00)	Loss Pred 5.2314e-01 (5.2081e-01)	Loss TOTAL 5.3257e-01 (5.2194e-01)
Epoch: [6][290/496]	L_Src_Sup 0.0000e+00 (2.2613e-03)	L_Trg_Inj 0.0000e+00 (0.0000e+00)	Loss Disc 0.0000e+00 (0.0000e+00)	Loss Pred 5.2207e-01 (5.2103e-01)	Loss TOTAL 5.2207e-01 (5.2216e-01)
Epoch: [6][300/496]	L_Src_Sup 1.9231e-02 (2.3135e-03)	L_Trg_Inj 0.0000e+00 (0.0000e+00)	Loss Disc 0.0000e+00 (0.0000e+00)	Loss Pred 5.3551e-01 (5.2134e-01)	Loss TOTAL 5.4512e-01 (5.2249e-01)
Epoch: [6][310/496]	L_Src_Sup 0.0000e+00 (2.2986e-03)	L_Trg_Inj 0.0000e+00 (0.0000e+00)	Loss Disc 0.0000e+00 (0.0000e+00)	Loss Pred 5.0919e-01 (5.2150e-01)	Loss TOTAL 5.0919e-01 (5.2265e-01)
Epoch: [6][320/496]	L_Src_Sup 0.0000e+00 (2.3420e-03)	L_Trg_Inj 0.0000e+00 (0.0000e+00)	Loss Disc 0.0000e+00 (0.0000e+00)	Loss Pred 5.2851e-01 (5.2146e-01)	Loss TOTAL 5.2851e-01 (5.2263e-01)
Epoch: [6][330/496]	L_Src_Sup 0.0000e+00 (2.2711e-03)	L_Trg_Inj 0.0000e+00 (0.0000e+00)	Loss Disc 0.0000e+00 (0.0000e+00)	Loss Pred 5.0285e-01 (5.2191e-01)	Loss TOTAL 5.0285e-01 (5.2304e-01)
Epoch: [6][340/496]	L_Src_Sup 0.0000e+00 (2.2043e-03)	L_Trg_Inj 0.0000e+00 (0.0000e+00)	Loss Disc 0.0000e+00 (0.0000e+00)	Loss Pred 5.7264e-01 (5.2210e-01)	Loss TOTAL 5.7264e-01 (5.2320e-01)
Epoch: [6][350/496]	L_Src_Sup 0.0000e+00 (2.2437e-03)	L_Trg_Inj 0.0000e+00 (0.0000e+00)	Loss Disc 0.0000e+00 (0.0000e+00)	Loss Pred 5.4863e-01 (5.2205e-01)	Loss TOTAL 5.4863e-01 (5.2317e-01)
Epoch: [6][360/496]	L_Src_Sup 0.0000e+00 (2.1814e-03)	L_Trg_Inj 0.0000e+00 (0.0000e+00)	Loss Disc 0.0000e+00 (0.0000e+00)	Loss Pred 5.7415e-01 (5.2199e-01)	Loss TOTAL 5.7415e-01 (5.2308e-01)
Epoch: [6][370/496]	L_Src_Sup 0.0000e+00 (2.1224e-03)	L_Trg_Inj 0.0000e+00 (0.0000e+00)	Loss Disc 0.0000e+00 (0.0000e+00)	Loss Pred 5.0987e-01 (5.2172e-01)	Loss TOTAL 5.0987e-01 (5.2278e-01)
Epoch: [6][380/496]	L_Src_Sup 0.0000e+00 (2.0665e-03)	L_Trg_Inj 0.0000e+00 (0.0000e+00)	Loss Disc 0.0000e+00 (0.0000e+00)	Loss Pred 4.7134e-01 (5.2186e-01)	Loss TOTAL 4.7134e-01 (5.2290e-01)
Epoch: [6][390/496]	L_Src_Sup 0.0000e+00 (2.0750e-03)	L_Trg_Inj 0.0000e+00 (0.0000e+00)	Loss Disc 0.0000e+00 (0.0000e+00)	Loss Pred 5.9122e-01 (5.2226e-01)	Loss TOTAL 5.9122e-01 (5.2330e-01)
Epoch: [6][400/496]	L_Src_Sup 0.0000e+00 (2.1694e-03)	L_Trg_Inj 0.0000e+00 (0.0000e+00)	Loss Disc 0.0000e+00 (0.0000e+00)	Loss Pred 5.3441e-01 (5.2233e-01)	Loss TOTAL 5.3441e-01 (5.2342e-01)
Epoch: [6][410/496]	L_Src_Sup 0.0000e+00 (2.2586e-03)	L_Trg_Inj 0.0000e+00 (0.0000e+00)	Loss Disc 0.0000e+00 (0.0000e+00)	Loss Pred 6.1050e-01 (5.2257e-01)	Loss TOTAL 6.1050e-01 (5.2370e-01)
Epoch: [6][420/496]	L_Src_Sup 0.0000e+00 (2.2938e-03)	L_Trg_Inj 0.0000e+00 (0.0000e+00)	Loss Disc 0.0000e+00 (0.0000e+00)	Loss Pred 5.4114e-01 (5.2269e-01)	Loss TOTAL 5.4114e-01 (5.2384e-01)
Epoch: [6][430/496]	L_Src_Sup 0.0000e+00 (2.2818e-03)	L_Trg_Inj 0.0000e+00 (0.0000e+00)	Loss Disc 0.0000e+00 (0.0000e+00)	Loss Pred 5.2189e-01 (5.2278e-01)	Loss TOTAL 5.2189e-01 (5.2392e-01)
Epoch: [6][440/496]	L_Src_Sup 0.0000e+00 (2.2672e-03)	L_Trg_Inj 0.0000e+00 (0.0000e+00)	Loss Disc 0.0000e+00 (0.0000e+00)	Loss Pred 4.9673e-01 (5.2265e-01)	Loss TOTAL 4.9673e-01 (5.2378e-01)
Epoch: [6][450/496]	L_Src_Sup 1.9231e-02 (2.2595e-03)	L_Trg_Inj 0.0000e+00 (0.0000e+00)	Loss Disc 0.0000e+00 (0.0000e+00)	Loss Pred 5.3450e-01 (5.2238e-01)	Loss TOTAL 5.4411e-01 (5.2351e-01)
Epoch: [6][460/496]	L_Src_Sup 0.0000e+00 (2.2973e-03)	L_Trg_Inj 0.0000e+00 (0.0000e+00)	Loss Disc 0.0000e+00 (0.0000e+00)	Loss Pred 5.7866e-01 (5.2251e-01)	Loss TOTAL 5.7866e-01 (5.2366e-01)
Epoch: [6][470/496]	L_Src_Sup 1.5581e-02 (2.4400e-03)	L_Trg_Inj 0.0000e+00 (0.0000e+00)	Loss Disc 0.0000e+00 (0.0000e+00)	Loss Pred 5.1561e-01 (5.2276e-01)	Loss TOTAL 5.2340e-01 (5.2398e-01)
Epoch: [6][480/496]	L_Src_Sup 0.0000e+00 (2.4571e-03)	L_Trg_Inj 0.0000e+00 (0.0000e+00)	Loss Disc 0.0000e+00 (0.0000e+00)	Loss Pred 4.6615e-01 (5.2284e-01)	Loss TOTAL 4.6615e-01 (5.2407e-01)
Epoch: [6][490/496]	L_Src_Sup 0.0000e+00 (2.4466e-03)	L_Trg_Inj 0.0000e+00 (0.0000e+00)	Loss Disc 0.0000e+00 (0.0000e+00)	Loss Pred 5.1779e-01 (5.2292e-01)	Loss TOTAL 5.1779e-01 (5.2414e-01)
Epoch: [6][496/496]	L_Src_Sup 0.0000e+00 (2.4170e-03)	L_Trg_Inj 0.0000e+00 (0.0000e+00)	Loss Disc 0.0000e+00 (0.0000e+00)	Loss Pred 5.2187e-01 (5.2306e-01)	Loss TOTAL 5.2187e-01 (5.2426e-01)
Epoch 6 complete. Saving model state...
Epoch: [7][ 10/496]	L_Src_Sup 0.0000e+00 (2.7108e-04)	L_Trg_Inj 0.0000e+00 (0.0000e+00)	Loss Disc 0.0000e+00 (0.0000e+00)	Loss Pred 4.9095e-01 (5.0264e-01)	Loss TOTAL 4.9095e-01 (5.0278e-01)
Epoch: [7][ 20/496]	L_Src_Sup 0.0000e+00 (1.3554e-04)	L_Trg_Inj 0.0000e+00 (0.0000e+00)	Loss Disc 0.0000e+00 (0.0000e+00)	Loss Pred 5.2824e-01 (5.1347e-01)	Loss TOTAL 5.2824e-01 (5.1354e-01)
Epoch: [7][ 30/496]	L_Src_Sup 0.0000e+00 (3.6779e-04)	L_Trg_Inj 0.0000e+00 (0.0000e+00)	Loss Disc 0.0000e+00 (0.0000e+00)	Loss Pred 5.2204e-01 (5.2278e-01)	Loss TOTAL 5.2204e-01 (5.2297e-01)
Epoch: [7][ 40/496]	L_Src_Sup 0.0000e+00 (1.0348e-03)	L_Trg_Inj 0.0000e+00 (0.0000e+00)	Loss Disc 0.0000e+00 (0.0000e+00)	Loss Pred 4.9682e-01 (5.2030e-01)	Loss TOTAL 4.9682e-01 (5.2082e-01)
Epoch: [7][ 50/496]	L_Src_Sup 0.0000e+00 (1.6613e-03)	L_Trg_Inj 0.0000e+00 (0.0000e+00)	Loss Disc 0.0000e+00 (0.0000e+00)	Loss Pred 4.9783e-01 (5.1885e-01)	Loss TOTAL 4.9783e-01 (5.1968e-01)
Epoch: [7][ 60/496]	L_Src_Sup 0.0000e+00 (1.3844e-03)	L_Trg_Inj 0.0000e+00 (0.0000e+00)	Loss Disc 0.0000e+00 (0.0000e+00)	Loss Pred 5.1546e-01 (5.2023e-01)	Loss TOTAL 5.1546e-01 (5.2092e-01)
Epoch: [7][ 70/496]	L_Src_Sup 8.6563e-03 (1.3103e-03)	L_Trg_Inj 0.0000e+00 (0.0000e+00)	Loss Disc 0.0000e+00 (0.0000e+00)	Loss Pred 5.1650e-01 (5.1983e-01)	Loss TOTAL 5.2082e-01 (5.2049e-01)
Epoch: [7][ 80/496]	L_Src_Sup 0.0000e+00 (1.5148e-03)	L_Trg_Inj 0.0000e+00 (0.0000e+00)	Loss Disc 0.0000e+00 (0.0000e+00)	Loss Pred 5.1540e-01 (5.2005e-01)	Loss TOTAL 5.1540e-01 (5.2081e-01)
Epoch: [7][ 90/496]	L_Src_Sup 0.0000e+00 (1.3465e-03)	L_Trg_Inj 0.0000e+00 (0.0000e+00)	Loss Disc 0.0000e+00 (0.0000e+00)	Loss Pred 4.9054e-01 (5.1917e-01)	Loss TOTAL 4.9054e-01 (5.1984e-01)
Epoch: [7][100/496]	L_Src_Sup 0.0000e+00 (1.2119e-03)	L_Trg_Inj 0.0000e+00 (0.0000e+00)	Loss Disc 0.0000e+00 (0.0000e+00)	Loss Pred 5.2810e-01 (5.2065e-01)	Loss TOTAL 5.2810e-01 (5.2126e-01)
Epoch: [7][110/496]	L_Src_Sup 0.0000e+00 (1.4341e-03)	L_Trg_Inj 0.0000e+00 (0.0000e+00)	Loss Disc 0.0000e+00 (0.0000e+00)	Loss Pred 5.2898e-01 (5.2009e-01)	Loss TOTAL 5.2898e-01 (5.2081e-01)
Epoch: [7][120/496]	L_Src_Sup 0.0000e+00 (1.7074e-03)	L_Trg_Inj 0.0000e+00 (0.0000e+00)	Loss Disc 0.0000e+00 (0.0000e+00)	Loss Pred 4.8387e-01 (5.2018e-01)	Loss TOTAL 4.8387e-01 (5.2103e-01)
Epoch: [7][130/496]	L_Src_Sup 0.0000e+00 (1.6976e-03)	L_Trg_Inj 0.0000e+00 (0.0000e+00)	Loss Disc 0.0000e+00 (0.0000e+00)	Loss Pred 5.4070e-01 (5.2122e-01)	Loss TOTAL 5.4070e-01 (5.2207e-01)
Epoch: [7][140/496]	L_Src_Sup 0.0000e+00 (1.5764e-03)	L_Trg_Inj 0.0000e+00 (0.0000e+00)	Loss Disc 0.0000e+00 (0.0000e+00)	Loss Pred 4.9029e-01 (5.2144e-01)	Loss TOTAL 4.9029e-01 (5.2223e-01)
Epoch: [7][150/496]	L_Src_Sup 0.0000e+00 (1.5893e-03)	L_Trg_Inj 0.0000e+00 (0.0000e+00)	Loss Disc 0.0000e+00 (0.0000e+00)	Loss Pred 5.0334e-01 (5.2128e-01)	Loss TOTAL 5.0334e-01 (5.2207e-01)
Epoch: [7][160/496]	L_Src_Sup 0.0000e+00 (1.7266e-03)	L_Trg_Inj 0.0000e+00 (0.0000e+00)	Loss Disc 0.0000e+00 (0.0000e+00)	Loss Pred 5.1578e-01 (5.2087e-01)	Loss TOTAL 5.1578e-01 (5.2173e-01)
Epoch: [7][170/496]	L_Src_Sup 0.0000e+00 (1.6251e-03)	L_Trg_Inj 0.0000e+00 (0.0000e+00)	Loss Disc 0.0000e+00 (0.0000e+00)	Loss Pred 5.2818e-01 (5.2146e-01)	Loss TOTAL 5.2818e-01 (5.2227e-01)
Epoch: [7][180/496]	L_Src_Sup 0.0000e+00 (1.6189e-03)	L_Trg_Inj 0.0000e+00 (0.0000e+00)	Loss Disc 0.0000e+00 (0.0000e+00)	Loss Pred 5.0300e-01 (5.2166e-01)	Loss TOTAL 5.0300e-01 (5.2247e-01)
Epoch: [7][190/496]	L_Src_Sup 0.0000e+00 (1.5337e-03)	L_Trg_Inj 0.0000e+00 (0.0000e+00)	Loss Disc 0.0000e+00 (0.0000e+00)	Loss Pred 5.1564e-01 (5.2191e-01)	Loss TOTAL 5.1564e-01 (5.2268e-01)
Epoch: [7][200/496]	L_Src_Sup 0.0000e+00 (1.4570e-03)	L_Trg_Inj 0.0000e+00 (0.0000e+00)	Loss Disc 0.0000e+00 (0.0000e+00)	Loss Pred 5.2272e-01 (5.2167e-01)	Loss TOTAL 5.2272e-01 (5.2240e-01)
Epoch: [7][210/496]	L_Src_Sup 0.0000e+00 (1.3876e-03)	L_Trg_Inj 0.0000e+00 (0.0000e+00)	Loss Disc 0.0000e+00 (0.0000e+00)	Loss Pred 5.4731e-01 (5.2151e-01)	Loss TOTAL 5.4731e-01 (5.2220e-01)
Epoch: [7][220/496]	L_Src_Sup 0.0000e+00 (1.3245e-03)	L_Trg_Inj 0.0000e+00 (0.0000e+00)	Loss Disc 0.0000e+00 (0.0000e+00)	Loss Pred 5.2821e-01 (5.2130e-01)	Loss TOTAL 5.2821e-01 (5.2196e-01)
Epoch: [7][230/496]	L_Src_Sup 0.0000e+00 (1.2669e-03)	L_Trg_Inj 0.0000e+00 (0.0000e+00)	Loss Disc 0.0000e+00 (0.0000e+00)	Loss Pred 5.3448e-01 (5.2180e-01)	Loss TOTAL 5.3448e-01 (5.2243e-01)
Epoch: [7][240/496]	L_Src_Sup 0.0000e+00 (1.2917e-03)	L_Trg_Inj 0.0000e+00 (0.0000e+00)	Loss Disc 0.0000e+00 (0.0000e+00)	Loss Pred 5.0926e-01 (5.2173e-01)	Loss TOTAL 5.0926e-01 (5.2237e-01)
Epoch: [7][250/496]	L_Src_Sup 0.0000e+00 (2.1529e-03)	L_Trg_Inj 0.0000e+00 (0.0000e+00)	Loss Disc 0.0000e+00 (0.0000e+00)	Loss Pred 5.1074e-01 (5.2162e-01)	Loss TOTAL 5.1074e-01 (5.2269e-01)
Epoch: [7][260/496]	L_Src_Sup 4.0944e-03 (4.6326e-03)	L_Trg_Inj 0.0000e+00 (0.0000e+00)	Loss Disc 0.0000e+00 (0.0000e+00)	Loss Pred 5.5965e-01 (5.2216e-01)	Loss TOTAL 5.6169e-01 (5.2448e-01)
Epoch: [7][270/496]	L_Src_Sup 0.0000e+00 (4.7324e-03)	L_Trg_Inj 0.0000e+00 (0.0000e+00)	Loss Disc 0.0000e+00 (0.0000e+00)	Loss Pred 5.0933e-01 (5.2202e-01)	Loss TOTAL 5.0933e-01 (5.2438e-01)
Epoch: [7][280/496]	L_Src_Sup 0.0000e+00 (4.6408e-03)	L_Trg_Inj 0.0000e+00 (0.0000e+00)	Loss Disc 0.0000e+00 (0.0000e+00)	Loss Pred 5.2833e-01 (5.2250e-01)	Loss TOTAL 5.2833e-01 (5.2482e-01)
Epoch: [7][290/496]	L_Src_Sup 0.0000e+00 (4.5939e-03)	L_Trg_Inj 0.0000e+00 (0.0000e+00)	Loss Disc 0.0000e+00 (0.0000e+00)	Loss Pred 5.2806e-01 (5.2268e-01)	Loss TOTAL 5.2806e-01 (5.2497e-01)
Epoch: [7][300/496]	L_Src_Sup 0.0000e+00 (4.5008e-03)	L_Trg_Inj 0.0000e+00 (0.0000e+00)	Loss Disc 0.0000e+00 (0.0000e+00)	Loss Pred 5.5340e-01 (5.2303e-01)	Loss TOTAL 5.5340e-01 (5.2528e-01)
Epoch: [7][310/496]	L_Src_Sup 0.0000e+00 (4.3556e-03)	L_Trg_Inj 0.0000e+00 (0.0000e+00)	Loss Disc 0.0000e+00 (0.0000e+00)	Loss Pred 5.4128e-01 (5.2323e-01)	Loss TOTAL 5.4128e-01 (5.2541e-01)
Epoch: [7][320/496]	L_Src_Sup 0.0000e+00 (4.2751e-03)	L_Trg_Inj 0.0000e+00 (0.0000e+00)	Loss Disc 0.0000e+00 (0.0000e+00)	Loss Pred 5.3469e-01 (5.2310e-01)	Loss TOTAL 5.3469e-01 (5.2524e-01)
Epoch: [7][330/496]	L_Src_Sup 1.8837e-02 (4.3029e-03)	L_Trg_Inj 0.0000e+00 (0.0000e+00)	Loss Disc 0.0000e+00 (0.0000e+00)	Loss Pred 5.2844e-01 (5.2282e-01)	Loss TOTAL 5.3786e-01 (5.2497e-01)
Epoch: [7][340/496]	L_Src_Sup 0.0000e+00 (4.1764e-03)	L_Trg_Inj 0.0000e+00 (0.0000e+00)	Loss Disc 0.0000e+00 (0.0000e+00)	Loss Pred 5.1553e-01 (5.2276e-01)	Loss TOTAL 5.1553e-01 (5.2485e-01)
Epoch: [7][350/496]	L_Src_Sup 4.8140e-03 (4.0708e-03)	L_Trg_Inj 0.0000e+00 (0.0000e+00)	Loss Disc 0.0000e+00 (0.0000e+00)	Loss Pred 5.0975e-01 (5.2234e-01)	Loss TOTAL 5.1215e-01 (5.2438e-01)
Epoch: [7][360/496]	L_Src_Sup 7.9532e-03 (4.0290e-03)	L_Trg_Inj 0.0000e+00 (0.0000e+00)	Loss Disc 0.0000e+00 (0.0000e+00)	Loss Pred 4.9764e-01 (5.2212e-01)	Loss TOTAL 5.0161e-01 (5.2414e-01)
Epoch: [7][370/496]	L_Src_Sup 0.0000e+00 (3.9270e-03)	L_Trg_Inj 0.0000e+00 (0.0000e+00)	Loss Disc 0.0000e+00 (0.0000e+00)	Loss Pred 5.0277e-01 (5.2257e-01)	Loss TOTAL 5.0277e-01 (5.2453e-01)
Epoch: [7][380/496]	L_Src_Sup 0.0000e+00 (3.8237e-03)	L_Trg_Inj 0.0000e+00 (0.0000e+00)	Loss Disc 0.0000e+00 (0.0000e+00)	Loss Pred 5.5336e-01 (5.2231e-01)	Loss TOTAL 5.5336e-01 (5.2422e-01)
Epoch: [7][390/496]	L_Src_Sup 0.0000e+00 (3.7257e-03)	L_Trg_Inj 0.0000e+00 (0.0000e+00)	Loss Disc 0.0000e+00 (0.0000e+00)	Loss Pred 5.4710e-01 (5.2226e-01)	Loss TOTAL 5.4710e-01 (5.2412e-01)
Epoch: [7][400/496]	L_Src_Sup 0.0000e+00 (3.7737e-03)	L_Trg_Inj 0.0000e+00 (0.0000e+00)	Loss Disc 0.0000e+00 (0.0000e+00)	Loss Pred 5.1052e-01 (5.2218e-01)	Loss TOTAL 5.1052e-01 (5.2407e-01)
Epoch: [7][410/496]	L_Src_Sup 0.0000e+00 (3.6817e-03)	L_Trg_Inj 0.0000e+00 (0.0000e+00)	Loss Disc 0.0000e+00 (0.0000e+00)	Loss Pred 5.4702e-01 (5.2221e-01)	Loss TOTAL 5.4702e-01 (5.2405e-01)
Epoch: [7][420/496]	L_Src_Sup 0.0000e+00 (3.5940e-03)	L_Trg_Inj 0.0000e+00 (0.0000e+00)	Loss Disc 0.0000e+00 (0.0000e+00)	Loss Pred 5.2178e-01 (5.2247e-01)	Loss TOTAL 5.2178e-01 (5.2427e-01)
Epoch: [7][430/496]	L_Src_Sup 0.0000e+00 (3.5473e-03)	L_Trg_Inj 0.0000e+00 (0.0000e+00)	Loss Disc 0.0000e+00 (0.0000e+00)	Loss Pred 5.9175e-01 (5.2238e-01)	Loss TOTAL 5.9175e-01 (5.2415e-01)
Epoch: [7][440/496]	L_Src_Sup 0.0000e+00 (3.4667e-03)	L_Trg_Inj 0.0000e+00 (0.0000e+00)	Loss Disc 0.0000e+00 (0.0000e+00)	Loss Pred 5.4092e-01 (5.2266e-01)	Loss TOTAL 5.4092e-01 (5.2439e-01)
Epoch: [7][450/496]	L_Src_Sup 0.0000e+00 (3.3896e-03)	L_Trg_Inj 0.0000e+00 (0.0000e+00)	Loss Disc 0.0000e+00 (0.0000e+00)	Loss Pred 5.5978e-01 (5.2260e-01)	Loss TOTAL 5.5978e-01 (5.2430e-01)
Epoch: [7][460/496]	L_Src_Sup 0.0000e+00 (3.3535e-03)	L_Trg_Inj 0.0000e+00 (0.0000e+00)	Loss Disc 0.0000e+00 (0.0000e+00)	Loss Pred 5.2171e-01 (5.2264e-01)	Loss TOTAL 5.2171e-01 (5.2432e-01)
Epoch: [7][470/496]	L_Src_Sup 0.0000e+00 (3.2821e-03)	L_Trg_Inj 0.0000e+00 (0.0000e+00)	Loss Disc 0.0000e+00 (0.0000e+00)	Loss Pred 5.9136e-01 (5.2287e-01)	Loss TOTAL 5.9136e-01 (5.2451e-01)
Epoch: [7][480/496]	L_Src_Sup 0.0000e+00 (3.2935e-03)	L_Trg_Inj 0.0000e+00 (0.0000e+00)	Loss Disc 0.0000e+00 (0.0000e+00)	Loss Pred 5.3469e-01 (5.2281e-01)	Loss TOTAL 5.3469e-01 (5.2446e-01)
Epoch: [7][490/496]	L_Src_Sup 0.0000e+00 (3.2630e-03)	L_Trg_Inj 0.0000e+00 (0.0000e+00)	Loss Disc 0.0000e+00 (0.0000e+00)	Loss Pred 5.6737e-01 (5.2298e-01)	Loss TOTAL 5.6737e-01 (5.2461e-01)
Epoch: [7][496/496]	L_Src_Sup 0.0000e+00 (3.2235e-03)	L_Trg_Inj 0.0000e+00 (0.0000e+00)	Loss Disc 0.0000e+00 (0.0000e+00)	Loss Pred 4.9735e-01 (5.2292e-01)	Loss TOTAL 4.9735e-01 (5.2453e-01)
Epoch 7 complete. Saving model state...
Epoch: [8][ 10/496]	L_Src_Sup 0.0000e+00 (1.8690e-03)	L_Trg_Inj 0.0000e+00 (0.0000e+00)	Loss Disc 0.0000e+00 (0.0000e+00)	Loss Pred 5.1544e-01 (5.2838e-01)	Loss TOTAL 5.1544e-01 (5.2931e-01)
Epoch: [8][ 20/496]	L_Src_Sup 0.0000e+00 (2.8763e-03)	L_Trg_Inj 0.0000e+00 (0.0000e+00)	Loss Disc 0.0000e+00 (0.0000e+00)	Loss Pred 5.0319e-01 (5.2062e-01)	Loss TOTAL 5.0319e-01 (5.2206e-01)
Epoch: [8][ 30/496]	L_Src_Sup 0.0000e+00 (2.8751e-03)	L_Trg_Inj 0.0000e+00 (0.0000e+00)	Loss Disc 0.0000e+00 (0.0000e+00)	Loss Pred 5.0311e-01 (5.2186e-01)	Loss TOTAL 5.0311e-01 (5.2330e-01)
Epoch: [8][ 40/496]	L_Src_Sup 0.0000e+00 (2.3556e-03)	L_Trg_Inj 0.0000e+00 (0.0000e+00)	Loss Disc 0.0000e+00 (0.0000e+00)	Loss Pred 5.4715e-01 (5.2207e-01)	Loss TOTAL 5.4715e-01 (5.2325e-01)
Epoch: [8][ 50/496]	L_Src_Sup 0.0000e+00 (2.4332e-03)	L_Trg_Inj 0.0000e+00 (0.0000e+00)	Loss Disc 0.0000e+00 (0.0000e+00)	Loss Pred 5.3560e-01 (5.2312e-01)	Loss TOTAL 5.3560e-01 (5.2433e-01)
Epoch: [8][ 60/496]	L_Src_Sup 0.0000e+00 (2.0277e-03)	L_Trg_Inj 0.0000e+00 (0.0000e+00)	Loss Disc 0.0000e+00 (0.0000e+00)	Loss Pred 4.7158e-01 (5.2372e-01)	Loss TOTAL 4.7158e-01 (5.2473e-01)
Epoch: [8][ 70/496]	L_Src_Sup 0.0000e+00 (1.7380e-03)	L_Trg_Inj 0.0000e+00 (0.0000e+00)	Loss Disc 0.0000e+00 (0.0000e+00)	Loss Pred 5.7905e-01 (5.2383e-01)	Loss TOTAL 5.7905e-01 (5.2469e-01)
Epoch: [8][ 80/496]	L_Src_Sup 0.0000e+00 (2.2296e-03)	L_Trg_Inj 0.0000e+00 (0.0000e+00)	Loss Disc 0.0000e+00 (0.0000e+00)	Loss Pred 5.1613e-01 (5.2368e-01)	Loss TOTAL 5.1613e-01 (5.2480e-01)
Epoch: [8][ 90/496]	L_Src_Sup 0.0000e+00 (2.4135e-03)	L_Trg_Inj 0.0000e+00 (0.0000e+00)	Loss Disc 0.0000e+00 (0.0000e+00)	Loss Pred 5.4716e-01 (5.2475e-01)	Loss TOTAL 5.4716e-01 (5.2596e-01)
Epoch: [8][100/496]	L_Src_Sup 0.0000e+00 (2.1721e-03)	L_Trg_Inj 0.0000e+00 (0.0000e+00)	Loss Disc 0.0000e+00 (0.0000e+00)	Loss Pred 5.2187e-01 (5.2386e-01)	Loss TOTAL 5.2187e-01 (5.2494e-01)
Epoch: [8][110/496]	L_Src_Sup 0.0000e+00 (1.9747e-03)	L_Trg_Inj 0.0000e+00 (0.0000e+00)	Loss Disc 0.0000e+00 (0.0000e+00)	Loss Pred 5.2188e-01 (5.2449e-01)	Loss TOTAL 5.2188e-01 (5.2547e-01)
Epoch: [8][120/496]	L_Src_Sup 0.0000e+00 (1.9659e-03)	L_Trg_Inj 0.0000e+00 (0.0000e+00)	Loss Disc 0.0000e+00 (0.0000e+00)	Loss Pred 4.8386e-01 (5.2333e-01)	Loss TOTAL 4.8386e-01 (5.2431e-01)
Epoch: [8][130/496]	L_Src_Sup 1.9231e-02 (1.9626e-03)	L_Trg_Inj 0.0000e+00 (0.0000e+00)	Loss Disc 0.0000e+00 (0.0000e+00)	Loss Pred 5.3493e-01 (5.2332e-01)	Loss TOTAL 5.4455e-01 (5.2430e-01)
Epoch: [8][140/496]	L_Src_Sup 0.0000e+00 (1.8224e-03)	L_Trg_Inj 0.0000e+00 (0.0000e+00)	Loss Disc 0.0000e+00 (0.0000e+00)	Loss Pred 5.2177e-01 (5.2368e-01)	Loss TOTAL 5.2177e-01 (5.2460e-01)
Epoch: [8][150/496]	L_Src_Sup 0.0000e+00 (1.8220e-03)	L_Trg_Inj 0.0000e+00 (0.0000e+00)	Loss Disc 0.0000e+00 (0.0000e+00)	Loss Pred 5.3442e-01 (5.2336e-01)	Loss TOTAL 5.3442e-01 (5.2427e-01)
Epoch: [8][160/496]	L_Src_Sup 2.0202e-02 (1.8705e-03)	L_Trg_Inj 0.0000e+00 (0.0000e+00)	Loss Disc 0.0000e+00 (0.0000e+00)	Loss Pred 5.6637e-01 (5.2460e-01)	Loss TOTAL 5.7647e-01 (5.2553e-01)
Epoch: [8][170/496]	L_Src_Sup 0.0000e+00 (1.7604e-03)	L_Trg_Inj 0.0000e+00 (0.0000e+00)	Loss Disc 0.0000e+00 (0.0000e+00)	Loss Pred 5.4077e-01 (5.2474e-01)	Loss TOTAL 5.4077e-01 (5.2562e-01)
Epoch: [8][180/496]	L_Src_Sup 0.0000e+00 (1.6626e-03)	L_Trg_Inj 0.0000e+00 (0.0000e+00)	Loss Disc 0.0000e+00 (0.0000e+00)	Loss Pred 5.4216e-01 (5.2426e-01)	Loss TOTAL 5.4216e-01 (5.2509e-01)
Epoch: [8][190/496]	L_Src_Sup 1.9608e-02 (1.7723e-03)	L_Trg_Inj 0.0000e+00 (0.0000e+00)	Loss Disc 0.0000e+00 (0.0000e+00)	Loss Pred 5.4719e-01 (5.2417e-01)	Loss TOTAL 5.5700e-01 (5.2506e-01)
Epoch: [8][200/496]	L_Src_Sup 0.0000e+00 (1.8694e-03)	L_Trg_Inj 0.0000e+00 (0.0000e+00)	Loss Disc 0.0000e+00 (0.0000e+00)	Loss Pred 5.5364e-01 (5.2378e-01)	Loss TOTAL 5.5364e-01 (5.2472e-01)
Epoch: [8][210/496]	L_Src_Sup 0.0000e+00 (1.7804e-03)	L_Trg_Inj 0.0000e+00 (0.0000e+00)	Loss Disc 0.0000e+00 (0.0000e+00)	Loss Pred 5.0926e-01 (5.2430e-01)	Loss TOTAL 5.0926e-01 (5.2519e-01)
Epoch: [8][220/496]	L_Src_Sup 0.0000e+00 (1.8500e-03)	L_Trg_Inj 0.0000e+00 (0.0000e+00)	Loss Disc 0.0000e+00 (0.0000e+00)	Loss Pred 5.1546e-01 (5.2445e-01)	Loss TOTAL 5.1546e-01 (5.2537e-01)
Epoch: [8][230/496]	L_Src_Sup 0.0000e+00 (1.8468e-03)	L_Trg_Inj 0.0000e+00 (0.0000e+00)	Loss Disc 0.0000e+00 (0.0000e+00)	Loss Pred 5.1554e-01 (5.2462e-01)	Loss TOTAL 5.1554e-01 (5.2554e-01)
Epoch: [8][240/496]	L_Src_Sup 0.0000e+00 (1.7699e-03)	L_Trg_Inj 0.0000e+00 (0.0000e+00)	Loss Disc 0.0000e+00 (0.0000e+00)	Loss Pred 5.4103e-01 (5.2438e-01)	Loss TOTAL 5.4103e-01 (5.2527e-01)
Epoch: [8][250/496]	L_Src_Sup 0.0000e+00 (1.6991e-03)	L_Trg_Inj 0.0000e+00 (0.0000e+00)	Loss Disc 0.0000e+00 (0.0000e+00)	Loss Pred 5.0963e-01 (5.2439e-01)	Loss TOTAL 5.0963e-01 (5.2524e-01)
Epoch: [8][260/496]	L_Src_Sup 0.0000e+00 (1.6337e-03)	L_Trg_Inj 0.0000e+00 (0.0000e+00)	Loss Disc 0.0000e+00 (0.0000e+00)	Loss Pred 5.2845e-01 (5.2389e-01)	Loss TOTAL 5.2845e-01 (5.2471e-01)
Epoch: [8][270/496]	L_Src_Sup 3.3149e-02 (1.7184e-03)	L_Trg_Inj 0.0000e+00 (0.0000e+00)	Loss Disc 0.0000e+00 (0.0000e+00)	Loss Pred 4.6634e-01 (5.2363e-01)	Loss TOTAL 4.8291e-01 (5.2449e-01)
Epoch: [8][280/496]	L_Src_Sup 0.0000e+00 (1.7257e-03)	L_Trg_Inj 0.0000e+00 (0.0000e+00)	Loss Disc 0.0000e+00 (0.0000e+00)	Loss Pred 5.8560e-01 (5.2358e-01)	Loss TOTAL 5.8560e-01 (5.2445e-01)
Epoch: [8][290/496]	L_Src_Sup 0.0000e+00 (1.7324e-03)	L_Trg_Inj 0.0000e+00 (0.0000e+00)	Loss Disc 0.0000e+00 (0.0000e+00)	Loss Pred 5.2833e-01 (5.2370e-01)	Loss TOTAL 5.2833e-01 (5.2457e-01)
Epoch: [8][300/496]	L_Src_Sup 0.0000e+00 (1.6746e-03)	L_Trg_Inj 0.0000e+00 (0.0000e+00)	Loss Disc 0.0000e+00 (0.0000e+00)	Loss Pred 5.4114e-01 (5.2327e-01)	Loss TOTAL 5.4114e-01 (5.2410e-01)
Epoch: [8][310/496]	L_Src_Sup 0.0000e+00 (1.6206e-03)	L_Trg_Inj 0.0000e+00 (0.0000e+00)	Loss Disc 0.0000e+00 (0.0000e+00)	Loss Pred 5.1546e-01 (5.2345e-01)	Loss TOTAL 5.1546e-01 (5.2426e-01)
Epoch: [8][320/496]	L_Src_Sup 0.0000e+00 (1.6277e-03)	L_Trg_Inj 0.0000e+00 (0.0000e+00)	Loss Disc 0.0000e+00 (0.0000e+00)	Loss Pred 5.3516e-01 (5.2313e-01)	Loss TOTAL 5.3516e-01 (5.2394e-01)
Epoch: [8][330/496]	L_Src_Sup 0.0000e+00 (1.7207e-03)	L_Trg_Inj 0.0000e+00 (0.0000e+00)	Loss Disc 0.0000e+00 (0.0000e+00)	Loss Pred 5.7129e-01 (5.2371e-01)	Loss TOTAL 5.7129e-01 (5.2457e-01)
Epoch: [8][340/496]	L_Src_Sup 0.0000e+00 (1.7226e-03)	L_Trg_Inj 0.0000e+00 (0.0000e+00)	Loss Disc 0.0000e+00 (0.0000e+00)	Loss Pred 5.5991e-01 (5.2375e-01)	Loss TOTAL 5.5991e-01 (5.2462e-01)
Epoch: [8][350/496]	L_Src_Sup 0.0000e+00 (1.6734e-03)	L_Trg_Inj 0.0000e+00 (0.0000e+00)	Loss Disc 0.0000e+00 (0.0000e+00)	Loss Pred 5.2835e-01 (5.2397e-01)	Loss TOTAL 5.2835e-01 (5.2481e-01)
Epoch: [8][360/496]	L_Src_Sup 0.0000e+00 (1.6269e-03)	L_Trg_Inj 0.0000e+00 (0.0000e+00)	Loss Disc 0.0000e+00 (0.0000e+00)	Loss Pred 5.0923e-01 (5.2416e-01)	Loss TOTAL 5.0923e-01 (5.2498e-01)
Epoch: [8][370/496]	L_Src_Sup 0.0000e+00 (1.5830e-03)	L_Trg_Inj 0.0000e+00 (0.0000e+00)	Loss Disc 0.0000e+00 (0.0000e+00)	Loss Pred 5.4082e-01 (5.2404e-01)	Loss TOTAL 5.4082e-01 (5.2483e-01)
Epoch: [8][380/496]	L_Src_Sup 0.0000e+00 (1.5413e-03)	L_Trg_Inj 0.0000e+00 (0.0000e+00)	Loss Disc 0.0000e+00 (0.0000e+00)	Loss Pred 5.0956e-01 (5.2370e-01)	Loss TOTAL 5.0956e-01 (5.2447e-01)
Epoch: [8][390/496]	L_Src_Sup 0.0000e+00 (1.5492e-03)	L_Trg_Inj 0.0000e+00 (0.0000e+00)	Loss Disc 0.0000e+00 (0.0000e+00)	Loss Pred 5.1590e-01 (5.2334e-01)	Loss TOTAL 5.1590e-01 (5.2411e-01)
Epoch: [8][400/496]	L_Src_Sup 1.8349e-02 (1.5564e-03)	L_Trg_Inj 0.0000e+00 (0.0000e+00)	Loss Disc 0.0000e+00 (0.0000e+00)	Loss Pred 5.0330e-01 (5.2346e-01)	Loss TOTAL 5.1248e-01 (5.2424e-01)
Epoch: [8][410/496]	L_Src_Sup 0.0000e+00 (1.5184e-03)	L_Trg_Inj 0.0000e+00 (0.0000e+00)	Loss Disc 0.0000e+00 (0.0000e+00)	Loss Pred 5.4101e-01 (5.2329e-01)	Loss TOTAL 5.4101e-01 (5.2404e-01)
Epoch: [8][420/496]	L_Src_Sup 0.0000e+00 (1.5238e-03)	L_Trg_Inj 0.0000e+00 (0.0000e+00)	Loss Disc 0.0000e+00 (0.0000e+00)	Loss Pred 5.1544e-01 (5.2329e-01)	Loss TOTAL 5.1544e-01 (5.2405e-01)
Epoch: [8][430/496]	L_Src_Sup 0.0000e+00 (1.4995e-03)	L_Trg_Inj 0.0000e+00 (0.0000e+00)	Loss Disc 0.0000e+00 (0.0000e+00)	Loss Pred 5.4067e-01 (5.2343e-01)	Loss TOTAL 5.4067e-01 (5.2418e-01)
Epoch: [8][440/496]	L_Src_Sup 0.0000e+00 (1.4656e-03)	L_Trg_Inj 0.0000e+00 (0.0000e+00)	Loss Disc 0.0000e+00 (0.0000e+00)	Loss Pred 5.4087e-01 (5.2300e-01)	Loss TOTAL 5.4087e-01 (5.2374e-01)
Epoch: [8][450/496]	L_Src_Sup 0.0000e+00 (1.4330e-03)	L_Trg_Inj 0.0000e+00 (0.0000e+00)	Loss Disc 0.0000e+00 (0.0000e+00)	Loss Pred 5.2870e-01 (5.2316e-01)	Loss TOTAL 5.2870e-01 (5.2387e-01)
Epoch: [8][460/496]	L_Src_Sup 0.0000e+00 (1.4018e-03)	L_Trg_Inj 0.0000e+00 (0.0000e+00)	Loss Disc 0.0000e+00 (0.0000e+00)	Loss Pred 5.7361e-01 (5.2324e-01)	Loss TOTAL 5.7361e-01 (5.2394e-01)
Epoch: [8][470/496]	L_Src_Sup 0.0000e+00 (1.3720e-03)	L_Trg_Inj 0.0000e+00 (0.0000e+00)	Loss Disc 0.0000e+00 (0.0000e+00)	Loss Pred 4.7754e-01 (5.2316e-01)	Loss TOTAL 4.7754e-01 (5.2385e-01)
Epoch: [8][480/496]	L_Src_Sup 0.0000e+00 (1.3604e-03)	L_Trg_Inj 0.0000e+00 (0.0000e+00)	Loss Disc 0.0000e+00 (0.0000e+00)	Loss Pred 5.4924e-01 (5.2307e-01)	Loss TOTAL 5.4924e-01 (5.2375e-01)
Epoch: [8][490/496]	L_Src_Sup 0.0000e+00 (1.3714e-03)	L_Trg_Inj 0.0000e+00 (0.0000e+00)	Loss Disc 0.0000e+00 (0.0000e+00)	Loss Pred 5.2826e-01 (5.2304e-01)	Loss TOTAL 5.2826e-01 (5.2372e-01)
Epoch: [8][496/496]	L_Src_Sup 0.0000e+00 (1.3548e-03)	L_Trg_Inj 0.0000e+00 (0.0000e+00)	Loss Disc 0.0000e+00 (0.0000e+00)	Loss Pred 5.4099e-01 (5.2284e-01)	Loss TOTAL 5.4099e-01 (5.2352e-01)
Epoch 8 complete. Saving model state...
Epoch: [9][ 10/496]	L_Src_Sup 0.0000e+00 (5.2417e-04)	L_Trg_Inj 0.0000e+00 (0.0000e+00)	Loss Disc 0.0000e+00 (0.0000e+00)	Loss Pred 5.0347e-01 (5.2218e-01)	Loss TOTAL 5.0347e-01 (5.2244e-01)
Epoch: [9][ 20/496]	L_Src_Sup 0.0000e+00 (1.1549e-03)	L_Trg_Inj 0.0000e+00 (0.0000e+00)	Loss Disc 0.0000e+00 (0.0000e+00)	Loss Pred 5.1560e-01 (5.1392e-01)	Loss TOTAL 5.1560e-01 (5.1450e-01)
Epoch: [9][ 30/496]	L_Src_Sup 0.0000e+00 (7.6996e-04)	L_Trg_Inj 0.0000e+00 (0.0000e+00)	Loss Disc 0.0000e+00 (0.0000e+00)	Loss Pred 5.1539e-01 (5.1474e-01)	Loss TOTAL 5.1539e-01 (5.1512e-01)
Epoch: [9][ 40/496]	L_Src_Sup 0.0000e+00 (5.7747e-04)	L_Trg_Inj 0.0000e+00 (0.0000e+00)	Loss Disc 0.0000e+00 (0.0000e+00)	Loss Pred 4.9113e-01 (5.1974e-01)	Loss TOTAL 4.9113e-01 (5.2003e-01)
Epoch: [9][ 50/496]	L_Src_Sup 0.0000e+00 (1.0475e-03)	L_Trg_Inj 0.0000e+00 (0.0000e+00)	Loss Disc 0.0000e+00 (0.0000e+00)	Loss Pred 5.4771e-01 (5.2194e-01)	Loss TOTAL 5.4771e-01 (5.2247e-01)
Epoch: [9][ 60/496]	L_Src_Sup 0.0000e+00 (9.6185e-04)	L_Trg_Inj 0.0000e+00 (0.0000e+00)	Loss Disc 0.0000e+00 (0.0000e+00)	Loss Pred 5.4097e-01 (5.2183e-01)	Loss TOTAL 5.4097e-01 (5.2231e-01)
Epoch: [9][ 70/496]	L_Src_Sup 0.0000e+00 (8.2444e-04)	L_Trg_Inj 0.0000e+00 (0.0000e+00)	Loss Disc 0.0000e+00 (0.0000e+00)	Loss Pred 5.5960e-01 (5.2305e-01)	Loss TOTAL 5.5960e-01 (5.2347e-01)
Epoch: [9][ 80/496]	L_Src_Sup 0.0000e+00 (7.2139e-04)	L_Trg_Inj 0.0000e+00 (0.0000e+00)	Loss Disc 0.0000e+00 (0.0000e+00)	Loss Pred 5.0287e-01 (5.2190e-01)	Loss TOTAL 5.0287e-01 (5.2226e-01)
Epoch: [9][ 90/496]	L_Src_Sup 0.0000e+00 (6.5234e-04)	L_Trg_Inj 0.0000e+00 (0.0000e+00)	Loss Disc 0.0000e+00 (0.0000e+00)	Loss Pred 5.3467e-01 (5.2177e-01)	Loss TOTAL 5.3467e-01 (5.2210e-01)
Epoch: [9][100/496]	L_Src_Sup 0.0000e+00 (9.4628e-04)	L_Trg_Inj 0.0000e+00 (0.0000e+00)	Loss Disc 0.0000e+00 (0.0000e+00)	Loss Pred 5.2834e-01 (5.2172e-01)	Loss TOTAL 5.2834e-01 (5.2219e-01)
Epoch: [9][110/496]	L_Src_Sup 0.0000e+00 (8.6025e-04)	L_Trg_Inj 0.0000e+00 (0.0000e+00)	Loss Disc 0.0000e+00 (0.0000e+00)	Loss Pred 5.2835e-01 (5.2114e-01)	Loss TOTAL 5.2835e-01 (5.2157e-01)
Epoch: [9][120/496]	L_Src_Sup 0.0000e+00 (7.8856e-04)	L_Trg_Inj 0.0000e+00 (0.0000e+00)	Loss Disc 0.0000e+00 (0.0000e+00)	Loss Pred 5.0965e-01 (5.2006e-01)	Loss TOTAL 5.0965e-01 (5.2045e-01)
Epoch: [9][130/496]	L_Src_Sup 0.0000e+00 (7.2790e-04)	L_Trg_Inj 0.0000e+00 (0.0000e+00)	Loss Disc 0.0000e+00 (0.0000e+00)	Loss Pred 5.0269e-01 (5.2044e-01)	Loss TOTAL 5.0269e-01 (5.2080e-01)
Epoch: [9][140/496]	L_Src_Sup 0.0000e+00 (6.7591e-04)	L_Trg_Inj 0.0000e+00 (0.0000e+00)	Loss Disc 0.0000e+00 (0.0000e+00)	Loss Pred 5.0902e-01 (5.2010e-01)	Loss TOTAL 5.0902e-01 (5.2043e-01)
Epoch: [9][150/496]	L_Src_Sup 0.0000e+00 (6.5061e-04)	L_Trg_Inj 0.0000e+00 (0.0000e+00)	Loss Disc 0.0000e+00 (0.0000e+00)	Loss Pred 5.5338e-01 (5.2168e-01)	Loss TOTAL 5.5338e-01 (5.2200e-01)
Epoch: [9][160/496]	L_Src_Sup 0.0000e+00 (6.0995e-04)	L_Trg_Inj 0.0000e+00 (0.0000e+00)	Loss Disc 0.0000e+00 (0.0000e+00)	Loss Pred 4.8435e-01 (5.2127e-01)	Loss TOTAL 4.8435e-01 (5.2158e-01)
Epoch: [9][170/496]	L_Src_Sup 0.0000e+00 (6.8300e-04)	L_Trg_Inj 0.0000e+00 (0.0000e+00)	Loss Disc 0.0000e+00 (0.0000e+00)	Loss Pred 5.2879e-01 (5.2092e-01)	Loss TOTAL 5.2879e-01 (5.2126e-01)
Epoch: [9][180/496]	L_Src_Sup 0.0000e+00 (8.3736e-04)	L_Trg_Inj 0.0000e+00 (0.0000e+00)	Loss Disc 0.0000e+00 (0.0000e+00)	Loss Pred 5.0950e-01 (5.2069e-01)	Loss TOTAL 5.0950e-01 (5.2111e-01)
Epoch: [9][190/496]	L_Src_Sup 0.0000e+00 (8.9635e-04)	L_Trg_Inj 0.0000e+00 (0.0000e+00)	Loss Disc 0.0000e+00 (0.0000e+00)	Loss Pred 5.4726e-01 (5.2069e-01)	Loss TOTAL 5.4726e-01 (5.2114e-01)
Epoch: [9][200/496]	L_Src_Sup 0.0000e+00 (8.5153e-04)	L_Trg_Inj 0.0000e+00 (0.0000e+00)	Loss Disc 0.0000e+00 (0.0000e+00)	Loss Pred 5.4714e-01 (5.2085e-01)	Loss TOTAL 5.4714e-01 (5.2128e-01)
Epoch: [9][210/496]	L_Src_Sup 0.0000e+00 (8.1098e-04)	L_Trg_Inj 0.0000e+00 (0.0000e+00)	Loss Disc 0.0000e+00 (0.0000e+00)	Loss Pred 5.0291e-01 (5.2057e-01)	Loss TOTAL 5.0291e-01 (5.2098e-01)
Epoch: [9][220/496]	L_Src_Sup 0.0000e+00 (8.4471e-04)	L_Trg_Inj 0.0000e+00 (0.0000e+00)	Loss Disc 0.0000e+00 (0.0000e+00)	Loss Pred 5.2272e-01 (5.2093e-01)	Loss TOTAL 5.2272e-01 (5.2135e-01)
Epoch: [9][230/496]	L_Src_Sup 0.0000e+00 (8.6652e-04)	L_Trg_Inj 0.0000e+00 (0.0000e+00)	Loss Disc 0.0000e+00 (0.0000e+00)	Loss Pred 5.0935e-01 (5.2137e-01)	Loss TOTAL 5.0935e-01 (5.2180e-01)
Epoch: [9][240/496]	L_Src_Sup 0.0000e+00 (9.1368e-04)	L_Trg_Inj 0.0000e+00 (0.0000e+00)	Loss Disc 0.0000e+00 (0.0000e+00)	Loss Pred 4.7135e-01 (5.2113e-01)	Loss TOTAL 4.7135e-01 (5.2159e-01)
Epoch: [9][250/496]	L_Src_Sup 0.0000e+00 (8.7714e-04)	L_Trg_Inj 0.0000e+00 (0.0000e+00)	Loss Disc 0.0000e+00 (0.0000e+00)	Loss Pred 5.2882e-01 (5.2099e-01)	Loss TOTAL 5.2882e-01 (5.2143e-01)
Epoch: [9][260/496]	L_Src_Sup 0.0000e+00 (8.4340e-04)	L_Trg_Inj 0.0000e+00 (0.0000e+00)	Loss Disc 0.0000e+00 (0.0000e+00)	Loss Pred 5.0926e-01 (5.2096e-01)	Loss TOTAL 5.0926e-01 (5.2138e-01)
Epoch: [9][270/496]	L_Src_Sup 0.0000e+00 (8.3509e-04)	L_Trg_Inj 0.0000e+00 (0.0000e+00)	Loss Disc 0.0000e+00 (0.0000e+00)	Loss Pred 5.1544e-01 (5.2109e-01)	Loss TOTAL 5.1544e-01 (5.2151e-01)
Epoch: [9][280/496]	L_Src_Sup 0.0000e+00 (9.1556e-04)	L_Trg_Inj 0.0000e+00 (0.0000e+00)	Loss Disc 0.0000e+00 (0.0000e+00)	Loss Pred 5.5331e-01 (5.2157e-01)	Loss TOTAL 5.5331e-01 (5.2203e-01)
Epoch: [9][290/496]	L_Src_Sup 0.0000e+00 (8.8399e-04)	L_Trg_Inj 0.0000e+00 (0.0000e+00)	Loss Disc 0.0000e+00 (0.0000e+00)	Loss Pred 5.7258e-01 (5.2204e-01)	Loss TOTAL 5.7258e-01 (5.2248e-01)
Epoch: [9][300/496]	L_Src_Sup 0.0000e+00 (9.1741e-04)	L_Trg_Inj 0.0000e+00 (0.0000e+00)	Loss Disc 0.0000e+00 (0.0000e+00)	Loss Pred 5.6636e-01 (5.2239e-01)	Loss TOTAL 5.6636e-01 (5.2285e-01)
Epoch: [9][310/496]	L_Src_Sup 0.0000e+00 (8.8782e-04)	L_Trg_Inj 0.0000e+00 (0.0000e+00)	Loss Disc 0.0000e+00 (0.0000e+00)	Loss Pred 5.4713e-01 (5.2261e-01)	Loss TOTAL 5.4713e-01 (5.2305e-01)
Epoch: [9][320/496]	L_Src_Sup 0.0000e+00 (9.1363e-04)	L_Trg_Inj 0.0000e+00 (0.0000e+00)	Loss Disc 0.0000e+00 (0.0000e+00)	Loss Pred 4.9063e-01 (5.2242e-01)	Loss TOTAL 4.9063e-01 (5.2287e-01)
Epoch: [9][330/496]	L_Src_Sup 0.0000e+00 (8.8594e-04)	L_Trg_Inj 0.0000e+00 (0.0000e+00)	Loss Disc 0.0000e+00 (0.0000e+00)	Loss Pred 4.7750e-01 (5.2219e-01)	Loss TOTAL 4.7750e-01 (5.2264e-01)
Epoch: [9][340/496]	L_Src_Sup 0.0000e+00 (8.5988e-04)	L_Trg_Inj 0.0000e+00 (0.0000e+00)	Loss Disc 0.0000e+00 (0.0000e+00)	Loss Pred 5.5970e-01 (5.2206e-01)	Loss TOTAL 5.5970e-01 (5.2249e-01)
Epoch: [9][350/496]	L_Src_Sup 0.0000e+00 (9.3178e-04)	L_Trg_Inj 0.0000e+00 (0.0000e+00)	Loss Disc 0.0000e+00 (0.0000e+00)	Loss Pred 5.2194e-01 (5.2221e-01)	Loss TOTAL 5.2194e-01 (5.2268e-01)
Epoch: [9][360/496]	L_Src_Sup 0.0000e+00 (9.0590e-04)	L_Trg_Inj 0.0000e+00 (0.0000e+00)	Loss Disc 0.0000e+00 (0.0000e+00)	Loss Pred 5.3435e-01 (5.2251e-01)	Loss TOTAL 5.3435e-01 (5.2296e-01)
Epoch: [9][370/496]	L_Src_Sup 0.0000e+00 (8.8142e-04)	L_Trg_Inj 0.0000e+00 (0.0000e+00)	Loss Disc 0.0000e+00 (0.0000e+00)	Loss Pred 5.3504e-01 (5.2236e-01)	Loss TOTAL 5.3504e-01 (5.2280e-01)
Epoch: [9][380/496]	L_Src_Sup 0.0000e+00 (8.5822e-04)	L_Trg_Inj 0.0000e+00 (0.0000e+00)	Loss Disc 0.0000e+00 (0.0000e+00)	Loss Pred 5.0314e-01 (5.2253e-01)	Loss TOTAL 5.0314e-01 (5.2296e-01)
Epoch: [9][390/496]	L_Src_Sup 0.0000e+00 (8.3622e-04)	L_Trg_Inj 0.0000e+00 (0.0000e+00)	Loss Disc 0.0000e+00 (0.0000e+00)	Loss Pred 4.9657e-01 (5.2239e-01)	Loss TOTAL 4.9657e-01 (5.2281e-01)
Epoch: [9][400/496]	L_Src_Sup 0.0000e+00 (8.1531e-04)	L_Trg_Inj 0.0000e+00 (0.0000e+00)	Loss Disc 0.0000e+00 (0.0000e+00)	Loss Pred 5.0940e-01 (5.2235e-01)	Loss TOTAL 5.0940e-01 (5.2276e-01)
Epoch: [9][410/496]	L_Src_Sup 0.0000e+00 (7.9543e-04)	L_Trg_Inj 0.0000e+00 (0.0000e+00)	Loss Disc 0.0000e+00 (0.0000e+00)	Loss Pred 5.1553e-01 (5.2267e-01)	Loss TOTAL 5.1553e-01 (5.2307e-01)
Epoch: [9][420/496]	L_Src_Sup 0.0000e+00 (7.8814e-04)	L_Trg_Inj 0.0000e+00 (0.0000e+00)	Loss Disc 0.0000e+00 (0.0000e+00)	Loss Pred 5.4115e-01 (5.2258e-01)	Loss TOTAL 5.4115e-01 (5.2297e-01)
Epoch: [9][430/496]	L_Src_Sup 0.0000e+00 (7.6981e-04)	L_Trg_Inj 0.0000e+00 (0.0000e+00)	Loss Disc 0.0000e+00 (0.0000e+00)	Loss Pred 5.2195e-01 (5.2257e-01)	Loss TOTAL 5.2195e-01 (5.2295e-01)
Epoch: [9][440/496]	L_Src_Sup 0.0000e+00 (7.5232e-04)	L_Trg_Inj 0.0000e+00 (0.0000e+00)	Loss Disc 0.0000e+00 (0.0000e+00)	Loss Pred 4.7132e-01 (5.2265e-01)	Loss TOTAL 4.7132e-01 (5.2303e-01)
Epoch: [9][450/496]	L_Src_Sup 0.0000e+00 (7.3560e-04)	L_Trg_Inj 0.0000e+00 (0.0000e+00)	Loss Disc 0.0000e+00 (0.0000e+00)	Loss Pred 5.3435e-01 (5.2278e-01)	Loss TOTAL 5.3435e-01 (5.2315e-01)
Epoch: [9][460/496]	L_Src_Sup 0.0000e+00 (7.1961e-04)	L_Trg_Inj 0.0000e+00 (0.0000e+00)	Loss Disc 0.0000e+00 (0.0000e+00)	Loss Pred 5.0282e-01 (5.2258e-01)	Loss TOTAL 5.0282e-01 (5.2294e-01)
Epoch: [9][470/496]	L_Src_Sup 0.0000e+00 (7.0430e-04)	L_Trg_Inj 0.0000e+00 (0.0000e+00)	Loss Disc 0.0000e+00 (0.0000e+00)	Loss Pred 5.1546e-01 (5.2260e-01)	Loss TOTAL 5.1546e-01 (5.2295e-01)
Epoch: [9][480/496]	L_Src_Sup 0.0000e+00 (6.8962e-04)	L_Trg_Inj 0.0000e+00 (0.0000e+00)	Loss Disc 0.0000e+00 (0.0000e+00)	Loss Pred 5.3451e-01 (5.2257e-01)	Loss TOTAL 5.3451e-01 (5.2292e-01)
Epoch: [9][490/496]	L_Src_Sup 0.0000e+00 (3.0130e-03)	L_Trg_Inj 0.0000e+00 (0.0000e+00)	Loss Disc 0.0000e+00 (0.0000e+00)	Loss Pred 5.3490e-01 (5.2273e-01)	Loss TOTAL 5.3490e-01 (5.2424e-01)
Epoch: [9][496/496]	L_Src_Sup 0.0000e+00 (2.9765e-03)	L_Trg_Inj 0.0000e+00 (0.0000e+00)	Loss Disc 0.0000e+00 (0.0000e+00)	Loss Pred 5.4092e-01 (5.2276e-01)	Loss TOTAL 5.4092e-01 (5.2425e-01)
Epoch 9 complete. Saving model state...
