Using device: cuda
=== Source-Only Training Mode (No Target Domain) ===
Loading Source Train...
Using Mean/Std from Source Train (mean[0]=21.754703609461878, std[0]=2.2355389743796428)
Epoch: [0][ 10/496]	L_Src_Sup 1.9997e+00 (1.9999e+00)	L_Trg_Inj 0.0000e+00 (0.0000e+00)	Loss Disc 0.0000e+00 (0.0000e+00)	Loss Pred 8.7723e-01 (8.3843e-01)	Loss TOTAL 1.8771e+00 (1.8384e+00)
Epoch: [0][ 20/496]	L_Src_Sup 1.5187e+00 (1.8975e+00)	L_Trg_Inj 0.0000e+00 (0.0000e+00)	Loss Disc 0.0000e+00 (0.0000e+00)	Loss Pred 8.7599e-01 (8.4370e-01)	Loss TOTAL 1.6353e+00 (1.7925e+00)
Epoch: [0][ 30/496]	L_Src_Sup 1.1966e+00 (1.7300e+00)	L_Trg_Inj 0.0000e+00 (0.0000e+00)	Loss Disc 0.0000e+00 (0.0000e+00)	Loss Pred 8.2387e-01 (8.3648e-01)	Loss TOTAL 1.4222e+00 (1.7015e+00)
Epoch: [0][ 40/496]	L_Src_Sup 1.2217e+00 (1.6366e+00)	L_Trg_Inj 0.0000e+00 (0.0000e+00)	Loss Disc 0.0000e+00 (0.0000e+00)	Loss Pred 8.0173e-01 (8.3121e-01)	Loss TOTAL 1.4126e+00 (1.6495e+00)
Epoch: [0][ 50/496]	L_Src_Sup 6.6474e-01 (1.4659e+00)	L_Trg_Inj 0.0000e+00 (0.0000e+00)	Loss Disc 0.0000e+00 (0.0000e+00)	Loss Pred 7.7860e-01 (8.2861e-01)	Loss TOTAL 1.1110e+00 (1.5616e+00)
Epoch: [0][ 60/496]	L_Src_Sup 5.6809e-01 (1.3167e+00)	L_Trg_Inj 0.0000e+00 (0.0000e+00)	Loss Disc 0.0000e+00 (0.0000e+00)	Loss Pred 7.7297e-01 (8.2730e-01)	Loss TOTAL 1.0570e+00 (1.4856e+00)
Epoch: [0][ 70/496]	L_Src_Sup 5.0753e-01 (1.2061e+00)	L_Trg_Inj 0.0000e+00 (0.0000e+00)	Loss Disc 0.0000e+00 (0.0000e+00)	Loss Pred 8.3830e-01 (8.2519e-01)	Loss TOTAL 1.0921e+00 (1.4282e+00)
Epoch: [0][ 80/496]	L_Src_Sup 7.3784e-01 (1.1195e+00)	L_Trg_Inj 0.0000e+00 (0.0000e+00)	Loss Disc 0.0000e+00 (0.0000e+00)	Loss Pred 7.7080e-01 (8.2250e-01)	Loss TOTAL 1.1397e+00 (1.3823e+00)
Epoch: [0][ 90/496]	L_Src_Sup 5.3136e-01 (1.0460e+00)	L_Trg_Inj 0.0000e+00 (0.0000e+00)	Loss Disc 0.0000e+00 (0.0000e+00)	Loss Pred 7.8464e-01 (8.1780e-01)	Loss TOTAL 1.0503e+00 (1.3408e+00)
Epoch: [0][100/496]	L_Src_Sup 5.6618e-01 (9.8102e-01)	L_Trg_Inj 0.0000e+00 (0.0000e+00)	Loss Disc 0.0000e+00 (0.0000e+00)	Loss Pred 7.5233e-01 (8.1615e-01)	Loss TOTAL 1.0354e+00 (1.3067e+00)
Epoch: [0][110/496]	L_Src_Sup 2.8404e-01 (9.2841e-01)	L_Trg_Inj 0.0000e+00 (0.0000e+00)	Loss Disc 0.0000e+00 (0.0000e+00)	Loss Pred 7.9309e-01 (8.1185e-01)	Loss TOTAL 9.3510e-01 (1.2760e+00)
Epoch: [0][120/496]	L_Src_Sup 2.3677e-01 (8.8030e-01)	L_Trg_Inj 0.0000e+00 (0.0000e+00)	Loss Disc 0.0000e+00 (0.0000e+00)	Loss Pred 7.8736e-01 (8.0804e-01)	Loss TOTAL 9.0575e-01 (1.2482e+00)
Epoch: [0][130/496]	L_Src_Sup 2.3545e-01 (8.4156e-01)	L_Trg_Inj 0.0000e+00 (0.0000e+00)	Loss Disc 0.0000e+00 (0.0000e+00)	Loss Pred 8.7784e-01 (8.0592e-01)	Loss TOTAL 9.9556e-01 (1.2267e+00)
Epoch: [0][140/496]	L_Src_Sup 6.7222e-01 (8.0762e-01)	L_Trg_Inj 0.0000e+00 (0.0000e+00)	Loss Disc 0.0000e+00 (0.0000e+00)	Loss Pred 7.5195e-01 (8.0340e-01)	Loss TOTAL 1.0881e+00 (1.2072e+00)
Epoch: [0][150/496]	L_Src_Sup 1.6302e-01 (7.7315e-01)	L_Trg_Inj 0.0000e+00 (0.0000e+00)	Loss Disc 0.0000e+00 (0.0000e+00)	Loss Pred 7.0998e-01 (8.0030e-01)	Loss TOTAL 7.9149e-01 (1.1869e+00)
Epoch: [0][160/496]	L_Src_Sup 3.0700e-01 (7.4333e-01)	L_Trg_Inj 0.0000e+00 (0.0000e+00)	Loss Disc 0.0000e+00 (0.0000e+00)	Loss Pred 6.6797e-01 (7.9641e-01)	Loss TOTAL 8.2147e-01 (1.1681e+00)
Epoch: [0][170/496]	L_Src_Sup 1.0443e-01 (7.0617e-01)	L_Trg_Inj 0.0000e+00 (0.0000e+00)	Loss Disc 0.0000e+00 (0.0000e+00)	Loss Pred 7.1351e-01 (7.9356e-01)	Loss TOTAL 7.6573e-01 (1.1466e+00)
Epoch: [0][180/496]	L_Src_Sup 2.2021e-01 (6.7306e-01)	L_Trg_Inj 0.0000e+00 (0.0000e+00)	Loss Disc 0.0000e+00 (0.0000e+00)	Loss Pred 7.4425e-01 (7.8978e-01)	Loss TOTAL 8.5436e-01 (1.1263e+00)
Epoch: [0][190/496]	L_Src_Sup 5.0537e-02 (6.4381e-01)	L_Trg_Inj 0.0000e+00 (0.0000e+00)	Loss Disc 0.0000e+00 (0.0000e+00)	Loss Pred 7.5106e-01 (7.8679e-01)	Loss TOTAL 7.7633e-01 (1.1087e+00)
Epoch: [0][200/496]	L_Src_Sup 5.9258e-02 (6.1618e-01)	L_Trg_Inj 0.0000e+00 (0.0000e+00)	Loss Disc 0.0000e+00 (0.0000e+00)	Loss Pred 6.7021e-01 (7.8327e-01)	Loss TOTAL 6.9984e-01 (1.0914e+00)
Epoch: [0][210/496]	L_Src_Sup 6.1136e-02 (5.9107e-01)	L_Trg_Inj 0.0000e+00 (0.0000e+00)	Loss Disc 0.0000e+00 (0.0000e+00)	Loss Pred 7.1774e-01 (7.7931e-01)	Loss TOTAL 7.4830e-01 (1.0748e+00)
Epoch: [0][220/496]	L_Src_Sup 4.9625e-02 (5.6735e-01)	L_Trg_Inj 0.0000e+00 (0.0000e+00)	Loss Disc 0.0000e+00 (0.0000e+00)	Loss Pred 6.9891e-01 (7.7545e-01)	Loss TOTAL 7.2373e-01 (1.0591e+00)
Epoch: [0][230/496]	L_Src_Sup 5.5204e-01 (5.5132e-01)	L_Trg_Inj 0.0000e+00 (0.0000e+00)	Loss Disc 0.0000e+00 (0.0000e+00)	Loss Pred 7.2885e-01 (7.7249e-01)	Loss TOTAL 1.0049e+00 (1.0481e+00)
Epoch: [0][240/496]	L_Src_Sup 4.6038e-02 (5.3593e-01)	L_Trg_Inj 0.0000e+00 (0.0000e+00)	Loss Disc 0.0000e+00 (0.0000e+00)	Loss Pred 7.2708e-01 (7.6917e-01)	Loss TOTAL 7.5010e-01 (1.0371e+00)
Epoch: [0][250/496]	L_Src_Sup 8.7452e-02 (5.1734e-01)	L_Trg_Inj 0.0000e+00 (0.0000e+00)	Loss Disc 0.0000e+00 (0.0000e+00)	Loss Pred 7.0656e-01 (7.6589e-01)	Loss TOTAL 7.5028e-01 (1.0246e+00)
Epoch: [0][260/496]	L_Src_Sup 4.6994e-02 (4.9880e-01)	L_Trg_Inj 0.0000e+00 (0.0000e+00)	Loss Disc 0.0000e+00 (0.0000e+00)	Loss Pred 6.6594e-01 (7.6241e-01)	Loss TOTAL 6.8944e-01 (1.0118e+00)
Epoch: [0][270/496]	L_Src_Sup 3.8805e-02 (4.8533e-01)	L_Trg_Inj 0.0000e+00 (0.0000e+00)	Loss Disc 0.0000e+00 (0.0000e+00)	Loss Pred 6.0995e-01 (7.5911e-01)	Loss TOTAL 6.2935e-01 (1.0018e+00)
Epoch: [0][280/496]	L_Src_Sup 1.0153e-01 (4.6982e-01)	L_Trg_Inj 0.0000e+00 (0.0000e+00)	Loss Disc 0.0000e+00 (0.0000e+00)	Loss Pred 7.0195e-01 (7.5561e-01)	Loss TOTAL 7.5272e-01 (9.9052e-01)
Epoch: [0][290/496]	L_Src_Sup 4.2018e-02 (4.5463e-01)	L_Trg_Inj 0.0000e+00 (0.0000e+00)	Loss Disc 0.0000e+00 (0.0000e+00)	Loss Pred 6.2626e-01 (7.5187e-01)	Loss TOTAL 6.4727e-01 (9.7918e-01)
Epoch: [0][300/496]	L_Src_Sup 2.9704e-03 (4.4028e-01)	L_Trg_Inj 0.0000e+00 (0.0000e+00)	Loss Disc 0.0000e+00 (0.0000e+00)	Loss Pred 6.7326e-01 (7.4850e-01)	Loss TOTAL 6.7474e-01 (9.6863e-01)
Epoch: [0][310/496]	L_Src_Sup 1.7548e-02 (4.2677e-01)	L_Trg_Inj 0.0000e+00 (0.0000e+00)	Loss Disc 0.0000e+00 (0.0000e+00)	Loss Pred 6.3723e-01 (7.4540e-01)	Loss TOTAL 6.4600e-01 (9.5879e-01)
Epoch: [0][320/496]	L_Src_Sup 6.9270e-02 (4.1422e-01)	L_Trg_Inj 0.0000e+00 (0.0000e+00)	Loss Disc 0.0000e+00 (0.0000e+00)	Loss Pred 6.3985e-01 (7.4203e-01)	Loss TOTAL 6.7449e-01 (9.4914e-01)
Epoch: [0][330/496]	L_Src_Sup 0.0000e+00 (4.0326e-01)	L_Trg_Inj 0.0000e+00 (0.0000e+00)	Loss Disc 0.0000e+00 (0.0000e+00)	Loss Pred 6.2067e-01 (7.3864e-01)	Loss TOTAL 6.2067e-01 (9.4027e-01)
Epoch: [0][340/496]	L_Src_Sup 1.7717e-02 (3.9211e-01)	L_Trg_Inj 0.0000e+00 (0.0000e+00)	Loss Disc 0.0000e+00 (0.0000e+00)	Loss Pred 6.3984e-01 (7.3549e-01)	Loss TOTAL 6.4869e-01 (9.3155e-01)
Epoch: [0][350/496]	L_Src_Sup 3.5351e-02 (3.8153e-01)	L_Trg_Inj 0.0000e+00 (0.0000e+00)	Loss Disc 0.0000e+00 (0.0000e+00)	Loss Pred 6.3222e-01 (7.3229e-01)	Loss TOTAL 6.4989e-01 (9.2306e-01)
Epoch: [0][360/496]	L_Src_Sup 1.2156e-01 (3.7211e-01)	L_Trg_Inj 0.0000e+00 (0.0000e+00)	Loss Disc 0.0000e+00 (0.0000e+00)	Loss Pred 6.2692e-01 (7.2914e-01)	Loss TOTAL 6.8770e-01 (9.1519e-01)
Epoch: [0][370/496]	L_Src_Sup 3.6587e-02 (3.6429e-01)	L_Trg_Inj 0.0000e+00 (0.0000e+00)	Loss Disc 0.0000e+00 (0.0000e+00)	Loss Pred 6.2863e-01 (7.2608e-01)	Loss TOTAL 6.4692e-01 (9.0823e-01)
Epoch: [0][380/496]	L_Src_Sup 1.7998e-04 (3.5512e-01)	L_Trg_Inj 0.0000e+00 (0.0000e+00)	Loss Disc 0.0000e+00 (0.0000e+00)	Loss Pred 5.8875e-01 (7.2292e-01)	Loss TOTAL 5.8884e-01 (9.0048e-01)
Epoch: [0][390/496]	L_Src_Sup 3.3340e-01 (3.5221e-01)	L_Trg_Inj 0.0000e+00 (0.0000e+00)	Loss Disc 0.0000e+00 (0.0000e+00)	Loss Pred 6.8305e-01 (7.2051e-01)	Loss TOTAL 8.4975e-01 (8.9661e-01)
Epoch: [0][400/496]	L_Src_Sup 2.5886e-02 (3.4686e-01)	L_Trg_Inj 0.0000e+00 (0.0000e+00)	Loss Disc 0.0000e+00 (0.0000e+00)	Loss Pred 6.1604e-01 (7.1797e-01)	Loss TOTAL 6.2899e-01 (8.9140e-01)
Epoch: [0][410/496]	L_Src_Sup 1.9415e-02 (3.3913e-01)	L_Trg_Inj 0.0000e+00 (0.0000e+00)	Loss Disc 0.0000e+00 (0.0000e+00)	Loss Pred 5.9673e-01 (7.1497e-01)	Loss TOTAL 6.0643e-01 (8.8453e-01)
Epoch: [0][420/496]	L_Src_Sup 1.0254e-02 (3.3155e-01)	L_Trg_Inj 0.0000e+00 (0.0000e+00)	Loss Disc 0.0000e+00 (0.0000e+00)	Loss Pred 5.7283e-01 (7.1193e-01)	Loss TOTAL 5.7796e-01 (8.7771e-01)
Epoch: [0][430/496]	L_Src_Sup 5.5032e-04 (3.2420e-01)	L_Trg_Inj 0.0000e+00 (0.0000e+00)	Loss Disc 0.0000e+00 (0.0000e+00)	Loss Pred 5.9094e-01 (7.0908e-01)	Loss TOTAL 5.9121e-01 (8.7118e-01)
Epoch: [0][440/496]	L_Src_Sup 1.1554e-02 (3.1733e-01)	L_Trg_Inj 0.0000e+00 (0.0000e+00)	Loss Disc 0.0000e+00 (0.0000e+00)	Loss Pred 5.6467e-01 (7.0638e-01)	Loss TOTAL 5.7045e-01 (8.6504e-01)
Epoch: [0][450/496]	L_Src_Sup 9.9706e-06 (3.1084e-01)	L_Trg_Inj 0.0000e+00 (0.0000e+00)	Loss Disc 0.0000e+00 (0.0000e+00)	Loss Pred 5.7953e-01 (7.0345e-01)	Loss TOTAL 5.7954e-01 (8.5887e-01)
Epoch: [0][460/496]	L_Src_Sup 0.0000e+00 (3.0446e-01)	L_Trg_Inj 0.0000e+00 (0.0000e+00)	Loss Disc 0.0000e+00 (0.0000e+00)	Loss Pred 5.6534e-01 (7.0031e-01)	Loss TOTAL 5.6534e-01 (8.5254e-01)
Epoch: [0][470/496]	L_Src_Sup 0.0000e+00 (2.9826e-01)	L_Trg_Inj 0.0000e+00 (0.0000e+00)	Loss Disc 0.0000e+00 (0.0000e+00)	Loss Pred 5.6078e-01 (6.9711e-01)	Loss TOTAL 5.6078e-01 (8.4624e-01)
Epoch: [0][480/496]	L_Src_Sup 2.6164e-02 (2.9250e-01)	L_Trg_Inj 0.0000e+00 (0.0000e+00)	Loss Disc 0.0000e+00 (0.0000e+00)	Loss Pred 5.6231e-01 (6.9436e-01)	Loss TOTAL 5.7539e-01 (8.4060e-01)
Epoch: [0][490/496]	L_Src_Sup 1.6483e-02 (2.8703e-01)	L_Trg_Inj 0.0000e+00 (0.0000e+00)	Loss Disc 0.0000e+00 (0.0000e+00)	Loss Pred 5.6934e-01 (6.9161e-01)	Loss TOTAL 5.7758e-01 (8.3512e-01)
Epoch: [0][496/496]	L_Src_Sup 3.3862e-02 (2.8443e-01)	L_Trg_Inj 0.0000e+00 (0.0000e+00)	Loss Disc 0.0000e+00 (0.0000e+00)	Loss Pred 5.3202e-01 (6.8977e-01)	Loss TOTAL 5.4895e-01 (8.3198e-01)
Epoch 0 complete. Saving model state...
Epoch: [1][ 10/496]	L_Src_Sup 1.8969e-02 (3.8055e-02)	L_Trg_Inj 0.0000e+00 (0.0000e+00)	Loss Disc 0.0000e+00 (0.0000e+00)	Loss Pred 5.0044e-01 (5.3357e-01)	Loss TOTAL 5.0992e-01 (5.5260e-01)
Epoch: [1][ 20/496]	L_Src_Sup 5.7056e-03 (3.1363e-02)	L_Trg_Inj 0.0000e+00 (0.0000e+00)	Loss Disc 0.0000e+00 (0.0000e+00)	Loss Pred 5.3287e-01 (5.3811e-01)	Loss TOTAL 5.3573e-01 (5.5379e-01)
Epoch: [1][ 30/496]	L_Src_Sup 2.1488e-02 (2.8667e-02)	L_Trg_Inj 0.0000e+00 (0.0000e+00)	Loss Disc 0.0000e+00 (0.0000e+00)	Loss Pred 5.4690e-01 (5.3152e-01)	Loss TOTAL 5.5764e-01 (5.4585e-01)
Epoch: [1][ 40/496]	L_Src_Sup 5.5374e-05 (2.5980e-02)	L_Trg_Inj 0.0000e+00 (0.0000e+00)	Loss Disc 0.0000e+00 (0.0000e+00)	Loss Pred 4.8679e-01 (5.2896e-01)	Loss TOTAL 4.8682e-01 (5.4194e-01)
Epoch: [1][ 50/496]	L_Src_Sup 2.1071e-02 (2.4333e-02)	L_Trg_Inj 0.0000e+00 (0.0000e+00)	Loss Disc 0.0000e+00 (0.0000e+00)	Loss Pred 5.1584e-01 (5.2639e-01)	Loss TOTAL 5.2638e-01 (5.3856e-01)
Epoch: [1][ 60/496]	L_Src_Sup 1.9938e-03 (2.4234e-02)	L_Trg_Inj 0.0000e+00 (0.0000e+00)	Loss Disc 0.0000e+00 (0.0000e+00)	Loss Pred 5.2637e-01 (5.2462e-01)	Loss TOTAL 5.2737e-01 (5.3674e-01)
Epoch: [1][ 70/496]	L_Src_Sup 2.7135e-03 (2.1239e-02)	L_Trg_Inj 0.0000e+00 (0.0000e+00)	Loss Disc 0.0000e+00 (0.0000e+00)	Loss Pred 5.1480e-01 (5.2237e-01)	Loss TOTAL 5.1616e-01 (5.3299e-01)
Epoch: [1][ 80/496]	L_Src_Sup 0.0000e+00 (2.0268e-02)	L_Trg_Inj 0.0000e+00 (0.0000e+00)	Loss Disc 0.0000e+00 (0.0000e+00)	Loss Pred 4.8485e-01 (5.2019e-01)	Loss TOTAL 4.8485e-01 (5.3033e-01)
Epoch: [1][ 90/496]	L_Src_Sup 6.2549e-02 (2.0782e-02)	L_Trg_Inj 0.0000e+00 (0.0000e+00)	Loss Disc 0.0000e+00 (0.0000e+00)	Loss Pred 5.1933e-01 (5.1968e-01)	Loss TOTAL 5.5061e-01 (5.3007e-01)
Epoch: [1][100/496]	L_Src_Sup 1.5055e-01 (5.0131e-02)	L_Trg_Inj 0.0000e+00 (0.0000e+00)	Loss Disc 0.0000e+00 (0.0000e+00)	Loss Pred 5.3683e-01 (5.2377e-01)	Loss TOTAL 6.1210e-01 (5.4883e-01)
Epoch: [1][110/496]	L_Src_Sup 7.6020e-02 (5.4245e-02)	L_Trg_Inj 0.0000e+00 (0.0000e+00)	Loss Disc 0.0000e+00 (0.0000e+00)	Loss Pred 5.0159e-01 (5.2269e-01)	Loss TOTAL 5.3960e-01 (5.4981e-01)
Epoch: [1][120/496]	L_Src_Sup 2.8072e-02 (5.1704e-02)	L_Trg_Inj 0.0000e+00 (0.0000e+00)	Loss Disc 0.0000e+00 (0.0000e+00)	Loss Pred 5.1354e-01 (5.2120e-01)	Loss TOTAL 5.2757e-01 (5.4705e-01)
Epoch: [1][130/496]	L_Src_Sup 1.8381e-02 (4.9949e-02)	L_Trg_Inj 0.0000e+00 (0.0000e+00)	Loss Disc 0.0000e+00 (0.0000e+00)	Loss Pred 5.3241e-01 (5.1974e-01)	Loss TOTAL 5.4160e-01 (5.4471e-01)
Epoch: [1][140/496]	L_Src_Sup 3.5700e-02 (4.7274e-02)	L_Trg_Inj 0.0000e+00 (0.0000e+00)	Loss Disc 0.0000e+00 (0.0000e+00)	Loss Pred 4.9090e-01 (5.1799e-01)	Loss TOTAL 5.0875e-01 (5.4162e-01)
Epoch: [1][150/496]	L_Src_Sup 1.7701e-02 (4.5212e-02)	L_Trg_Inj 0.0000e+00 (0.0000e+00)	Loss Disc 0.0000e+00 (0.0000e+00)	Loss Pred 4.8343e-01 (5.1612e-01)	Loss TOTAL 4.9228e-01 (5.3872e-01)
Epoch: [1][160/496]	L_Src_Sup 3.6353e-02 (4.3592e-02)	L_Trg_Inj 0.0000e+00 (0.0000e+00)	Loss Disc 0.0000e+00 (0.0000e+00)	Loss Pred 5.0161e-01 (5.1446e-01)	Loss TOTAL 5.1979e-01 (5.3626e-01)
Epoch: [1][170/496]	L_Src_Sup 3.8409e-05 (4.2004e-02)	L_Trg_Inj 0.0000e+00 (0.0000e+00)	Loss Disc 0.0000e+00 (0.0000e+00)	Loss Pred 4.8579e-01 (5.1276e-01)	Loss TOTAL 4.8581e-01 (5.3376e-01)
Epoch: [1][180/496]	L_Src_Sup 3.4776e-02 (4.0544e-02)	L_Trg_Inj 0.0000e+00 (0.0000e+00)	Loss Disc 0.0000e+00 (0.0000e+00)	Loss Pred 4.6970e-01 (5.1153e-01)	Loss TOTAL 4.8708e-01 (5.3180e-01)
Epoch: [1][190/496]	L_Src_Sup 1.7019e-02 (3.9670e-02)	L_Trg_Inj 0.0000e+00 (0.0000e+00)	Loss Disc 0.0000e+00 (0.0000e+00)	Loss Pred 4.6081e-01 (5.1020e-01)	Loss TOTAL 4.6932e-01 (5.3003e-01)
Epoch: [1][200/496]	L_Src_Sup 1.1579e-01 (4.0986e-02)	L_Trg_Inj 0.0000e+00 (0.0000e+00)	Loss Disc 0.0000e+00 (0.0000e+00)	Loss Pred 5.2015e-01 (5.0926e-01)	Loss TOTAL 5.7804e-01 (5.2975e-01)
Epoch: [1][210/496]	L_Src_Sup 1.5918e-02 (4.2465e-02)	L_Trg_Inj 0.0000e+00 (0.0000e+00)	Loss Disc 0.0000e+00 (0.0000e+00)	Loss Pred 4.8464e-01 (5.0842e-01)	Loss TOTAL 4.9260e-01 (5.2965e-01)
Epoch: [1][220/496]	L_Src_Sup 2.9266e-03 (4.1035e-02)	L_Trg_Inj 0.0000e+00 (0.0000e+00)	Loss Disc 0.0000e+00 (0.0000e+00)	Loss Pred 4.5693e-01 (5.0784e-01)	Loss TOTAL 4.5839e-01 (5.2835e-01)
Epoch: [1][230/496]	L_Src_Sup 7.1673e-03 (4.0169e-02)	L_Trg_Inj 0.0000e+00 (0.0000e+00)	Loss Disc 0.0000e+00 (0.0000e+00)	Loss Pred 4.9558e-01 (5.0703e-01)	Loss TOTAL 4.9916e-01 (5.2712e-01)
Epoch: [1][240/496]	L_Src_Sup 0.0000e+00 (3.9697e-02)	L_Trg_Inj 0.0000e+00 (0.0000e+00)	Loss Disc 0.0000e+00 (0.0000e+00)	Loss Pred 4.6839e-01 (5.0620e-01)	Loss TOTAL 4.6839e-01 (5.2605e-01)
Epoch: [1][250/496]	L_Src_Sup 0.0000e+00 (3.9005e-02)	L_Trg_Inj 0.0000e+00 (0.0000e+00)	Loss Disc 0.0000e+00 (0.0000e+00)	Loss Pred 5.3142e-01 (5.0595e-01)	Loss TOTAL 5.3142e-01 (5.2545e-01)
Epoch: [1][260/496]	L_Src_Sup 1.7668e-02 (3.8272e-02)	L_Trg_Inj 0.0000e+00 (0.0000e+00)	Loss Disc 0.0000e+00 (0.0000e+00)	Loss Pred 4.8146e-01 (5.0569e-01)	Loss TOTAL 4.9029e-01 (5.2482e-01)
Epoch: [1][270/496]	L_Src_Sup 0.0000e+00 (3.7582e-02)	L_Trg_Inj 0.0000e+00 (0.0000e+00)	Loss Disc 0.0000e+00 (0.0000e+00)	Loss Pred 5.1249e-01 (5.0523e-01)	Loss TOTAL 5.1249e-01 (5.2402e-01)
Epoch: [1][280/496]	L_Src_Sup 0.0000e+00 (3.6620e-02)	L_Trg_Inj 0.0000e+00 (0.0000e+00)	Loss Disc 0.0000e+00 (0.0000e+00)	Loss Pred 4.8700e-01 (5.0460e-01)	Loss TOTAL 4.8700e-01 (5.2291e-01)
Epoch: [1][290/496]	L_Src_Sup 3.5101e-02 (3.6098e-02)	L_Trg_Inj 0.0000e+00 (0.0000e+00)	Loss Disc 0.0000e+00 (0.0000e+00)	Loss Pred 4.8382e-01 (5.0393e-01)	Loss TOTAL 5.0137e-01 (5.2198e-01)
Epoch: [1][300/496]	L_Src_Sup 0.0000e+00 (3.5364e-02)	L_Trg_Inj 0.0000e+00 (0.0000e+00)	Loss Disc 0.0000e+00 (0.0000e+00)	Loss Pred 4.7588e-01 (5.0321e-01)	Loss TOTAL 4.7588e-01 (5.2089e-01)
Epoch: [1][310/496]	L_Src_Sup 1.1935e-05 (3.4584e-02)	L_Trg_Inj 0.0000e+00 (0.0000e+00)	Loss Disc 0.0000e+00 (0.0000e+00)	Loss Pred 4.5558e-01 (5.0248e-01)	Loss TOTAL 4.5558e-01 (5.1978e-01)
Epoch: [1][320/496]	L_Src_Sup 0.0000e+00 (3.3931e-02)	L_Trg_Inj 0.0000e+00 (0.0000e+00)	Loss Disc 0.0000e+00 (0.0000e+00)	Loss Pred 4.6876e-01 (5.0145e-01)	Loss TOTAL 4.6876e-01 (5.1841e-01)
Epoch: [1][330/496]	L_Src_Sup 1.6571e-02 (3.3157e-02)	L_Trg_Inj 0.0000e+00 (0.0000e+00)	Loss Disc 0.0000e+00 (0.0000e+00)	Loss Pred 5.0571e-01 (5.0074e-01)	Loss TOTAL 5.1400e-01 (5.1732e-01)
Epoch: [1][340/496]	L_Src_Sup 2.2139e-02 (3.2325e-02)	L_Trg_Inj 0.0000e+00 (0.0000e+00)	Loss Disc 0.0000e+00 (0.0000e+00)	Loss Pred 5.0800e-01 (5.0039e-01)	Loss TOTAL 5.1907e-01 (5.1655e-01)
Epoch: [1][350/496]	L_Src_Sup 1.4542e-02 (3.1835e-02)	L_Trg_Inj 0.0000e+00 (0.0000e+00)	Loss Disc 0.0000e+00 (0.0000e+00)	Loss Pred 4.4916e-01 (4.9972e-01)	Loss TOTAL 4.5643e-01 (5.1563e-01)
Epoch: [1][360/496]	L_Src_Sup 1.6126e-02 (3.2268e-02)	L_Trg_Inj 0.0000e+00 (0.0000e+00)	Loss Disc 0.0000e+00 (0.0000e+00)	Loss Pred 4.7845e-01 (4.9989e-01)	Loss TOTAL 4.8651e-01 (5.1602e-01)
Epoch: [1][370/496]	L_Src_Sup 1.8028e-01 (3.5884e-02)	L_Trg_Inj 0.0000e+00 (0.0000e+00)	Loss Disc 0.0000e+00 (0.0000e+00)	Loss Pred 4.8998e-01 (5.0030e-01)	Loss TOTAL 5.8011e-01 (5.1824e-01)
Epoch: [1][380/496]	L_Src_Sup 1.9507e-02 (3.9848e-02)	L_Trg_Inj 0.0000e+00 (0.0000e+00)	Loss Disc 0.0000e+00 (0.0000e+00)	Loss Pred 4.9152e-01 (5.0057e-01)	Loss TOTAL 5.0128e-01 (5.2050e-01)
Epoch: [1][390/496]	L_Src_Sup 0.0000e+00 (3.9367e-02)	L_Trg_Inj 0.0000e+00 (0.0000e+00)	Loss Disc 0.0000e+00 (0.0000e+00)	Loss Pred 5.0143e-01 (5.0034e-01)	Loss TOTAL 5.0143e-01 (5.2003e-01)
Epoch: [1][400/496]	L_Src_Sup 3.3496e-02 (3.8848e-02)	L_Trg_Inj 0.0000e+00 (0.0000e+00)	Loss Disc 0.0000e+00 (0.0000e+00)	Loss Pred 4.9317e-01 (5.0003e-01)	Loss TOTAL 5.0992e-01 (5.1945e-01)
Epoch: [1][410/496]	L_Src_Sup 0.0000e+00 (3.8386e-02)	L_Trg_Inj 0.0000e+00 (0.0000e+00)	Loss Disc 0.0000e+00 (0.0000e+00)	Loss Pred 4.6251e-01 (4.9950e-01)	Loss TOTAL 4.6251e-01 (5.1870e-01)
Epoch: [1][420/496]	L_Src_Sup 1.7127e-02 (3.7665e-02)	L_Trg_Inj 0.0000e+00 (0.0000e+00)	Loss Disc 0.0000e+00 (0.0000e+00)	Loss Pred 5.0729e-01 (4.9913e-01)	Loss TOTAL 5.1585e-01 (5.1796e-01)
Epoch: [1][430/496]	L_Src_Sup 1.8688e-02 (3.7094e-02)	L_Trg_Inj 0.0000e+00 (0.0000e+00)	Loss Disc 0.0000e+00 (0.0000e+00)	Loss Pred 5.2131e-01 (4.9882e-01)	Loss TOTAL 5.3065e-01 (5.1736e-01)
Epoch: [1][440/496]	L_Src_Sup 1.8817e-04 (3.6366e-02)	L_Trg_Inj 0.0000e+00 (0.0000e+00)	Loss Disc 0.0000e+00 (0.0000e+00)	Loss Pred 4.4256e-01 (4.9820e-01)	Loss TOTAL 4.4266e-01 (5.1638e-01)
Epoch: [1][450/496]	L_Src_Sup 3.4978e-01 (3.7247e-02)	L_Trg_Inj 0.0000e+00 (0.0000e+00)	Loss Disc 0.0000e+00 (0.0000e+00)	Loss Pred 5.5250e-01 (4.9804e-01)	Loss TOTAL 7.2739e-01 (5.1666e-01)
Epoch: [1][460/496]	L_Src_Sup 0.0000e+00 (3.8684e-02)	L_Trg_Inj 0.0000e+00 (0.0000e+00)	Loss Disc 0.0000e+00 (0.0000e+00)	Loss Pred 5.1352e-01 (4.9809e-01)	Loss TOTAL 5.1352e-01 (5.1744e-01)
Epoch: [1][470/496]	L_Src_Sup 1.0270e-02 (3.9141e-02)	L_Trg_Inj 0.0000e+00 (0.0000e+00)	Loss Disc 0.0000e+00 (0.0000e+00)	Loss Pred 4.8427e-01 (4.9791e-01)	Loss TOTAL 4.8940e-01 (5.1748e-01)
Epoch: [1][480/496]	L_Src_Sup 3.9402e-03 (3.8708e-02)	L_Trg_Inj 0.0000e+00 (0.0000e+00)	Loss Disc 0.0000e+00 (0.0000e+00)	Loss Pred 4.2971e-01 (4.9754e-01)	Loss TOTAL 4.3168e-01 (5.1689e-01)
Epoch: [1][490/496]	L_Src_Sup 0.0000e+00 (3.8024e-02)	L_Trg_Inj 0.0000e+00 (0.0000e+00)	Loss Disc 0.0000e+00 (0.0000e+00)	Loss Pred 4.9262e-01 (4.9749e-01)	Loss TOTAL 4.9262e-01 (5.1650e-01)
Epoch: [1][496/496]	L_Src_Sup 0.0000e+00 (3.7742e-02)	L_Trg_Inj 0.0000e+00 (0.0000e+00)	Loss Disc 0.0000e+00 (0.0000e+00)	Loss Pred 4.6718e-01 (4.9746e-01)	Loss TOTAL 4.6718e-01 (5.1634e-01)
Epoch 1 complete. Saving model state...
Epoch: [2][ 10/496]	L_Src_Sup 0.0000e+00 (3.6282e-03)	L_Trg_Inj 0.0000e+00 (0.0000e+00)	Loss Disc 0.0000e+00 (0.0000e+00)	Loss Pred 4.8772e-01 (4.9885e-01)	Loss TOTAL 4.8772e-01 (5.0067e-01)
Epoch: [2][ 20/496]	L_Src_Sup 5.4263e-02 (7.1960e-03)	L_Trg_Inj 0.0000e+00 (0.0000e+00)	Loss Disc 0.0000e+00 (0.0000e+00)	Loss Pred 5.0006e-01 (4.9512e-01)	Loss TOTAL 5.2720e-01 (4.9871e-01)
Epoch: [2][ 30/496]	L_Src_Sup 0.0000e+00 (9.8673e-03)	L_Trg_Inj 0.0000e+00 (0.0000e+00)	Loss Disc 0.0000e+00 (0.0000e+00)	Loss Pred 4.8727e-01 (4.9320e-01)	Loss TOTAL 4.8727e-01 (4.9813e-01)
Epoch: [2][ 40/496]	L_Src_Sup 0.0000e+00 (1.0215e-02)	L_Trg_Inj 0.0000e+00 (0.0000e+00)	Loss Disc 0.0000e+00 (0.0000e+00)	Loss Pred 4.7392e-01 (4.9354e-01)	Loss TOTAL 4.7392e-01 (4.9865e-01)
Epoch: [2][ 50/496]	L_Src_Sup 0.0000e+00 (1.0282e-02)	L_Trg_Inj 0.0000e+00 (0.0000e+00)	Loss Disc 0.0000e+00 (0.0000e+00)	Loss Pred 5.1143e-01 (4.9139e-01)	Loss TOTAL 5.1143e-01 (4.9653e-01)
Epoch: [2][ 60/496]	L_Src_Sup 0.0000e+00 (1.0641e-02)	L_Trg_Inj 0.0000e+00 (0.0000e+00)	Loss Disc 0.0000e+00 (0.0000e+00)	Loss Pred 4.6715e-01 (4.8746e-01)	Loss TOTAL 4.6715e-01 (4.9278e-01)
Epoch: [2][ 70/496]	L_Src_Sup 0.0000e+00 (9.5892e-03)	L_Trg_Inj 0.0000e+00 (0.0000e+00)	Loss Disc 0.0000e+00 (0.0000e+00)	Loss Pred 4.7323e-01 (4.8575e-01)	Loss TOTAL 4.7323e-01 (4.9055e-01)
Epoch: [2][ 80/496]	L_Src_Sup 0.0000e+00 (9.2689e-03)	L_Trg_Inj 0.0000e+00 (0.0000e+00)	Loss Disc 0.0000e+00 (0.0000e+00)	Loss Pred 4.6062e-01 (4.8436e-01)	Loss TOTAL 4.6062e-01 (4.8899e-01)
Epoch: [2][ 90/496]	L_Src_Sup 8.6992e-03 (8.9624e-03)	L_Trg_Inj 0.0000e+00 (0.0000e+00)	Loss Disc 0.0000e+00 (0.0000e+00)	Loss Pred 4.8046e-01 (4.8476e-01)	Loss TOTAL 4.8481e-01 (4.8924e-01)
Epoch: [2][100/496]	L_Src_Sup 1.1392e-02 (1.0032e-02)	L_Trg_Inj 0.0000e+00 (0.0000e+00)	Loss Disc 0.0000e+00 (0.0000e+00)	Loss Pred 5.2347e-01 (4.8474e-01)	Loss TOTAL 5.2917e-01 (4.8976e-01)
Epoch: [2][110/496]	L_Src_Sup 1.8601e-01 (1.3960e-02)	L_Trg_Inj 0.0000e+00 (0.0000e+00)	Loss Disc 0.0000e+00 (0.0000e+00)	Loss Pred 5.2699e-01 (4.8575e-01)	Loss TOTAL 6.1999e-01 (4.9273e-01)
Epoch: [2][120/496]	L_Src_Sup 2.1030e-03 (1.7841e-02)	L_Trg_Inj 0.0000e+00 (0.0000e+00)	Loss Disc 0.0000e+00 (0.0000e+00)	Loss Pred 5.1466e-01 (4.8553e-01)	Loss TOTAL 5.1571e-01 (4.9445e-01)
Epoch: [2][130/496]	L_Src_Sup 2.8435e-04 (1.7464e-02)	L_Trg_Inj 0.0000e+00 (0.0000e+00)	Loss Disc 0.0000e+00 (0.0000e+00)	Loss Pred 4.7391e-01 (4.8518e-01)	Loss TOTAL 4.7406e-01 (4.9392e-01)
Epoch: [2][140/496]	L_Src_Sup 2.5757e-04 (1.6758e-02)	L_Trg_Inj 0.0000e+00 (0.0000e+00)	Loss Disc 0.0000e+00 (0.0000e+00)	Loss Pred 4.6806e-01 (4.8542e-01)	Loss TOTAL 4.6819e-01 (4.9380e-01)
Epoch: [2][150/496]	L_Src_Sup 1.4389e-02 (1.5852e-02)	L_Trg_Inj 0.0000e+00 (0.0000e+00)	Loss Disc 0.0000e+00 (0.0000e+00)	Loss Pred 5.4728e-01 (4.8603e-01)	Loss TOTAL 5.5447e-01 (4.9395e-01)
Epoch: [2][160/496]	L_Src_Sup 3.3917e-05 (1.5162e-02)	L_Trg_Inj 0.0000e+00 (0.0000e+00)	Loss Disc 0.0000e+00 (0.0000e+00)	Loss Pred 4.6757e-01 (4.8630e-01)	Loss TOTAL 4.6759e-01 (4.9388e-01)
Epoch: [2][170/496]	L_Src_Sup 1.1071e-04 (1.5166e-02)	L_Trg_Inj 0.0000e+00 (0.0000e+00)	Loss Disc 0.0000e+00 (0.0000e+00)	Loss Pred 4.6045e-01 (4.8662e-01)	Loss TOTAL 4.6051e-01 (4.9421e-01)
Epoch: [2][180/496]	L_Src_Sup 1.4768e-01 (1.6088e-02)	L_Trg_Inj 0.0000e+00 (0.0000e+00)	Loss Disc 0.0000e+00 (0.0000e+00)	Loss Pred 4.8126e-01 (4.8551e-01)	Loss TOTAL 5.5510e-01 (4.9356e-01)
Epoch: [2][190/496]	L_Src_Sup 2.9998e-02 (2.0880e-02)	L_Trg_Inj 0.0000e+00 (0.0000e+00)	Loss Disc 0.0000e+00 (0.0000e+00)	Loss Pred 4.8586e-01 (4.8643e-01)	Loss TOTAL 5.0086e-01 (4.9687e-01)
Epoch: [2][200/496]	L_Src_Sup 0.0000e+00 (2.0311e-02)	L_Trg_Inj 0.0000e+00 (0.0000e+00)	Loss Disc 0.0000e+00 (0.0000e+00)	Loss Pred 4.8055e-01 (4.8692e-01)	Loss TOTAL 4.8055e-01 (4.9708e-01)
Epoch: [2][210/496]	L_Src_Sup 0.0000e+00 (1.9709e-02)	L_Trg_Inj 0.0000e+00 (0.0000e+00)	Loss Disc 0.0000e+00 (0.0000e+00)	Loss Pred 4.7341e-01 (4.8661e-01)	Loss TOTAL 4.7341e-01 (4.9646e-01)
Epoch: [2][220/496]	L_Src_Sup 0.0000e+00 (1.9207e-02)	L_Trg_Inj 0.0000e+00 (0.0000e+00)	Loss Disc 0.0000e+00 (0.0000e+00)	Loss Pred 4.7948e-01 (4.8652e-01)	Loss TOTAL 4.7948e-01 (4.9612e-01)
Epoch: [2][230/496]	L_Src_Sup 8.1506e-05 (1.8548e-02)	L_Trg_Inj 0.0000e+00 (0.0000e+00)	Loss Disc 0.0000e+00 (0.0000e+00)	Loss Pred 4.8002e-01 (4.8666e-01)	Loss TOTAL 4.8006e-01 (4.9593e-01)
Epoch: [2][240/496]	L_Src_Sup 0.0000e+00 (1.7997e-02)	L_Trg_Inj 0.0000e+00 (0.0000e+00)	Loss Disc 0.0000e+00 (0.0000e+00)	Loss Pred 4.4131e-01 (4.8677e-01)	Loss TOTAL 4.4131e-01 (4.9577e-01)
Epoch: [2][250/496]	L_Src_Sup 2.7211e-03 (1.7567e-02)	L_Trg_Inj 0.0000e+00 (0.0000e+00)	Loss Disc 0.0000e+00 (0.0000e+00)	Loss Pred 5.1754e-01 (4.8627e-01)	Loss TOTAL 5.1890e-01 (4.9505e-01)
Epoch: [2][260/496]	L_Src_Sup 1.7606e-02 (1.7258e-02)	L_Trg_Inj 0.0000e+00 (0.0000e+00)	Loss Disc 0.0000e+00 (0.0000e+00)	Loss Pred 4.7482e-01 (4.8571e-01)	Loss TOTAL 4.8362e-01 (4.9433e-01)
Epoch: [2][270/496]	L_Src_Sup 0.0000e+00 (1.6737e-02)	L_Trg_Inj 0.0000e+00 (0.0000e+00)	Loss Disc 0.0000e+00 (0.0000e+00)	Loss Pred 4.8081e-01 (4.8551e-01)	Loss TOTAL 4.8081e-01 (4.9388e-01)
Epoch: [2][280/496]	L_Src_Sup 3.6156e-02 (1.6521e-02)	L_Trg_Inj 0.0000e+00 (0.0000e+00)	Loss Disc 0.0000e+00 (0.0000e+00)	Loss Pred 4.9266e-01 (4.8540e-01)	Loss TOTAL 5.1074e-01 (4.9366e-01)
Epoch: [2][290/496]	L_Src_Sup 1.6976e-02 (1.6228e-02)	L_Trg_Inj 0.0000e+00 (0.0000e+00)	Loss Disc 0.0000e+00 (0.0000e+00)	Loss Pred 4.6099e-01 (4.8565e-01)	Loss TOTAL 4.6948e-01 (4.9377e-01)
Epoch: [2][300/496]	L_Src_Sup 7.5451e-03 (1.6108e-02)	L_Trg_Inj 0.0000e+00 (0.0000e+00)	Loss Disc 0.0000e+00 (0.0000e+00)	Loss Pred 4.4846e-01 (4.8542e-01)	Loss TOTAL 4.5224e-01 (4.9347e-01)
Epoch: [2][310/496]	L_Src_Sup 1.6595e-02 (1.5928e-02)	L_Trg_Inj 0.0000e+00 (0.0000e+00)	Loss Disc 0.0000e+00 (0.0000e+00)	Loss Pred 4.6014e-01 (4.8545e-01)	Loss TOTAL 4.6844e-01 (4.9341e-01)
Epoch: [2][320/496]	L_Src_Sup 1.3349e-02 (1.5628e-02)	L_Trg_Inj 0.0000e+00 (0.0000e+00)	Loss Disc 0.0000e+00 (0.0000e+00)	Loss Pred 4.8786e-01 (4.8513e-01)	Loss TOTAL 4.9453e-01 (4.9294e-01)
Epoch: [2][330/496]	L_Src_Sup 0.0000e+00 (1.5260e-02)	L_Trg_Inj 0.0000e+00 (0.0000e+00)	Loss Disc 0.0000e+00 (0.0000e+00)	Loss Pred 4.6166e-01 (4.8485e-01)	Loss TOTAL 4.6166e-01 (4.9248e-01)
Epoch: [2][340/496]	L_Src_Sup 1.8899e-02 (1.5085e-02)	L_Trg_Inj 0.0000e+00 (0.0000e+00)	Loss Disc 0.0000e+00 (0.0000e+00)	Loss Pred 5.2302e-01 (4.8472e-01)	Loss TOTAL 5.3247e-01 (4.9227e-01)
Epoch: [2][350/496]	L_Src_Sup 0.0000e+00 (1.4853e-02)	L_Trg_Inj 0.0000e+00 (0.0000e+00)	Loss Disc 0.0000e+00 (0.0000e+00)	Loss Pred 4.9476e-01 (4.8475e-01)	Loss TOTAL 4.9476e-01 (4.9218e-01)
Epoch: [2][360/496]	L_Src_Sup 0.0000e+00 (1.4539e-02)	L_Trg_Inj 0.0000e+00 (0.0000e+00)	Loss Disc 0.0000e+00 (0.0000e+00)	Loss Pred 4.5380e-01 (4.8439e-01)	Loss TOTAL 4.5380e-01 (4.9166e-01)
Epoch: [2][370/496]	L_Src_Sup 0.0000e+00 (1.4268e-02)	L_Trg_Inj 0.0000e+00 (0.0000e+00)	Loss Disc 0.0000e+00 (0.0000e+00)	Loss Pred 4.5418e-01 (4.8410e-01)	Loss TOTAL 4.5418e-01 (4.9123e-01)
Epoch: [2][380/496]	L_Src_Sup 4.7454e-03 (1.6861e-02)	L_Trg_Inj 0.0000e+00 (0.0000e+00)	Loss Disc 0.0000e+00 (0.0000e+00)	Loss Pred 4.7851e-01 (4.8428e-01)	Loss TOTAL 4.8089e-01 (4.9271e-01)
Epoch: [2][390/496]	L_Src_Sup 4.1985e-05 (1.6736e-02)	L_Trg_Inj 0.0000e+00 (0.0000e+00)	Loss Disc 0.0000e+00 (0.0000e+00)	Loss Pred 4.7881e-01 (4.8439e-01)	Loss TOTAL 4.7883e-01 (4.9276e-01)
Epoch: [2][400/496]	L_Src_Sup 0.0000e+00 (1.6482e-02)	L_Trg_Inj 0.0000e+00 (0.0000e+00)	Loss Disc 0.0000e+00 (0.0000e+00)	Loss Pred 4.6659e-01 (4.8422e-01)	Loss TOTAL 4.6659e-01 (4.9246e-01)
Epoch: [2][410/496]	L_Src_Sup 2.7902e-05 (1.6175e-02)	L_Trg_Inj 0.0000e+00 (0.0000e+00)	Loss Disc 0.0000e+00 (0.0000e+00)	Loss Pred 5.0530e-01 (4.8407e-01)	Loss TOTAL 5.0532e-01 (4.9216e-01)
Epoch: [2][420/496]	L_Src_Sup 2.2273e-03 (1.5897e-02)	L_Trg_Inj 0.0000e+00 (0.0000e+00)	Loss Disc 0.0000e+00 (0.0000e+00)	Loss Pred 5.1086e-01 (4.8390e-01)	Loss TOTAL 5.1197e-01 (4.9185e-01)
Epoch: [2][430/496]	L_Src_Sup 2.9548e-03 (1.5643e-02)	L_Trg_Inj 0.0000e+00 (0.0000e+00)	Loss Disc 0.0000e+00 (0.0000e+00)	Loss Pred 4.9760e-01 (4.8387e-01)	Loss TOTAL 4.9908e-01 (4.9169e-01)
Epoch: [2][440/496]	L_Src_Sup 2.1189e-03 (1.5328e-02)	L_Trg_Inj 0.0000e+00 (0.0000e+00)	Loss Disc 0.0000e+00 (0.0000e+00)	Loss Pred 4.8043e-01 (4.8370e-01)	Loss TOTAL 4.8149e-01 (4.9136e-01)
Epoch: [2][450/496]	L_Src_Sup 0.0000e+00 (1.5105e-02)	L_Trg_Inj 0.0000e+00 (0.0000e+00)	Loss Disc 0.0000e+00 (0.0000e+00)	Loss Pred 4.7254e-01 (4.8363e-01)	Loss TOTAL 4.7254e-01 (4.9118e-01)
Epoch: [2][460/496]	L_Src_Sup 7.8805e-06 (1.4779e-02)	L_Trg_Inj 0.0000e+00 (0.0000e+00)	Loss Disc 0.0000e+00 (0.0000e+00)	Loss Pred 4.8522e-01 (4.8370e-01)	Loss TOTAL 4.8522e-01 (4.9109e-01)
Epoch: [2][470/496]	L_Src_Sup 0.0000e+00 (1.4589e-02)	L_Trg_Inj 0.0000e+00 (0.0000e+00)	Loss Disc 0.0000e+00 (0.0000e+00)	Loss Pred 4.7894e-01 (4.8352e-01)	Loss TOTAL 4.7894e-01 (4.9081e-01)
Epoch: [2][480/496]	L_Src_Sup 4.6920e-04 (1.4372e-02)	L_Trg_Inj 0.0000e+00 (0.0000e+00)	Loss Disc 0.0000e+00 (0.0000e+00)	Loss Pred 4.9813e-01 (4.8348e-01)	Loss TOTAL 4.9836e-01 (4.9067e-01)
Epoch: [2][490/496]	L_Src_Sup 0.0000e+00 (1.4178e-02)	L_Trg_Inj 0.0000e+00 (0.0000e+00)	Loss Disc 0.0000e+00 (0.0000e+00)	Loss Pred 4.5992e-01 (4.8352e-01)	Loss TOTAL 4.5992e-01 (4.9061e-01)
Epoch: [2][496/496]	L_Src_Sup 0.0000e+00 (1.4042e-02)	L_Trg_Inj 0.0000e+00 (0.0000e+00)	Loss Disc 0.0000e+00 (0.0000e+00)	Loss Pred 5.1664e-01 (4.8353e-01)	Loss TOTAL 5.1664e-01 (4.9055e-01)
Epoch 2 complete. Saving model state...
Epoch: [3][ 10/496]	L_Src_Sup 4.2502e-04 (1.1498e-03)	L_Trg_Inj 0.0000e+00 (0.0000e+00)	Loss Disc 0.0000e+00 (0.0000e+00)	Loss Pred 4.9795e-01 (4.8589e-01)	Loss TOTAL 4.9816e-01 (4.8647e-01)
Epoch: [3][ 20/496]	L_Src_Sup 4.5149e-02 (6.5034e-03)	L_Trg_Inj 0.0000e+00 (0.0000e+00)	Loss Disc 0.0000e+00 (0.0000e+00)	Loss Pred 4.3724e-01 (4.8471e-01)	Loss TOTAL 4.5982e-01 (4.8796e-01)
Epoch: [3][ 30/496]	L_Src_Sup 0.0000e+00 (6.8762e-03)	L_Trg_Inj 0.0000e+00 (0.0000e+00)	Loss Disc 0.0000e+00 (0.0000e+00)	Loss Pred 4.7235e-01 (4.8068e-01)	Loss TOTAL 4.7235e-01 (4.8412e-01)
Epoch: [3][ 40/496]	L_Src_Sup 4.0663e-02 (8.9541e-03)	L_Trg_Inj 0.0000e+00 (0.0000e+00)	Loss Disc 0.0000e+00 (0.0000e+00)	Loss Pred 5.0455e-01 (4.8186e-01)	Loss TOTAL 5.2488e-01 (4.8634e-01)
Epoch: [3][ 50/496]	L_Src_Sup 9.1756e-02 (1.1075e-02)	L_Trg_Inj 0.0000e+00 (0.0000e+00)	Loss Disc 0.0000e+00 (0.0000e+00)	Loss Pred 4.7526e-01 (4.8424e-01)	Loss TOTAL 5.2113e-01 (4.8978e-01)
Epoch: [3][ 60/496]	L_Src_Sup 0.0000e+00 (1.0425e-02)	L_Trg_Inj 0.0000e+00 (0.0000e+00)	Loss Disc 0.0000e+00 (0.0000e+00)	Loss Pred 4.5940e-01 (4.8256e-01)	Loss TOTAL 4.5940e-01 (4.8777e-01)
Epoch: [3][ 70/496]	L_Src_Sup 0.0000e+00 (9.7010e-03)	L_Trg_Inj 0.0000e+00 (0.0000e+00)	Loss Disc 0.0000e+00 (0.0000e+00)	Loss Pred 4.5163e-01 (4.8283e-01)	Loss TOTAL 4.5163e-01 (4.8768e-01)
Epoch: [3][ 80/496]	L_Src_Sup 4.5835e-02 (9.2128e-03)	L_Trg_Inj 0.0000e+00 (0.0000e+00)	Loss Disc 0.0000e+00 (0.0000e+00)	Loss Pred 4.6674e-01 (4.8241e-01)	Loss TOTAL 4.8966e-01 (4.8702e-01)
Epoch: [3][ 90/496]	L_Src_Sup 0.0000e+00 (2.2353e-02)	L_Trg_Inj 0.0000e+00 (0.0000e+00)	Loss Disc 0.0000e+00 (0.0000e+00)	Loss Pred 4.8500e-01 (4.8335e-01)	Loss TOTAL 4.8500e-01 (4.9453e-01)
Epoch: [3][100/496]	L_Src_Sup 3.0431e-03 (2.1587e-02)	L_Trg_Inj 0.0000e+00 (0.0000e+00)	Loss Disc 0.0000e+00 (0.0000e+00)	Loss Pred 5.1044e-01 (4.8192e-01)	Loss TOTAL 5.1196e-01 (4.9272e-01)
Epoch: [3][110/496]	L_Src_Sup 9.9100e-04 (2.0064e-02)	L_Trg_Inj 0.0000e+00 (0.0000e+00)	Loss Disc 0.0000e+00 (0.0000e+00)	Loss Pred 4.8573e-01 (4.8171e-01)	Loss TOTAL 4.8622e-01 (4.9174e-01)
Epoch: [3][120/496]	L_Src_Sup 3.9087e-03 (1.9476e-02)	L_Trg_Inj 0.0000e+00 (0.0000e+00)	Loss Disc 0.0000e+00 (0.0000e+00)	Loss Pred 4.6129e-01 (4.8160e-01)	Loss TOTAL 4.6324e-01 (4.9134e-01)
Epoch: [3][130/496]	L_Src_Sup 1.6201e-04 (1.8781e-02)	L_Trg_Inj 0.0000e+00 (0.0000e+00)	Loss Disc 0.0000e+00 (0.0000e+00)	Loss Pred 4.7332e-01 (4.8179e-01)	Loss TOTAL 4.7340e-01 (4.9118e-01)
Epoch: [3][140/496]	L_Src_Sup 0.0000e+00 (1.7945e-02)	L_Trg_Inj 0.0000e+00 (0.0000e+00)	Loss Disc 0.0000e+00 (0.0000e+00)	Loss Pred 4.5951e-01 (4.8175e-01)	Loss TOTAL 4.5951e-01 (4.9072e-01)
Epoch: [3][150/496]	L_Src_Sup 0.0000e+00 (1.7204e-02)	L_Trg_Inj 0.0000e+00 (0.0000e+00)	Loss Disc 0.0000e+00 (0.0000e+00)	Loss Pred 5.2349e-01 (4.8158e-01)	Loss TOTAL 5.2349e-01 (4.9018e-01)
Epoch: [3][160/496]	L_Src_Sup 5.8376e-04 (1.6290e-02)	L_Trg_Inj 0.0000e+00 (0.0000e+00)	Loss Disc 0.0000e+00 (0.0000e+00)	Loss Pred 4.4814e-01 (4.8128e-01)	Loss TOTAL 4.4843e-01 (4.8943e-01)
Epoch: [3][170/496]	L_Src_Sup 0.0000e+00 (1.5581e-02)	L_Trg_Inj 0.0000e+00 (0.0000e+00)	Loss Disc 0.0000e+00 (0.0000e+00)	Loss Pred 4.8518e-01 (4.8074e-01)	Loss TOTAL 4.8518e-01 (4.8853e-01)
Epoch: [3][180/496]	L_Src_Sup 1.4568e-05 (1.4923e-02)	L_Trg_Inj 0.0000e+00 (0.0000e+00)	Loss Disc 0.0000e+00 (0.0000e+00)	Loss Pred 5.1645e-01 (4.8122e-01)	Loss TOTAL 5.1646e-01 (4.8869e-01)
Epoch: [3][190/496]	L_Src_Sup 1.1965e-03 (1.4335e-02)	L_Trg_Inj 0.0000e+00 (0.0000e+00)	Loss Disc 0.0000e+00 (0.0000e+00)	Loss Pred 4.9846e-01 (4.8144e-01)	Loss TOTAL 4.9906e-01 (4.8861e-01)
Epoch: [3][200/496]	L_Src_Sup 0.0000e+00 (1.3650e-02)	L_Trg_Inj 0.0000e+00 (0.0000e+00)	Loss Disc 0.0000e+00 (0.0000e+00)	Loss Pred 4.5296e-01 (4.8181e-01)	Loss TOTAL 4.5296e-01 (4.8864e-01)
Epoch: [3][210/496]	L_Src_Sup 7.8491e-03 (1.3160e-02)	L_Trg_Inj 0.0000e+00 (0.0000e+00)	Loss Disc 0.0000e+00 (0.0000e+00)	Loss Pred 4.4491e-01 (4.8146e-01)	Loss TOTAL 4.4884e-01 (4.8804e-01)
Epoch: [3][220/496]	L_Src_Sup 2.2076e-04 (1.3389e-02)	L_Trg_Inj 0.0000e+00 (0.0000e+00)	Loss Disc 0.0000e+00 (0.0000e+00)	Loss Pred 5.1181e-01 (4.8215e-01)	Loss TOTAL 5.1192e-01 (4.8885e-01)
Epoch: [3][230/496]	L_Src_Sup 1.9001e-02 (1.2956e-02)	L_Trg_Inj 0.0000e+00 (0.0000e+00)	Loss Disc 0.0000e+00 (0.0000e+00)	Loss Pred 5.3013e-01 (4.8265e-01)	Loss TOTAL 5.3963e-01 (4.8913e-01)
Epoch: [3][240/496]	L_Src_Sup 1.7847e-02 (1.2637e-02)	L_Trg_Inj 0.0000e+00 (0.0000e+00)	Loss Disc 0.0000e+00 (0.0000e+00)	Loss Pred 4.8494e-01 (4.8246e-01)	Loss TOTAL 4.9386e-01 (4.8878e-01)
Epoch: [3][250/496]	L_Src_Sup 1.2405e-02 (1.2250e-02)	L_Trg_Inj 0.0000e+00 (0.0000e+00)	Loss Disc 0.0000e+00 (0.0000e+00)	Loss Pred 4.8508e-01 (4.8214e-01)	Loss TOTAL 4.9128e-01 (4.8827e-01)
Epoch: [3][260/496]	L_Src_Sup 3.8878e-04 (1.1881e-02)	L_Trg_Inj 0.0000e+00 (0.0000e+00)	Loss Disc 0.0000e+00 (0.0000e+00)	Loss Pred 4.6014e-01 (4.8223e-01)	Loss TOTAL 4.6033e-01 (4.8818e-01)
Epoch: [3][270/496]	L_Src_Sup 4.4040e-03 (1.1578e-02)	L_Trg_Inj 0.0000e+00 (0.0000e+00)	Loss Disc 0.0000e+00 (0.0000e+00)	Loss Pred 4.4681e-01 (4.8190e-01)	Loss TOTAL 4.4901e-01 (4.8769e-01)
Epoch: [3][280/496]	L_Src_Sup 1.1660e-03 (1.1258e-02)	L_Trg_Inj 0.0000e+00 (0.0000e+00)	Loss Disc 0.0000e+00 (0.0000e+00)	Loss Pred 4.6647e-01 (4.8158e-01)	Loss TOTAL 4.6705e-01 (4.8721e-01)
Epoch: [3][290/496]	L_Src_Sup 6.0956e-04 (1.1019e-02)	L_Trg_Inj 0.0000e+00 (0.0000e+00)	Loss Disc 0.0000e+00 (0.0000e+00)	Loss Pred 4.5323e-01 (4.8160e-01)	Loss TOTAL 4.5354e-01 (4.8711e-01)
Epoch: [3][300/496]	L_Src_Sup 0.0000e+00 (1.0734e-02)	L_Trg_Inj 0.0000e+00 (0.0000e+00)	Loss Disc 0.0000e+00 (0.0000e+00)	Loss Pred 4.9106e-01 (4.8158e-01)	Loss TOTAL 4.9106e-01 (4.8695e-01)
Epoch: [3][310/496]	L_Src_Sup 7.2596e-03 (1.0439e-02)	L_Trg_Inj 0.0000e+00 (0.0000e+00)	Loss Disc 0.0000e+00 (0.0000e+00)	Loss Pred 4.7572e-01 (4.8175e-01)	Loss TOTAL 4.7935e-01 (4.8697e-01)
Epoch: [3][320/496]	L_Src_Sup 4.7356e-03 (1.0329e-02)	L_Trg_Inj 0.0000e+00 (0.0000e+00)	Loss Disc 0.0000e+00 (0.0000e+00)	Loss Pred 4.8588e-01 (4.8183e-01)	Loss TOTAL 4.8825e-01 (4.8700e-01)
Epoch: [3][330/496]	L_Src_Sup 2.8314e-02 (1.0209e-02)	L_Trg_Inj 0.0000e+00 (0.0000e+00)	Loss Disc 0.0000e+00 (0.0000e+00)	Loss Pred 4.7828e-01 (4.8204e-01)	Loss TOTAL 4.9243e-01 (4.8715e-01)
Epoch: [3][340/496]	L_Src_Sup 0.0000e+00 (1.0073e-02)	L_Trg_Inj 0.0000e+00 (0.0000e+00)	Loss Disc 0.0000e+00 (0.0000e+00)	Loss Pred 4.8802e-01 (4.8190e-01)	Loss TOTAL 4.8802e-01 (4.8693e-01)
Epoch: [3][350/496]	L_Src_Sup 0.0000e+00 (9.8183e-03)	L_Trg_Inj 0.0000e+00 (0.0000e+00)	Loss Disc 0.0000e+00 (0.0000e+00)	Loss Pred 4.7225e-01 (4.8198e-01)	Loss TOTAL 4.7225e-01 (4.8689e-01)
Epoch: [3][360/496]	L_Src_Sup 0.0000e+00 (9.5675e-03)	L_Trg_Inj 0.0000e+00 (0.0000e+00)	Loss Disc 0.0000e+00 (0.0000e+00)	Loss Pred 4.9735e-01 (4.8184e-01)	Loss TOTAL 4.9735e-01 (4.8662e-01)
Epoch: [3][370/496]	L_Src_Sup 3.1922e-03 (9.4468e-03)	L_Trg_Inj 0.0000e+00 (0.0000e+00)	Loss Disc 0.0000e+00 (0.0000e+00)	Loss Pred 4.8582e-01 (4.8200e-01)	Loss TOTAL 4.8741e-01 (4.8672e-01)
Epoch: [3][380/496]	L_Src_Sup 1.7343e-02 (9.8839e-03)	L_Trg_Inj 0.0000e+00 (0.0000e+00)	Loss Disc 0.0000e+00 (0.0000e+00)	Loss Pred 4.8595e-01 (4.8213e-01)	Loss TOTAL 4.9463e-01 (4.8707e-01)
Epoch: [3][390/496]	L_Src_Sup 2.0706e-01 (1.1877e-02)	L_Trg_Inj 0.0000e+00 (0.0000e+00)	Loss Disc 0.0000e+00 (0.0000e+00)	Loss Pred 5.1702e-01 (4.8226e-01)	Loss TOTAL 6.2055e-01 (4.8820e-01)
Epoch: [3][400/496]	L_Src_Sup 0.0000e+00 (1.2228e-02)	L_Trg_Inj 0.0000e+00 (0.0000e+00)	Loss Disc 0.0000e+00 (0.0000e+00)	Loss Pred 4.6558e-01 (4.8231e-01)	Loss TOTAL 4.6558e-01 (4.8842e-01)
Epoch: [3][410/496]	L_Src_Sup 2.9362e-03 (1.2128e-02)	L_Trg_Inj 0.0000e+00 (0.0000e+00)	Loss Disc 0.0000e+00 (0.0000e+00)	Loss Pred 5.0391e-01 (4.8228e-01)	Loss TOTAL 5.0538e-01 (4.8834e-01)
Epoch: [3][420/496]	L_Src_Sup 0.0000e+00 (1.1979e-02)	L_Trg_Inj 0.0000e+00 (0.0000e+00)	Loss Disc 0.0000e+00 (0.0000e+00)	Loss Pred 4.8491e-01 (4.8250e-01)	Loss TOTAL 4.8491e-01 (4.8849e-01)
Epoch: [3][430/496]	L_Src_Sup 0.0000e+00 (1.1806e-02)	L_Trg_Inj 0.0000e+00 (0.0000e+00)	Loss Disc 0.0000e+00 (0.0000e+00)	Loss Pred 4.9747e-01 (4.8230e-01)	Loss TOTAL 4.9747e-01 (4.8821e-01)
Epoch: [3][440/496]	L_Src_Sup 0.0000e+00 (1.1595e-02)	L_Trg_Inj 0.0000e+00 (0.0000e+00)	Loss Disc 0.0000e+00 (0.0000e+00)	Loss Pred 4.6678e-01 (4.8219e-01)	Loss TOTAL 4.6678e-01 (4.8799e-01)
Epoch: [3][450/496]	L_Src_Sup 1.0206e-04 (1.1370e-02)	L_Trg_Inj 0.0000e+00 (0.0000e+00)	Loss Disc 0.0000e+00 (0.0000e+00)	Loss Pred 4.8948e-01 (4.8226e-01)	Loss TOTAL 4.8953e-01 (4.8794e-01)
Epoch: [3][460/496]	L_Src_Sup 0.0000e+00 (1.1170e-02)	L_Trg_Inj 0.0000e+00 (0.0000e+00)	Loss Disc 0.0000e+00 (0.0000e+00)	Loss Pred 4.7343e-01 (4.8227e-01)	Loss TOTAL 4.7343e-01 (4.8786e-01)
Epoch: [3][470/496]	L_Src_Sup 2.3956e-02 (1.1186e-02)	L_Trg_Inj 0.0000e+00 (0.0000e+00)	Loss Disc 0.0000e+00 (0.0000e+00)	Loss Pred 4.4747e-01 (4.8207e-01)	Loss TOTAL 4.5945e-01 (4.8766e-01)
Epoch: [3][480/496]	L_Src_Sup 2.3925e-02 (1.1273e-02)	L_Trg_Inj 0.0000e+00 (0.0000e+00)	Loss Disc 0.0000e+00 (0.0000e+00)	Loss Pred 4.5352e-01 (4.8228e-01)	Loss TOTAL 4.6549e-01 (4.8792e-01)
Epoch: [3][490/496]	L_Src_Sup 1.3607e-02 (1.1110e-02)	L_Trg_Inj 0.0000e+00 (0.0000e+00)	Loss Disc 0.0000e+00 (0.0000e+00)	Loss Pred 4.5343e-01 (4.8243e-01)	Loss TOTAL 4.6023e-01 (4.8799e-01)
Epoch: [3][496/496]	L_Src_Sup 6.2198e-04 (1.1028e-02)	L_Trg_Inj 0.0000e+00 (0.0000e+00)	Loss Disc 0.0000e+00 (0.0000e+00)	Loss Pred 4.7914e-01 (4.8241e-01)	Loss TOTAL 4.7946e-01 (4.8793e-01)
Epoch 3 complete. Saving model state...
Epoch: [4][ 10/496]	L_Src_Sup 2.6645e-06 (2.1058e-03)	L_Trg_Inj 0.0000e+00 (0.0000e+00)	Loss Disc 0.0000e+00 (0.0000e+00)	Loss Pred 4.4129e-01 (4.7539e-01)	Loss TOTAL 4.4130e-01 (4.7645e-01)
Epoch: [4][ 20/496]	L_Src_Sup 0.0000e+00 (3.5052e-03)	L_Trg_Inj 0.0000e+00 (0.0000e+00)	Loss Disc 0.0000e+00 (0.0000e+00)	Loss Pred 5.0975e-01 (4.7653e-01)	Loss TOTAL 5.0975e-01 (4.7829e-01)
Epoch: [4][ 30/496]	L_Src_Sup 0.0000e+00 (3.5113e-03)	L_Trg_Inj 0.0000e+00 (0.0000e+00)	Loss Disc 0.0000e+00 (0.0000e+00)	Loss Pred 4.7912e-01 (4.7958e-01)	Loss TOTAL 4.7912e-01 (4.8133e-01)
Epoch: [4][ 40/496]	L_Src_Sup 0.0000e+00 (3.1035e-03)	L_Trg_Inj 0.0000e+00 (0.0000e+00)	Loss Disc 0.0000e+00 (0.0000e+00)	Loss Pred 4.6601e-01 (4.7938e-01)	Loss TOTAL 4.6601e-01 (4.8093e-01)
Epoch: [4][ 50/496]	L_Src_Sup 0.0000e+00 (2.9291e-03)	L_Trg_Inj 0.0000e+00 (0.0000e+00)	Loss Disc 0.0000e+00 (0.0000e+00)	Loss Pred 4.7226e-01 (4.7887e-01)	Loss TOTAL 4.7226e-01 (4.8033e-01)
Epoch: [4][ 60/496]	L_Src_Sup 0.0000e+00 (3.6713e-03)	L_Trg_Inj 0.0000e+00 (0.0000e+00)	Loss Disc 0.0000e+00 (0.0000e+00)	Loss Pred 5.0992e-01 (4.7972e-01)	Loss TOTAL 5.0992e-01 (4.8156e-01)
Epoch: [4][ 70/496]	L_Src_Sup 0.0000e+00 (3.7606e-03)	L_Trg_Inj 0.0000e+00 (0.0000e+00)	Loss Disc 0.0000e+00 (0.0000e+00)	Loss Pred 4.7840e-01 (4.7839e-01)	Loss TOTAL 4.7840e-01 (4.8027e-01)
Epoch: [4][ 80/496]	L_Src_Sup 0.0000e+00 (3.7986e-03)	L_Trg_Inj 0.0000e+00 (0.0000e+00)	Loss Disc 0.0000e+00 (0.0000e+00)	Loss Pred 5.2410e-01 (4.7986e-01)	Loss TOTAL 5.2410e-01 (4.8176e-01)
Epoch: [4][ 90/496]	L_Src_Sup 0.0000e+00 (3.8121e-03)	L_Trg_Inj 0.0000e+00 (0.0000e+00)	Loss Disc 0.0000e+00 (0.0000e+00)	Loss Pred 4.7414e-01 (4.7967e-01)	Loss TOTAL 4.7414e-01 (4.8158e-01)
Epoch: [4][100/496]	L_Src_Sup 1.8518e-02 (3.8996e-03)	L_Trg_Inj 0.0000e+00 (0.0000e+00)	Loss Disc 0.0000e+00 (0.0000e+00)	Loss Pred 5.2722e-01 (4.8090e-01)	Loss TOTAL 5.3648e-01 (4.8285e-01)
Epoch: [4][110/496]	L_Src_Sup 0.0000e+00 (3.5478e-03)	L_Trg_Inj 0.0000e+00 (0.0000e+00)	Loss Disc 0.0000e+00 (0.0000e+00)	Loss Pred 4.4054e-01 (4.8045e-01)	Loss TOTAL 4.4054e-01 (4.8222e-01)
Epoch: [4][120/496]	L_Src_Sup 0.0000e+00 (3.5958e-03)	L_Trg_Inj 0.0000e+00 (0.0000e+00)	Loss Disc 0.0000e+00 (0.0000e+00)	Loss Pred 5.3032e-01 (4.8214e-01)	Loss TOTAL 5.3032e-01 (4.8394e-01)
Epoch: [4][130/496]	L_Src_Sup 0.0000e+00 (3.6964e-03)	L_Trg_Inj 0.0000e+00 (0.0000e+00)	Loss Disc 0.0000e+00 (0.0000e+00)	Loss Pred 5.0486e-01 (4.8138e-01)	Loss TOTAL 5.0486e-01 (4.8323e-01)
Epoch: [4][140/496]	L_Src_Sup 3.8632e-03 (3.4600e-03)	L_Trg_Inj 0.0000e+00 (0.0000e+00)	Loss Disc 0.0000e+00 (0.0000e+00)	Loss Pred 4.8148e-01 (4.8066e-01)	Loss TOTAL 4.8341e-01 (4.8239e-01)
Epoch: [4][150/496]	L_Src_Sup 2.5411e-04 (3.3629e-03)	L_Trg_Inj 0.0000e+00 (0.0000e+00)	Loss Disc 0.0000e+00 (0.0000e+00)	Loss Pred 4.5401e-01 (4.8026e-01)	Loss TOTAL 4.5413e-01 (4.8194e-01)
Epoch: [4][160/496]	L_Src_Sup 1.8693e-02 (3.3901e-03)	L_Trg_Inj 0.0000e+00 (0.0000e+00)	Loss Disc 0.0000e+00 (0.0000e+00)	Loss Pred 5.1637e-01 (4.8062e-01)	Loss TOTAL 5.2572e-01 (4.8232e-01)
Epoch: [4][170/496]	L_Src_Sup 0.0000e+00 (3.4718e-03)	L_Trg_Inj 0.0000e+00 (0.0000e+00)	Loss Disc 0.0000e+00 (0.0000e+00)	Loss Pred 4.9947e-01 (4.8131e-01)	Loss TOTAL 4.9947e-01 (4.8305e-01)
Epoch: [4][180/496]	L_Src_Sup 0.0000e+00 (3.2792e-03)	L_Trg_Inj 0.0000e+00 (0.0000e+00)	Loss Disc 0.0000e+00 (0.0000e+00)	Loss Pred 4.5953e-01 (4.8093e-01)	Loss TOTAL 4.5953e-01 (4.8257e-01)
Epoch: [4][190/496]	L_Src_Sup 0.0000e+00 (3.1128e-03)	L_Trg_Inj 0.0000e+00 (0.0000e+00)	Loss Disc 0.0000e+00 (0.0000e+00)	Loss Pred 4.7173e-01 (4.8087e-01)	Loss TOTAL 4.7173e-01 (4.8243e-01)
Epoch: [4][200/496]	L_Src_Sup 0.0000e+00 (2.9573e-03)	L_Trg_Inj 0.0000e+00 (0.0000e+00)	Loss Disc 0.0000e+00 (0.0000e+00)	Loss Pred 4.8498e-01 (4.8113e-01)	Loss TOTAL 4.8498e-01 (4.8261e-01)
Epoch: [4][210/496]	L_Src_Sup 9.2642e-05 (2.9848e-03)	L_Trg_Inj 0.0000e+00 (0.0000e+00)	Loss Disc 0.0000e+00 (0.0000e+00)	Loss Pred 4.9099e-01 (4.8115e-01)	Loss TOTAL 4.9104e-01 (4.8265e-01)
Epoch: [4][220/496]	L_Src_Sup 0.0000e+00 (2.8590e-03)	L_Trg_Inj 0.0000e+00 (0.0000e+00)	Loss Disc 0.0000e+00 (0.0000e+00)	Loss Pred 4.6573e-01 (4.8083e-01)	Loss TOTAL 4.6573e-01 (4.8226e-01)
Epoch: [4][230/496]	L_Src_Sup 0.0000e+00 (2.8505e-03)	L_Trg_Inj 0.0000e+00 (0.0000e+00)	Loss Disc 0.0000e+00 (0.0000e+00)	Loss Pred 4.9103e-01 (4.8071e-01)	Loss TOTAL 4.9103e-01 (4.8214e-01)
Epoch: [4][240/496]	L_Src_Sup 0.0000e+00 (2.8074e-03)	L_Trg_Inj 0.0000e+00 (0.0000e+00)	Loss Disc 0.0000e+00 (0.0000e+00)	Loss Pred 4.9082e-01 (4.8077e-01)	Loss TOTAL 4.9082e-01 (4.8218e-01)
Epoch: [4][250/496]	L_Src_Sup 3.2951e-01 (4.0237e-03)	L_Trg_Inj 0.0000e+00 (0.0000e+00)	Loss Disc 0.0000e+00 (0.0000e+00)	Loss Pred 5.4563e-01 (4.8099e-01)	Loss TOTAL 7.1039e-01 (4.8300e-01)
Epoch: [4][260/496]	L_Src_Sup 0.0000e+00 (7.4845e-03)	L_Trg_Inj 0.0000e+00 (0.0000e+00)	Loss Disc 0.0000e+00 (0.0000e+00)	Loss Pred 4.8551e-01 (4.8154e-01)	Loss TOTAL 4.8551e-01 (4.8529e-01)
Epoch: [4][270/496]	L_Src_Sup 0.0000e+00 (7.3331e-03)	L_Trg_Inj 0.0000e+00 (0.0000e+00)	Loss Disc 0.0000e+00 (0.0000e+00)	Loss Pred 4.7291e-01 (4.8111e-01)	Loss TOTAL 4.7291e-01 (4.8477e-01)
Epoch: [4][280/496]	L_Src_Sup 1.7092e-02 (7.1962e-03)	L_Trg_Inj 0.0000e+00 (0.0000e+00)	Loss Disc 0.0000e+00 (0.0000e+00)	Loss Pred 4.5318e-01 (4.8095e-01)	Loss TOTAL 4.6172e-01 (4.8454e-01)
Epoch: [4][290/496]	L_Src_Sup 0.0000e+00 (7.0080e-03)	L_Trg_Inj 0.0000e+00 (0.0000e+00)	Loss Disc 0.0000e+00 (0.0000e+00)	Loss Pred 4.7201e-01 (4.8104e-01)	Loss TOTAL 4.7201e-01 (4.8455e-01)
Epoch: [4][300/496]	L_Src_Sup 0.0000e+00 (6.8463e-03)	L_Trg_Inj 0.0000e+00 (0.0000e+00)	Loss Disc 0.0000e+00 (0.0000e+00)	Loss Pred 4.6519e-01 (4.8111e-01)	Loss TOTAL 4.6519e-01 (4.8453e-01)
Epoch: [4][310/496]	L_Src_Sup 6.9355e-03 (6.9304e-03)	L_Trg_Inj 0.0000e+00 (0.0000e+00)	Loss Disc 0.0000e+00 (0.0000e+00)	Loss Pred 4.8555e-01 (4.8081e-01)	Loss TOTAL 4.8902e-01 (4.8427e-01)
Epoch: [4][320/496]	L_Src_Sup 9.6103e-05 (6.7285e-03)	L_Trg_Inj 0.0000e+00 (0.0000e+00)	Loss Disc 0.0000e+00 (0.0000e+00)	Loss Pred 4.9862e-01 (4.8085e-01)	Loss TOTAL 4.9867e-01 (4.8422e-01)
Epoch: [4][330/496]	L_Src_Sup 1.8081e-02 (6.5942e-03)	L_Trg_Inj 0.0000e+00 (0.0000e+00)	Loss Disc 0.0000e+00 (0.0000e+00)	Loss Pred 4.9846e-01 (4.8077e-01)	Loss TOTAL 5.0750e-01 (4.8407e-01)
Epoch: [4][340/496]	L_Src_Sup 0.0000e+00 (6.4595e-03)	L_Trg_Inj 0.0000e+00 (0.0000e+00)	Loss Disc 0.0000e+00 (0.0000e+00)	Loss Pred 4.8506e-01 (4.8081e-01)	Loss TOTAL 4.8506e-01 (4.8404e-01)
Epoch: [4][350/496]	L_Src_Sup 0.0000e+00 (6.2870e-03)	L_Trg_Inj 0.0000e+00 (0.0000e+00)	Loss Disc 0.0000e+00 (0.0000e+00)	Loss Pred 5.0336e-01 (4.8077e-01)	Loss TOTAL 5.0336e-01 (4.8392e-01)
Epoch: [4][360/496]	L_Src_Sup 0.0000e+00 (6.1123e-03)	L_Trg_Inj 0.0000e+00 (0.0000e+00)	Loss Disc 0.0000e+00 (0.0000e+00)	Loss Pred 4.9169e-01 (4.8090e-01)	Loss TOTAL 4.9169e-01 (4.8396e-01)
Epoch: [4][370/496]	L_Src_Sup 0.0000e+00 (6.2508e-03)	L_Trg_Inj 0.0000e+00 (0.0000e+00)	Loss Disc 0.0000e+00 (0.0000e+00)	Loss Pred 4.8611e-01 (4.8104e-01)	Loss TOTAL 4.8611e-01 (4.8417e-01)
Epoch: [4][380/496]	L_Src_Sup 0.0000e+00 (6.1680e-03)	L_Trg_Inj 0.0000e+00 (0.0000e+00)	Loss Disc 0.0000e+00 (0.0000e+00)	Loss Pred 4.9722e-01 (4.8106e-01)	Loss TOTAL 4.9722e-01 (4.8415e-01)
Epoch: [4][390/496]	L_Src_Sup 0.0000e+00 (6.1451e-03)	L_Trg_Inj 0.0000e+00 (0.0000e+00)	Loss Disc 0.0000e+00 (0.0000e+00)	Loss Pred 4.5910e-01 (4.8085e-01)	Loss TOTAL 4.5910e-01 (4.8392e-01)
Epoch: [4][400/496]	L_Src_Sup 0.0000e+00 (6.0628e-03)	L_Trg_Inj 0.0000e+00 (0.0000e+00)	Loss Disc 0.0000e+00 (0.0000e+00)	Loss Pred 4.6547e-01 (4.8082e-01)	Loss TOTAL 4.6547e-01 (4.8385e-01)
Epoch: [4][410/496]	L_Src_Sup 0.0000e+00 (5.9484e-03)	L_Trg_Inj 0.0000e+00 (0.0000e+00)	Loss Disc 0.0000e+00 (0.0000e+00)	Loss Pred 4.7654e-01 (4.8116e-01)	Loss TOTAL 4.7654e-01 (4.8413e-01)
Epoch: [4][420/496]	L_Src_Sup 7.2335e-03 (5.8766e-03)	L_Trg_Inj 0.0000e+00 (0.0000e+00)	Loss Disc 0.0000e+00 (0.0000e+00)	Loss Pred 5.0414e-01 (4.8129e-01)	Loss TOTAL 5.0776e-01 (4.8423e-01)
Epoch: [4][430/496]	L_Src_Sup 0.0000e+00 (5.8301e-03)	L_Trg_Inj 0.0000e+00 (0.0000e+00)	Loss Disc 0.0000e+00 (0.0000e+00)	Loss Pred 4.7224e-01 (4.8109e-01)	Loss TOTAL 4.7224e-01 (4.8401e-01)
Epoch: [4][440/496]	L_Src_Sup 0.0000e+00 (5.7457e-03)	L_Trg_Inj 0.0000e+00 (0.0000e+00)	Loss Disc 0.0000e+00 (0.0000e+00)	Loss Pred 4.6547e-01 (4.8112e-01)	Loss TOTAL 4.6547e-01 (4.8399e-01)
Epoch: [4][450/496]	L_Src_Sup 0.0000e+00 (5.6181e-03)	L_Trg_Inj 0.0000e+00 (0.0000e+00)	Loss Disc 0.0000e+00 (0.0000e+00)	Loss Pred 4.5301e-01 (4.8104e-01)	Loss TOTAL 4.5301e-01 (4.8385e-01)
Epoch: [4][460/496]	L_Src_Sup 0.0000e+00 (5.5705e-03)	L_Trg_Inj 0.0000e+00 (0.0000e+00)	Loss Disc 0.0000e+00 (0.0000e+00)	Loss Pred 4.8605e-01 (4.8089e-01)	Loss TOTAL 4.8605e-01 (4.8368e-01)
Epoch: [4][470/496]	L_Src_Sup 4.1221e-04 (5.4541e-03)	L_Trg_Inj 0.0000e+00 (0.0000e+00)	Loss Disc 0.0000e+00 (0.0000e+00)	Loss Pred 4.7176e-01 (4.8097e-01)	Loss TOTAL 4.7196e-01 (4.8370e-01)
Epoch: [4][480/496]	L_Src_Sup 1.3810e-04 (5.3856e-03)	L_Trg_Inj 0.0000e+00 (0.0000e+00)	Loss Disc 0.0000e+00 (0.0000e+00)	Loss Pred 5.0459e-01 (4.8088e-01)	Loss TOTAL 5.0466e-01 (4.8357e-01)
Epoch: [4][490/496]	L_Src_Sup 2.4814e-01 (5.9123e-03)	L_Trg_Inj 0.0000e+00 (0.0000e+00)	Loss Disc 0.0000e+00 (0.0000e+00)	Loss Pred 4.8477e-01 (4.8113e-01)	Loss TOTAL 6.0884e-01 (4.8408e-01)
Epoch: [4][496/496]	L_Src_Sup 0.0000e+00 (9.1190e-03)	L_Trg_Inj 0.0000e+00 (0.0000e+00)	Loss Disc 0.0000e+00 (0.0000e+00)	Loss Pred 5.0931e-01 (4.8195e-01)	Loss TOTAL 5.0931e-01 (4.8651e-01)
Epoch 4 complete. Saving model state...
Epoch: [5][ 10/496]	L_Src_Sup 3.4131e-03 (7.4458e-03)	L_Trg_Inj 0.0000e+00 (0.0000e+00)	Loss Disc 0.0000e+00 (0.0000e+00)	Loss Pred 4.8044e-01 (4.8659e-01)	Loss TOTAL 4.8214e-01 (4.9031e-01)
Epoch: [5][ 20/496]	L_Src_Sup 0.0000e+00 (6.5441e-03)	L_Trg_Inj 0.0000e+00 (0.0000e+00)	Loss Disc 0.0000e+00 (0.0000e+00)	Loss Pred 5.3111e-01 (4.8573e-01)	Loss TOTAL 5.3111e-01 (4.8900e-01)
Epoch: [5][ 30/496]	L_Src_Sup 0.0000e+00 (5.2321e-03)	L_Trg_Inj 0.0000e+00 (0.0000e+00)	Loss Disc 0.0000e+00 (0.0000e+00)	Loss Pred 4.8478e-01 (4.8098e-01)	Loss TOTAL 4.8478e-01 (4.8359e-01)
Epoch: [5][ 40/496]	L_Src_Sup 0.0000e+00 (4.3708e-03)	L_Trg_Inj 0.0000e+00 (0.0000e+00)	Loss Disc 0.0000e+00 (0.0000e+00)	Loss Pred 5.1104e-01 (4.8216e-01)	Loss TOTAL 5.1104e-01 (4.8435e-01)
Epoch: [5][ 50/496]	L_Src_Sup 0.0000e+00 (3.9342e-03)	L_Trg_Inj 0.0000e+00 (0.0000e+00)	Loss Disc 0.0000e+00 (0.0000e+00)	Loss Pred 4.8478e-01 (4.8242e-01)	Loss TOTAL 4.8478e-01 (4.8438e-01)
Epoch: [5][ 60/496]	L_Src_Sup 3.0490e-03 (3.6400e-03)	L_Trg_Inj 0.0000e+00 (0.0000e+00)	Loss Disc 0.0000e+00 (0.0000e+00)	Loss Pred 4.9107e-01 (4.8233e-01)	Loss TOTAL 4.9259e-01 (4.8415e-01)
Epoch: [5][ 70/496]	L_Src_Sup 0.0000e+00 (3.1212e-03)	L_Trg_Inj 0.0000e+00 (0.0000e+00)	Loss Disc 0.0000e+00 (0.0000e+00)	Loss Pred 4.6637e-01 (4.8304e-01)	Loss TOTAL 4.6637e-01 (4.8460e-01)
Epoch: [5][ 80/496]	L_Src_Sup 0.0000e+00 (3.1616e-03)	L_Trg_Inj 0.0000e+00 (0.0000e+00)	Loss Disc 0.0000e+00 (0.0000e+00)	Loss Pred 5.0504e-01 (4.8352e-01)	Loss TOTAL 5.0504e-01 (4.8510e-01)
Epoch: [5][ 90/496]	L_Src_Sup 0.0000e+00 (2.8502e-03)	L_Trg_Inj 0.0000e+00 (0.0000e+00)	Loss Disc 0.0000e+00 (0.0000e+00)	Loss Pred 5.0683e-01 (4.8341e-01)	Loss TOTAL 5.0683e-01 (4.8484e-01)
Epoch: [5][100/496]	L_Src_Sup 0.0000e+00 (3.0003e-03)	L_Trg_Inj 0.0000e+00 (0.0000e+00)	Loss Disc 0.0000e+00 (0.0000e+00)	Loss Pred 4.7975e-01 (4.8257e-01)	Loss TOTAL 4.7975e-01 (4.8407e-01)
Epoch: [5][110/496]	L_Src_Sup 0.0000e+00 (2.9080e-03)	L_Trg_Inj 0.0000e+00 (0.0000e+00)	Loss Disc 0.0000e+00 (0.0000e+00)	Loss Pred 4.9073e-01 (4.8355e-01)	Loss TOTAL 4.9073e-01 (4.8500e-01)
Epoch: [5][120/496]	L_Src_Sup 0.0000e+00 (2.9620e-03)	L_Trg_Inj 0.0000e+00 (0.0000e+00)	Loss Disc 0.0000e+00 (0.0000e+00)	Loss Pred 4.7836e-01 (4.8334e-01)	Loss TOTAL 4.7836e-01 (4.8482e-01)
Epoch: [5][130/496]	L_Src_Sup 5.0047e-05 (2.9577e-03)	L_Trg_Inj 0.0000e+00 (0.0000e+00)	Loss Disc 0.0000e+00 (0.0000e+00)	Loss Pred 5.0336e-01 (4.8304e-01)	Loss TOTAL 5.0339e-01 (4.8452e-01)
Epoch: [5][140/496]	L_Src_Sup 1.2104e-05 (2.9033e-03)	L_Trg_Inj 0.0000e+00 (0.0000e+00)	Loss Disc 0.0000e+00 (0.0000e+00)	Loss Pred 4.5402e-01 (4.8247e-01)	Loss TOTAL 4.5402e-01 (4.8392e-01)
Epoch: [5][150/496]	L_Src_Sup 2.0265e-02 (2.8449e-03)	L_Trg_Inj 0.0000e+00 (0.0000e+00)	Loss Disc 0.0000e+00 (0.0000e+00)	Loss Pred 4.9255e-01 (4.8235e-01)	Loss TOTAL 5.0269e-01 (4.8378e-01)
Epoch: [5][160/496]	L_Src_Sup 0.0000e+00 (2.7000e-03)	L_Trg_Inj 0.0000e+00 (0.0000e+00)	Loss Disc 0.0000e+00 (0.0000e+00)	Loss Pred 4.4664e-01 (4.8212e-01)	Loss TOTAL 4.4664e-01 (4.8347e-01)
Epoch: [5][170/496]	L_Src_Sup 0.0000e+00 (2.6000e-03)	L_Trg_Inj 0.0000e+00 (0.0000e+00)	Loss Disc 0.0000e+00 (0.0000e+00)	Loss Pred 4.5937e-01 (4.8195e-01)	Loss TOTAL 4.5937e-01 (4.8325e-01)
Epoch: [5][180/496]	L_Src_Sup 1.7539e-02 (2.6609e-03)	L_Trg_Inj 0.0000e+00 (0.0000e+00)	Loss Disc 0.0000e+00 (0.0000e+00)	Loss Pred 4.7418e-01 (4.8186e-01)	Loss TOTAL 4.8295e-01 (4.8319e-01)
Epoch: [5][190/496]	L_Src_Sup 0.0000e+00 (2.6227e-03)	L_Trg_Inj 0.0000e+00 (0.0000e+00)	Loss Disc 0.0000e+00 (0.0000e+00)	Loss Pred 4.7196e-01 (4.8134e-01)	Loss TOTAL 4.7196e-01 (4.8265e-01)
Epoch: [5][200/496]	L_Src_Sup 0.0000e+00 (2.4916e-03)	L_Trg_Inj 0.0000e+00 (0.0000e+00)	Loss Disc 0.0000e+00 (0.0000e+00)	Loss Pred 4.9708e-01 (4.8106e-01)	Loss TOTAL 4.9708e-01 (4.8230e-01)
Epoch: [5][210/496]	L_Src_Sup 0.0000e+00 (2.4565e-03)	L_Trg_Inj 0.0000e+00 (0.0000e+00)	Loss Disc 0.0000e+00 (0.0000e+00)	Loss Pred 4.6557e-01 (4.8060e-01)	Loss TOTAL 4.6557e-01 (4.8183e-01)
Epoch: [5][220/496]	L_Src_Sup 0.0000e+00 (2.3448e-03)	L_Trg_Inj 0.0000e+00 (0.0000e+00)	Loss Disc 0.0000e+00 (0.0000e+00)	Loss Pred 4.2789e-01 (4.8027e-01)	Loss TOTAL 4.2789e-01 (4.8144e-01)
Epoch: [5][230/496]	L_Src_Sup 0.0000e+00 (2.3360e-03)	L_Trg_Inj 0.0000e+00 (0.0000e+00)	Loss Disc 0.0000e+00 (0.0000e+00)	Loss Pred 4.5273e-01 (4.8009e-01)	Loss TOTAL 4.5273e-01 (4.8126e-01)
Epoch: [5][240/496]	L_Src_Sup 0.0000e+00 (2.4004e-03)	L_Trg_Inj 0.0000e+00 (0.0000e+00)	Loss Disc 0.0000e+00 (0.0000e+00)	Loss Pred 4.6508e-01 (4.8007e-01)	Loss TOTAL 4.6508e-01 (4.8127e-01)
Epoch: [5][250/496]	L_Src_Sup 0.0000e+00 (2.3282e-03)	L_Trg_Inj 0.0000e+00 (0.0000e+00)	Loss Disc 0.0000e+00 (0.0000e+00)	Loss Pred 4.4671e-01 (4.7992e-01)	Loss TOTAL 4.4671e-01 (4.8109e-01)
Epoch: [5][260/496]	L_Src_Sup 0.0000e+00 (2.3051e-03)	L_Trg_Inj 0.0000e+00 (0.0000e+00)	Loss Disc 0.0000e+00 (0.0000e+00)	Loss Pred 4.8376e-01 (4.7993e-01)	Loss TOTAL 4.8376e-01 (4.8108e-01)
Epoch: [5][270/496]	L_Src_Sup 0.0000e+00 (2.2885e-03)	L_Trg_Inj 0.0000e+00 (0.0000e+00)	Loss Disc 0.0000e+00 (0.0000e+00)	Loss Pred 5.4163e-01 (4.7994e-01)	Loss TOTAL 5.4163e-01 (4.8108e-01)
Epoch: [5][280/496]	L_Src_Sup 1.4387e-05 (2.3247e-03)	L_Trg_Inj 0.0000e+00 (0.0000e+00)	Loss Disc 0.0000e+00 (0.0000e+00)	Loss Pred 5.0444e-01 (4.8033e-01)	Loss TOTAL 5.0444e-01 (4.8149e-01)
Epoch: [5][290/496]	L_Src_Sup 0.0000e+00 (2.3216e-03)	L_Trg_Inj 0.0000e+00 (0.0000e+00)	Loss Disc 0.0000e+00 (0.0000e+00)	Loss Pred 4.7178e-01 (4.8070e-01)	Loss TOTAL 4.7178e-01 (4.8186e-01)
Epoch: [5][300/496]	L_Src_Sup 0.0000e+00 (2.2442e-03)	L_Trg_Inj 0.0000e+00 (0.0000e+00)	Loss Disc 0.0000e+00 (0.0000e+00)	Loss Pred 4.9031e-01 (4.8055e-01)	Loss TOTAL 4.9031e-01 (4.8167e-01)
Epoch: [5][310/496]	L_Src_Sup 0.0000e+00 (2.1718e-03)	L_Trg_Inj 0.0000e+00 (0.0000e+00)	Loss Disc 0.0000e+00 (0.0000e+00)	Loss Pred 4.5945e-01 (4.8050e-01)	Loss TOTAL 4.5945e-01 (4.8159e-01)
Epoch: [5][320/496]	L_Src_Sup 0.0000e+00 (2.1618e-03)	L_Trg_Inj 0.0000e+00 (0.0000e+00)	Loss Disc 0.0000e+00 (0.0000e+00)	Loss Pred 4.2850e-01 (4.8057e-01)	Loss TOTAL 4.2850e-01 (4.8165e-01)
Epoch: [5][330/496]	L_Src_Sup 0.0000e+00 (2.2101e-03)	L_Trg_Inj 0.0000e+00 (0.0000e+00)	Loss Disc 0.0000e+00 (0.0000e+00)	Loss Pred 4.7807e-01 (4.8060e-01)	Loss TOTAL 4.7807e-01 (4.8170e-01)
Epoch: [5][340/496]	L_Src_Sup 0.0000e+00 (2.2749e-03)	L_Trg_Inj 0.0000e+00 (0.0000e+00)	Loss Disc 0.0000e+00 (0.0000e+00)	Loss Pred 5.0487e-01 (4.8062e-01)	Loss TOTAL 5.0487e-01 (4.8175e-01)
Epoch: [5][350/496]	L_Src_Sup 1.7391e-02 (2.2596e-03)	L_Trg_Inj 0.0000e+00 (0.0000e+00)	Loss Disc 0.0000e+00 (0.0000e+00)	Loss Pred 4.6882e-01 (4.8046e-01)	Loss TOTAL 4.7752e-01 (4.8159e-01)
Epoch: [5][360/496]	L_Src_Sup 0.0000e+00 (2.2930e-03)	L_Trg_Inj 0.0000e+00 (0.0000e+00)	Loss Disc 0.0000e+00 (0.0000e+00)	Loss Pred 4.8441e-01 (4.8012e-01)	Loss TOTAL 4.8441e-01 (4.8127e-01)
Epoch: [5][370/496]	L_Src_Sup 1.6792e-02 (2.2764e-03)	L_Trg_Inj 0.0000e+00 (0.0000e+00)	Loss Disc 0.0000e+00 (0.0000e+00)	Loss Pred 4.7283e-01 (4.7986e-01)	Loss TOTAL 4.8123e-01 (4.8100e-01)
Epoch: [5][380/496]	L_Src_Sup 0.0000e+00 (3.0960e-03)	L_Trg_Inj 0.0000e+00 (0.0000e+00)	Loss Disc 0.0000e+00 (0.0000e+00)	Loss Pred 4.9700e-01 (4.8012e-01)	Loss TOTAL 4.9700e-01 (4.8167e-01)
Epoch: [5][390/496]	L_Src_Sup 3.0093e-05 (5.1659e-03)	L_Trg_Inj 0.0000e+00 (0.0000e+00)	Loss Disc 0.0000e+00 (0.0000e+00)	Loss Pred 4.9991e-01 (4.8040e-01)	Loss TOTAL 4.9993e-01 (4.8299e-01)
Epoch: [5][400/496]	L_Src_Sup 0.0000e+00 (5.8389e-03)	L_Trg_Inj 0.0000e+00 (0.0000e+00)	Loss Disc 0.0000e+00 (0.0000e+00)	Loss Pred 4.8838e-01 (4.8056e-01)	Loss TOTAL 4.8838e-01 (4.8348e-01)
Epoch: [5][410/496]	L_Src_Sup 1.7082e-02 (5.8643e-03)	L_Trg_Inj 0.0000e+00 (0.0000e+00)	Loss Disc 0.0000e+00 (0.0000e+00)	Loss Pred 4.5322e-01 (4.8052e-01)	Loss TOTAL 4.6176e-01 (4.8346e-01)
Epoch: [5][420/496]	L_Src_Sup 0.0000e+00 (5.7313e-03)	L_Trg_Inj 0.0000e+00 (0.0000e+00)	Loss Disc 0.0000e+00 (0.0000e+00)	Loss Pred 4.9088e-01 (4.8049e-01)	Loss TOTAL 4.9088e-01 (4.8336e-01)
Epoch: [5][430/496]	L_Src_Sup 1.9720e-05 (5.6432e-03)	L_Trg_Inj 0.0000e+00 (0.0000e+00)	Loss Disc 0.0000e+00 (0.0000e+00)	Loss Pred 4.9335e-01 (4.8082e-01)	Loss TOTAL 4.9336e-01 (4.8364e-01)
Epoch: [5][440/496]	L_Src_Sup 4.4574e-04 (5.5568e-03)	L_Trg_Inj 0.0000e+00 (0.0000e+00)	Loss Disc 0.0000e+00 (0.0000e+00)	Loss Pred 4.9781e-01 (4.8072e-01)	Loss TOTAL 4.9803e-01 (4.8350e-01)
Epoch: [5][450/496]	L_Src_Sup 0.0000e+00 (5.4335e-03)	L_Trg_Inj 0.0000e+00 (0.0000e+00)	Loss Disc 0.0000e+00 (0.0000e+00)	Loss Pred 4.7237e-01 (4.8080e-01)	Loss TOTAL 4.7237e-01 (4.8352e-01)
Epoch: [5][460/496]	L_Src_Sup 0.0000e+00 (5.3532e-03)	L_Trg_Inj 0.0000e+00 (0.0000e+00)	Loss Disc 0.0000e+00 (0.0000e+00)	Loss Pred 5.0958e-01 (4.8116e-01)	Loss TOTAL 5.0958e-01 (4.8384e-01)
Epoch: [5][470/496]	L_Src_Sup 4.1448e-03 (5.2481e-03)	L_Trg_Inj 0.0000e+00 (0.0000e+00)	Loss Disc 0.0000e+00 (0.0000e+00)	Loss Pred 4.6543e-01 (4.8078e-01)	Loss TOTAL 4.6750e-01 (4.8341e-01)
Epoch: [5][480/496]	L_Src_Sup 0.0000e+00 (5.1690e-03)	L_Trg_Inj 0.0000e+00 (0.0000e+00)	Loss Disc 0.0000e+00 (0.0000e+00)	Loss Pred 4.8444e-01 (4.8070e-01)	Loss TOTAL 4.8444e-01 (4.8329e-01)
Epoch: [5][490/496]	L_Src_Sup 0.0000e+00 (5.0636e-03)	L_Trg_Inj 0.0000e+00 (0.0000e+00)	Loss Disc 0.0000e+00 (0.0000e+00)	Loss Pred 5.2908e-01 (4.8065e-01)	Loss TOTAL 5.2908e-01 (4.8318e-01)
Epoch: [5][496/496]	L_Src_Sup 0.0000e+00 (5.0037e-03)	L_Trg_Inj 0.0000e+00 (0.0000e+00)	Loss Disc 0.0000e+00 (0.0000e+00)	Loss Pred 4.6702e-01 (4.8064e-01)	Loss TOTAL 4.6702e-01 (4.8314e-01)
Epoch 5 complete. Saving model state...
Epoch: [6][ 10/496]	L_Src_Sup 2.3391e-03 (8.4842e-04)	L_Trg_Inj 0.0000e+00 (0.0000e+00)	Loss Disc 0.0000e+00 (0.0000e+00)	Loss Pred 4.4740e-01 (4.7284e-01)	Loss TOTAL 4.4857e-01 (4.7327e-01)
Epoch: [6][ 20/496]	L_Src_Sup 0.0000e+00 (1.8460e-03)	L_Trg_Inj 0.0000e+00 (0.0000e+00)	Loss Disc 0.0000e+00 (0.0000e+00)	Loss Pred 4.5981e-01 (4.7710e-01)	Loss TOTAL 4.5981e-01 (4.7802e-01)
Epoch: [6][ 30/496]	L_Src_Sup 0.0000e+00 (1.9771e-03)	L_Trg_Inj 0.0000e+00 (0.0000e+00)	Loss Disc 0.0000e+00 (0.0000e+00)	Loss Pred 4.4014e-01 (4.7708e-01)	Loss TOTAL 4.4014e-01 (4.7807e-01)
Epoch: [6][ 40/496]	L_Src_Sup 1.7391e-02 (2.6993e-03)	L_Trg_Inj 0.0000e+00 (0.0000e+00)	Loss Disc 0.0000e+00 (0.0000e+00)	Loss Pred 4.6582e-01 (4.7625e-01)	Loss TOTAL 4.7452e-01 (4.7760e-01)
Epoch: [6][ 50/496]	L_Src_Sup 0.0000e+00 (2.8128e-03)	L_Trg_Inj 0.0000e+00 (0.0000e+00)	Loss Disc 0.0000e+00 (0.0000e+00)	Loss Pred 4.5899e-01 (4.7700e-01)	Loss TOTAL 4.5899e-01 (4.7841e-01)
Epoch: [6][ 60/496]	L_Src_Sup 0.0000e+00 (2.6850e-03)	L_Trg_Inj 0.0000e+00 (0.0000e+00)	Loss Disc 0.0000e+00 (0.0000e+00)	Loss Pred 4.7151e-01 (4.7783e-01)	Loss TOTAL 4.7151e-01 (4.7918e-01)
Epoch: [6][ 70/496]	L_Src_Sup 0.0000e+00 (2.5541e-03)	L_Trg_Inj 0.0000e+00 (0.0000e+00)	Loss Disc 0.0000e+00 (0.0000e+00)	Loss Pred 4.7903e-01 (4.7881e-01)	Loss TOTAL 4.7903e-01 (4.8008e-01)
Epoch: [6][ 80/496]	L_Src_Sup 4.5375e-05 (2.2354e-03)	L_Trg_Inj 0.0000e+00 (0.0000e+00)	Loss Disc 0.0000e+00 (0.0000e+00)	Loss Pred 5.1099e-01 (4.7969e-01)	Loss TOTAL 5.1101e-01 (4.8081e-01)
Epoch: [6][ 90/496]	L_Src_Sup 7.4365e-05 (2.2742e-03)	L_Trg_Inj 0.0000e+00 (0.0000e+00)	Loss Disc 0.0000e+00 (0.0000e+00)	Loss Pred 4.5945e-01 (4.7890e-01)	Loss TOTAL 4.5949e-01 (4.8004e-01)
Epoch: [6][100/496]	L_Src_Sup 0.0000e+00 (2.0490e-03)	L_Trg_Inj 0.0000e+00 (0.0000e+00)	Loss Disc 0.0000e+00 (0.0000e+00)	Loss Pred 4.5293e-01 (4.7864e-01)	Loss TOTAL 4.5293e-01 (4.7967e-01)
Epoch: [6][110/496]	L_Src_Sup 5.5684e-03 (1.9958e-03)	L_Trg_Inj 0.0000e+00 (0.0000e+00)	Loss Disc 0.0000e+00 (0.0000e+00)	Loss Pred 4.9158e-01 (4.7991e-01)	Loss TOTAL 4.9436e-01 (4.8090e-01)
Epoch: [6][120/496]	L_Src_Sup 0.0000e+00 (2.1211e-03)	L_Trg_Inj 0.0000e+00 (0.0000e+00)	Loss Disc 0.0000e+00 (0.0000e+00)	Loss Pred 5.2235e-01 (4.7995e-01)	Loss TOTAL 5.2235e-01 (4.8101e-01)
Epoch: [6][130/496]	L_Src_Sup 0.0000e+00 (1.9596e-03)	L_Trg_Inj 0.0000e+00 (0.0000e+00)	Loss Disc 0.0000e+00 (0.0000e+00)	Loss Pred 4.6523e-01 (4.7971e-01)	Loss TOTAL 4.6523e-01 (4.8069e-01)
Epoch: [6][140/496]	L_Src_Sup 0.0000e+00 (1.8276e-03)	L_Trg_Inj 0.0000e+00 (0.0000e+00)	Loss Disc 0.0000e+00 (0.0000e+00)	Loss Pred 4.4651e-01 (4.7898e-01)	Loss TOTAL 4.4651e-01 (4.7989e-01)
Epoch: [6][150/496]	L_Src_Sup 0.0000e+00 (1.7298e-03)	L_Trg_Inj 0.0000e+00 (0.0000e+00)	Loss Disc 0.0000e+00 (0.0000e+00)	Loss Pred 4.9682e-01 (4.7936e-01)	Loss TOTAL 4.9682e-01 (4.8023e-01)
Epoch: [6][160/496]	L_Src_Sup 0.0000e+00 (1.7342e-03)	L_Trg_Inj 0.0000e+00 (0.0000e+00)	Loss Disc 0.0000e+00 (0.0000e+00)	Loss Pred 4.5896e-01 (4.7928e-01)	Loss TOTAL 4.5896e-01 (4.8014e-01)
Epoch: [6][170/496]	L_Src_Sup 0.0000e+00 (1.8691e-03)	L_Trg_Inj 0.0000e+00 (0.0000e+00)	Loss Disc 0.0000e+00 (0.0000e+00)	Loss Pred 4.9124e-01 (4.7918e-01)	Loss TOTAL 4.9124e-01 (4.8012e-01)
Epoch: [6][180/496]	L_Src_Sup 3.6251e-04 (1.8608e-03)	L_Trg_Inj 0.0000e+00 (0.0000e+00)	Loss Disc 0.0000e+00 (0.0000e+00)	Loss Pred 4.7902e-01 (4.7894e-01)	Loss TOTAL 4.7920e-01 (4.7987e-01)
Epoch: [6][190/496]	L_Src_Sup 0.0000e+00 (2.1339e-03)	L_Trg_Inj 0.0000e+00 (0.0000e+00)	Loss Disc 0.0000e+00 (0.0000e+00)	Loss Pred 4.9847e-01 (4.7867e-01)	Loss TOTAL 4.9847e-01 (4.7973e-01)
Epoch: [6][200/496]	L_Src_Sup 0.0000e+00 (2.0272e-03)	L_Trg_Inj 0.0000e+00 (0.0000e+00)	Loss Disc 0.0000e+00 (0.0000e+00)	Loss Pred 4.7186e-01 (4.7808e-01)	Loss TOTAL 4.7186e-01 (4.7910e-01)
Epoch: [6][210/496]	L_Src_Sup 0.0000e+00 (2.0797e-03)	L_Trg_Inj 0.0000e+00 (0.0000e+00)	Loss Disc 0.0000e+00 (0.0000e+00)	Loss Pred 4.6554e-01 (4.7795e-01)	Loss TOTAL 4.6554e-01 (4.7899e-01)
Epoch: [6][220/496]	L_Src_Sup 0.0000e+00 (1.9863e-03)	L_Trg_Inj 0.0000e+00 (0.0000e+00)	Loss Disc 0.0000e+00 (0.0000e+00)	Loss Pred 4.9050e-01 (4.7822e-01)	Loss TOTAL 4.9050e-01 (4.7922e-01)
Epoch: [6][230/496]	L_Src_Sup 0.0000e+00 (1.9593e-03)	L_Trg_Inj 0.0000e+00 (0.0000e+00)	Loss Disc 0.0000e+00 (0.0000e+00)	Loss Pred 4.6740e-01 (4.7815e-01)	Loss TOTAL 4.6740e-01 (4.7913e-01)
Epoch: [6][240/496]	L_Src_Sup 1.2810e-02 (2.0242e-03)	L_Trg_Inj 0.0000e+00 (0.0000e+00)	Loss Disc 0.0000e+00 (0.0000e+00)	Loss Pred 4.5874e-01 (4.7874e-01)	Loss TOTAL 4.6515e-01 (4.7975e-01)
Epoch: [6][250/496]	L_Src_Sup 0.0000e+00 (1.9432e-03)	L_Trg_Inj 0.0000e+00 (0.0000e+00)	Loss Disc 0.0000e+00 (0.0000e+00)	Loss Pred 4.5250e-01 (4.7917e-01)	Loss TOTAL 4.5250e-01 (4.8014e-01)
Epoch: [6][260/496]	L_Src_Sup 0.0000e+00 (1.8685e-03)	L_Trg_Inj 0.0000e+00 (0.0000e+00)	Loss Disc 0.0000e+00 (0.0000e+00)	Loss Pred 4.8426e-01 (4.7908e-01)	Loss TOTAL 4.8426e-01 (4.8001e-01)
Epoch: [6][270/496]	L_Src_Sup 0.0000e+00 (2.0295e-03)	L_Trg_Inj 0.0000e+00 (0.0000e+00)	Loss Disc 0.0000e+00 (0.0000e+00)	Loss Pred 4.9047e-01 (4.7935e-01)	Loss TOTAL 4.9047e-01 (4.8037e-01)
Epoch: [6][280/496]	L_Src_Sup 2.4144e-01 (3.4356e-03)	L_Trg_Inj 0.0000e+00 (0.0000e+00)	Loss Disc 0.0000e+00 (0.0000e+00)	Loss Pred 5.1758e-01 (4.7954e-01)	Loss TOTAL 6.3830e-01 (4.8125e-01)
Epoch: [6][290/496]	L_Src_Sup 1.1224e-02 (5.2132e-03)	L_Trg_Inj 0.0000e+00 (0.0000e+00)	Loss Disc 0.0000e+00 (0.0000e+00)	Loss Pred 4.8443e-01 (4.7965e-01)	Loss TOTAL 4.9004e-01 (4.8226e-01)
Epoch: [6][300/496]	L_Src_Sup 0.0000e+00 (5.5190e-03)	L_Trg_Inj 0.0000e+00 (0.0000e+00)	Loss Disc 0.0000e+00 (0.0000e+00)	Loss Pred 4.5346e-01 (4.7958e-01)	Loss TOTAL 4.5346e-01 (4.8234e-01)
Epoch: [6][310/496]	L_Src_Sup 0.0000e+00 (5.4103e-03)	L_Trg_Inj 0.0000e+00 (0.0000e+00)	Loss Disc 0.0000e+00 (0.0000e+00)	Loss Pred 5.0949e-01 (4.7983e-01)	Loss TOTAL 5.0949e-01 (4.8253e-01)
Epoch: [6][320/496]	L_Src_Sup 2.4213e-02 (5.4290e-03)	L_Trg_Inj 0.0000e+00 (0.0000e+00)	Loss Disc 0.0000e+00 (0.0000e+00)	Loss Pred 5.0984e-01 (4.7981e-01)	Loss TOTAL 5.2195e-01 (4.8253e-01)
Epoch: [6][330/496]	L_Src_Sup 0.0000e+00 (5.4169e-03)	L_Trg_Inj 0.0000e+00 (0.0000e+00)	Loss Disc 0.0000e+00 (0.0000e+00)	Loss Pred 4.7789e-01 (4.7974e-01)	Loss TOTAL 4.7789e-01 (4.8245e-01)
Epoch: [6][340/496]	L_Src_Sup 0.0000e+00 (5.4124e-03)	L_Trg_Inj 0.0000e+00 (0.0000e+00)	Loss Disc 0.0000e+00 (0.0000e+00)	Loss Pred 4.5941e-01 (4.7955e-01)	Loss TOTAL 4.5941e-01 (4.8226e-01)
Epoch: [6][350/496]	L_Src_Sup 0.0000e+00 (5.3824e-03)	L_Trg_Inj 0.0000e+00 (0.0000e+00)	Loss Disc 0.0000e+00 (0.0000e+00)	Loss Pred 5.0087e-01 (4.7964e-01)	Loss TOTAL 5.0087e-01 (4.8233e-01)
Epoch: [6][360/496]	L_Src_Sup 0.0000e+00 (5.2828e-03)	L_Trg_Inj 0.0000e+00 (0.0000e+00)	Loss Disc 0.0000e+00 (0.0000e+00)	Loss Pred 4.6535e-01 (4.7961e-01)	Loss TOTAL 4.6535e-01 (4.8226e-01)
Epoch: [6][370/496]	L_Src_Sup 0.0000e+00 (5.2180e-03)	L_Trg_Inj 0.0000e+00 (0.0000e+00)	Loss Disc 0.0000e+00 (0.0000e+00)	Loss Pred 5.0339e-01 (4.7953e-01)	Loss TOTAL 5.0339e-01 (4.8214e-01)
Epoch: [6][380/496]	L_Src_Sup 0.0000e+00 (5.0887e-03)	L_Trg_Inj 0.0000e+00 (0.0000e+00)	Loss Disc 0.0000e+00 (0.0000e+00)	Loss Pred 5.0355e-01 (4.7986e-01)	Loss TOTAL 5.0355e-01 (4.8240e-01)
Epoch: [6][390/496]	L_Src_Sup 1.7241e-02 (5.0482e-03)	L_Trg_Inj 0.0000e+00 (0.0000e+00)	Loss Disc 0.0000e+00 (0.0000e+00)	Loss Pred 4.5953e-01 (4.7979e-01)	Loss TOTAL 4.6815e-01 (4.8232e-01)
Epoch: [6][400/496]	L_Src_Sup 0.0000e+00 (4.9671e-03)	L_Trg_Inj 0.0000e+00 (0.0000e+00)	Loss Disc 0.0000e+00 (0.0000e+00)	Loss Pred 4.5909e-01 (4.7988e-01)	Loss TOTAL 4.5909e-01 (4.8236e-01)
Epoch: [6][410/496]	L_Src_Sup 0.0000e+00 (4.8460e-03)	L_Trg_Inj 0.0000e+00 (0.0000e+00)	Loss Disc 0.0000e+00 (0.0000e+00)	Loss Pred 4.7809e-01 (4.7994e-01)	Loss TOTAL 4.7809e-01 (4.8236e-01)
Epoch: [6][420/496]	L_Src_Sup 0.0000e+00 (4.7331e-03)	L_Trg_Inj 0.0000e+00 (0.0000e+00)	Loss Disc 0.0000e+00 (0.0000e+00)	Loss Pred 4.9100e-01 (4.7998e-01)	Loss TOTAL 4.9100e-01 (4.8235e-01)
Epoch: [6][430/496]	L_Src_Sup 0.0000e+00 (4.6428e-03)	L_Trg_Inj 0.0000e+00 (0.0000e+00)	Loss Disc 0.0000e+00 (0.0000e+00)	Loss Pred 5.0396e-01 (4.8025e-01)	Loss TOTAL 5.0396e-01 (4.8257e-01)
Epoch: [6][440/496]	L_Src_Sup 0.0000e+00 (4.5395e-03)	L_Trg_Inj 0.0000e+00 (0.0000e+00)	Loss Disc 0.0000e+00 (0.0000e+00)	Loss Pred 4.8448e-01 (4.8023e-01)	Loss TOTAL 4.8448e-01 (4.8250e-01)
Epoch: [6][450/496]	L_Src_Sup 0.0000e+00 (4.4391e-03)	L_Trg_Inj 0.0000e+00 (0.0000e+00)	Loss Disc 0.0000e+00 (0.0000e+00)	Loss Pred 4.6559e-01 (4.8004e-01)	Loss TOTAL 4.6559e-01 (4.8226e-01)
Epoch: [6][460/496]	L_Src_Sup 0.0000e+00 (4.3567e-03)	L_Trg_Inj 0.0000e+00 (0.0000e+00)	Loss Disc 0.0000e+00 (0.0000e+00)	Loss Pred 4.3462e-01 (4.7970e-01)	Loss TOTAL 4.3462e-01 (4.8188e-01)
Epoch: [6][470/496]	L_Src_Sup 0.0000e+00 (4.2640e-03)	L_Trg_Inj 0.0000e+00 (0.0000e+00)	Loss Disc 0.0000e+00 (0.0000e+00)	Loss Pred 4.9720e-01 (4.7979e-01)	Loss TOTAL 4.9720e-01 (4.8193e-01)
Epoch: [6][480/496]	L_Src_Sup 0.0000e+00 (4.1752e-03)	L_Trg_Inj 0.0000e+00 (0.0000e+00)	Loss Disc 0.0000e+00 (0.0000e+00)	Loss Pred 4.6615e-01 (4.7963e-01)	Loss TOTAL 4.6615e-01 (4.8172e-01)
Epoch: [6][490/496]	L_Src_Sup 0.0000e+00 (4.0907e-03)	L_Trg_Inj 0.0000e+00 (0.0000e+00)	Loss Disc 0.0000e+00 (0.0000e+00)	Loss Pred 5.4522e-01 (4.7982e-01)	Loss TOTAL 5.4522e-01 (4.8187e-01)
Epoch: [6][496/496]	L_Src_Sup 0.0000e+00 (4.1724e-03)	L_Trg_Inj 0.0000e+00 (0.0000e+00)	Loss Disc 0.0000e+00 (0.0000e+00)	Loss Pred 5.0439e-01 (4.8008e-01)	Loss TOTAL 5.0439e-01 (4.8216e-01)
Epoch 6 complete. Saving model state...
Epoch: [7][ 10/496]	L_Src_Sup 4.5747e-03 (4.5747e-04)	L_Trg_Inj 0.0000e+00 (0.0000e+00)	Loss Disc 0.0000e+00 (0.0000e+00)	Loss Pred 4.7176e-01 (4.9023e-01)	Loss TOTAL 4.7404e-01 (4.9046e-01)
Epoch: [7][ 20/496]	L_Src_Sup 0.0000e+00 (2.6334e-03)	L_Trg_Inj 0.0000e+00 (0.0000e+00)	Loss Disc 0.0000e+00 (0.0000e+00)	Loss Pred 5.3573e-01 (4.8874e-01)	Loss TOTAL 5.3573e-01 (4.9006e-01)
Epoch: [7][ 30/496]	L_Src_Sup 0.0000e+00 (2.1515e-03)	L_Trg_Inj 0.0000e+00 (0.0000e+00)	Loss Disc 0.0000e+00 (0.0000e+00)	Loss Pred 4.9717e-01 (4.8530e-01)	Loss TOTAL 4.9717e-01 (4.8638e-01)
Epoch: [7][ 40/496]	L_Src_Sup 0.0000e+00 (1.7640e-02)	L_Trg_Inj 0.0000e+00 (0.0000e+00)	Loss Disc 0.0000e+00 (0.0000e+00)	Loss Pred 4.9989e-01 (4.8644e-01)	Loss TOTAL 4.9989e-01 (4.9526e-01)
Epoch: [7][ 50/496]	L_Src_Sup 1.5432e-02 (1.7182e-02)	L_Trg_Inj 0.0000e+00 (0.0000e+00)	Loss Disc 0.0000e+00 (0.0000e+00)	Loss Pred 4.6627e-01 (4.8378e-01)	Loss TOTAL 4.7398e-01 (4.9237e-01)
Epoch: [7][ 60/496]	L_Src_Sup 0.0000e+00 (1.5618e-02)	L_Trg_Inj 0.0000e+00 (0.0000e+00)	Loss Disc 0.0000e+00 (0.0000e+00)	Loss Pred 5.2293e-01 (4.8159e-01)	Loss TOTAL 5.2293e-01 (4.8940e-01)
Epoch: [7][ 70/496]	L_Src_Sup 0.0000e+00 (1.3638e-02)	L_Trg_Inj 0.0000e+00 (0.0000e+00)	Loss Disc 0.0000e+00 (0.0000e+00)	Loss Pred 4.4683e-01 (4.8100e-01)	Loss TOTAL 4.4683e-01 (4.8782e-01)
Epoch: [7][ 80/496]	L_Src_Sup 0.0000e+00 (1.1933e-02)	L_Trg_Inj 0.0000e+00 (0.0000e+00)	Loss Disc 0.0000e+00 (0.0000e+00)	Loss Pred 4.7850e-01 (4.8168e-01)	Loss TOTAL 4.7850e-01 (4.8765e-01)
Epoch: [7][ 90/496]	L_Src_Sup 0.0000e+00 (1.0607e-02)	L_Trg_Inj 0.0000e+00 (0.0000e+00)	Loss Disc 0.0000e+00 (0.0000e+00)	Loss Pred 4.7170e-01 (4.8143e-01)	Loss TOTAL 4.7170e-01 (4.8674e-01)
Epoch: [7][100/496]	L_Src_Sup 0.0000e+00 (9.8959e-03)	L_Trg_Inj 0.0000e+00 (0.0000e+00)	Loss Disc 0.0000e+00 (0.0000e+00)	Loss Pred 4.9028e-01 (4.8186e-01)	Loss TOTAL 4.9028e-01 (4.8681e-01)
Epoch: [7][110/496]	L_Src_Sup 0.0000e+00 (9.1600e-03)	L_Trg_Inj 0.0000e+00 (0.0000e+00)	Loss Disc 0.0000e+00 (0.0000e+00)	Loss Pred 4.9077e-01 (4.8076e-01)	Loss TOTAL 4.9077e-01 (4.8534e-01)
Epoch: [7][120/496]	L_Src_Sup 0.0000e+00 (8.3966e-03)	L_Trg_Inj 0.0000e+00 (0.0000e+00)	Loss Disc 0.0000e+00 (0.0000e+00)	Loss Pred 5.0321e-01 (4.8206e-01)	Loss TOTAL 5.0321e-01 (4.8625e-01)
Epoch: [7][130/496]	L_Src_Sup 0.0000e+00 (7.8088e-03)	L_Trg_Inj 0.0000e+00 (0.0000e+00)	Loss Disc 0.0000e+00 (0.0000e+00)	Loss Pred 4.8412e-01 (4.8171e-01)	Loss TOTAL 4.8412e-01 (4.8562e-01)
Epoch: [7][140/496]	L_Src_Sup 0.0000e+00 (7.2901e-03)	L_Trg_Inj 0.0000e+00 (0.0000e+00)	Loss Disc 0.0000e+00 (0.0000e+00)	Loss Pred 4.9743e-01 (4.8224e-01)	Loss TOTAL 4.9743e-01 (4.8588e-01)
Epoch: [7][150/496]	L_Src_Sup 0.0000e+00 (6.8043e-03)	L_Trg_Inj 0.0000e+00 (0.0000e+00)	Loss Disc 0.0000e+00 (0.0000e+00)	Loss Pred 5.0309e-01 (4.8307e-01)	Loss TOTAL 5.0309e-01 (4.8647e-01)
Epoch: [7][160/496]	L_Src_Sup 0.0000e+00 (6.4409e-03)	L_Trg_Inj 0.0000e+00 (0.0000e+00)	Loss Disc 0.0000e+00 (0.0000e+00)	Loss Pred 5.5388e-01 (4.8314e-01)	Loss TOTAL 5.5388e-01 (4.8636e-01)
Epoch: [7][170/496]	L_Src_Sup 0.0000e+00 (6.1758e-03)	L_Trg_Inj 0.0000e+00 (0.0000e+00)	Loss Disc 0.0000e+00 (0.0000e+00)	Loss Pred 4.9086e-01 (4.8328e-01)	Loss TOTAL 4.9086e-01 (4.8637e-01)
Epoch: [7][180/496]	L_Src_Sup 0.0000e+00 (5.9271e-03)	L_Trg_Inj 0.0000e+00 (0.0000e+00)	Loss Disc 0.0000e+00 (0.0000e+00)	Loss Pred 4.8421e-01 (4.8260e-01)	Loss TOTAL 4.8421e-01 (4.8557e-01)
Epoch: [7][190/496]	L_Src_Sup 0.0000e+00 (5.6392e-03)	L_Trg_Inj 0.0000e+00 (0.0000e+00)	Loss Disc 0.0000e+00 (0.0000e+00)	Loss Pred 5.1601e-01 (4.8232e-01)	Loss TOTAL 5.1601e-01 (4.8514e-01)
Epoch: [7][200/496]	L_Src_Sup 0.0000e+00 (5.4241e-03)	L_Trg_Inj 0.0000e+00 (0.0000e+00)	Loss Disc 0.0000e+00 (0.0000e+00)	Loss Pred 4.7161e-01 (4.8194e-01)	Loss TOTAL 4.7161e-01 (4.8465e-01)
Epoch: [7][210/496]	L_Src_Sup 1.6483e-03 (5.1736e-03)	L_Trg_Inj 0.0000e+00 (0.0000e+00)	Loss Disc 0.0000e+00 (0.0000e+00)	Loss Pred 4.6548e-01 (4.8149e-01)	Loss TOTAL 4.6630e-01 (4.8408e-01)
Epoch: [7][220/496]	L_Src_Sup 0.0000e+00 (4.9591e-03)	L_Trg_Inj 0.0000e+00 (0.0000e+00)	Loss Disc 0.0000e+00 (0.0000e+00)	Loss Pred 4.7276e-01 (4.8114e-01)	Loss TOTAL 4.7276e-01 (4.8362e-01)
Epoch: [7][230/496]	L_Src_Sup 0.0000e+00 (4.7436e-03)	L_Trg_Inj 0.0000e+00 (0.0000e+00)	Loss Disc 0.0000e+00 (0.0000e+00)	Loss Pred 5.0450e-01 (4.8108e-01)	Loss TOTAL 5.0450e-01 (4.8345e-01)
Epoch: [7][240/496]	L_Src_Sup 0.0000e+00 (4.5741e-03)	L_Trg_Inj 0.0000e+00 (0.0000e+00)	Loss Disc 0.0000e+00 (0.0000e+00)	Loss Pred 4.7163e-01 (4.8072e-01)	Loss TOTAL 4.7163e-01 (4.8301e-01)
Epoch: [7][250/496]	L_Src_Sup 0.0000e+00 (4.4659e-03)	L_Trg_Inj 0.0000e+00 (0.0000e+00)	Loss Disc 0.0000e+00 (0.0000e+00)	Loss Pred 5.0976e-01 (4.8070e-01)	Loss TOTAL 5.0976e-01 (4.8293e-01)
Epoch: [7][260/496]	L_Src_Sup 0.0000e+00 (4.3593e-03)	L_Trg_Inj 0.0000e+00 (0.0000e+00)	Loss Disc 0.0000e+00 (0.0000e+00)	Loss Pred 4.9007e-01 (4.8102e-01)	Loss TOTAL 4.9007e-01 (4.8320e-01)
Epoch: [7][270/496]	L_Src_Sup 0.0000e+00 (4.1979e-03)	L_Trg_Inj 0.0000e+00 (0.0000e+00)	Loss Disc 0.0000e+00 (0.0000e+00)	Loss Pred 4.7862e-01 (4.8079e-01)	Loss TOTAL 4.7862e-01 (4.8288e-01)
Epoch: [7][280/496]	L_Src_Sup 0.0000e+00 (4.0479e-03)	L_Trg_Inj 0.0000e+00 (0.0000e+00)	Loss Disc 0.0000e+00 (0.0000e+00)	Loss Pred 4.9041e-01 (4.8083e-01)	Loss TOTAL 4.9041e-01 (4.8285e-01)
Epoch: [7][290/496]	L_Src_Sup 5.0917e-04 (3.9673e-03)	L_Trg_Inj 0.0000e+00 (0.0000e+00)	Loss Disc 0.0000e+00 (0.0000e+00)	Loss Pred 4.3351e-01 (4.8073e-01)	Loss TOTAL 4.3376e-01 (4.8271e-01)
Epoch: [7][300/496]	L_Src_Sup 3.0162e-02 (4.0541e-03)	L_Trg_Inj 0.0000e+00 (0.0000e+00)	Loss Disc 0.0000e+00 (0.0000e+00)	Loss Pred 4.5885e-01 (4.8077e-01)	Loss TOTAL 4.7393e-01 (4.8280e-01)
Epoch: [7][310/496]	L_Src_Sup 0.0000e+00 (4.0394e-03)	L_Trg_Inj 0.0000e+00 (0.0000e+00)	Loss Disc 0.0000e+00 (0.0000e+00)	Loss Pred 5.0288e-01 (4.8106e-01)	Loss TOTAL 5.0288e-01 (4.8308e-01)
Epoch: [7][320/496]	L_Src_Sup 5.7906e-04 (3.9711e-03)	L_Trg_Inj 0.0000e+00 (0.0000e+00)	Loss Disc 0.0000e+00 (0.0000e+00)	Loss Pred 4.9222e-01 (4.8118e-01)	Loss TOTAL 4.9251e-01 (4.8317e-01)
Epoch: [7][330/496]	L_Src_Sup 0.0000e+00 (3.9035e-03)	L_Trg_Inj 0.0000e+00 (0.0000e+00)	Loss Disc 0.0000e+00 (0.0000e+00)	Loss Pred 4.8412e-01 (4.8105e-01)	Loss TOTAL 4.8412e-01 (4.8300e-01)
Epoch: [7][340/496]	L_Src_Sup 2.2628e-03 (3.7953e-03)	L_Trg_Inj 0.0000e+00 (0.0000e+00)	Loss Disc 0.0000e+00 (0.0000e+00)	Loss Pred 5.0985e-01 (4.8116e-01)	Loss TOTAL 5.1098e-01 (4.8306e-01)
Epoch: [7][350/496]	L_Src_Sup 0.0000e+00 (3.6869e-03)	L_Trg_Inj 0.0000e+00 (0.0000e+00)	Loss Disc 0.0000e+00 (0.0000e+00)	Loss Pred 4.3389e-01 (4.8111e-01)	Loss TOTAL 4.3389e-01 (4.8295e-01)
Epoch: [7][360/496]	L_Src_Sup 0.0000e+00 (3.6110e-03)	L_Trg_Inj 0.0000e+00 (0.0000e+00)	Loss Disc 0.0000e+00 (0.0000e+00)	Loss Pred 5.2858e-01 (4.8136e-01)	Loss TOTAL 5.2858e-01 (4.8317e-01)
Epoch: [7][370/496]	L_Src_Sup 0.0000e+00 (3.5814e-03)	L_Trg_Inj 0.0000e+00 (0.0000e+00)	Loss Disc 0.0000e+00 (0.0000e+00)	Loss Pred 4.6493e-01 (4.8129e-01)	Loss TOTAL 4.6493e-01 (4.8308e-01)
Epoch: [7][380/496]	L_Src_Sup 0.0000e+00 (3.6673e-03)	L_Trg_Inj 0.0000e+00 (0.0000e+00)	Loss Disc 0.0000e+00 (0.0000e+00)	Loss Pred 4.9710e-01 (4.8109e-01)	Loss TOTAL 4.9710e-01 (4.8292e-01)
Epoch: [7][390/496]	L_Src_Sup 0.0000e+00 (3.5733e-03)	L_Trg_Inj 0.0000e+00 (0.0000e+00)	Loss Disc 0.0000e+00 (0.0000e+00)	Loss Pred 4.7173e-01 (4.8098e-01)	Loss TOTAL 4.7173e-01 (4.8276e-01)
Epoch: [7][400/496]	L_Src_Sup 1.4144e-01 (5.5927e-03)	L_Trg_Inj 0.0000e+00 (0.0000e+00)	Loss Disc 0.0000e+00 (0.0000e+00)	Loss Pred 4.8105e-01 (4.8050e-01)	Loss TOTAL 5.5177e-01 (4.8330e-01)
Epoch: [7][410/496]	L_Src_Sup 1.3351e-03 (7.5696e-03)	L_Trg_Inj 0.0000e+00 (0.0000e+00)	Loss Disc 0.0000e+00 (0.0000e+00)	Loss Pred 4.8694e-01 (4.8073e-01)	Loss TOTAL 4.8761e-01 (4.8452e-01)
Epoch: [7][420/496]	L_Src_Sup 0.0000e+00 (7.4741e-03)	L_Trg_Inj 0.0000e+00 (0.0000e+00)	Loss Disc 0.0000e+00 (0.0000e+00)	Loss Pred 4.6654e-01 (4.8047e-01)	Loss TOTAL 4.6654e-01 (4.8421e-01)
Epoch: [7][430/496]	L_Src_Sup 0.0000e+00 (7.3497e-03)	L_Trg_Inj 0.0000e+00 (0.0000e+00)	Loss Disc 0.0000e+00 (0.0000e+00)	Loss Pred 4.6133e-01 (4.8042e-01)	Loss TOTAL 4.6133e-01 (4.8410e-01)
Epoch: [7][440/496]	L_Src_Sup 0.0000e+00 (7.2056e-03)	L_Trg_Inj 0.0000e+00 (0.0000e+00)	Loss Disc 0.0000e+00 (0.0000e+00)	Loss Pred 4.9085e-01 (4.8054e-01)	Loss TOTAL 4.9085e-01 (4.8414e-01)
Epoch: [7][450/496]	L_Src_Sup 0.0000e+00 (7.0454e-03)	L_Trg_Inj 0.0000e+00 (0.0000e+00)	Loss Disc 0.0000e+00 (0.0000e+00)	Loss Pred 5.0348e-01 (4.8059e-01)	Loss TOTAL 5.0348e-01 (4.8411e-01)
Epoch: [7][460/496]	L_Src_Sup 0.0000e+00 (6.8923e-03)	L_Trg_Inj 0.0000e+00 (0.0000e+00)	Loss Disc 0.0000e+00 (0.0000e+00)	Loss Pred 4.4001e-01 (4.8040e-01)	Loss TOTAL 4.4001e-01 (4.8385e-01)
Epoch: [7][470/496]	L_Src_Sup 1.2842e-05 (6.8258e-03)	L_Trg_Inj 0.0000e+00 (0.0000e+00)	Loss Disc 0.0000e+00 (0.0000e+00)	Loss Pred 4.4659e-01 (4.8032e-01)	Loss TOTAL 4.4660e-01 (4.8373e-01)
Epoch: [7][480/496]	L_Src_Sup 0.0000e+00 (6.6967e-03)	L_Trg_Inj 0.0000e+00 (0.0000e+00)	Loss Disc 0.0000e+00 (0.0000e+00)	Loss Pred 4.9252e-01 (4.8026e-01)	Loss TOTAL 4.9252e-01 (4.8361e-01)
Epoch: [7][490/496]	L_Src_Sup 0.0000e+00 (6.6270e-03)	L_Trg_Inj 0.0000e+00 (0.0000e+00)	Loss Disc 0.0000e+00 (0.0000e+00)	Loss Pred 4.3974e-01 (4.8002e-01)	Loss TOTAL 4.3974e-01 (4.8334e-01)
Epoch: [7][496/496]	L_Src_Sup 0.0000e+00 (6.5469e-03)	L_Trg_Inj 0.0000e+00 (0.0000e+00)	Loss Disc 0.0000e+00 (0.0000e+00)	Loss Pred 4.8441e-01 (4.8011e-01)	Loss TOTAL 4.8441e-01 (4.8339e-01)
Epoch 7 complete. Saving model state...
Epoch: [8][ 10/496]	L_Src_Sup 0.0000e+00 (0.0000e+00)	L_Trg_Inj 0.0000e+00 (0.0000e+00)	Loss Disc 0.0000e+00 (0.0000e+00)	Loss Pred 5.1261e-01 (4.8213e-01)	Loss TOTAL 5.1261e-01 (4.8213e-01)
Epoch: [8][ 20/496]	L_Src_Sup 3.2885e-03 (5.2779e-04)	L_Trg_Inj 0.0000e+00 (0.0000e+00)	Loss Disc 0.0000e+00 (0.0000e+00)	Loss Pred 4.2941e-01 (4.7365e-01)	Loss TOTAL 4.3105e-01 (4.7391e-01)
Epoch: [8][ 30/496]	L_Src_Sup 0.0000e+00 (9.3305e-04)	L_Trg_Inj 0.0000e+00 (0.0000e+00)	Loss Disc 0.0000e+00 (0.0000e+00)	Loss Pred 4.7146e-01 (4.7001e-01)	Loss TOTAL 4.7146e-01 (4.7048e-01)
Epoch: [8][ 40/496]	L_Src_Sup 0.0000e+00 (1.1872e-03)	L_Trg_Inj 0.0000e+00 (0.0000e+00)	Loss Disc 0.0000e+00 (0.0000e+00)	Loss Pred 4.5272e-01 (4.7285e-01)	Loss TOTAL 4.5272e-01 (4.7344e-01)
Epoch: [8][ 50/496]	L_Src_Sup 3.3244e-05 (2.0383e-03)	L_Trg_Inj 0.0000e+00 (0.0000e+00)	Loss Disc 0.0000e+00 (0.0000e+00)	Loss Pred 4.3371e-01 (4.7521e-01)	Loss TOTAL 4.3372e-01 (4.7622e-01)
Epoch: [8][ 60/496]	L_Src_Sup 0.0000e+00 (1.9900e-03)	L_Trg_Inj 0.0000e+00 (0.0000e+00)	Loss Disc 0.0000e+00 (0.0000e+00)	Loss Pred 4.7791e-01 (4.7667e-01)	Loss TOTAL 4.7791e-01 (4.7766e-01)
Epoch: [8][ 70/496]	L_Src_Sup 1.1164e-04 (1.7866e-03)	L_Trg_Inj 0.0000e+00 (0.0000e+00)	Loss Disc 0.0000e+00 (0.0000e+00)	Loss Pred 4.6637e-01 (4.7683e-01)	Loss TOTAL 4.6643e-01 (4.7772e-01)
Epoch: [8][ 80/496]	L_Src_Sup 2.7715e-06 (1.5633e-03)	L_Trg_Inj 0.0000e+00 (0.0000e+00)	Loss Disc 0.0000e+00 (0.0000e+00)	Loss Pred 4.7214e-01 (4.7868e-01)	Loss TOTAL 4.7214e-01 (4.7946e-01)
Epoch: [8][ 90/496]	L_Src_Sup 0.0000e+00 (1.5804e-03)	L_Trg_Inj 0.0000e+00 (0.0000e+00)	Loss Disc 0.0000e+00 (0.0000e+00)	Loss Pred 4.9475e-01 (4.7845e-01)	Loss TOTAL 4.9475e-01 (4.7924e-01)
Epoch: [8][100/496]	L_Src_Sup 0.0000e+00 (1.7648e-03)	L_Trg_Inj 0.0000e+00 (0.0000e+00)	Loss Disc 0.0000e+00 (0.0000e+00)	Loss Pred 4.5987e-01 (4.7810e-01)	Loss TOTAL 4.5987e-01 (4.7899e-01)
Epoch: [8][110/496]	L_Src_Sup 0.0000e+00 (1.8372e-03)	L_Trg_Inj 0.0000e+00 (0.0000e+00)	Loss Disc 0.0000e+00 (0.0000e+00)	Loss Pred 4.3387e-01 (4.7796e-01)	Loss TOTAL 4.3387e-01 (4.7888e-01)
Epoch: [8][120/496]	L_Src_Sup 0.0000e+00 (1.7467e-03)	L_Trg_Inj 0.0000e+00 (0.0000e+00)	Loss Disc 0.0000e+00 (0.0000e+00)	Loss Pred 4.7156e-01 (4.7742e-01)	Loss TOTAL 4.7156e-01 (4.7829e-01)
Epoch: [8][130/496]	L_Src_Sup 0.0000e+00 (1.6127e-03)	L_Trg_Inj 0.0000e+00 (0.0000e+00)	Loss Disc 0.0000e+00 (0.0000e+00)	Loss Pred 4.8450e-01 (4.7768e-01)	Loss TOTAL 4.8450e-01 (4.7848e-01)
Epoch: [8][140/496]	L_Src_Sup 0.0000e+00 (1.6233e-03)	L_Trg_Inj 0.0000e+00 (0.0000e+00)	Loss Disc 0.0000e+00 (0.0000e+00)	Loss Pred 4.7217e-01 (4.7694e-01)	Loss TOTAL 4.7217e-01 (4.7775e-01)
Epoch: [8][150/496]	L_Src_Sup 0.0000e+00 (1.6455e-03)	L_Trg_Inj 0.0000e+00 (0.0000e+00)	Loss Disc 0.0000e+00 (0.0000e+00)	Loss Pred 4.5221e-01 (4.7694e-01)	Loss TOTAL 4.5221e-01 (4.7776e-01)
Epoch: [8][160/496]	L_Src_Sup 0.0000e+00 (1.5427e-03)	L_Trg_Inj 0.0000e+00 (0.0000e+00)	Loss Disc 0.0000e+00 (0.0000e+00)	Loss Pred 4.9059e-01 (4.7622e-01)	Loss TOTAL 4.9059e-01 (4.7699e-01)
Epoch: [8][170/496]	L_Src_Sup 0.0000e+00 (1.5469e-03)	L_Trg_Inj 0.0000e+00 (0.0000e+00)	Loss Disc 0.0000e+00 (0.0000e+00)	Loss Pred 4.6544e-01 (4.7596e-01)	Loss TOTAL 4.6544e-01 (4.7673e-01)
Epoch: [8][180/496]	L_Src_Sup 0.0000e+00 (1.4862e-03)	L_Trg_Inj 0.0000e+00 (0.0000e+00)	Loss Disc 0.0000e+00 (0.0000e+00)	Loss Pred 4.6484e-01 (4.7634e-01)	Loss TOTAL 4.6484e-01 (4.7709e-01)
Epoch: [8][190/496]	L_Src_Sup 0.0000e+00 (1.4080e-03)	L_Trg_Inj 0.0000e+00 (0.0000e+00)	Loss Disc 0.0000e+00 (0.0000e+00)	Loss Pred 4.6738e-01 (4.7662e-01)	Loss TOTAL 4.6738e-01 (4.7732e-01)
Epoch: [8][200/496]	L_Src_Sup 1.7391e-02 (1.4245e-03)	L_Trg_Inj 0.0000e+00 (0.0000e+00)	Loss Disc 0.0000e+00 (0.0000e+00)	Loss Pred 4.6567e-01 (4.7623e-01)	Loss TOTAL 4.7437e-01 (4.7695e-01)
Epoch: [8][210/496]	L_Src_Sup 0.0000e+00 (1.3567e-03)	L_Trg_Inj 0.0000e+00 (0.0000e+00)	Loss Disc 0.0000e+00 (0.0000e+00)	Loss Pred 4.5941e-01 (4.7564e-01)	Loss TOTAL 4.5941e-01 (4.7631e-01)
Epoch: [8][220/496]	L_Src_Sup 0.0000e+00 (1.2950e-03)	L_Trg_Inj 0.0000e+00 (0.0000e+00)	Loss Disc 0.0000e+00 (0.0000e+00)	Loss Pred 4.7174e-01 (4.7555e-01)	Loss TOTAL 4.7174e-01 (4.7620e-01)
Epoch: [8][230/496]	L_Src_Sup 0.0000e+00 (1.2387e-03)	L_Trg_Inj 0.0000e+00 (0.0000e+00)	Loss Disc 0.0000e+00 (0.0000e+00)	Loss Pred 5.1004e-01 (4.7592e-01)	Loss TOTAL 5.1004e-01 (4.7654e-01)
Epoch: [8][240/496]	L_Src_Sup 5.4616e-02 (1.4373e-03)	L_Trg_Inj 0.0000e+00 (0.0000e+00)	Loss Disc 0.0000e+00 (0.0000e+00)	Loss Pred 4.8645e-01 (4.7644e-01)	Loss TOTAL 5.1376e-01 (4.7716e-01)
Epoch: [8][250/496]	L_Src_Sup 0.0000e+00 (1.4535e-03)	L_Trg_Inj 0.0000e+00 (0.0000e+00)	Loss Disc 0.0000e+00 (0.0000e+00)	Loss Pred 4.9680e-01 (4.7682e-01)	Loss TOTAL 4.9680e-01 (4.7754e-01)
Epoch: [8][260/496]	L_Src_Sup 0.0000e+00 (1.5339e-03)	L_Trg_Inj 0.0000e+00 (0.0000e+00)	Loss Disc 0.0000e+00 (0.0000e+00)	Loss Pred 5.0368e-01 (4.7710e-01)	Loss TOTAL 5.0368e-01 (4.7787e-01)
Epoch: [8][270/496]	L_Src_Sup 0.0000e+00 (1.4771e-03)	L_Trg_Inj 0.0000e+00 (0.0000e+00)	Loss Disc 0.0000e+00 (0.0000e+00)	Loss Pred 5.0049e-01 (4.7720e-01)	Loss TOTAL 5.0049e-01 (4.7794e-01)
Epoch: [8][280/496]	L_Src_Sup 3.5866e-02 (1.6239e-03)	L_Trg_Inj 0.0000e+00 (0.0000e+00)	Loss Disc 0.0000e+00 (0.0000e+00)	Loss Pred 4.9061e-01 (4.7740e-01)	Loss TOTAL 5.0854e-01 (4.7821e-01)
Epoch: [8][290/496]	L_Src_Sup 0.0000e+00 (1.6278e-03)	L_Trg_Inj 0.0000e+00 (0.0000e+00)	Loss Disc 0.0000e+00 (0.0000e+00)	Loss Pred 4.5852e-01 (4.7728e-01)	Loss TOTAL 4.5852e-01 (4.7809e-01)
Epoch: [8][300/496]	L_Src_Sup 0.0000e+00 (1.5736e-03)	L_Trg_Inj 0.0000e+00 (0.0000e+00)	Loss Disc 0.0000e+00 (0.0000e+00)	Loss Pred 4.9132e-01 (4.7754e-01)	Loss TOTAL 4.9132e-01 (4.7833e-01)
Epoch: [8][310/496]	L_Src_Sup 1.0506e-02 (1.6137e-03)	L_Trg_Inj 0.0000e+00 (0.0000e+00)	Loss Disc 0.0000e+00 (0.0000e+00)	Loss Pred 4.5336e-01 (4.7802e-01)	Loss TOTAL 4.5862e-01 (4.7883e-01)
Epoch: [8][320/496]	L_Src_Sup 0.0000e+00 (1.5799e-03)	L_Trg_Inj 0.0000e+00 (0.0000e+00)	Loss Disc 0.0000e+00 (0.0000e+00)	Loss Pred 4.7796e-01 (4.7829e-01)	Loss TOTAL 4.7796e-01 (4.7908e-01)
Epoch: [8][330/496]	L_Src_Sup 0.0000e+00 (1.5321e-03)	L_Trg_Inj 0.0000e+00 (0.0000e+00)	Loss Disc 0.0000e+00 (0.0000e+00)	Loss Pred 5.1019e-01 (4.7869e-01)	Loss TOTAL 5.1019e-01 (4.7945e-01)
Epoch: [8][340/496]	L_Src_Sup 6.6011e-03 (1.5766e-03)	L_Trg_Inj 0.0000e+00 (0.0000e+00)	Loss Disc 0.0000e+00 (0.0000e+00)	Loss Pred 4.7196e-01 (4.7901e-01)	Loss TOTAL 4.7526e-01 (4.7980e-01)
Epoch: [8][350/496]	L_Src_Sup 0.0000e+00 (4.7500e-03)	L_Trg_Inj 0.0000e+00 (0.0000e+00)	Loss Disc 0.0000e+00 (0.0000e+00)	Loss Pred 4.7760e-01 (4.7964e-01)	Loss TOTAL 4.7760e-01 (4.8201e-01)
Epoch: [8][360/496]	L_Src_Sup 0.0000e+00 (4.6687e-03)	L_Trg_Inj 0.0000e+00 (0.0000e+00)	Loss Disc 0.0000e+00 (0.0000e+00)	Loss Pred 4.7175e-01 (4.7992e-01)	Loss TOTAL 4.7175e-01 (4.8226e-01)
Epoch: [8][370/496]	L_Src_Sup 0.0000e+00 (4.5425e-03)	L_Trg_Inj 0.0000e+00 (0.0000e+00)	Loss Disc 0.0000e+00 (0.0000e+00)	Loss Pred 4.9669e-01 (4.8002e-01)	Loss TOTAL 4.9669e-01 (4.8229e-01)
Epoch: [8][380/496]	L_Src_Sup 0.0000e+00 (4.4230e-03)	L_Trg_Inj 0.0000e+00 (0.0000e+00)	Loss Disc 0.0000e+00 (0.0000e+00)	Loss Pred 4.9954e-01 (4.7994e-01)	Loss TOTAL 4.9954e-01 (4.8215e-01)
Epoch: [8][390/496]	L_Src_Sup 0.0000e+00 (4.3979e-03)	L_Trg_Inj 0.0000e+00 (0.0000e+00)	Loss Disc 0.0000e+00 (0.0000e+00)	Loss Pred 4.4620e-01 (4.7989e-01)	Loss TOTAL 4.4620e-01 (4.8209e-01)
Epoch: [8][400/496]	L_Src_Sup 0.0000e+00 (4.3287e-03)	L_Trg_Inj 0.0000e+00 (0.0000e+00)	Loss Disc 0.0000e+00 (0.0000e+00)	Loss Pred 5.1571e-01 (4.7987e-01)	Loss TOTAL 5.1571e-01 (4.8204e-01)
Epoch: [8][410/496]	L_Src_Sup 0.0000e+00 (4.2360e-03)	L_Trg_Inj 0.0000e+00 (0.0000e+00)	Loss Disc 0.0000e+00 (0.0000e+00)	Loss Pred 4.7192e-01 (4.8001e-01)	Loss TOTAL 4.7192e-01 (4.8213e-01)
Epoch: [8][420/496]	L_Src_Sup 0.0000e+00 (4.1843e-03)	L_Trg_Inj 0.0000e+00 (0.0000e+00)	Loss Disc 0.0000e+00 (0.0000e+00)	Loss Pred 4.7804e-01 (4.7989e-01)	Loss TOTAL 4.7804e-01 (4.8198e-01)
Epoch: [8][430/496]	L_Src_Sup 0.0000e+00 (4.0872e-03)	L_Trg_Inj 0.0000e+00 (0.0000e+00)	Loss Disc 0.0000e+00 (0.0000e+00)	Loss Pred 4.5911e-01 (4.8011e-01)	Loss TOTAL 4.5911e-01 (4.8216e-01)
Epoch: [8][440/496]	L_Src_Sup 0.0000e+00 (3.9951e-03)	L_Trg_Inj 0.0000e+00 (0.0000e+00)	Loss Disc 0.0000e+00 (0.0000e+00)	Loss Pred 5.2182e-01 (4.8041e-01)	Loss TOTAL 5.2182e-01 (4.8240e-01)
Epoch: [8][450/496]	L_Src_Sup 0.0000e+00 (3.9457e-03)	L_Trg_Inj 0.0000e+00 (0.0000e+00)	Loss Disc 0.0000e+00 (0.0000e+00)	Loss Pred 4.9122e-01 (4.8049e-01)	Loss TOTAL 4.9122e-01 (4.8247e-01)
Epoch: [8][460/496]	L_Src_Sup 0.0000e+00 (3.8599e-03)	L_Trg_Inj 0.0000e+00 (0.0000e+00)	Loss Disc 0.0000e+00 (0.0000e+00)	Loss Pred 5.0318e-01 (4.8032e-01)	Loss TOTAL 5.0318e-01 (4.8225e-01)
Epoch: [8][470/496]	L_Src_Sup 0.0000e+00 (3.7778e-03)	L_Trg_Inj 0.0000e+00 (0.0000e+00)	Loss Disc 0.0000e+00 (0.0000e+00)	Loss Pred 4.6708e-01 (4.8006e-01)	Loss TOTAL 4.6708e-01 (4.8195e-01)
Epoch: [8][480/496]	L_Src_Sup 0.0000e+00 (3.7035e-03)	L_Trg_Inj 0.0000e+00 (0.0000e+00)	Loss Disc 0.0000e+00 (0.0000e+00)	Loss Pred 4.7166e-01 (4.8030e-01)	Loss TOTAL 4.7166e-01 (4.8215e-01)
Epoch: [8][490/496]	L_Src_Sup 0.0000e+00 (3.6290e-03)	L_Trg_Inj 0.0000e+00 (0.0000e+00)	Loss Disc 0.0000e+00 (0.0000e+00)	Loss Pred 4.6538e-01 (4.8000e-01)	Loss TOTAL 4.6538e-01 (4.8182e-01)
Epoch: [8][496/496]	L_Src_Sup 1.7391e-02 (3.6546e-03)	L_Trg_Inj 0.0000e+00 (0.0000e+00)	Loss Disc 0.0000e+00 (0.0000e+00)	Loss Pred 4.6515e-01 (4.8000e-01)	Loss TOTAL 4.7384e-01 (4.8183e-01)
Epoch 8 complete. Saving model state...
Epoch: [9][ 10/496]	L_Src_Sup 0.0000e+00 (1.7857e-03)	L_Trg_Inj 0.0000e+00 (0.0000e+00)	Loss Disc 0.0000e+00 (0.0000e+00)	Loss Pred 4.8422e-01 (4.7848e-01)	Loss TOTAL 4.8422e-01 (4.7937e-01)
Epoch: [9][ 20/496]	L_Src_Sup 0.0000e+00 (8.9286e-04)	L_Trg_Inj 0.0000e+00 (0.0000e+00)	Loss Disc 0.0000e+00 (0.0000e+00)	Loss Pred 4.9049e-01 (4.8038e-01)	Loss TOTAL 4.9049e-01 (4.8082e-01)
Epoch: [9][ 30/496]	L_Src_Sup 0.0000e+00 (1.1689e-03)	L_Trg_Inj 0.0000e+00 (0.0000e+00)	Loss Disc 0.0000e+00 (0.0000e+00)	Loss Pred 4.9653e-01 (4.8145e-01)	Loss TOTAL 4.9653e-01 (4.8203e-01)
Epoch: [9][ 40/496]	L_Src_Sup 2.0194e-03 (9.3735e-04)	L_Trg_Inj 0.0000e+00 (0.0000e+00)	Loss Disc 0.0000e+00 (0.0000e+00)	Loss Pred 4.7809e-01 (4.8351e-01)	Loss TOTAL 4.7910e-01 (4.8398e-01)
Epoch: [9][ 50/496]	L_Src_Sup 4.2926e-04 (1.1188e-03)	L_Trg_Inj 0.0000e+00 (0.0000e+00)	Loss Disc 0.0000e+00 (0.0000e+00)	Loss Pred 4.9019e-01 (4.8272e-01)	Loss TOTAL 4.9041e-01 (4.8328e-01)
Epoch: [9][ 60/496]	L_Src_Sup 1.6509e-03 (1.2747e-03)	L_Trg_Inj 0.0000e+00 (0.0000e+00)	Loss Disc 0.0000e+00 (0.0000e+00)	Loss Pred 4.8509e-01 (4.8293e-01)	Loss TOTAL 4.8591e-01 (4.8357e-01)
Epoch: [9][ 70/496]	L_Src_Sup 0.0000e+00 (1.3235e-03)	L_Trg_Inj 0.0000e+00 (0.0000e+00)	Loss Disc 0.0000e+00 (0.0000e+00)	Loss Pred 4.7779e-01 (4.8199e-01)	Loss TOTAL 4.7779e-01 (4.8265e-01)
Epoch: [9][ 80/496]	L_Src_Sup 0.0000e+00 (1.1580e-03)	L_Trg_Inj 0.0000e+00 (0.0000e+00)	Loss Disc 0.0000e+00 (0.0000e+00)	Loss Pred 4.7790e-01 (4.8063e-01)	Loss TOTAL 4.7790e-01 (4.8121e-01)
Epoch: [9][ 90/496]	L_Src_Sup 0.0000e+00 (1.2187e-03)	L_Trg_Inj 0.0000e+00 (0.0000e+00)	Loss Disc 0.0000e+00 (0.0000e+00)	Loss Pred 4.7770e-01 (4.7969e-01)	Loss TOTAL 4.7770e-01 (4.8030e-01)
Epoch: [9][100/496]	L_Src_Sup 0.0000e+00 (1.2723e-03)	L_Trg_Inj 0.0000e+00 (0.0000e+00)	Loss Disc 0.0000e+00 (0.0000e+00)	Loss Pred 4.4628e-01 (4.7964e-01)	Loss TOTAL 4.4628e-01 (4.8027e-01)
Epoch: [9][110/496]	L_Src_Sup 0.0000e+00 (1.1831e-03)	L_Trg_Inj 0.0000e+00 (0.0000e+00)	Loss Disc 0.0000e+00 (0.0000e+00)	Loss Pred 4.5884e-01 (4.7904e-01)	Loss TOTAL 4.5884e-01 (4.7963e-01)
Epoch: [9][120/496]	L_Src_Sup 0.0000e+00 (1.1344e-03)	L_Trg_Inj 0.0000e+00 (0.0000e+00)	Loss Disc 0.0000e+00 (0.0000e+00)	Loss Pred 4.9124e-01 (4.7886e-01)	Loss TOTAL 4.9124e-01 (4.7942e-01)
Epoch: [9][130/496]	L_Src_Sup 0.0000e+00 (1.0471e-03)	L_Trg_Inj 0.0000e+00 (0.0000e+00)	Loss Disc 0.0000e+00 (0.0000e+00)	Loss Pred 4.9233e-01 (4.7836e-01)	Loss TOTAL 4.9233e-01 (4.7889e-01)
Epoch: [9][140/496]	L_Src_Sup 6.8636e-05 (9.7286e-04)	L_Trg_Inj 0.0000e+00 (0.0000e+00)	Loss Disc 0.0000e+00 (0.0000e+00)	Loss Pred 5.2252e-01 (4.7843e-01)	Loss TOTAL 5.2255e-01 (4.7891e-01)
Epoch: [9][150/496]	L_Src_Sup 0.0000e+00 (9.1627e-04)	L_Trg_Inj 0.0000e+00 (0.0000e+00)	Loss Disc 0.0000e+00 (0.0000e+00)	Loss Pred 4.9696e-01 (4.7854e-01)	Loss TOTAL 4.9696e-01 (4.7900e-01)
Epoch: [9][160/496]	L_Src_Sup 0.0000e+00 (9.7475e-04)	L_Trg_Inj 0.0000e+00 (0.0000e+00)	Loss Disc 0.0000e+00 (0.0000e+00)	Loss Pred 4.8486e-01 (4.7839e-01)	Loss TOTAL 4.8486e-01 (4.7888e-01)
Epoch: [9][170/496]	L_Src_Sup 0.0000e+00 (9.1741e-04)	L_Trg_Inj 0.0000e+00 (0.0000e+00)	Loss Disc 0.0000e+00 (0.0000e+00)	Loss Pred 4.9748e-01 (4.7851e-01)	Loss TOTAL 4.9748e-01 (4.7897e-01)
Epoch: [9][180/496]	L_Src_Sup 0.0000e+00 (8.6644e-04)	L_Trg_Inj 0.0000e+00 (0.0000e+00)	Loss Disc 0.0000e+00 (0.0000e+00)	Loss Pred 4.4606e-01 (4.7872e-01)	Loss TOTAL 4.4606e-01 (4.7915e-01)
Epoch: [9][190/496]	L_Src_Sup 0.0000e+00 (8.2693e-04)	L_Trg_Inj 0.0000e+00 (0.0000e+00)	Loss Disc 0.0000e+00 (0.0000e+00)	Loss Pred 4.5324e-01 (4.7892e-01)	Loss TOTAL 4.5324e-01 (4.7934e-01)
Epoch: [9][200/496]	L_Src_Sup 0.0000e+00 (7.8564e-04)	L_Trg_Inj 0.0000e+00 (0.0000e+00)	Loss Disc 0.0000e+00 (0.0000e+00)	Loss Pred 5.1097e-01 (4.7918e-01)	Loss TOTAL 5.1097e-01 (4.7958e-01)
Epoch: [9][210/496]	L_Src_Sup 0.0000e+00 (8.2288e-04)	L_Trg_Inj 0.0000e+00 (0.0000e+00)	Loss Disc 0.0000e+00 (0.0000e+00)	Loss Pred 4.6515e-01 (4.7946e-01)	Loss TOTAL 4.6515e-01 (4.7987e-01)
Epoch: [9][220/496]	L_Src_Sup 0.0000e+00 (8.6806e-04)	L_Trg_Inj 0.0000e+00 (0.0000e+00)	Loss Disc 0.0000e+00 (0.0000e+00)	Loss Pred 4.7832e-01 (4.7946e-01)	Loss TOTAL 4.7832e-01 (4.7989e-01)
Epoch: [9][230/496]	L_Src_Sup 0.0000e+00 (8.3722e-04)	L_Trg_Inj 0.0000e+00 (0.0000e+00)	Loss Disc 0.0000e+00 (0.0000e+00)	Loss Pred 4.7300e-01 (4.7972e-01)	Loss TOTAL 4.7300e-01 (4.8014e-01)
Epoch: [9][240/496]	L_Src_Sup 0.0000e+00 (3.0653e-03)	L_Trg_Inj 0.0000e+00 (0.0000e+00)	Loss Disc 0.0000e+00 (0.0000e+00)	Loss Pred 5.0975e-01 (4.7994e-01)	Loss TOTAL 5.0975e-01 (4.8147e-01)
Epoch: [9][250/496]	L_Src_Sup 0.0000e+00 (3.0111e-03)	L_Trg_Inj 0.0000e+00 (0.0000e+00)	Loss Disc 0.0000e+00 (0.0000e+00)	Loss Pred 4.5895e-01 (4.7926e-01)	Loss TOTAL 4.5895e-01 (4.8076e-01)
Epoch: [9][260/496]	L_Src_Sup 0.0000e+00 (3.0240e-03)	L_Trg_Inj 0.0000e+00 (0.0000e+00)	Loss Disc 0.0000e+00 (0.0000e+00)	Loss Pred 4.5875e-01 (4.7946e-01)	Loss TOTAL 4.5875e-01 (4.8097e-01)
Epoch: [9][270/496]	L_Src_Sup 0.0000e+00 (2.9770e-03)	L_Trg_Inj 0.0000e+00 (0.0000e+00)	Loss Disc 0.0000e+00 (0.0000e+00)	Loss Pred 5.0323e-01 (4.7985e-01)	Loss TOTAL 5.0323e-01 (4.8134e-01)
Epoch: [9][280/496]	L_Src_Sup 0.0000e+00 (2.9266e-03)	L_Trg_Inj 0.0000e+00 (0.0000e+00)	Loss Disc 0.0000e+00 (0.0000e+00)	Loss Pred 4.9669e-01 (4.7978e-01)	Loss TOTAL 4.9669e-01 (4.8124e-01)
Epoch: [9][290/496]	L_Src_Sup 0.0000e+00 (2.8257e-03)	L_Trg_Inj 0.0000e+00 (0.0000e+00)	Loss Disc 0.0000e+00 (0.0000e+00)	Loss Pred 4.5281e-01 (4.7983e-01)	Loss TOTAL 4.5281e-01 (4.8124e-01)
Epoch: [9][300/496]	L_Src_Sup 0.0000e+00 (2.7315e-03)	L_Trg_Inj 0.0000e+00 (0.0000e+00)	Loss Disc 0.0000e+00 (0.0000e+00)	Loss Pred 4.5240e-01 (4.7953e-01)	Loss TOTAL 4.5240e-01 (4.8090e-01)
Epoch: [9][310/496]	L_Src_Sup 0.0000e+00 (2.6434e-03)	L_Trg_Inj 0.0000e+00 (0.0000e+00)	Loss Disc 0.0000e+00 (0.0000e+00)	Loss Pred 4.7145e-01 (4.7941e-01)	Loss TOTAL 4.7145e-01 (4.8074e-01)
Epoch: [9][320/496]	L_Src_Sup 0.0000e+00 (2.6822e-03)	L_Trg_Inj 0.0000e+00 (0.0000e+00)	Loss Disc 0.0000e+00 (0.0000e+00)	Loss Pred 4.9687e-01 (4.7964e-01)	Loss TOTAL 4.9687e-01 (4.8098e-01)
Epoch: [9][330/496]	L_Src_Sup 2.0653e-03 (2.6599e-03)	L_Trg_Inj 0.0000e+00 (0.0000e+00)	Loss Disc 0.0000e+00 (0.0000e+00)	Loss Pred 4.5250e-01 (4.7925e-01)	Loss TOTAL 4.5353e-01 (4.8058e-01)
Epoch: [9][340/496]	L_Src_Sup 0.0000e+00 (2.5816e-03)	L_Trg_Inj 0.0000e+00 (0.0000e+00)	Loss Disc 0.0000e+00 (0.0000e+00)	Loss Pred 4.8450e-01 (4.7935e-01)	Loss TOTAL 4.8450e-01 (4.8065e-01)
Epoch: [9][350/496]	L_Src_Sup 0.0000e+00 (2.5080e-03)	L_Trg_Inj 0.0000e+00 (0.0000e+00)	Loss Disc 0.0000e+00 (0.0000e+00)	Loss Pred 5.0062e-01 (4.7939e-01)	Loss TOTAL 5.0062e-01 (4.8065e-01)
Epoch: [9][360/496]	L_Src_Sup 0.0000e+00 (2.4500e-03)	L_Trg_Inj 0.0000e+00 (0.0000e+00)	Loss Disc 0.0000e+00 (0.0000e+00)	Loss Pred 5.1598e-01 (4.7960e-01)	Loss TOTAL 5.1598e-01 (4.8083e-01)
Epoch: [9][370/496]	L_Src_Sup 0.0000e+00 (2.3840e-03)	L_Trg_Inj 0.0000e+00 (0.0000e+00)	Loss Disc 0.0000e+00 (0.0000e+00)	Loss Pred 4.8446e-01 (4.7985e-01)	Loss TOTAL 4.8446e-01 (4.8104e-01)
Epoch: [9][380/496]	L_Src_Sup 0.0000e+00 (2.3683e-03)	L_Trg_Inj 0.0000e+00 (0.0000e+00)	Loss Disc 0.0000e+00 (0.0000e+00)	Loss Pred 4.5883e-01 (4.7980e-01)	Loss TOTAL 4.5883e-01 (4.8099e-01)
Epoch: [9][390/496]	L_Src_Sup 0.0000e+00 (2.3518e-03)	L_Trg_Inj 0.0000e+00 (0.0000e+00)	Loss Disc 0.0000e+00 (0.0000e+00)	Loss Pred 4.8402e-01 (4.7980e-01)	Loss TOTAL 4.8402e-01 (4.8098e-01)
Epoch: [9][400/496]	L_Src_Sup 0.0000e+00 (2.2930e-03)	L_Trg_Inj 0.0000e+00 (0.0000e+00)	Loss Disc 0.0000e+00 (0.0000e+00)	Loss Pred 4.9154e-01 (4.7974e-01)	Loss TOTAL 4.9154e-01 (4.8089e-01)
Epoch: [9][410/496]	L_Src_Sup 0.0000e+00 (2.2777e-03)	L_Trg_Inj 0.0000e+00 (0.0000e+00)	Loss Disc 0.0000e+00 (0.0000e+00)	Loss Pred 4.3339e-01 (4.7972e-01)	Loss TOTAL 4.3339e-01 (4.8086e-01)
Epoch: [9][420/496]	L_Src_Sup 0.0000e+00 (2.2653e-03)	L_Trg_Inj 0.0000e+00 (0.0000e+00)	Loss Disc 0.0000e+00 (0.0000e+00)	Loss Pred 4.9697e-01 (4.7989e-01)	Loss TOTAL 4.9697e-01 (4.8102e-01)
Epoch: [9][430/496]	L_Src_Sup 0.0000e+00 (2.2161e-03)	L_Trg_Inj 0.0000e+00 (0.0000e+00)	Loss Disc 0.0000e+00 (0.0000e+00)	Loss Pred 4.8431e-01 (4.7970e-01)	Loss TOTAL 4.8431e-01 (4.8081e-01)
Epoch: [9][440/496]	L_Src_Sup 0.0000e+00 (2.2063e-03)	L_Trg_Inj 0.0000e+00 (0.0000e+00)	Loss Disc 0.0000e+00 (0.0000e+00)	Loss Pred 4.5869e-01 (4.7980e-01)	Loss TOTAL 4.5869e-01 (4.8091e-01)
Epoch: [9][450/496]	L_Src_Sup 0.0000e+00 (2.1738e-03)	L_Trg_Inj 0.0000e+00 (0.0000e+00)	Loss Disc 0.0000e+00 (0.0000e+00)	Loss Pred 4.9020e-01 (4.7982e-01)	Loss TOTAL 4.9020e-01 (4.8091e-01)
Epoch: [9][460/496]	L_Src_Sup 0.0000e+00 (2.2245e-03)	L_Trg_Inj 0.0000e+00 (0.0000e+00)	Loss Disc 0.0000e+00 (0.0000e+00)	Loss Pred 5.2895e-01 (4.7998e-01)	Loss TOTAL 5.2895e-01 (4.8109e-01)
Epoch: [9][470/496]	L_Src_Sup 0.0000e+00 (2.1772e-03)	L_Trg_Inj 0.0000e+00 (0.0000e+00)	Loss Disc 0.0000e+00 (0.0000e+00)	Loss Pred 4.6499e-01 (4.7967e-01)	Loss TOTAL 4.6499e-01 (4.8076e-01)
Epoch: [9][480/496]	L_Src_Sup 0.0000e+00 (2.1684e-03)	L_Trg_Inj 0.0000e+00 (0.0000e+00)	Loss Disc 0.0000e+00 (0.0000e+00)	Loss Pred 4.6541e-01 (4.7946e-01)	Loss TOTAL 4.6541e-01 (4.8054e-01)
Epoch: [9][490/496]	L_Src_Sup 0.0000e+00 (2.1591e-03)	L_Trg_Inj 0.0000e+00 (0.0000e+00)	Loss Disc 0.0000e+00 (0.0000e+00)	Loss Pred 4.3988e-01 (4.7925e-01)	Loss TOTAL 4.3988e-01 (4.8033e-01)
Epoch: [9][496/496]	L_Src_Sup 0.0000e+00 (2.1329e-03)	L_Trg_Inj 0.0000e+00 (0.0000e+00)	Loss Disc 0.0000e+00 (0.0000e+00)	Loss Pred 4.7128e-01 (4.7931e-01)	Loss TOTAL 4.7128e-01 (4.8037e-01)
Epoch 9 complete. Saving model state...
