Using device: cuda
=== Source-Only Training Mode (No Target Domain) ===
Loading Source Train...
Using Mean/Std from Source Train (mean[0]=7.290691577922281, std[0]=0.9645271857314103)
Epoch: [0][ 10/496]	L_Src_Sup 1.9369e+00 (1.9913e+00)	L_Trg_Inj 0.0000e+00 (0.0000e+00)	Loss Disc 0.0000e+00 (0.0000e+00)	Loss Pred 8.7734e-01 (9.0171e-01)	Loss TOTAL 1.8458e+00 (1.8974e+00)
Epoch: [0][ 20/496]	L_Src_Sup 0.0000e+00 (1.3846e+00)	L_Trg_Inj 0.0000e+00 (0.0000e+00)	Loss Disc 0.0000e+00 (0.0000e+00)	Loss Pred 8.6256e-01 (8.8755e-01)	Loss TOTAL 8.6256e-01 (1.5799e+00)
Epoch: [0][ 30/496]	L_Src_Sup 1.5265e-02 (9.2627e-01)	L_Trg_Inj 0.0000e+00 (0.0000e+00)	Loss Disc 0.0000e+00 (0.0000e+00)	Loss Pred 8.7072e-01 (8.8458e-01)	Loss TOTAL 8.7835e-01 (1.3477e+00)
Epoch: [0][ 40/496]	L_Src_Sup 1.1217e-02 (6.9675e-01)	L_Trg_Inj 0.0000e+00 (0.0000e+00)	Loss Disc 0.0000e+00 (0.0000e+00)	Loss Pred 8.6926e-01 (8.8375e-01)	Loss TOTAL 8.7487e-01 (1.2321e+00)
Epoch: [0][ 50/496]	L_Src_Sup 3.6484e-02 (5.5937e-01)	L_Trg_Inj 0.0000e+00 (0.0000e+00)	Loss Disc 0.0000e+00 (0.0000e+00)	Loss Pred 8.2822e-01 (8.8148e-01)	Loss TOTAL 8.4646e-01 (1.1612e+00)
Epoch: [0][ 60/496]	L_Src_Sup 1.0650e-04 (4.6762e-01)	L_Trg_Inj 0.0000e+00 (0.0000e+00)	Loss Disc 0.0000e+00 (0.0000e+00)	Loss Pred 8.0315e-01 (8.7408e-01)	Loss TOTAL 8.0320e-01 (1.1079e+00)
Epoch: [0][ 70/496]	L_Src_Sup 0.0000e+00 (4.0129e-01)	L_Trg_Inj 0.0000e+00 (0.0000e+00)	Loss Disc 0.0000e+00 (0.0000e+00)	Loss Pred 8.5812e-01 (8.6998e-01)	Loss TOTAL 8.5812e-01 (1.0706e+00)
Epoch: [0][ 80/496]	L_Src_Sup 0.0000e+00 (3.5230e-01)	L_Trg_Inj 0.0000e+00 (0.0000e+00)	Loss Disc 0.0000e+00 (0.0000e+00)	Loss Pred 8.4005e-01 (8.6413e-01)	Loss TOTAL 8.4005e-01 (1.0403e+00)
Epoch: [0][ 90/496]	L_Src_Sup 3.6482e-01 (3.1812e-01)	L_Trg_Inj 0.0000e+00 (0.0000e+00)	Loss Disc 0.0000e+00 (0.0000e+00)	Loss Pred 8.4100e-01 (8.5787e-01)	Loss TOTAL 1.0234e+00 (1.0169e+00)
Epoch: [0][100/496]	L_Src_Sup 1.8387e-02 (3.0428e-01)	L_Trg_Inj 0.0000e+00 (0.0000e+00)	Loss Disc 0.0000e+00 (0.0000e+00)	Loss Pred 7.9506e-01 (8.5557e-01)	Loss TOTAL 8.0425e-01 (1.0077e+00)
Epoch: [0][110/496]	L_Src_Sup 0.0000e+00 (2.7749e-01)	L_Trg_Inj 0.0000e+00 (0.0000e+00)	Loss Disc 0.0000e+00 (0.0000e+00)	Loss Pred 7.7148e-01 (8.4936e-01)	Loss TOTAL 7.7148e-01 (9.8811e-01)
Epoch: [0][120/496]	L_Src_Sup 0.0000e+00 (2.5509e-01)	L_Trg_Inj 0.0000e+00 (0.0000e+00)	Loss Disc 0.0000e+00 (0.0000e+00)	Loss Pred 7.7690e-01 (8.4533e-01)	Loss TOTAL 7.7690e-01 (9.7287e-01)
Epoch: [0][130/496]	L_Src_Sup 0.0000e+00 (2.3561e-01)	L_Trg_Inj 0.0000e+00 (0.0000e+00)	Loss Disc 0.0000e+00 (0.0000e+00)	Loss Pred 7.9469e-01 (8.4117e-01)	Loss TOTAL 7.9469e-01 (9.5898e-01)
Epoch: [0][140/496]	L_Src_Sup 2.7611e-03 (2.1941e-01)	L_Trg_Inj 0.0000e+00 (0.0000e+00)	Loss Disc 0.0000e+00 (0.0000e+00)	Loss Pred 7.4771e-01 (8.3596e-01)	Loss TOTAL 7.4909e-01 (9.4566e-01)
Epoch: [0][150/496]	L_Src_Sup 0.0000e+00 (2.0503e-01)	L_Trg_Inj 0.0000e+00 (0.0000e+00)	Loss Disc 0.0000e+00 (0.0000e+00)	Loss Pred 7.4086e-01 (8.3107e-01)	Loss TOTAL 7.4086e-01 (9.3358e-01)
Epoch: [0][160/496]	L_Src_Sup 0.0000e+00 (1.9233e-01)	L_Trg_Inj 0.0000e+00 (0.0000e+00)	Loss Disc 0.0000e+00 (0.0000e+00)	Loss Pred 7.5900e-01 (8.2643e-01)	Loss TOTAL 7.5900e-01 (9.2259e-01)
Epoch: [0][170/496]	L_Src_Sup 1.7583e-02 (1.8120e-01)	L_Trg_Inj 0.0000e+00 (0.0000e+00)	Loss Disc 0.0000e+00 (0.0000e+00)	Loss Pred 7.4608e-01 (8.2199e-01)	Loss TOTAL 7.5487e-01 (9.1259e-01)
Epoch: [0][180/496]	L_Src_Sup 0.0000e+00 (1.7133e-01)	L_Trg_Inj 0.0000e+00 (0.0000e+00)	Loss Disc 0.0000e+00 (0.0000e+00)	Loss Pred 7.5739e-01 (8.1828e-01)	Loss TOTAL 7.5739e-01 (9.0394e-01)
Epoch: [0][190/496]	L_Src_Sup 0.0000e+00 (1.6253e-01)	L_Trg_Inj 0.0000e+00 (0.0000e+00)	Loss Disc 0.0000e+00 (0.0000e+00)	Loss Pred 7.1523e-01 (8.1473e-01)	Loss TOTAL 7.1523e-01 (8.9599e-01)
Epoch: [0][200/496]	L_Src_Sup 0.0000e+00 (1.5468e-01)	L_Trg_Inj 0.0000e+00 (0.0000e+00)	Loss Disc 0.0000e+00 (0.0000e+00)	Loss Pred 7.0865e-01 (8.1031e-01)	Loss TOTAL 7.0865e-01 (8.8765e-01)
Epoch: [0][210/496]	L_Src_Sup 0.0000e+00 (1.4739e-01)	L_Trg_Inj 0.0000e+00 (0.0000e+00)	Loss Disc 0.0000e+00 (0.0000e+00)	Loss Pred 6.9108e-01 (8.0631e-01)	Loss TOTAL 6.9108e-01 (8.8000e-01)
Epoch: [0][220/496]	L_Src_Sup 0.0000e+00 (1.4076e-01)	L_Trg_Inj 0.0000e+00 (0.0000e+00)	Loss Disc 0.0000e+00 (0.0000e+00)	Loss Pred 7.1423e-01 (8.0257e-01)	Loss TOTAL 7.1423e-01 (8.7295e-01)
Epoch: [0][230/496]	L_Src_Sup 1.4447e-02 (1.3510e-01)	L_Trg_Inj 0.0000e+00 (0.0000e+00)	Loss Disc 0.0000e+00 (0.0000e+00)	Loss Pred 6.9329e-01 (7.9799e-01)	Loss TOTAL 7.0051e-01 (8.6554e-01)
Epoch: [0][240/496]	L_Src_Sup 0.0000e+00 (1.2954e-01)	L_Trg_Inj 0.0000e+00 (0.0000e+00)	Loss Disc 0.0000e+00 (0.0000e+00)	Loss Pred 7.1375e-01 (7.9455e-01)	Loss TOTAL 7.1375e-01 (8.5932e-01)
Epoch: [0][250/496]	L_Src_Sup 0.0000e+00 (1.2450e-01)	L_Trg_Inj 0.0000e+00 (0.0000e+00)	Loss Disc 0.0000e+00 (0.0000e+00)	Loss Pred 6.8024e-01 (7.9096e-01)	Loss TOTAL 6.8024e-01 (8.5321e-01)
Epoch: [0][260/496]	L_Src_Sup 0.0000e+00 (1.1979e-01)	L_Trg_Inj 0.0000e+00 (0.0000e+00)	Loss Disc 0.0000e+00 (0.0000e+00)	Loss Pred 6.9696e-01 (7.8718e-01)	Loss TOTAL 6.9696e-01 (8.4708e-01)
Epoch: [0][270/496]	L_Src_Sup 0.0000e+00 (1.1542e-01)	L_Trg_Inj 0.0000e+00 (0.0000e+00)	Loss Disc 0.0000e+00 (0.0000e+00)	Loss Pred 6.4840e-01 (7.8363e-01)	Loss TOTAL 6.4840e-01 (8.4134e-01)
Epoch: [0][280/496]	L_Src_Sup 1.6778e-02 (1.1136e-01)	L_Trg_Inj 0.0000e+00 (0.0000e+00)	Loss Disc 0.0000e+00 (0.0000e+00)	Loss Pred 6.6491e-01 (7.8038e-01)	Loss TOTAL 6.7329e-01 (8.3606e-01)
Epoch: [0][290/496]	L_Src_Sup 0.0000e+00 (1.0771e-01)	L_Trg_Inj 0.0000e+00 (0.0000e+00)	Loss Disc 0.0000e+00 (0.0000e+00)	Loss Pred 7.2888e-01 (7.7706e-01)	Loss TOTAL 7.2888e-01 (8.3091e-01)
Epoch: [0][300/496]	L_Src_Sup 0.0000e+00 (1.0412e-01)	L_Trg_Inj 0.0000e+00 (0.0000e+00)	Loss Disc 0.0000e+00 (0.0000e+00)	Loss Pred 6.6589e-01 (7.7377e-01)	Loss TOTAL 6.6589e-01 (8.2583e-01)
Epoch: [0][310/496]	L_Src_Sup 0.0000e+00 (1.0087e-01)	L_Trg_Inj 0.0000e+00 (0.0000e+00)	Loss Disc 0.0000e+00 (0.0000e+00)	Loss Pred 7.0280e-01 (7.7015e-01)	Loss TOTAL 7.0280e-01 (8.2058e-01)
Epoch: [0][320/496]	L_Src_Sup 0.0000e+00 (9.7890e-02)	L_Trg_Inj 0.0000e+00 (0.0000e+00)	Loss Disc 0.0000e+00 (0.0000e+00)	Loss Pred 6.5636e-01 (7.6723e-01)	Loss TOTAL 6.5636e-01 (8.1617e-01)
Epoch: [0][330/496]	L_Src_Sup 0.0000e+00 (9.5085e-02)	L_Trg_Inj 0.0000e+00 (0.0000e+00)	Loss Disc 0.0000e+00 (0.0000e+00)	Loss Pred 6.5180e-01 (7.6437e-01)	Loss TOTAL 6.5180e-01 (8.1191e-01)
Epoch: [0][340/496]	L_Src_Sup 0.0000e+00 (9.2288e-02)	L_Trg_Inj 0.0000e+00 (0.0000e+00)	Loss Disc 0.0000e+00 (0.0000e+00)	Loss Pred 6.2205e-01 (7.6139e-01)	Loss TOTAL 6.2205e-01 (8.0753e-01)
Epoch: [0][350/496]	L_Src_Sup 0.0000e+00 (8.9702e-02)	L_Trg_Inj 0.0000e+00 (0.0000e+00)	Loss Disc 0.0000e+00 (0.0000e+00)	Loss Pred 6.5780e-01 (7.5843e-01)	Loss TOTAL 6.5780e-01 (8.0328e-01)
Epoch: [0][360/496]	L_Src_Sup 1.8319e-02 (8.7311e-02)	L_Trg_Inj 0.0000e+00 (0.0000e+00)	Loss Disc 0.0000e+00 (0.0000e+00)	Loss Pred 6.7627e-01 (7.5523e-01)	Loss TOTAL 6.8543e-01 (7.9888e-01)
Epoch: [0][370/496]	L_Src_Sup 0.0000e+00 (8.4961e-02)	L_Trg_Inj 0.0000e+00 (0.0000e+00)	Loss Disc 0.0000e+00 (0.0000e+00)	Loss Pred 6.4899e-01 (7.5244e-01)	Loss TOTAL 6.4899e-01 (7.9492e-01)
Epoch: [0][380/496]	L_Src_Sup 0.0000e+00 (8.2797e-02)	L_Trg_Inj 0.0000e+00 (0.0000e+00)	Loss Disc 0.0000e+00 (0.0000e+00)	Loss Pred 6.4002e-01 (7.4948e-01)	Loss TOTAL 6.4002e-01 (7.9087e-01)
Epoch: [0][390/496]	L_Src_Sup 0.0000e+00 (8.0674e-02)	L_Trg_Inj 0.0000e+00 (0.0000e+00)	Loss Disc 0.0000e+00 (0.0000e+00)	Loss Pred 6.3724e-01 (7.4655e-01)	Loss TOTAL 6.3724e-01 (7.8688e-01)
Epoch: [0][400/496]	L_Src_Sup 0.0000e+00 (7.8657e-02)	L_Trg_Inj 0.0000e+00 (0.0000e+00)	Loss Disc 0.0000e+00 (0.0000e+00)	Loss Pred 6.3106e-01 (7.4366e-01)	Loss TOTAL 6.3106e-01 (7.8299e-01)
Epoch: [0][410/496]	L_Src_Sup 0.0000e+00 (7.6826e-02)	L_Trg_Inj 0.0000e+00 (0.0000e+00)	Loss Disc 0.0000e+00 (0.0000e+00)	Loss Pred 6.2013e-01 (7.4090e-01)	Loss TOTAL 6.2013e-01 (7.7932e-01)
Epoch: [0][420/496]	L_Src_Sup 1.8178e-02 (7.5171e-02)	L_Trg_Inj 0.0000e+00 (0.0000e+00)	Loss Disc 0.0000e+00 (0.0000e+00)	Loss Pred 6.0242e-01 (7.3800e-01)	Loss TOTAL 6.1151e-01 (7.7559e-01)
Epoch: [0][430/496]	L_Src_Sup 0.0000e+00 (7.3507e-02)	L_Trg_Inj 0.0000e+00 (0.0000e+00)	Loss Disc 0.0000e+00 (0.0000e+00)	Loss Pred 6.3344e-01 (7.3572e-01)	Loss TOTAL 6.3344e-01 (7.7247e-01)
Epoch: [0][440/496]	L_Src_Sup 0.0000e+00 (7.1926e-02)	L_Trg_Inj 0.0000e+00 (0.0000e+00)	Loss Disc 0.0000e+00 (0.0000e+00)	Loss Pred 6.2410e-01 (7.3280e-01)	Loss TOTAL 6.2410e-01 (7.6876e-01)
Epoch: [0][450/496]	L_Src_Sup 0.0000e+00 (7.0328e-02)	L_Trg_Inj 0.0000e+00 (0.0000e+00)	Loss Disc 0.0000e+00 (0.0000e+00)	Loss Pred 5.8938e-01 (7.3011e-01)	Loss TOTAL 5.8938e-01 (7.6527e-01)
Epoch: [0][460/496]	L_Src_Sup 0.0000e+00 (6.8916e-02)	L_Trg_Inj 0.0000e+00 (0.0000e+00)	Loss Disc 0.0000e+00 (0.0000e+00)	Loss Pred 5.9009e-01 (7.2737e-01)	Loss TOTAL 5.9009e-01 (7.6183e-01)
Epoch: [0][470/496]	L_Src_Sup 0.0000e+00 (6.7568e-02)	L_Trg_Inj 0.0000e+00 (0.0000e+00)	Loss Disc 0.0000e+00 (0.0000e+00)	Loss Pred 6.1153e-01 (7.2481e-01)	Loss TOTAL 6.1153e-01 (7.5860e-01)
Epoch: [0][480/496]	L_Src_Sup 0.0000e+00 (6.6160e-02)	L_Trg_Inj 0.0000e+00 (0.0000e+00)	Loss Disc 0.0000e+00 (0.0000e+00)	Loss Pred 5.6540e-01 (7.2183e-01)	Loss TOTAL 5.6540e-01 (7.5491e-01)
Epoch: [0][490/496]	L_Src_Sup 0.0000e+00 (6.4845e-02)	L_Trg_Inj 0.0000e+00 (0.0000e+00)	Loss Disc 0.0000e+00 (0.0000e+00)	Loss Pred 6.0302e-01 (7.1916e-01)	Loss TOTAL 6.0302e-01 (7.5158e-01)
Epoch: [0][496/496]	L_Src_Sup 0.0000e+00 (6.4155e-02)	L_Trg_Inj 0.0000e+00 (0.0000e+00)	Loss Disc 0.0000e+00 (0.0000e+00)	Loss Pred 6.1653e-01 (7.1789e-01)	Loss TOTAL 6.1653e-01 (7.4996e-01)
Epoch 0 complete. Saving model state...
Epoch: [1][ 10/496]	L_Src_Sup 0.0000e+00 (1.2733e-03)	L_Trg_Inj 0.0000e+00 (0.0000e+00)	Loss Disc 0.0000e+00 (0.0000e+00)	Loss Pred 5.6993e-01 (5.8254e-01)	Loss TOTAL 5.6993e-01 (5.8318e-01)
Epoch: [1][ 20/496]	L_Src_Sup 0.0000e+00 (6.3664e-04)	L_Trg_Inj 0.0000e+00 (0.0000e+00)	Loss Disc 0.0000e+00 (0.0000e+00)	Loss Pred 5.8676e-01 (5.8451e-01)	Loss TOTAL 5.8676e-01 (5.8483e-01)
Epoch: [1][ 30/496]	L_Src_Sup 0.0000e+00 (8.5831e-04)	L_Trg_Inj 0.0000e+00 (0.0000e+00)	Loss Disc 0.0000e+00 (0.0000e+00)	Loss Pred 5.7718e-01 (5.8299e-01)	Loss TOTAL 5.7718e-01 (5.8342e-01)
Epoch: [1][ 40/496]	L_Src_Sup 0.0000e+00 (6.4373e-04)	L_Trg_Inj 0.0000e+00 (0.0000e+00)	Loss Disc 0.0000e+00 (0.0000e+00)	Loss Pred 5.8374e-01 (5.8074e-01)	Loss TOTAL 5.8374e-01 (5.8106e-01)
Epoch: [1][ 50/496]	L_Src_Sup 0.0000e+00 (1.1168e-03)	L_Trg_Inj 0.0000e+00 (0.0000e+00)	Loss Disc 0.0000e+00 (0.0000e+00)	Loss Pred 5.5233e-01 (5.8125e-01)	Loss TOTAL 5.5233e-01 (5.8181e-01)
Epoch: [1][ 60/496]	L_Src_Sup 0.0000e+00 (1.4299e-03)	L_Trg_Inj 0.0000e+00 (0.0000e+00)	Loss Disc 0.0000e+00 (0.0000e+00)	Loss Pred 5.3147e-01 (5.7892e-01)	Loss TOTAL 5.3147e-01 (5.7963e-01)
Epoch: [1][ 70/496]	L_Src_Sup 0.0000e+00 (1.9593e-03)	L_Trg_Inj 0.0000e+00 (0.0000e+00)	Loss Disc 0.0000e+00 (0.0000e+00)	Loss Pred 5.6012e-01 (5.7620e-01)	Loss TOTAL 5.6012e-01 (5.7718e-01)
Epoch: [1][ 80/496]	L_Src_Sup 1.7790e-02 (1.9368e-03)	L_Trg_Inj 0.0000e+00 (0.0000e+00)	Loss Disc 0.0000e+00 (0.0000e+00)	Loss Pred 5.2228e-01 (5.7404e-01)	Loss TOTAL 5.3117e-01 (5.7501e-01)
Epoch: [1][ 90/496]	L_Src_Sup 0.0000e+00 (2.1397e-03)	L_Trg_Inj 0.0000e+00 (0.0000e+00)	Loss Disc 0.0000e+00 (0.0000e+00)	Loss Pred 5.0059e-01 (5.7132e-01)	Loss TOTAL 5.0059e-01 (5.7239e-01)
Epoch: [1][100/496]	L_Src_Sup 0.0000e+00 (1.9257e-03)	L_Trg_Inj 0.0000e+00 (0.0000e+00)	Loss Disc 0.0000e+00 (0.0000e+00)	Loss Pred 5.6462e-01 (5.6901e-01)	Loss TOTAL 5.6462e-01 (5.6997e-01)
Epoch: [1][110/496]	L_Src_Sup 0.0000e+00 (2.2451e-03)	L_Trg_Inj 0.0000e+00 (0.0000e+00)	Loss Disc 0.0000e+00 (0.0000e+00)	Loss Pred 4.7953e-01 (5.6584e-01)	Loss TOTAL 4.7953e-01 (5.6696e-01)
Epoch: [1][120/496]	L_Src_Sup 0.0000e+00 (2.0580e-03)	L_Trg_Inj 0.0000e+00 (0.0000e+00)	Loss Disc 0.0000e+00 (0.0000e+00)	Loss Pred 5.5097e-01 (5.6450e-01)	Loss TOTAL 5.5097e-01 (5.6553e-01)
Epoch: [1][130/496]	L_Src_Sup 0.0000e+00 (2.0483e-03)	L_Trg_Inj 0.0000e+00 (0.0000e+00)	Loss Disc 0.0000e+00 (0.0000e+00)	Loss Pred 5.2379e-01 (5.6273e-01)	Loss TOTAL 5.2379e-01 (5.6376e-01)
Epoch: [1][140/496]	L_Src_Sup 0.0000e+00 (1.9972e-03)	L_Trg_Inj 0.0000e+00 (0.0000e+00)	Loss Disc 0.0000e+00 (0.0000e+00)	Loss Pred 5.0298e-01 (5.6020e-01)	Loss TOTAL 5.0298e-01 (5.6120e-01)
Epoch: [1][150/496]	L_Src_Sup 0.0000e+00 (1.9747e-03)	L_Trg_Inj 0.0000e+00 (0.0000e+00)	Loss Disc 0.0000e+00 (0.0000e+00)	Loss Pred 5.4837e-01 (5.5827e-01)	Loss TOTAL 5.4837e-01 (5.5926e-01)
Epoch: [1][160/496]	L_Src_Sup 0.0000e+00 (1.8513e-03)	L_Trg_Inj 0.0000e+00 (0.0000e+00)	Loss Disc 0.0000e+00 (0.0000e+00)	Loss Pred 5.5106e-01 (5.5626e-01)	Loss TOTAL 5.5106e-01 (5.5719e-01)
Epoch: [1][170/496]	L_Src_Sup 0.0000e+00 (1.7424e-03)	L_Trg_Inj 0.0000e+00 (0.0000e+00)	Loss Disc 0.0000e+00 (0.0000e+00)	Loss Pred 5.2421e-01 (5.5497e-01)	Loss TOTAL 5.2421e-01 (5.5584e-01)
Epoch: [1][180/496]	L_Src_Sup 0.0000e+00 (1.6456e-03)	L_Trg_Inj 0.0000e+00 (0.0000e+00)	Loss Disc 0.0000e+00 (0.0000e+00)	Loss Pred 5.2386e-01 (5.5342e-01)	Loss TOTAL 5.2386e-01 (5.5424e-01)
Epoch: [1][190/496]	L_Src_Sup 0.0000e+00 (1.5590e-03)	L_Trg_Inj 0.0000e+00 (0.0000e+00)	Loss Disc 0.0000e+00 (0.0000e+00)	Loss Pred 4.9246e-01 (5.5169e-01)	Loss TOTAL 4.9246e-01 (5.5247e-01)
Epoch: [1][200/496]	L_Src_Sup 0.0000e+00 (1.5673e-03)	L_Trg_Inj 0.0000e+00 (0.0000e+00)	Loss Disc 0.0000e+00 (0.0000e+00)	Loss Pred 5.0473e-01 (5.5018e-01)	Loss TOTAL 5.0473e-01 (5.5096e-01)
Epoch: [1][210/496]	L_Src_Sup 0.0000e+00 (1.4927e-03)	L_Trg_Inj 0.0000e+00 (0.0000e+00)	Loss Disc 0.0000e+00 (0.0000e+00)	Loss Pred 6.0355e-01 (5.4919e-01)	Loss TOTAL 6.0355e-01 (5.4993e-01)
Epoch: [1][220/496]	L_Src_Sup 0.0000e+00 (1.4248e-03)	L_Trg_Inj 0.0000e+00 (0.0000e+00)	Loss Disc 0.0000e+00 (0.0000e+00)	Loss Pred 5.2926e-01 (5.4785e-01)	Loss TOTAL 5.2926e-01 (5.4856e-01)
Epoch: [1][230/496]	L_Src_Sup 0.0000e+00 (1.3629e-03)	L_Trg_Inj 0.0000e+00 (0.0000e+00)	Loss Disc 0.0000e+00 (0.0000e+00)	Loss Pred 5.4760e-01 (5.4640e-01)	Loss TOTAL 5.4760e-01 (5.4708e-01)
Epoch: [1][240/496]	L_Src_Sup 0.0000e+00 (1.3061e-03)	L_Trg_Inj 0.0000e+00 (0.0000e+00)	Loss Disc 0.0000e+00 (0.0000e+00)	Loss Pred 5.1029e-01 (5.4534e-01)	Loss TOTAL 5.1029e-01 (5.4599e-01)
Epoch: [1][250/496]	L_Src_Sup 0.0000e+00 (1.2539e-03)	L_Trg_Inj 0.0000e+00 (0.0000e+00)	Loss Disc 0.0000e+00 (0.0000e+00)	Loss Pred 5.1051e-01 (5.4449e-01)	Loss TOTAL 5.1051e-01 (5.4512e-01)
Epoch: [1][260/496]	L_Src_Sup 0.0000e+00 (1.2056e-03)	L_Trg_Inj 0.0000e+00 (0.0000e+00)	Loss Disc 0.0000e+00 (0.0000e+00)	Loss Pred 5.0377e-01 (5.4340e-01)	Loss TOTAL 5.0377e-01 (5.4400e-01)
Epoch: [1][270/496]	L_Src_Sup 0.0000e+00 (1.2286e-03)	L_Trg_Inj 0.0000e+00 (0.0000e+00)	Loss Disc 0.0000e+00 (0.0000e+00)	Loss Pred 5.2884e-01 (5.4264e-01)	Loss TOTAL 5.2884e-01 (5.4326e-01)
Epoch: [1][280/496]	L_Src_Sup 1.8127e-02 (1.2494e-03)	L_Trg_Inj 0.0000e+00 (0.0000e+00)	Loss Disc 0.0000e+00 (0.0000e+00)	Loss Pred 5.3497e-01 (5.4177e-01)	Loss TOTAL 5.4403e-01 (5.4240e-01)
Epoch: [1][290/496]	L_Src_Sup 0.0000e+00 (2.4430e-03)	L_Trg_Inj 0.0000e+00 (0.0000e+00)	Loss Disc 0.0000e+00 (0.0000e+00)	Loss Pred 5.4003e-01 (5.4188e-01)	Loss TOTAL 5.4003e-01 (5.4310e-01)
Epoch: [1][300/496]	L_Src_Sup 0.0000e+00 (2.4269e-03)	L_Trg_Inj 0.0000e+00 (0.0000e+00)	Loss Disc 0.0000e+00 (0.0000e+00)	Loss Pred 5.1488e-01 (5.4152e-01)	Loss TOTAL 5.1488e-01 (5.4273e-01)
Epoch: [1][310/496]	L_Src_Sup 0.0000e+00 (2.4692e-03)	L_Trg_Inj 0.0000e+00 (0.0000e+00)	Loss Disc 0.0000e+00 (0.0000e+00)	Loss Pred 5.0120e-01 (5.4053e-01)	Loss TOTAL 5.0120e-01 (5.4176e-01)
Epoch: [1][320/496]	L_Src_Sup 0.0000e+00 (2.3920e-03)	L_Trg_Inj 0.0000e+00 (0.0000e+00)	Loss Disc 0.0000e+00 (0.0000e+00)	Loss Pred 5.0029e-01 (5.3992e-01)	Loss TOTAL 5.0029e-01 (5.4111e-01)
Epoch: [1][330/496]	L_Src_Sup 0.0000e+00 (2.3741e-03)	L_Trg_Inj 0.0000e+00 (0.0000e+00)	Loss Disc 0.0000e+00 (0.0000e+00)	Loss Pred 5.4813e-01 (5.3949e-01)	Loss TOTAL 5.4813e-01 (5.4068e-01)
Epoch: [1][340/496]	L_Src_Sup 0.0000e+00 (2.3587e-03)	L_Trg_Inj 0.0000e+00 (0.0000e+00)	Loss Disc 0.0000e+00 (0.0000e+00)	Loss Pred 5.2343e-01 (5.3891e-01)	Loss TOTAL 5.2343e-01 (5.4008e-01)
Epoch: [1][350/496]	L_Src_Sup 0.0000e+00 (2.3432e-03)	L_Trg_Inj 0.0000e+00 (0.0000e+00)	Loss Disc 0.0000e+00 (0.0000e+00)	Loss Pred 5.2297e-01 (5.3842e-01)	Loss TOTAL 5.2297e-01 (5.3959e-01)
Epoch: [1][360/496]	L_Src_Sup 0.0000e+00 (2.3278e-03)	L_Trg_Inj 0.0000e+00 (0.0000e+00)	Loss Disc 0.0000e+00 (0.0000e+00)	Loss Pred 5.1046e-01 (5.3789e-01)	Loss TOTAL 5.1046e-01 (5.3905e-01)
Epoch: [1][370/496]	L_Src_Sup 0.0000e+00 (2.3136e-03)	L_Trg_Inj 0.0000e+00 (0.0000e+00)	Loss Disc 0.0000e+00 (0.0000e+00)	Loss Pred 5.1008e-01 (5.3746e-01)	Loss TOTAL 5.1008e-01 (5.3862e-01)
Epoch: [1][380/496]	L_Src_Sup 0.0000e+00 (2.2527e-03)	L_Trg_Inj 0.0000e+00 (0.0000e+00)	Loss Disc 0.0000e+00 (0.0000e+00)	Loss Pred 5.2870e-01 (5.3699e-01)	Loss TOTAL 5.2870e-01 (5.3812e-01)
Epoch: [1][390/496]	L_Src_Sup 0.0000e+00 (2.1949e-03)	L_Trg_Inj 0.0000e+00 (0.0000e+00)	Loss Disc 0.0000e+00 (0.0000e+00)	Loss Pred 5.7853e-01 (5.3711e-01)	Loss TOTAL 5.7853e-01 (5.3821e-01)
Epoch: [1][400/496]	L_Src_Sup 0.0000e+00 (2.1400e-03)	L_Trg_Inj 0.0000e+00 (0.0000e+00)	Loss Disc 0.0000e+00 (0.0000e+00)	Loss Pred 4.9089e-01 (5.3646e-01)	Loss TOTAL 4.9089e-01 (5.3753e-01)
Epoch: [1][410/496]	L_Src_Sup 0.0000e+00 (2.1286e-03)	L_Trg_Inj 0.0000e+00 (0.0000e+00)	Loss Disc 0.0000e+00 (0.0000e+00)	Loss Pred 4.9093e-01 (5.3636e-01)	Loss TOTAL 4.9093e-01 (5.3742e-01)
Epoch: [1][420/496]	L_Src_Sup 1.8777e-02 (2.1671e-03)	L_Trg_Inj 0.0000e+00 (0.0000e+00)	Loss Disc 0.0000e+00 (0.0000e+00)	Loss Pred 5.2853e-01 (5.3608e-01)	Loss TOTAL 5.3792e-01 (5.3716e-01)
Epoch: [1][430/496]	L_Src_Sup 0.0000e+00 (2.1167e-03)	L_Trg_Inj 0.0000e+00 (0.0000e+00)	Loss Disc 0.0000e+00 (0.0000e+00)	Loss Pred 5.6673e-01 (5.3570e-01)	Loss TOTAL 5.6673e-01 (5.3675e-01)
Epoch: [1][440/496]	L_Src_Sup 0.0000e+00 (2.1103e-03)	L_Trg_Inj 0.0000e+00 (0.0000e+00)	Loss Disc 0.0000e+00 (0.0000e+00)	Loss Pred 5.1578e-01 (5.3562e-01)	Loss TOTAL 5.1578e-01 (5.3667e-01)
Epoch: [1][450/496]	L_Src_Sup 1.8460e-02 (2.1467e-03)	L_Trg_Inj 0.0000e+00 (0.0000e+00)	Loss Disc 0.0000e+00 (0.0000e+00)	Loss Pred 5.0972e-01 (5.3486e-01)	Loss TOTAL 5.1895e-01 (5.3593e-01)
Epoch: [1][460/496]	L_Src_Sup 1.9044e-02 (2.1840e-03)	L_Trg_Inj 0.0000e+00 (0.0000e+00)	Loss Disc 0.0000e+00 (0.0000e+00)	Loss Pred 5.2828e-01 (5.3462e-01)	Loss TOTAL 5.3781e-01 (5.3571e-01)
Epoch: [1][470/496]	L_Src_Sup 0.0000e+00 (2.1759e-03)	L_Trg_Inj 0.0000e+00 (0.0000e+00)	Loss Disc 0.0000e+00 (0.0000e+00)	Loss Pred 5.0328e-01 (5.3422e-01)	Loss TOTAL 5.0328e-01 (5.3531e-01)
Epoch: [1][480/496]	L_Src_Sup 1.7643e-02 (2.2161e-03)	L_Trg_Inj 0.0000e+00 (0.0000e+00)	Loss Disc 0.0000e+00 (0.0000e+00)	Loss Pred 5.4123e-01 (5.3373e-01)	Loss TOTAL 5.5005e-01 (5.3484e-01)
Epoch: [1][490/496]	L_Src_Sup 1.9569e-02 (2.2888e-03)	L_Trg_Inj 0.0000e+00 (0.0000e+00)	Loss Disc 0.0000e+00 (0.0000e+00)	Loss Pred 5.4717e-01 (5.3378e-01)	Loss TOTAL 5.5695e-01 (5.3492e-01)
Epoch: [1][496/496]	L_Src_Sup 0.0000e+00 (2.3340e-03)	L_Trg_Inj 0.0000e+00 (0.0000e+00)	Loss Disc 0.0000e+00 (0.0000e+00)	Loss Pred 5.2219e-01 (5.3350e-01)	Loss TOTAL 5.2219e-01 (5.3466e-01)
Epoch 1 complete. Saving model state...
Epoch: [2][ 10/496]	L_Src_Sup 0.0000e+00 (0.0000e+00)	L_Trg_Inj 0.0000e+00 (0.0000e+00)	Loss Disc 0.0000e+00 (0.0000e+00)	Loss Pred 5.9177e-01 (5.2836e-01)	Loss TOTAL 5.9177e-01 (5.2836e-01)
Epoch: [2][ 20/496]	L_Src_Sup 1.3412e-02 (1.6969e-03)	L_Trg_Inj 0.0000e+00 (0.0000e+00)	Loss Disc 0.0000e+00 (0.0000e+00)	Loss Pred 5.2210e-01 (5.2336e-01)	Loss TOTAL 5.2880e-01 (5.2420e-01)
Epoch: [2][ 30/496]	L_Src_Sup 0.0000e+00 (1.1313e-03)	L_Trg_Inj 0.0000e+00 (0.0000e+00)	Loss Disc 0.0000e+00 (0.0000e+00)	Loss Pred 5.0948e-01 (5.2465e-01)	Loss TOTAL 5.0948e-01 (5.2522e-01)
Epoch: [2][ 40/496]	L_Src_Sup 0.0000e+00 (8.4845e-04)	L_Trg_Inj 0.0000e+00 (0.0000e+00)	Loss Disc 0.0000e+00 (0.0000e+00)	Loss Pred 5.2842e-01 (5.2390e-01)	Loss TOTAL 5.2842e-01 (5.2432e-01)
Epoch: [2][ 50/496]	L_Src_Sup 0.0000e+00 (1.0596e-03)	L_Trg_Inj 0.0000e+00 (0.0000e+00)	Loss Disc 0.0000e+00 (0.0000e+00)	Loss Pred 5.0956e-01 (5.2374e-01)	Loss TOTAL 5.0956e-01 (5.2427e-01)
Epoch: [2][ 60/496]	L_Src_Sup 0.0000e+00 (8.8300e-04)	L_Trg_Inj 0.0000e+00 (0.0000e+00)	Loss Disc 0.0000e+00 (0.0000e+00)	Loss Pred 5.4715e-01 (5.2290e-01)	Loss TOTAL 5.4715e-01 (5.2335e-01)
Epoch: [2][ 70/496]	L_Src_Sup 0.0000e+00 (1.0056e-03)	L_Trg_Inj 0.0000e+00 (0.0000e+00)	Loss Disc 0.0000e+00 (0.0000e+00)	Loss Pred 5.2830e-01 (5.2307e-01)	Loss TOTAL 5.2830e-01 (5.2357e-01)
Epoch: [2][ 80/496]	L_Src_Sup 0.0000e+00 (1.0856e-03)	L_Trg_Inj 0.0000e+00 (0.0000e+00)	Loss Disc 0.0000e+00 (0.0000e+00)	Loss Pred 5.2845e-01 (5.2335e-01)	Loss TOTAL 5.2845e-01 (5.2389e-01)
Epoch: [2][ 90/496]	L_Src_Sup 0.0000e+00 (9.6494e-04)	L_Trg_Inj 0.0000e+00 (0.0000e+00)	Loss Disc 0.0000e+00 (0.0000e+00)	Loss Pred 4.9692e-01 (5.2289e-01)	Loss TOTAL 4.9692e-01 (5.2337e-01)
Epoch: [2][100/496]	L_Src_Sup 0.0000e+00 (8.6845e-04)	L_Trg_Inj 0.0000e+00 (0.0000e+00)	Loss Disc 0.0000e+00 (0.0000e+00)	Loss Pred 4.7814e-01 (5.2246e-01)	Loss TOTAL 4.7814e-01 (5.2289e-01)
Epoch: [2][110/496]	L_Src_Sup 0.0000e+00 (7.8950e-04)	L_Trg_Inj 0.0000e+00 (0.0000e+00)	Loss Disc 0.0000e+00 (0.0000e+00)	Loss Pred 5.4077e-01 (5.2351e-01)	Loss TOTAL 5.4077e-01 (5.2391e-01)
Epoch: [2][120/496]	L_Src_Sup 0.0000e+00 (8.7236e-04)	L_Trg_Inj 0.0000e+00 (0.0000e+00)	Loss Disc 0.0000e+00 (0.0000e+00)	Loss Pred 5.2864e-01 (5.2246e-01)	Loss TOTAL 5.2864e-01 (5.2290e-01)
Epoch: [2][130/496]	L_Src_Sup 0.0000e+00 (8.0525e-04)	L_Trg_Inj 0.0000e+00 (0.0000e+00)	Loss Disc 0.0000e+00 (0.0000e+00)	Loss Pred 5.7221e-01 (5.2322e-01)	Loss TOTAL 5.7221e-01 (5.2362e-01)
Epoch: [2][140/496]	L_Src_Sup 0.0000e+00 (7.4773e-04)	L_Trg_Inj 0.0000e+00 (0.0000e+00)	Loss Disc 0.0000e+00 (0.0000e+00)	Loss Pred 5.5423e-01 (5.2292e-01)	Loss TOTAL 5.5423e-01 (5.2329e-01)
Epoch: [2][150/496]	L_Src_Sup 0.0000e+00 (8.2386e-04)	L_Trg_Inj 0.0000e+00 (0.0000e+00)	Loss Disc 0.0000e+00 (0.0000e+00)	Loss Pred 5.2830e-01 (5.2341e-01)	Loss TOTAL 5.2830e-01 (5.2382e-01)
Epoch: [2][160/496]	L_Src_Sup 0.0000e+00 (1.0313e-03)	L_Trg_Inj 0.0000e+00 (0.0000e+00)	Loss Disc 0.0000e+00 (0.0000e+00)	Loss Pred 5.5972e-01 (5.2443e-01)	Loss TOTAL 5.5972e-01 (5.2494e-01)
Epoch: [2][170/496]	L_Src_Sup 0.0000e+00 (9.7061e-04)	L_Trg_Inj 0.0000e+00 (0.0000e+00)	Loss Disc 0.0000e+00 (0.0000e+00)	Loss Pred 5.5988e-01 (5.2417e-01)	Loss TOTAL 5.5988e-01 (5.2466e-01)
Epoch: [2][180/496]	L_Src_Sup 0.0000e+00 (9.8163e-04)	L_Trg_Inj 0.0000e+00 (0.0000e+00)	Loss Disc 0.0000e+00 (0.0000e+00)	Loss Pred 5.1620e-01 (5.2283e-01)	Loss TOTAL 5.1620e-01 (5.2332e-01)
Epoch: [2][190/496]	L_Src_Sup 0.0000e+00 (9.2996e-04)	L_Trg_Inj 0.0000e+00 (0.0000e+00)	Loss Disc 0.0000e+00 (0.0000e+00)	Loss Pred 4.9809e-01 (5.2235e-01)	Loss TOTAL 4.9809e-01 (5.2282e-01)
Epoch: [2][200/496]	L_Src_Sup 0.0000e+00 (8.8346e-04)	L_Trg_Inj 0.0000e+00 (0.0000e+00)	Loss Disc 0.0000e+00 (0.0000e+00)	Loss Pred 5.1032e-01 (5.2176e-01)	Loss TOTAL 5.1032e-01 (5.2220e-01)
Epoch: [2][210/496]	L_Src_Sup 0.0000e+00 (9.0311e-04)	L_Trg_Inj 0.0000e+00 (0.0000e+00)	Loss Disc 0.0000e+00 (0.0000e+00)	Loss Pred 5.4755e-01 (5.2161e-01)	Loss TOTAL 5.4755e-01 (5.2206e-01)
Epoch: [2][220/496]	L_Src_Sup 0.0000e+00 (8.6206e-04)	L_Trg_Inj 0.0000e+00 (0.0000e+00)	Loss Disc 0.0000e+00 (0.0000e+00)	Loss Pred 5.2833e-01 (5.2138e-01)	Loss TOTAL 5.2833e-01 (5.2181e-01)
Epoch: [2][230/496]	L_Src_Sup 0.0000e+00 (9.1181e-04)	L_Trg_Inj 0.0000e+00 (0.0000e+00)	Loss Disc 0.0000e+00 (0.0000e+00)	Loss Pred 5.0335e-01 (5.2131e-01)	Loss TOTAL 5.0335e-01 (5.2176e-01)
Epoch: [2][240/496]	L_Src_Sup 0.0000e+00 (8.7382e-04)	L_Trg_Inj 0.0000e+00 (0.0000e+00)	Loss Disc 0.0000e+00 (0.0000e+00)	Loss Pred 5.5358e-01 (5.2143e-01)	Loss TOTAL 5.5358e-01 (5.2186e-01)
Epoch: [2][250/496]	L_Src_Sup 0.0000e+00 (8.3886e-04)	L_Trg_Inj 0.0000e+00 (0.0000e+00)	Loss Disc 0.0000e+00 (0.0000e+00)	Loss Pred 5.7257e-01 (5.2155e-01)	Loss TOTAL 5.7257e-01 (5.2197e-01)
Epoch: [2][260/496]	L_Src_Sup 0.0000e+00 (8.0660e-04)	L_Trg_Inj 0.0000e+00 (0.0000e+00)	Loss Disc 0.0000e+00 (0.0000e+00)	Loss Pred 5.4784e-01 (5.2158e-01)	Loss TOTAL 5.4784e-01 (5.2198e-01)
Epoch: [2][270/496]	L_Src_Sup 0.0000e+00 (7.7673e-04)	L_Trg_Inj 0.0000e+00 (0.0000e+00)	Loss Disc 0.0000e+00 (0.0000e+00)	Loss Pred 5.3471e-01 (5.2121e-01)	Loss TOTAL 5.3471e-01 (5.2160e-01)
Epoch: [2][280/496]	L_Src_Sup 0.0000e+00 (8.0585e-04)	L_Trg_Inj 0.0000e+00 (0.0000e+00)	Loss Disc 0.0000e+00 (0.0000e+00)	Loss Pred 5.2231e-01 (5.2074e-01)	Loss TOTAL 5.2231e-01 (5.2114e-01)
Epoch: [2][290/496]	L_Src_Sup 0.0000e+00 (7.7806e-04)	L_Trg_Inj 0.0000e+00 (0.0000e+00)	Loss Disc 0.0000e+00 (0.0000e+00)	Loss Pred 5.2211e-01 (5.2035e-01)	Loss TOTAL 5.2211e-01 (5.2074e-01)
Epoch: [2][300/496]	L_Src_Sup 0.0000e+00 (7.5213e-04)	L_Trg_Inj 0.0000e+00 (0.0000e+00)	Loss Disc 0.0000e+00 (0.0000e+00)	Loss Pred 5.0941e-01 (5.2025e-01)	Loss TOTAL 5.0941e-01 (5.2062e-01)
Epoch: [2][310/496]	L_Src_Sup 0.0000e+00 (7.2786e-04)	L_Trg_Inj 0.0000e+00 (0.0000e+00)	Loss Disc 0.0000e+00 (0.0000e+00)	Loss Pred 5.4738e-01 (5.2041e-01)	Loss TOTAL 5.4738e-01 (5.2078e-01)
Epoch: [2][320/496]	L_Src_Sup 0.0000e+00 (7.0512e-04)	L_Trg_Inj 0.0000e+00 (0.0000e+00)	Loss Disc 0.0000e+00 (0.0000e+00)	Loss Pred 5.1635e-01 (5.2030e-01)	Loss TOTAL 5.1635e-01 (5.2065e-01)
Epoch: [2][330/496]	L_Src_Sup 0.0000e+00 (6.8375e-04)	L_Trg_Inj 0.0000e+00 (0.0000e+00)	Loss Disc 0.0000e+00 (0.0000e+00)	Loss Pred 5.0317e-01 (5.2081e-01)	Loss TOTAL 5.0317e-01 (5.2115e-01)
Epoch: [2][340/496]	L_Src_Sup 0.0000e+00 (6.6364e-04)	L_Trg_Inj 0.0000e+00 (0.0000e+00)	Loss Disc 0.0000e+00 (0.0000e+00)	Loss Pred 5.4177e-01 (5.2035e-01)	Loss TOTAL 5.4177e-01 (5.2068e-01)
Epoch: [2][350/496]	L_Src_Sup 0.0000e+00 (6.4468e-04)	L_Trg_Inj 0.0000e+00 (0.0000e+00)	Loss Disc 0.0000e+00 (0.0000e+00)	Loss Pred 4.9081e-01 (5.2030e-01)	Loss TOTAL 4.9081e-01 (5.2062e-01)
Epoch: [2][360/496]	L_Src_Sup 0.0000e+00 (6.7376e-04)	L_Trg_Inj 0.0000e+00 (0.0000e+00)	Loss Disc 0.0000e+00 (0.0000e+00)	Loss Pred 5.4162e-01 (5.2006e-01)	Loss TOTAL 5.4162e-01 (5.2040e-01)
Epoch: [2][370/496]	L_Src_Sup 0.0000e+00 (6.5555e-04)	L_Trg_Inj 0.0000e+00 (0.0000e+00)	Loss Disc 0.0000e+00 (0.0000e+00)	Loss Pred 5.0929e-01 (5.2011e-01)	Loss TOTAL 5.0929e-01 (5.2044e-01)
Epoch: [2][380/496]	L_Src_Sup 0.0000e+00 (6.3830e-04)	L_Trg_Inj 0.0000e+00 (0.0000e+00)	Loss Disc 0.0000e+00 (0.0000e+00)	Loss Pred 4.9059e-01 (5.2019e-01)	Loss TOTAL 4.9059e-01 (5.2050e-01)
Epoch: [2][390/496]	L_Src_Sup 0.0000e+00 (6.6864e-04)	L_Trg_Inj 0.0000e+00 (0.0000e+00)	Loss Disc 0.0000e+00 (0.0000e+00)	Loss Pred 5.2826e-01 (5.2033e-01)	Loss TOTAL 5.2826e-01 (5.2067e-01)
Epoch: [2][400/496]	L_Src_Sup 0.0000e+00 (6.9560e-04)	L_Trg_Inj 0.0000e+00 (0.0000e+00)	Loss Disc 0.0000e+00 (0.0000e+00)	Loss Pred 5.5349e-01 (5.2083e-01)	Loss TOTAL 5.5349e-01 (5.2118e-01)
Epoch: [2][410/496]	L_Src_Sup 0.0000e+00 (6.7864e-04)	L_Trg_Inj 0.0000e+00 (0.0000e+00)	Loss Disc 0.0000e+00 (0.0000e+00)	Loss Pred 5.0943e-01 (5.2079e-01)	Loss TOTAL 5.0943e-01 (5.2113e-01)
Epoch: [2][420/496]	L_Src_Sup 0.0000e+00 (6.9230e-04)	L_Trg_Inj 0.0000e+00 (0.0000e+00)	Loss Disc 0.0000e+00 (0.0000e+00)	Loss Pred 5.4089e-01 (5.2098e-01)	Loss TOTAL 5.4089e-01 (5.2133e-01)
Epoch: [2][430/496]	L_Src_Sup 0.0000e+00 (6.7620e-04)	L_Trg_Inj 0.0000e+00 (0.0000e+00)	Loss Disc 0.0000e+00 (0.0000e+00)	Loss Pred 5.5420e-01 (5.2143e-01)	Loss TOTAL 5.5420e-01 (5.2177e-01)
Epoch: [2][440/496]	L_Src_Sup 0.0000e+00 (6.6083e-04)	L_Trg_Inj 0.0000e+00 (0.0000e+00)	Loss Disc 0.0000e+00 (0.0000e+00)	Loss Pred 5.0963e-01 (5.2111e-01)	Loss TOTAL 5.0963e-01 (5.2144e-01)
Epoch: [2][450/496]	L_Src_Sup 0.0000e+00 (6.4615e-04)	L_Trg_Inj 0.0000e+00 (0.0000e+00)	Loss Disc 0.0000e+00 (0.0000e+00)	Loss Pred 4.8437e-01 (5.2110e-01)	Loss TOTAL 4.8437e-01 (5.2142e-01)
Epoch: [2][460/496]	L_Src_Sup 0.0000e+00 (6.3210e-04)	L_Trg_Inj 0.0000e+00 (0.0000e+00)	Loss Disc 0.0000e+00 (0.0000e+00)	Loss Pred 5.0338e-01 (5.2111e-01)	Loss TOTAL 5.0338e-01 (5.2142e-01)
Epoch: [2][470/496]	L_Src_Sup 0.0000e+00 (6.1865e-04)	L_Trg_Inj 0.0000e+00 (0.0000e+00)	Loss Disc 0.0000e+00 (0.0000e+00)	Loss Pred 5.2831e-01 (5.2114e-01)	Loss TOTAL 5.2831e-01 (5.2145e-01)
Epoch: [2][480/496]	L_Src_Sup 0.0000e+00 (6.0576e-04)	L_Trg_Inj 0.0000e+00 (0.0000e+00)	Loss Disc 0.0000e+00 (0.0000e+00)	Loss Pred 4.9046e-01 (5.2087e-01)	Loss TOTAL 4.9046e-01 (5.2117e-01)
Epoch: [2][490/496]	L_Src_Sup 0.0000e+00 (5.9340e-04)	L_Trg_Inj 0.0000e+00 (0.0000e+00)	Loss Disc 0.0000e+00 (0.0000e+00)	Loss Pred 5.1068e-01 (5.2086e-01)	Loss TOTAL 5.1068e-01 (5.2115e-01)
Epoch: [2][496/496]	L_Src_Sup 0.0000e+00 (5.8622e-04)	L_Trg_Inj 0.0000e+00 (0.0000e+00)	Loss Disc 0.0000e+00 (0.0000e+00)	Loss Pred 5.2825e-01 (5.2095e-01)	Loss TOTAL 5.2825e-01 (5.2124e-01)
Epoch 2 complete. Saving model state...
Epoch: [3][ 10/496]	L_Src_Sup 0.0000e+00 (0.0000e+00)	L_Trg_Inj 0.0000e+00 (0.0000e+00)	Loss Disc 0.0000e+00 (0.0000e+00)	Loss Pred 5.1645e-01 (5.2208e-01)	Loss TOTAL 5.1645e-01 (5.2208e-01)
Epoch: [3][ 20/496]	L_Src_Sup 0.0000e+00 (0.0000e+00)	L_Trg_Inj 0.0000e+00 (0.0000e+00)	Loss Disc 0.0000e+00 (0.0000e+00)	Loss Pred 4.9097e-01 (5.2155e-01)	Loss TOTAL 4.9097e-01 (5.2155e-01)
Epoch: [3][ 30/496]	L_Src_Sup 0.0000e+00 (0.0000e+00)	L_Trg_Inj 0.0000e+00 (0.0000e+00)	Loss Disc 0.0000e+00 (0.0000e+00)	Loss Pred 5.2188e-01 (5.2240e-01)	Loss TOTAL 5.2188e-01 (5.2240e-01)
Epoch: [3][ 40/496]	L_Src_Sup 0.0000e+00 (0.0000e+00)	L_Trg_Inj 0.0000e+00 (0.0000e+00)	Loss Disc 0.0000e+00 (0.0000e+00)	Loss Pred 5.0929e-01 (5.1861e-01)	Loss TOTAL 5.0929e-01 (5.1861e-01)
Epoch: [3][ 50/496]	L_Src_Sup 0.0000e+00 (0.0000e+00)	L_Trg_Inj 0.0000e+00 (0.0000e+00)	Loss Disc 0.0000e+00 (0.0000e+00)	Loss Pred 5.7873e-01 (5.1969e-01)	Loss TOTAL 5.7873e-01 (5.1969e-01)
Epoch: [3][ 60/496]	L_Src_Sup 0.0000e+00 (0.0000e+00)	L_Trg_Inj 0.0000e+00 (0.0000e+00)	Loss Disc 0.0000e+00 (0.0000e+00)	Loss Pred 5.2253e-01 (5.1833e-01)	Loss TOTAL 5.2253e-01 (5.1833e-01)
Epoch: [3][ 70/496]	L_Src_Sup 0.0000e+00 (2.4551e-04)	L_Trg_Inj 0.0000e+00 (0.0000e+00)	Loss Disc 0.0000e+00 (0.0000e+00)	Loss Pred 5.9146e-01 (5.2014e-01)	Loss TOTAL 5.9146e-01 (5.2026e-01)
Epoch: [3][ 80/496]	L_Src_Sup 0.0000e+00 (2.1482e-04)	L_Trg_Inj 0.0000e+00 (0.0000e+00)	Loss Disc 0.0000e+00 (0.0000e+00)	Loss Pred 5.3509e-01 (5.1921e-01)	Loss TOTAL 5.3509e-01 (5.1932e-01)
Epoch: [3][ 90/496]	L_Src_Sup 0.0000e+00 (1.9095e-04)	L_Trg_Inj 0.0000e+00 (0.0000e+00)	Loss Disc 0.0000e+00 (0.0000e+00)	Loss Pred 5.0318e-01 (5.1940e-01)	Loss TOTAL 5.0318e-01 (5.1950e-01)
Epoch: [3][100/496]	L_Src_Sup 0.0000e+00 (1.7186e-04)	L_Trg_Inj 0.0000e+00 (0.0000e+00)	Loss Disc 0.0000e+00 (0.0000e+00)	Loss Pred 5.2828e-01 (5.1956e-01)	Loss TOTAL 5.2828e-01 (5.1964e-01)
Epoch: [3][110/496]	L_Src_Sup 0.0000e+00 (1.5623e-04)	L_Trg_Inj 0.0000e+00 (0.0000e+00)	Loss Disc 0.0000e+00 (0.0000e+00)	Loss Pred 5.0296e-01 (5.2041e-01)	Loss TOTAL 5.0296e-01 (5.2049e-01)
Epoch: [3][120/496]	L_Src_Sup 0.0000e+00 (1.4321e-04)	L_Trg_Inj 0.0000e+00 (0.0000e+00)	Loss Disc 0.0000e+00 (0.0000e+00)	Loss Pred 5.0961e-01 (5.1990e-01)	Loss TOTAL 5.0961e-01 (5.1997e-01)
Epoch: [3][130/496]	L_Src_Sup 0.0000e+00 (1.3220e-04)	L_Trg_Inj 0.0000e+00 (0.0000e+00)	Loss Disc 0.0000e+00 (0.0000e+00)	Loss Pred 5.5355e-01 (5.1983e-01)	Loss TOTAL 5.5355e-01 (5.1990e-01)
Epoch: [3][140/496]	L_Src_Sup 0.0000e+00 (1.2275e-04)	L_Trg_Inj 0.0000e+00 (0.0000e+00)	Loss Disc 0.0000e+00 (0.0000e+00)	Loss Pred 5.0932e-01 (5.2017e-01)	Loss TOTAL 5.0932e-01 (5.2023e-01)
Epoch: [3][150/496]	L_Src_Sup 0.0000e+00 (1.1457e-04)	L_Trg_Inj 0.0000e+00 (0.0000e+00)	Loss Disc 0.0000e+00 (0.0000e+00)	Loss Pred 5.5379e-01 (5.2043e-01)	Loss TOTAL 5.5379e-01 (5.2049e-01)
Epoch: [3][160/496]	L_Src_Sup 0.0000e+00 (1.0741e-04)	L_Trg_Inj 0.0000e+00 (0.0000e+00)	Loss Disc 0.0000e+00 (0.0000e+00)	Loss Pred 4.9126e-01 (5.1977e-01)	Loss TOTAL 4.9126e-01 (5.1983e-01)
Epoch: [3][170/496]	L_Src_Sup 0.0000e+00 (1.0109e-04)	L_Trg_Inj 0.0000e+00 (0.0000e+00)	Loss Disc 0.0000e+00 (0.0000e+00)	Loss Pred 5.1568e-01 (5.1977e-01)	Loss TOTAL 5.1568e-01 (5.1982e-01)
Epoch: [3][180/496]	L_Src_Sup 0.0000e+00 (9.5476e-05)	L_Trg_Inj 0.0000e+00 (0.0000e+00)	Loss Disc 0.0000e+00 (0.0000e+00)	Loss Pred 5.1591e-01 (5.1966e-01)	Loss TOTAL 5.1591e-01 (5.1971e-01)
Epoch: [3][190/496]	L_Src_Sup 0.0000e+00 (1.3994e-03)	L_Trg_Inj 0.0000e+00 (0.0000e+00)	Loss Disc 0.0000e+00 (0.0000e+00)	Loss Pred 5.0375e-01 (5.1969e-01)	Loss TOTAL 5.0375e-01 (5.2039e-01)
Epoch: [3][200/496]	L_Src_Sup 0.0000e+00 (1.3873e-03)	L_Trg_Inj 0.0000e+00 (0.0000e+00)	Loss Disc 0.0000e+00 (0.0000e+00)	Loss Pred 5.4710e-01 (5.2008e-01)	Loss TOTAL 5.4710e-01 (5.2077e-01)
Epoch: [3][210/496]	L_Src_Sup 0.0000e+00 (1.3212e-03)	L_Trg_Inj 0.0000e+00 (0.0000e+00)	Loss Disc 0.0000e+00 (0.0000e+00)	Loss Pred 5.3446e-01 (5.1992e-01)	Loss TOTAL 5.3446e-01 (5.2059e-01)
Epoch: [3][220/496]	L_Src_Sup 0.0000e+00 (1.3340e-03)	L_Trg_Inj 0.0000e+00 (0.0000e+00)	Loss Disc 0.0000e+00 (0.0000e+00)	Loss Pred 5.2211e-01 (5.2051e-01)	Loss TOTAL 5.2211e-01 (5.2118e-01)
Epoch: [3][230/496]	L_Src_Sup 1.9095e-02 (1.3591e-03)	L_Trg_Inj 0.0000e+00 (0.0000e+00)	Loss Disc 0.0000e+00 (0.0000e+00)	Loss Pred 5.3461e-01 (5.2033e-01)	Loss TOTAL 5.4416e-01 (5.2101e-01)
Epoch: [3][240/496]	L_Src_Sup 0.0000e+00 (1.3024e-03)	L_Trg_Inj 0.0000e+00 (0.0000e+00)	Loss Disc 0.0000e+00 (0.0000e+00)	Loss Pred 5.0921e-01 (5.1996e-01)	Loss TOTAL 5.0921e-01 (5.2061e-01)
Epoch: [3][250/496]	L_Src_Sup 0.0000e+00 (1.2503e-03)	L_Trg_Inj 0.0000e+00 (0.0000e+00)	Loss Disc 0.0000e+00 (0.0000e+00)	Loss Pred 5.4084e-01 (5.2002e-01)	Loss TOTAL 5.4084e-01 (5.2064e-01)
Epoch: [3][260/496]	L_Src_Sup 0.0000e+00 (1.2022e-03)	L_Trg_Inj 0.0000e+00 (0.0000e+00)	Loss Disc 0.0000e+00 (0.0000e+00)	Loss Pred 5.0941e-01 (5.2012e-01)	Loss TOTAL 5.0941e-01 (5.2072e-01)
Epoch: [3][270/496]	L_Src_Sup 0.0000e+00 (1.1577e-03)	L_Trg_Inj 0.0000e+00 (0.0000e+00)	Loss Disc 0.0000e+00 (0.0000e+00)	Loss Pred 5.2833e-01 (5.2016e-01)	Loss TOTAL 5.2833e-01 (5.2074e-01)
Epoch: [3][280/496]	L_Src_Sup 0.0000e+00 (1.1164e-03)	L_Trg_Inj 0.0000e+00 (0.0000e+00)	Loss Disc 0.0000e+00 (0.0000e+00)	Loss Pred 4.9672e-01 (5.2032e-01)	Loss TOTAL 4.9672e-01 (5.2088e-01)
Epoch: [3][290/496]	L_Src_Sup 0.0000e+00 (1.0851e-03)	L_Trg_Inj 0.0000e+00 (0.0000e+00)	Loss Disc 0.0000e+00 (0.0000e+00)	Loss Pred 4.9107e-01 (5.1995e-01)	Loss TOTAL 4.9107e-01 (5.2049e-01)
Epoch: [3][300/496]	L_Src_Sup 0.0000e+00 (1.0489e-03)	L_Trg_Inj 0.0000e+00 (0.0000e+00)	Loss Disc 0.0000e+00 (0.0000e+00)	Loss Pred 5.5459e-01 (5.1988e-01)	Loss TOTAL 5.5459e-01 (5.2041e-01)
Epoch: [3][310/496]	L_Src_Sup 0.0000e+00 (1.0151e-03)	L_Trg_Inj 0.0000e+00 (0.0000e+00)	Loss Disc 0.0000e+00 (0.0000e+00)	Loss Pred 4.4650e-01 (5.1965e-01)	Loss TOTAL 4.4650e-01 (5.2015e-01)
Epoch: [3][320/496]	L_Src_Sup 0.0000e+00 (1.0376e-03)	L_Trg_Inj 0.0000e+00 (0.0000e+00)	Loss Disc 0.0000e+00 (0.0000e+00)	Loss Pred 5.4711e-01 (5.1985e-01)	Loss TOTAL 5.4711e-01 (5.2037e-01)
Epoch: [3][330/496]	L_Src_Sup 0.0000e+00 (1.0062e-03)	L_Trg_Inj 0.0000e+00 (0.0000e+00)	Loss Disc 0.0000e+00 (0.0000e+00)	Loss Pred 4.9670e-01 (5.1972e-01)	Loss TOTAL 4.9670e-01 (5.2022e-01)
Epoch: [3][340/496]	L_Src_Sup 0.0000e+00 (9.7659e-04)	L_Trg_Inj 0.0000e+00 (0.0000e+00)	Loss Disc 0.0000e+00 (0.0000e+00)	Loss Pred 5.2205e-01 (5.1979e-01)	Loss TOTAL 5.2205e-01 (5.2028e-01)
Epoch: [3][350/496]	L_Src_Sup 0.0000e+00 (9.4868e-04)	L_Trg_Inj 0.0000e+00 (0.0000e+00)	Loss Disc 0.0000e+00 (0.0000e+00)	Loss Pred 5.1573e-01 (5.1975e-01)	Loss TOTAL 5.1573e-01 (5.2023e-01)
Epoch: [3][360/496]	L_Src_Sup 0.0000e+00 (9.2233e-04)	L_Trg_Inj 0.0000e+00 (0.0000e+00)	Loss Disc 0.0000e+00 (0.0000e+00)	Loss Pred 5.9094e-01 (5.2056e-01)	Loss TOTAL 5.9094e-01 (5.2102e-01)
Epoch: [3][370/496]	L_Src_Sup 0.0000e+00 (8.9740e-04)	L_Trg_Inj 0.0000e+00 (0.0000e+00)	Loss Disc 0.0000e+00 (0.0000e+00)	Loss Pred 5.7295e-01 (5.2070e-01)	Loss TOTAL 5.7295e-01 (5.2115e-01)
Epoch: [3][380/496]	L_Src_Sup 0.0000e+00 (8.7379e-04)	L_Trg_Inj 0.0000e+00 (0.0000e+00)	Loss Disc 0.0000e+00 (0.0000e+00)	Loss Pred 5.4701e-01 (5.2106e-01)	Loss TOTAL 5.4701e-01 (5.2150e-01)
Epoch: [3][390/496]	L_Src_Sup 0.0000e+00 (8.5138e-04)	L_Trg_Inj 0.0000e+00 (0.0000e+00)	Loss Disc 0.0000e+00 (0.0000e+00)	Loss Pred 4.6548e-01 (5.2073e-01)	Loss TOTAL 4.6548e-01 (5.2115e-01)
Epoch: [3][400/496]	L_Src_Sup 0.0000e+00 (8.3010e-04)	L_Trg_Inj 0.0000e+00 (0.0000e+00)	Loss Disc 0.0000e+00 (0.0000e+00)	Loss Pred 4.8413e-01 (5.2084e-01)	Loss TOTAL 4.8413e-01 (5.2126e-01)
Epoch: [3][410/496]	L_Src_Sup 2.7557e-03 (8.6329e-04)	L_Trg_Inj 0.0000e+00 (0.0000e+00)	Loss Disc 0.0000e+00 (0.0000e+00)	Loss Pred 5.4071e-01 (5.2110e-01)	Loss TOTAL 5.4209e-01 (5.2153e-01)
Epoch: [3][420/496]	L_Src_Sup 0.0000e+00 (8.4274e-04)	L_Trg_Inj 0.0000e+00 (0.0000e+00)	Loss Disc 0.0000e+00 (0.0000e+00)	Loss Pred 5.4707e-01 (5.2115e-01)	Loss TOTAL 5.4707e-01 (5.2157e-01)
Epoch: [3][430/496]	L_Src_Sup 0.0000e+00 (8.2314e-04)	L_Trg_Inj 0.0000e+00 (0.0000e+00)	Loss Disc 0.0000e+00 (0.0000e+00)	Loss Pred 5.2943e-01 (5.2118e-01)	Loss TOTAL 5.2943e-01 (5.2159e-01)
Epoch: [3][440/496]	L_Src_Sup 0.0000e+00 (8.0443e-04)	L_Trg_Inj 0.0000e+00 (0.0000e+00)	Loss Disc 0.0000e+00 (0.0000e+00)	Loss Pred 5.4710e-01 (5.2134e-01)	Loss TOTAL 5.4710e-01 (5.2175e-01)
Epoch: [3][450/496]	L_Src_Sup 0.0000e+00 (7.8656e-04)	L_Trg_Inj 0.0000e+00 (0.0000e+00)	Loss Disc 0.0000e+00 (0.0000e+00)	Loss Pred 4.7845e-01 (5.2108e-01)	Loss TOTAL 4.7845e-01 (5.2148e-01)
Epoch: [3][460/496]	L_Src_Sup 0.0000e+00 (7.6946e-04)	L_Trg_Inj 0.0000e+00 (0.0000e+00)	Loss Disc 0.0000e+00 (0.0000e+00)	Loss Pred 5.2194e-01 (5.2121e-01)	Loss TOTAL 5.2194e-01 (5.2160e-01)
Epoch: [3][470/496]	L_Src_Sup 0.0000e+00 (7.5309e-04)	L_Trg_Inj 0.0000e+00 (0.0000e+00)	Loss Disc 0.0000e+00 (0.0000e+00)	Loss Pred 4.8442e-01 (5.2079e-01)	Loss TOTAL 4.8442e-01 (5.2117e-01)
Epoch: [3][480/496]	L_Src_Sup 0.0000e+00 (7.3740e-04)	L_Trg_Inj 0.0000e+00 (0.0000e+00)	Loss Disc 0.0000e+00 (0.0000e+00)	Loss Pred 5.2871e-01 (5.2055e-01)	Loss TOTAL 5.2871e-01 (5.2092e-01)
Epoch: [3][490/496]	L_Src_Sup 0.0000e+00 (7.2235e-04)	L_Trg_Inj 0.0000e+00 (0.0000e+00)	Loss Disc 0.0000e+00 (0.0000e+00)	Loss Pred 5.5963e-01 (5.2085e-01)	Loss TOTAL 5.5963e-01 (5.2121e-01)
Epoch: [3][496/496]	L_Src_Sup 0.0000e+00 (7.1361e-04)	L_Trg_Inj 0.0000e+00 (0.0000e+00)	Loss Disc 0.0000e+00 (0.0000e+00)	Loss Pred 5.2329e-01 (5.2087e-01)	Loss TOTAL 5.2329e-01 (5.2122e-01)
Epoch 3 complete. Saving model state...
Epoch: [4][ 10/496]	L_Src_Sup 0.0000e+00 (1.0337e-03)	L_Trg_Inj 0.0000e+00 (0.0000e+00)	Loss Disc 0.0000e+00 (0.0000e+00)	Loss Pred 5.0993e-01 (5.3625e-01)	Loss TOTAL 5.0993e-01 (5.3676e-01)
Epoch: [4][ 20/496]	L_Src_Sup 0.0000e+00 (5.1684e-04)	L_Trg_Inj 0.0000e+00 (0.0000e+00)	Loss Disc 0.0000e+00 (0.0000e+00)	Loss Pred 5.3443e-01 (5.2700e-01)	Loss TOTAL 5.3443e-01 (5.2725e-01)
Epoch: [4][ 30/496]	L_Src_Sup 0.0000e+00 (3.4456e-04)	L_Trg_Inj 0.0000e+00 (0.0000e+00)	Loss Disc 0.0000e+00 (0.0000e+00)	Loss Pred 5.5443e-01 (5.2579e-01)	Loss TOTAL 5.5443e-01 (5.2596e-01)
Epoch: [4][ 40/496]	L_Src_Sup 0.0000e+00 (2.5842e-04)	L_Trg_Inj 0.0000e+00 (0.0000e+00)	Loss Disc 0.0000e+00 (0.0000e+00)	Loss Pred 5.0306e-01 (5.2155e-01)	Loss TOTAL 5.0306e-01 (5.2168e-01)
Epoch: [4][ 50/496]	L_Src_Sup 0.0000e+00 (9.4704e-04)	L_Trg_Inj 0.0000e+00 (0.0000e+00)	Loss Disc 0.0000e+00 (0.0000e+00)	Loss Pred 5.0945e-01 (5.1953e-01)	Loss TOTAL 5.0945e-01 (5.2000e-01)
Epoch: [4][ 60/496]	L_Src_Sup 0.0000e+00 (7.8920e-04)	L_Trg_Inj 0.0000e+00 (0.0000e+00)	Loss Disc 0.0000e+00 (0.0000e+00)	Loss Pred 5.1549e-01 (5.2160e-01)	Loss TOTAL 5.1549e-01 (5.2200e-01)
Epoch: [4][ 70/496]	L_Src_Sup 0.0000e+00 (6.7646e-04)	L_Trg_Inj 0.0000e+00 (0.0000e+00)	Loss Disc 0.0000e+00 (0.0000e+00)	Loss Pred 4.9093e-01 (5.1953e-01)	Loss TOTAL 4.9093e-01 (5.1987e-01)
Epoch: [4][ 80/496]	L_Src_Sup 0.0000e+00 (5.9190e-04)	L_Trg_Inj 0.0000e+00 (0.0000e+00)	Loss Disc 0.0000e+00 (0.0000e+00)	Loss Pred 5.1617e-01 (5.1735e-01)	Loss TOTAL 5.1617e-01 (5.1765e-01)
Epoch: [4][ 90/496]	L_Src_Sup 0.0000e+00 (7.2216e-04)	L_Trg_Inj 0.0000e+00 (0.0000e+00)	Loss Disc 0.0000e+00 (0.0000e+00)	Loss Pred 5.1554e-01 (5.1738e-01)	Loss TOTAL 5.1554e-01 (5.1774e-01)
Epoch: [4][100/496]	L_Src_Sup 0.0000e+00 (6.4995e-04)	L_Trg_Inj 0.0000e+00 (0.0000e+00)	Loss Disc 0.0000e+00 (0.0000e+00)	Loss Pred 4.7162e-01 (5.1552e-01)	Loss TOTAL 4.7162e-01 (5.1584e-01)
Epoch: [4][110/496]	L_Src_Sup 0.0000e+00 (5.9086e-04)	L_Trg_Inj 0.0000e+00 (0.0000e+00)	Loss Disc 0.0000e+00 (0.0000e+00)	Loss Pred 5.0930e-01 (5.1560e-01)	Loss TOTAL 5.0930e-01 (5.1589e-01)
Epoch: [4][120/496]	L_Src_Sup 0.0000e+00 (5.4162e-04)	L_Trg_Inj 0.0000e+00 (0.0000e+00)	Loss Disc 0.0000e+00 (0.0000e+00)	Loss Pred 5.4731e-01 (5.1572e-01)	Loss TOTAL 5.4731e-01 (5.1599e-01)
Epoch: [4][130/496]	L_Src_Sup 0.0000e+00 (4.9996e-04)	L_Trg_Inj 0.0000e+00 (0.0000e+00)	Loss Disc 0.0000e+00 (0.0000e+00)	Loss Pred 5.3507e-01 (5.1605e-01)	Loss TOTAL 5.3507e-01 (5.1630e-01)
Epoch: [4][140/496]	L_Src_Sup 0.0000e+00 (4.6425e-04)	L_Trg_Inj 0.0000e+00 (0.0000e+00)	Loss Disc 0.0000e+00 (0.0000e+00)	Loss Pred 5.2197e-01 (5.1667e-01)	Loss TOTAL 5.2197e-01 (5.1690e-01)
Epoch: [4][150/496]	L_Src_Sup 0.0000e+00 (5.5451e-04)	L_Trg_Inj 0.0000e+00 (0.0000e+00)	Loss Disc 0.0000e+00 (0.0000e+00)	Loss Pred 5.4763e-01 (5.1659e-01)	Loss TOTAL 5.4763e-01 (5.1686e-01)
Epoch: [4][160/496]	L_Src_Sup 0.0000e+00 (5.1985e-04)	L_Trg_Inj 0.0000e+00 (0.0000e+00)	Loss Disc 0.0000e+00 (0.0000e+00)	Loss Pred 5.4080e-01 (5.1766e-01)	Loss TOTAL 5.4080e-01 (5.1792e-01)
Epoch: [4][170/496]	L_Src_Sup 0.0000e+00 (4.8927e-04)	L_Trg_Inj 0.0000e+00 (0.0000e+00)	Loss Disc 0.0000e+00 (0.0000e+00)	Loss Pred 5.4113e-01 (5.1855e-01)	Loss TOTAL 5.4113e-01 (5.1880e-01)
Epoch: [4][180/496]	L_Src_Sup 0.0000e+00 (5.5548e-04)	L_Trg_Inj 0.0000e+00 (0.0000e+00)	Loss Disc 0.0000e+00 (0.0000e+00)	Loss Pred 4.8430e-01 (5.1780e-01)	Loss TOTAL 4.8430e-01 (5.1808e-01)
Epoch: [4][190/496]	L_Src_Sup 0.0000e+00 (5.2624e-04)	L_Trg_Inj 0.0000e+00 (0.0000e+00)	Loss Disc 0.0000e+00 (0.0000e+00)	Loss Pred 5.6622e-01 (5.1757e-01)	Loss TOTAL 5.6622e-01 (5.1783e-01)
Epoch: [4][200/496]	L_Src_Sup 0.0000e+00 (4.9993e-04)	L_Trg_Inj 0.0000e+00 (0.0000e+00)	Loss Disc 0.0000e+00 (0.0000e+00)	Loss Pred 5.2195e-01 (5.1817e-01)	Loss TOTAL 5.2195e-01 (5.1842e-01)
Epoch: [4][210/496]	L_Src_Sup 0.0000e+00 (4.7612e-04)	L_Trg_Inj 0.0000e+00 (0.0000e+00)	Loss Disc 0.0000e+00 (0.0000e+00)	Loss Pred 5.0308e-01 (5.1800e-01)	Loss TOTAL 5.0308e-01 (5.1823e-01)
Epoch: [4][220/496]	L_Src_Sup 0.0000e+00 (4.5448e-04)	L_Trg_Inj 0.0000e+00 (0.0000e+00)	Loss Disc 0.0000e+00 (0.0000e+00)	Loss Pred 5.3468e-01 (5.1789e-01)	Loss TOTAL 5.3468e-01 (5.1812e-01)
Epoch: [4][230/496]	L_Src_Sup 0.0000e+00 (4.3472e-04)	L_Trg_Inj 0.0000e+00 (0.0000e+00)	Loss Disc 0.0000e+00 (0.0000e+00)	Loss Pred 5.2254e-01 (5.1843e-01)	Loss TOTAL 5.2254e-01 (5.1864e-01)
Epoch: [4][240/496]	L_Src_Sup 0.0000e+00 (4.1661e-04)	L_Trg_Inj 0.0000e+00 (0.0000e+00)	Loss Disc 0.0000e+00 (0.0000e+00)	Loss Pred 5.2180e-01 (5.1854e-01)	Loss TOTAL 5.2180e-01 (5.1875e-01)
Epoch: [4][250/496]	L_Src_Sup 0.0000e+00 (3.9994e-04)	L_Trg_Inj 0.0000e+00 (0.0000e+00)	Loss Disc 0.0000e+00 (0.0000e+00)	Loss Pred 5.4698e-01 (5.1911e-01)	Loss TOTAL 5.4698e-01 (5.1931e-01)
Epoch: [4][260/496]	L_Src_Sup 0.0000e+00 (3.8456e-04)	L_Trg_Inj 0.0000e+00 (0.0000e+00)	Loss Disc 0.0000e+00 (0.0000e+00)	Loss Pred 5.6060e-01 (5.1903e-01)	Loss TOTAL 5.6060e-01 (5.1922e-01)
Epoch: [4][270/496]	L_Src_Sup 0.0000e+00 (3.7032e-04)	L_Trg_Inj 0.0000e+00 (0.0000e+00)	Loss Disc 0.0000e+00 (0.0000e+00)	Loss Pred 4.9057e-01 (5.1865e-01)	Loss TOTAL 4.9057e-01 (5.1884e-01)
Epoch: [4][280/496]	L_Src_Sup 0.0000e+00 (3.5709e-04)	L_Trg_Inj 0.0000e+00 (0.0000e+00)	Loss Disc 0.0000e+00 (0.0000e+00)	Loss Pred 5.4709e-01 (5.1911e-01)	Loss TOTAL 5.4709e-01 (5.1929e-01)
Epoch: [4][290/496]	L_Src_Sup 0.0000e+00 (3.4478e-04)	L_Trg_Inj 0.0000e+00 (0.0000e+00)	Loss Disc 0.0000e+00 (0.0000e+00)	Loss Pred 5.7224e-01 (5.1958e-01)	Loss TOTAL 5.7224e-01 (5.1975e-01)
Epoch: [4][300/496]	L_Src_Sup 0.0000e+00 (3.3329e-04)	L_Trg_Inj 0.0000e+00 (0.0000e+00)	Loss Disc 0.0000e+00 (0.0000e+00)	Loss Pred 5.0299e-01 (5.1945e-01)	Loss TOTAL 5.0299e-01 (5.1962e-01)
Epoch: [4][310/496]	L_Src_Sup 0.0000e+00 (3.2254e-04)	L_Trg_Inj 0.0000e+00 (0.0000e+00)	Loss Disc 0.0000e+00 (0.0000e+00)	Loss Pred 5.2222e-01 (5.1947e-01)	Loss TOTAL 5.2222e-01 (5.1963e-01)
Epoch: [4][320/496]	L_Src_Sup 0.0000e+00 (3.6821e-04)	L_Trg_Inj 0.0000e+00 (0.0000e+00)	Loss Disc 0.0000e+00 (0.0000e+00)	Loss Pred 5.0940e-01 (5.1943e-01)	Loss TOTAL 5.0940e-01 (5.1962e-01)
Epoch: [4][330/496]	L_Src_Sup 0.0000e+00 (3.5705e-04)	L_Trg_Inj 0.0000e+00 (0.0000e+00)	Loss Disc 0.0000e+00 (0.0000e+00)	Loss Pred 4.9711e-01 (5.1955e-01)	Loss TOTAL 4.9711e-01 (5.1973e-01)
Epoch: [4][340/496]	L_Src_Sup 0.0000e+00 (3.9046e-04)	L_Trg_Inj 0.0000e+00 (0.0000e+00)	Loss Disc 0.0000e+00 (0.0000e+00)	Loss Pred 5.4730e-01 (5.1953e-01)	Loss TOTAL 5.4730e-01 (5.1973e-01)
Epoch: [4][350/496]	L_Src_Sup 0.0000e+00 (3.7930e-04)	L_Trg_Inj 0.0000e+00 (0.0000e+00)	Loss Disc 0.0000e+00 (0.0000e+00)	Loss Pred 5.3482e-01 (5.1955e-01)	Loss TOTAL 5.3482e-01 (5.1974e-01)
Epoch: [4][360/496]	L_Src_Sup 0.0000e+00 (3.6877e-04)	L_Trg_Inj 0.0000e+00 (0.0000e+00)	Loss Disc 0.0000e+00 (0.0000e+00)	Loss Pred 5.0950e-01 (5.1967e-01)	Loss TOTAL 5.0950e-01 (5.1986e-01)
Epoch: [4][370/496]	L_Src_Sup 0.0000e+00 (3.5880e-04)	L_Trg_Inj 0.0000e+00 (0.0000e+00)	Loss Disc 0.0000e+00 (0.0000e+00)	Loss Pred 5.4087e-01 (5.2018e-01)	Loss TOTAL 5.4087e-01 (5.2036e-01)
Epoch: [4][380/496]	L_Src_Sup 0.0000e+00 (3.4936e-04)	L_Trg_Inj 0.0000e+00 (0.0000e+00)	Loss Disc 0.0000e+00 (0.0000e+00)	Loss Pred 5.1557e-01 (5.2042e-01)	Loss TOTAL 5.1557e-01 (5.2060e-01)
Epoch: [4][390/496]	L_Src_Sup 0.0000e+00 (3.4040e-04)	L_Trg_Inj 0.0000e+00 (0.0000e+00)	Loss Disc 0.0000e+00 (0.0000e+00)	Loss Pred 5.5332e-01 (5.2075e-01)	Loss TOTAL 5.5332e-01 (5.2092e-01)
Epoch: [4][400/496]	L_Src_Sup 0.0000e+00 (3.3189e-04)	L_Trg_Inj 0.0000e+00 (0.0000e+00)	Loss Disc 0.0000e+00 (0.0000e+00)	Loss Pred 5.6002e-01 (5.2052e-01)	Loss TOTAL 5.6002e-01 (5.2069e-01)
Epoch: [4][410/496]	L_Src_Sup 0.0000e+00 (3.2380e-04)	L_Trg_Inj 0.0000e+00 (0.0000e+00)	Loss Disc 0.0000e+00 (0.0000e+00)	Loss Pred 5.6635e-01 (5.2036e-01)	Loss TOTAL 5.6635e-01 (5.2052e-01)
Epoch: [4][420/496]	L_Src_Sup 0.0000e+00 (3.1609e-04)	L_Trg_Inj 0.0000e+00 (0.0000e+00)	Loss Disc 0.0000e+00 (0.0000e+00)	Loss Pred 5.4067e-01 (5.2059e-01)	Loss TOTAL 5.4067e-01 (5.2075e-01)
Epoch: [4][430/496]	L_Src_Sup 0.0000e+00 (3.0874e-04)	L_Trg_Inj 0.0000e+00 (0.0000e+00)	Loss Disc 0.0000e+00 (0.0000e+00)	Loss Pred 5.1572e-01 (5.2043e-01)	Loss TOTAL 5.1572e-01 (5.2059e-01)
Epoch: [4][440/496]	L_Src_Sup 0.0000e+00 (3.0172e-04)	L_Trg_Inj 0.0000e+00 (0.0000e+00)	Loss Disc 0.0000e+00 (0.0000e+00)	Loss Pred 5.3466e-01 (5.2058e-01)	Loss TOTAL 5.3466e-01 (5.2073e-01)
Epoch: [4][450/496]	L_Src_Sup 0.0000e+00 (3.0183e-04)	L_Trg_Inj 0.0000e+00 (0.0000e+00)	Loss Disc 0.0000e+00 (0.0000e+00)	Loss Pred 5.6004e-01 (5.2066e-01)	Loss TOTAL 5.6004e-01 (5.2081e-01)
Epoch: [4][460/496]	L_Src_Sup 0.0000e+00 (2.9526e-04)	L_Trg_Inj 0.0000e+00 (0.0000e+00)	Loss Disc 0.0000e+00 (0.0000e+00)	Loss Pred 5.3450e-01 (5.2057e-01)	Loss TOTAL 5.3450e-01 (5.2071e-01)
Epoch: [4][470/496]	L_Src_Sup 0.0000e+00 (2.8898e-04)	L_Trg_Inj 0.0000e+00 (0.0000e+00)	Loss Disc 0.0000e+00 (0.0000e+00)	Loss Pred 5.2821e-01 (5.2080e-01)	Loss TOTAL 5.2821e-01 (5.2094e-01)
Epoch: [4][480/496]	L_Src_Sup 0.0000e+00 (2.8296e-04)	L_Trg_Inj 0.0000e+00 (0.0000e+00)	Loss Disc 0.0000e+00 (0.0000e+00)	Loss Pred 5.6637e-01 (5.2063e-01)	Loss TOTAL 5.6637e-01 (5.2077e-01)
Epoch: [4][490/496]	L_Src_Sup 0.0000e+00 (2.7719e-04)	L_Trg_Inj 0.0000e+00 (0.0000e+00)	Loss Disc 0.0000e+00 (0.0000e+00)	Loss Pred 5.4698e-01 (5.2073e-01)	Loss TOTAL 5.4698e-01 (5.2087e-01)
Epoch: [4][496/496]	L_Src_Sup 0.0000e+00 (2.7383e-04)	L_Trg_Inj 0.0000e+00 (0.0000e+00)	Loss Disc 0.0000e+00 (0.0000e+00)	Loss Pred 5.1570e-01 (5.2067e-01)	Loss TOTAL 5.1570e-01 (5.2081e-01)
Epoch 4 complete. Saving model state...
Epoch: [5][ 10/496]	L_Src_Sup 0.0000e+00 (0.0000e+00)	L_Trg_Inj 0.0000e+00 (0.0000e+00)	Loss Disc 0.0000e+00 (0.0000e+00)	Loss Pred 5.4760e-01 (5.1767e-01)	Loss TOTAL 5.4760e-01 (5.1767e-01)
Epoch: [5][ 20/496]	L_Src_Sup 0.0000e+00 (0.0000e+00)	L_Trg_Inj 0.0000e+00 (0.0000e+00)	Loss Disc 0.0000e+00 (0.0000e+00)	Loss Pred 5.5357e-01 (5.1924e-01)	Loss TOTAL 5.5357e-01 (5.1924e-01)
Epoch: [5][ 30/496]	L_Src_Sup 0.0000e+00 (0.0000e+00)	L_Trg_Inj 0.0000e+00 (0.0000e+00)	Loss Disc 0.0000e+00 (0.0000e+00)	Loss Pred 5.2221e-01 (5.1454e-01)	Loss TOTAL 5.2221e-01 (5.1454e-01)
Epoch: [5][ 40/496]	L_Src_Sup 0.0000e+00 (0.0000e+00)	L_Trg_Inj 0.0000e+00 (0.0000e+00)	Loss Disc 0.0000e+00 (0.0000e+00)	Loss Pred 4.8429e-01 (5.1764e-01)	Loss TOTAL 4.8429e-01 (5.1764e-01)
Epoch: [5][ 50/496]	L_Src_Sup 0.0000e+00 (0.0000e+00)	L_Trg_Inj 0.0000e+00 (0.0000e+00)	Loss Disc 0.0000e+00 (0.0000e+00)	Loss Pred 5.3457e-01 (5.1990e-01)	Loss TOTAL 5.3457e-01 (5.1990e-01)
Epoch: [5][ 60/496]	L_Src_Sup 0.0000e+00 (0.0000e+00)	L_Trg_Inj 0.0000e+00 (0.0000e+00)	Loss Disc 0.0000e+00 (0.0000e+00)	Loss Pred 5.2285e-01 (5.2058e-01)	Loss TOTAL 5.2285e-01 (5.2058e-01)
Epoch: [5][ 70/496]	L_Src_Sup 0.0000e+00 (0.0000e+00)	L_Trg_Inj 0.0000e+00 (0.0000e+00)	Loss Disc 0.0000e+00 (0.0000e+00)	Loss Pred 5.1566e-01 (5.2141e-01)	Loss TOTAL 5.1566e-01 (5.2141e-01)
Epoch: [5][ 80/496]	L_Src_Sup 0.0000e+00 (0.0000e+00)	L_Trg_Inj 0.0000e+00 (0.0000e+00)	Loss Disc 0.0000e+00 (0.0000e+00)	Loss Pred 5.0283e-01 (5.2156e-01)	Loss TOTAL 5.0283e-01 (5.2156e-01)
Epoch: [5][ 90/496]	L_Src_Sup 0.0000e+00 (0.0000e+00)	L_Trg_Inj 0.0000e+00 (0.0000e+00)	Loss Disc 0.0000e+00 (0.0000e+00)	Loss Pred 5.1563e-01 (5.2167e-01)	Loss TOTAL 5.1563e-01 (5.2167e-01)
Epoch: [5][100/496]	L_Src_Sup 0.0000e+00 (0.0000e+00)	L_Trg_Inj 0.0000e+00 (0.0000e+00)	Loss Disc 0.0000e+00 (0.0000e+00)	Loss Pred 5.5976e-01 (5.2190e-01)	Loss TOTAL 5.5976e-01 (5.2190e-01)
Epoch: [5][110/496]	L_Src_Sup 0.0000e+00 (9.4694e-04)	L_Trg_Inj 0.0000e+00 (0.0000e+00)	Loss Disc 0.0000e+00 (0.0000e+00)	Loss Pred 5.8518e-01 (5.2266e-01)	Loss TOTAL 5.8518e-01 (5.2313e-01)
Epoch: [5][120/496]	L_Src_Sup 0.0000e+00 (8.6803e-04)	L_Trg_Inj 0.0000e+00 (0.0000e+00)	Loss Disc 0.0000e+00 (0.0000e+00)	Loss Pred 5.3477e-01 (5.2310e-01)	Loss TOTAL 5.3477e-01 (5.2353e-01)
Epoch: [5][130/496]	L_Src_Sup 0.0000e+00 (8.0126e-04)	L_Trg_Inj 0.0000e+00 (0.0000e+00)	Loss Disc 0.0000e+00 (0.0000e+00)	Loss Pred 5.0949e-01 (5.2269e-01)	Loss TOTAL 5.0949e-01 (5.2309e-01)
Epoch: [5][140/496]	L_Src_Sup 0.0000e+00 (7.4403e-04)	L_Trg_Inj 0.0000e+00 (0.0000e+00)	Loss Disc 0.0000e+00 (0.0000e+00)	Loss Pred 5.0281e-01 (5.2241e-01)	Loss TOTAL 5.0281e-01 (5.2278e-01)
Epoch: [5][150/496]	L_Src_Sup 0.0000e+00 (6.9442e-04)	L_Trg_Inj 0.0000e+00 (0.0000e+00)	Loss Disc 0.0000e+00 (0.0000e+00)	Loss Pred 5.7870e-01 (5.2221e-01)	Loss TOTAL 5.7870e-01 (5.2256e-01)
Epoch: [5][160/496]	L_Src_Sup 0.0000e+00 (6.5102e-04)	L_Trg_Inj 0.0000e+00 (0.0000e+00)	Loss Disc 0.0000e+00 (0.0000e+00)	Loss Pred 5.5363e-01 (5.2129e-01)	Loss TOTAL 5.5363e-01 (5.2162e-01)
Epoch: [5][170/496]	L_Src_Sup 0.0000e+00 (6.1273e-04)	L_Trg_Inj 0.0000e+00 (0.0000e+00)	Loss Disc 0.0000e+00 (0.0000e+00)	Loss Pred 5.6644e-01 (5.2210e-01)	Loss TOTAL 5.6644e-01 (5.2241e-01)
Epoch: [5][180/496]	L_Src_Sup 0.0000e+00 (5.7869e-04)	L_Trg_Inj 0.0000e+00 (0.0000e+00)	Loss Disc 0.0000e+00 (0.0000e+00)	Loss Pred 5.9814e-01 (5.2280e-01)	Loss TOTAL 5.9814e-01 (5.2309e-01)
Epoch: [5][190/496]	L_Src_Sup 0.0000e+00 (5.4823e-04)	L_Trg_Inj 0.0000e+00 (0.0000e+00)	Loss Disc 0.0000e+00 (0.0000e+00)	Loss Pred 5.4110e-01 (5.2272e-01)	Loss TOTAL 5.4110e-01 (5.2299e-01)
Epoch: [5][200/496]	L_Src_Sup 0.0000e+00 (5.2082e-04)	L_Trg_Inj 0.0000e+00 (0.0000e+00)	Loss Disc 0.0000e+00 (0.0000e+00)	Loss Pred 5.2211e-01 (5.2238e-01)	Loss TOTAL 5.2211e-01 (5.2264e-01)
Epoch: [5][210/496]	L_Src_Sup 0.0000e+00 (4.9602e-04)	L_Trg_Inj 0.0000e+00 (0.0000e+00)	Loss Disc 0.0000e+00 (0.0000e+00)	Loss Pred 5.3467e-01 (5.2167e-01)	Loss TOTAL 5.3467e-01 (5.2192e-01)
Epoch: [5][220/496]	L_Src_Sup 0.0000e+00 (4.7347e-04)	L_Trg_Inj 0.0000e+00 (0.0000e+00)	Loss Disc 0.0000e+00 (0.0000e+00)	Loss Pred 5.5338e-01 (5.2174e-01)	Loss TOTAL 5.5338e-01 (5.2198e-01)
Epoch: [5][230/496]	L_Src_Sup 0.0000e+00 (4.5288e-04)	L_Trg_Inj 0.0000e+00 (0.0000e+00)	Loss Disc 0.0000e+00 (0.0000e+00)	Loss Pred 4.5864e-01 (5.2139e-01)	Loss TOTAL 4.5864e-01 (5.2162e-01)
Epoch: [5][240/496]	L_Src_Sup 0.0000e+00 (4.3401e-04)	L_Trg_Inj 0.0000e+00 (0.0000e+00)	Loss Disc 0.0000e+00 (0.0000e+00)	Loss Pred 5.4732e-01 (5.2160e-01)	Loss TOTAL 5.4732e-01 (5.2182e-01)
Epoch: [5][250/496]	L_Src_Sup 0.0000e+00 (4.1665e-04)	L_Trg_Inj 0.0000e+00 (0.0000e+00)	Loss Disc 0.0000e+00 (0.0000e+00)	Loss Pred 4.9648e-01 (5.2159e-01)	Loss TOTAL 4.9648e-01 (5.2180e-01)
Epoch: [5][260/496]	L_Src_Sup 0.0000e+00 (4.0063e-04)	L_Trg_Inj 0.0000e+00 (0.0000e+00)	Loss Disc 0.0000e+00 (0.0000e+00)	Loss Pred 5.0912e-01 (5.2187e-01)	Loss TOTAL 5.0912e-01 (5.2207e-01)
Epoch: [5][270/496]	L_Src_Sup 0.0000e+00 (3.8579e-04)	L_Trg_Inj 0.0000e+00 (0.0000e+00)	Loss Disc 0.0000e+00 (0.0000e+00)	Loss Pred 4.9658e-01 (5.2201e-01)	Loss TOTAL 4.9658e-01 (5.2220e-01)
Epoch: [5][280/496]	L_Src_Sup 0.0000e+00 (3.7201e-04)	L_Trg_Inj 0.0000e+00 (0.0000e+00)	Loss Disc 0.0000e+00 (0.0000e+00)	Loss Pred 5.2180e-01 (5.2194e-01)	Loss TOTAL 5.2180e-01 (5.2212e-01)
Epoch: [5][290/496]	L_Src_Sup 0.0000e+00 (3.5918e-04)	L_Trg_Inj 0.0000e+00 (0.0000e+00)	Loss Disc 0.0000e+00 (0.0000e+00)	Loss Pred 5.2173e-01 (5.2209e-01)	Loss TOTAL 5.2173e-01 (5.2227e-01)
Epoch: [5][300/496]	L_Src_Sup 0.0000e+00 (3.4721e-04)	L_Trg_Inj 0.0000e+00 (0.0000e+00)	Loss Disc 0.0000e+00 (0.0000e+00)	Loss Pred 5.2184e-01 (5.2204e-01)	Loss TOTAL 5.2184e-01 (5.2222e-01)
Epoch: [5][310/496]	L_Src_Sup 0.0000e+00 (3.3601e-04)	L_Trg_Inj 0.0000e+00 (0.0000e+00)	Loss Disc 0.0000e+00 (0.0000e+00)	Loss Pred 5.4083e-01 (5.2217e-01)	Loss TOTAL 5.4083e-01 (5.2234e-01)
Epoch: [5][320/496]	L_Src_Sup 0.0000e+00 (3.2551e-04)	L_Trg_Inj 0.0000e+00 (0.0000e+00)	Loss Disc 0.0000e+00 (0.0000e+00)	Loss Pred 5.2812e-01 (5.2230e-01)	Loss TOTAL 5.2812e-01 (5.2246e-01)
Epoch: [5][330/496]	L_Src_Sup 0.0000e+00 (3.1565e-04)	L_Trg_Inj 0.0000e+00 (0.0000e+00)	Loss Disc 0.0000e+00 (0.0000e+00)	Loss Pred 4.9671e-01 (5.2248e-01)	Loss TOTAL 4.9671e-01 (5.2264e-01)
Epoch: [5][340/496]	L_Src_Sup 0.0000e+00 (3.0636e-04)	L_Trg_Inj 0.0000e+00 (0.0000e+00)	Loss Disc 0.0000e+00 (0.0000e+00)	Loss Pred 6.0394e-01 (5.2271e-01)	Loss TOTAL 6.0394e-01 (5.2286e-01)
Epoch: [5][350/496]	L_Src_Sup 0.0000e+00 (2.9761e-04)	L_Trg_Inj 0.0000e+00 (0.0000e+00)	Loss Disc 0.0000e+00 (0.0000e+00)	Loss Pred 5.4078e-01 (5.2261e-01)	Loss TOTAL 5.4078e-01 (5.2276e-01)
Epoch: [5][360/496]	L_Src_Sup 0.0000e+00 (2.8934e-04)	L_Trg_Inj 0.0000e+00 (0.0000e+00)	Loss Disc 0.0000e+00 (0.0000e+00)	Loss Pred 5.0294e-01 (5.2256e-01)	Loss TOTAL 5.0294e-01 (5.2270e-01)
Epoch: [5][370/496]	L_Src_Sup 0.0000e+00 (2.8152e-04)	L_Trg_Inj 0.0000e+00 (0.0000e+00)	Loss Disc 0.0000e+00 (0.0000e+00)	Loss Pred 5.2207e-01 (5.2210e-01)	Loss TOTAL 5.2207e-01 (5.2224e-01)
Epoch: [5][380/496]	L_Src_Sup 0.0000e+00 (2.7411e-04)	L_Trg_Inj 0.0000e+00 (0.0000e+00)	Loss Disc 0.0000e+00 (0.0000e+00)	Loss Pred 5.4144e-01 (5.2185e-01)	Loss TOTAL 5.4144e-01 (5.2199e-01)
Epoch: [5][390/496]	L_Src_Sup 0.0000e+00 (2.6709e-04)	L_Trg_Inj 0.0000e+00 (0.0000e+00)	Loss Disc 0.0000e+00 (0.0000e+00)	Loss Pred 5.1622e-01 (5.2141e-01)	Loss TOTAL 5.1622e-01 (5.2154e-01)
Epoch: [5][400/496]	L_Src_Sup 0.0000e+00 (2.6041e-04)	L_Trg_Inj 0.0000e+00 (0.0000e+00)	Loss Disc 0.0000e+00 (0.0000e+00)	Loss Pred 5.4725e-01 (5.2123e-01)	Loss TOTAL 5.4725e-01 (5.2136e-01)
Epoch: [5][410/496]	L_Src_Sup 0.0000e+00 (2.5406e-04)	L_Trg_Inj 0.0000e+00 (0.0000e+00)	Loss Disc 0.0000e+00 (0.0000e+00)	Loss Pred 4.9671e-01 (5.2126e-01)	Loss TOTAL 4.9671e-01 (5.2139e-01)
Epoch: [5][420/496]	L_Src_Sup 0.0000e+00 (2.4801e-04)	L_Trg_Inj 0.0000e+00 (0.0000e+00)	Loss Disc 0.0000e+00 (0.0000e+00)	Loss Pred 5.1555e-01 (5.2098e-01)	Loss TOTAL 5.1555e-01 (5.2111e-01)
Epoch: [5][430/496]	L_Src_Sup 0.0000e+00 (2.4224e-04)	L_Trg_Inj 0.0000e+00 (0.0000e+00)	Loss Disc 0.0000e+00 (0.0000e+00)	Loss Pred 4.8418e-01 (5.2099e-01)	Loss TOTAL 4.8418e-01 (5.2111e-01)
Epoch: [5][440/496]	L_Src_Sup 0.0000e+00 (2.3674e-04)	L_Trg_Inj 0.0000e+00 (0.0000e+00)	Loss Disc 0.0000e+00 (0.0000e+00)	Loss Pred 4.9680e-01 (5.2073e-01)	Loss TOTAL 4.9680e-01 (5.2084e-01)
Epoch: [5][450/496]	L_Src_Sup 0.0000e+00 (2.3147e-04)	L_Trg_Inj 0.0000e+00 (0.0000e+00)	Loss Disc 0.0000e+00 (0.0000e+00)	Loss Pred 5.2190e-01 (5.2080e-01)	Loss TOTAL 5.2190e-01 (5.2091e-01)
Epoch: [5][460/496]	L_Src_Sup 0.0000e+00 (2.2644e-04)	L_Trg_Inj 0.0000e+00 (0.0000e+00)	Loss Disc 0.0000e+00 (0.0000e+00)	Loss Pred 5.1637e-01 (5.2063e-01)	Loss TOTAL 5.1637e-01 (5.2074e-01)
Epoch: [5][470/496]	L_Src_Sup 0.0000e+00 (2.2162e-04)	L_Trg_Inj 0.0000e+00 (0.0000e+00)	Loss Disc 0.0000e+00 (0.0000e+00)	Loss Pred 5.4108e-01 (5.2054e-01)	Loss TOTAL 5.4108e-01 (5.2065e-01)
Epoch: [5][480/496]	L_Src_Sup 0.0000e+00 (2.1701e-04)	L_Trg_Inj 0.0000e+00 (0.0000e+00)	Loss Disc 0.0000e+00 (0.0000e+00)	Loss Pred 4.9038e-01 (5.2045e-01)	Loss TOTAL 4.9038e-01 (5.2056e-01)
Epoch: [5][490/496]	L_Src_Sup 0.0000e+00 (2.1258e-04)	L_Trg_Inj 0.0000e+00 (0.0000e+00)	Loss Disc 0.0000e+00 (0.0000e+00)	Loss Pred 5.2827e-01 (5.2049e-01)	Loss TOTAL 5.2827e-01 (5.2060e-01)
Epoch: [5][496/496]	L_Src_Sup 0.0000e+00 (2.1001e-04)	L_Trg_Inj 0.0000e+00 (0.0000e+00)	Loss Disc 0.0000e+00 (0.0000e+00)	Loss Pred 5.3438e-01 (5.2070e-01)	Loss TOTAL 5.3438e-01 (5.2081e-01)
Epoch 5 complete. Saving model state...
Epoch: [6][ 10/496]	L_Src_Sup 0.0000e+00 (0.0000e+00)	L_Trg_Inj 0.0000e+00 (0.0000e+00)	Loss Disc 0.0000e+00 (0.0000e+00)	Loss Pred 5.2803e-01 (5.2177e-01)	Loss TOTAL 5.2803e-01 (5.2177e-01)
Epoch: [6][ 20/496]	L_Src_Sup 0.0000e+00 (0.0000e+00)	L_Trg_Inj 0.0000e+00 (0.0000e+00)	Loss Disc 0.0000e+00 (0.0000e+00)	Loss Pred 5.9132e-01 (5.2444e-01)	Loss TOTAL 5.9132e-01 (5.2444e-01)
Epoch: [6][ 30/496]	L_Src_Sup 0.0000e+00 (2.2859e-04)	L_Trg_Inj 0.0000e+00 (0.0000e+00)	Loss Disc 0.0000e+00 (0.0000e+00)	Loss Pred 5.4081e-01 (5.2709e-01)	Loss TOTAL 5.4081e-01 (5.2721e-01)
Epoch: [6][ 40/496]	L_Src_Sup 0.0000e+00 (1.7144e-04)	L_Trg_Inj 0.0000e+00 (0.0000e+00)	Loss Disc 0.0000e+00 (0.0000e+00)	Loss Pred 5.2197e-01 (5.2300e-01)	Loss TOTAL 5.2197e-01 (5.2309e-01)
Epoch: [6][ 50/496]	L_Src_Sup 0.0000e+00 (1.3715e-04)	L_Trg_Inj 0.0000e+00 (0.0000e+00)	Loss Disc 0.0000e+00 (0.0000e+00)	Loss Pred 5.2826e-01 (5.2293e-01)	Loss TOTAL 5.2826e-01 (5.2299e-01)
Epoch: [6][ 60/496]	L_Src_Sup 0.0000e+00 (1.1429e-04)	L_Trg_Inj 0.0000e+00 (0.0000e+00)	Loss Disc 0.0000e+00 (0.0000e+00)	Loss Pred 5.5336e-01 (5.2317e-01)	Loss TOTAL 5.5336e-01 (5.2323e-01)
Epoch: [6][ 70/496]	L_Src_Sup 0.0000e+00 (9.7966e-05)	L_Trg_Inj 0.0000e+00 (0.0000e+00)	Loss Disc 0.0000e+00 (0.0000e+00)	Loss Pred 5.2818e-01 (5.2409e-01)	Loss TOTAL 5.2818e-01 (5.2413e-01)
Epoch: [6][ 80/496]	L_Src_Sup 0.0000e+00 (8.5720e-05)	L_Trg_Inj 0.0000e+00 (0.0000e+00)	Loss Disc 0.0000e+00 (0.0000e+00)	Loss Pred 4.7791e-01 (5.2249e-01)	Loss TOTAL 4.7791e-01 (5.2253e-01)
Epoch: [6][ 90/496]	L_Src_Sup 0.0000e+00 (7.6196e-05)	L_Trg_Inj 0.0000e+00 (0.0000e+00)	Loss Disc 0.0000e+00 (0.0000e+00)	Loss Pred 5.2812e-01 (5.2202e-01)	Loss TOTAL 5.2812e-01 (5.2206e-01)
Epoch: [6][100/496]	L_Src_Sup 0.0000e+00 (6.8576e-05)	L_Trg_Inj 0.0000e+00 (0.0000e+00)	Loss Disc 0.0000e+00 (0.0000e+00)	Loss Pred 5.4110e-01 (5.2283e-01)	Loss TOTAL 5.4110e-01 (5.2286e-01)
Epoch: [6][110/496]	L_Src_Sup 0.0000e+00 (6.2342e-05)	L_Trg_Inj 0.0000e+00 (0.0000e+00)	Loss Disc 0.0000e+00 (0.0000e+00)	Loss Pred 5.4069e-01 (5.2355e-01)	Loss TOTAL 5.4069e-01 (5.2358e-01)
Epoch: [6][120/496]	L_Src_Sup 0.0000e+00 (5.7147e-05)	L_Trg_Inj 0.0000e+00 (0.0000e+00)	Loss Disc 0.0000e+00 (0.0000e+00)	Loss Pred 5.2176e-01 (5.2342e-01)	Loss TOTAL 5.2176e-01 (5.2344e-01)
Epoch: [6][130/496]	L_Src_Sup 0.0000e+00 (5.2751e-05)	L_Trg_Inj 0.0000e+00 (0.0000e+00)	Loss Disc 0.0000e+00 (0.0000e+00)	Loss Pred 4.8422e-01 (5.2342e-01)	Loss TOTAL 4.8422e-01 (5.2345e-01)
Epoch: [6][140/496]	L_Src_Sup 0.0000e+00 (4.8983e-05)	L_Trg_Inj 0.0000e+00 (0.0000e+00)	Loss Disc 0.0000e+00 (0.0000e+00)	Loss Pred 5.7230e-01 (5.2369e-01)	Loss TOTAL 5.7230e-01 (5.2371e-01)
Epoch: [6][150/496]	L_Src_Sup 0.0000e+00 (4.5717e-05)	L_Trg_Inj 0.0000e+00 (0.0000e+00)	Loss Disc 0.0000e+00 (0.0000e+00)	Loss Pred 5.1566e-01 (5.2257e-01)	Loss TOTAL 5.1566e-01 (5.2260e-01)
Epoch: [6][160/496]	L_Src_Sup 0.0000e+00 (4.2860e-05)	L_Trg_Inj 0.0000e+00 (0.0000e+00)	Loss Disc 0.0000e+00 (0.0000e+00)	Loss Pred 5.0940e-01 (5.2219e-01)	Loss TOTAL 5.0940e-01 (5.2221e-01)
Epoch: [6][170/496]	L_Src_Sup 0.0000e+00 (4.0339e-05)	L_Trg_Inj 0.0000e+00 (0.0000e+00)	Loss Disc 0.0000e+00 (0.0000e+00)	Loss Pred 5.1577e-01 (5.2210e-01)	Loss TOTAL 5.1577e-01 (5.2212e-01)
Epoch: [6][180/496]	L_Src_Sup 0.0000e+00 (3.8098e-05)	L_Trg_Inj 0.0000e+00 (0.0000e+00)	Loss Disc 0.0000e+00 (0.0000e+00)	Loss Pred 4.9666e-01 (5.2161e-01)	Loss TOTAL 4.9666e-01 (5.2163e-01)
Epoch: [6][190/496]	L_Src_Sup 0.0000e+00 (3.6093e-05)	L_Trg_Inj 0.0000e+00 (0.0000e+00)	Loss Disc 0.0000e+00 (0.0000e+00)	Loss Pred 5.2814e-01 (5.2169e-01)	Loss TOTAL 5.2814e-01 (5.2171e-01)
Epoch: [6][200/496]	L_Src_Sup 0.0000e+00 (3.4288e-05)	L_Trg_Inj 0.0000e+00 (0.0000e+00)	Loss Disc 0.0000e+00 (0.0000e+00)	Loss Pred 5.0308e-01 (5.2155e-01)	Loss TOTAL 5.0308e-01 (5.2157e-01)
Epoch: [6][210/496]	L_Src_Sup 0.0000e+00 (3.2655e-05)	L_Trg_Inj 0.0000e+00 (0.0000e+00)	Loss Disc 0.0000e+00 (0.0000e+00)	Loss Pred 4.9650e-01 (5.2172e-01)	Loss TOTAL 4.9650e-01 (5.2173e-01)
Epoch: [6][220/496]	L_Src_Sup 0.0000e+00 (3.1171e-05)	L_Trg_Inj 0.0000e+00 (0.0000e+00)	Loss Disc 0.0000e+00 (0.0000e+00)	Loss Pred 5.2175e-01 (5.2187e-01)	Loss TOTAL 5.2175e-01 (5.2189e-01)
Epoch: [6][230/496]	L_Src_Sup 0.0000e+00 (2.9816e-05)	L_Trg_Inj 0.0000e+00 (0.0000e+00)	Loss Disc 0.0000e+00 (0.0000e+00)	Loss Pred 4.7156e-01 (5.2163e-01)	Loss TOTAL 4.7156e-01 (5.2164e-01)
Epoch: [6][240/496]	L_Src_Sup 0.0000e+00 (2.8573e-05)	L_Trg_Inj 0.0000e+00 (0.0000e+00)	Loss Disc 0.0000e+00 (0.0000e+00)	Loss Pred 5.3481e-01 (5.2136e-01)	Loss TOTAL 5.3481e-01 (5.2137e-01)
Epoch: [6][250/496]	L_Src_Sup 0.0000e+00 (2.7430e-05)	L_Trg_Inj 0.0000e+00 (0.0000e+00)	Loss Disc 0.0000e+00 (0.0000e+00)	Loss Pred 5.2823e-01 (5.2080e-01)	Loss TOTAL 5.2823e-01 (5.2082e-01)
Epoch: [6][260/496]	L_Src_Sup 0.0000e+00 (2.6375e-05)	L_Trg_Inj 0.0000e+00 (0.0000e+00)	Loss Disc 0.0000e+00 (0.0000e+00)	Loss Pred 5.5995e-01 (5.2092e-01)	Loss TOTAL 5.5995e-01 (5.2093e-01)
Epoch: [6][270/496]	L_Src_Sup 0.0000e+00 (2.5399e-05)	L_Trg_Inj 0.0000e+00 (0.0000e+00)	Loss Disc 0.0000e+00 (0.0000e+00)	Loss Pred 5.0932e-01 (5.2056e-01)	Loss TOTAL 5.0932e-01 (5.2057e-01)
Epoch: [6][280/496]	L_Src_Sup 0.0000e+00 (2.4491e-05)	L_Trg_Inj 0.0000e+00 (0.0000e+00)	Loss Disc 0.0000e+00 (0.0000e+00)	Loss Pred 5.0942e-01 (5.2079e-01)	Loss TOTAL 5.0942e-01 (5.2080e-01)
Epoch: [6][290/496]	L_Src_Sup 0.0000e+00 (2.3647e-05)	L_Trg_Inj 0.0000e+00 (0.0000e+00)	Loss Disc 0.0000e+00 (0.0000e+00)	Loss Pred 5.1595e-01 (5.2025e-01)	Loss TOTAL 5.1595e-01 (5.2026e-01)
Epoch: [6][300/496]	L_Src_Sup 0.0000e+00 (2.2859e-05)	L_Trg_Inj 0.0000e+00 (0.0000e+00)	Loss Disc 0.0000e+00 (0.0000e+00)	Loss Pred 5.1553e-01 (5.2047e-01)	Loss TOTAL 5.1553e-01 (5.2048e-01)
Epoch: [6][310/496]	L_Src_Sup 0.0000e+00 (2.2121e-05)	L_Trg_Inj 0.0000e+00 (0.0000e+00)	Loss Disc 0.0000e+00 (0.0000e+00)	Loss Pred 5.4710e-01 (5.2044e-01)	Loss TOTAL 5.4710e-01 (5.2045e-01)
Epoch: [6][320/496]	L_Src_Sup 0.0000e+00 (2.1430e-05)	L_Trg_Inj 0.0000e+00 (0.0000e+00)	Loss Disc 0.0000e+00 (0.0000e+00)	Loss Pred 4.9653e-01 (5.2040e-01)	Loss TOTAL 4.9653e-01 (5.2042e-01)
Epoch: [6][330/496]	L_Src_Sup 0.0000e+00 (2.0781e-05)	L_Trg_Inj 0.0000e+00 (0.0000e+00)	Loss Disc 0.0000e+00 (0.0000e+00)	Loss Pred 5.5340e-01 (5.2058e-01)	Loss TOTAL 5.5340e-01 (5.2059e-01)
Epoch: [6][340/496]	L_Src_Sup 0.0000e+00 (2.0169e-05)	L_Trg_Inj 0.0000e+00 (0.0000e+00)	Loss Disc 0.0000e+00 (0.0000e+00)	Loss Pred 5.5382e-01 (5.2053e-01)	Loss TOTAL 5.5382e-01 (5.2054e-01)
Epoch: [6][350/496]	L_Src_Sup 0.0000e+00 (1.9593e-05)	L_Trg_Inj 0.0000e+00 (0.0000e+00)	Loss Disc 0.0000e+00 (0.0000e+00)	Loss Pred 5.2171e-01 (5.2116e-01)	Loss TOTAL 5.2171e-01 (5.2117e-01)
Epoch: [6][360/496]	L_Src_Sup 0.0000e+00 (1.9049e-05)	L_Trg_Inj 0.0000e+00 (0.0000e+00)	Loss Disc 0.0000e+00 (0.0000e+00)	Loss Pred 4.7758e-01 (5.2092e-01)	Loss TOTAL 4.7758e-01 (5.2093e-01)
Epoch: [6][370/496]	L_Src_Sup 0.0000e+00 (1.8534e-05)	L_Trg_Inj 0.0000e+00 (0.0000e+00)	Loss Disc 0.0000e+00 (0.0000e+00)	Loss Pred 5.0930e-01 (5.2058e-01)	Loss TOTAL 5.0930e-01 (5.2059e-01)
Epoch: [6][380/496]	L_Src_Sup 3.8443e-02 (1.4817e-04)	L_Trg_Inj 0.0000e+00 (0.0000e+00)	Loss Disc 0.0000e+00 (0.0000e+00)	Loss Pred 5.6511e-01 (5.2096e-01)	Loss TOTAL 5.8433e-01 (5.2104e-01)
Epoch: [6][390/496]	L_Src_Sup 0.0000e+00 (1.4437e-04)	L_Trg_Inj 0.0000e+00 (0.0000e+00)	Loss Disc 0.0000e+00 (0.0000e+00)	Loss Pred 4.9641e-01 (5.2090e-01)	Loss TOTAL 4.9641e-01 (5.2098e-01)
Epoch: [6][400/496]	L_Src_Sup 0.0000e+00 (1.4076e-04)	L_Trg_Inj 0.0000e+00 (0.0000e+00)	Loss Disc 0.0000e+00 (0.0000e+00)	Loss Pred 5.0946e-01 (5.2109e-01)	Loss TOTAL 5.0946e-01 (5.2116e-01)
Epoch: [6][410/496]	L_Src_Sup 0.0000e+00 (1.3733e-04)	L_Trg_Inj 0.0000e+00 (0.0000e+00)	Loss Disc 0.0000e+00 (0.0000e+00)	Loss Pred 4.9056e-01 (5.2074e-01)	Loss TOTAL 4.9056e-01 (5.2081e-01)
Epoch: [6][420/496]	L_Src_Sup 0.0000e+00 (1.3406e-04)	L_Trg_Inj 0.0000e+00 (0.0000e+00)	Loss Disc 0.0000e+00 (0.0000e+00)	Loss Pred 4.9649e-01 (5.2081e-01)	Loss TOTAL 4.9649e-01 (5.2088e-01)
Epoch: [6][430/496]	L_Src_Sup 0.0000e+00 (1.3094e-04)	L_Trg_Inj 0.0000e+00 (0.0000e+00)	Loss Disc 0.0000e+00 (0.0000e+00)	Loss Pred 4.7754e-01 (5.2087e-01)	Loss TOTAL 4.7754e-01 (5.2094e-01)
Epoch: [6][440/496]	L_Src_Sup 0.0000e+00 (1.2796e-04)	L_Trg_Inj 0.0000e+00 (0.0000e+00)	Loss Disc 0.0000e+00 (0.0000e+00)	Loss Pred 5.6615e-01 (5.2092e-01)	Loss TOTAL 5.6615e-01 (5.2099e-01)
Epoch: [6][450/496]	L_Src_Sup 0.0000e+00 (1.2585e-04)	L_Trg_Inj 0.0000e+00 (0.0000e+00)	Loss Disc 0.0000e+00 (0.0000e+00)	Loss Pred 4.5903e-01 (5.2111e-01)	Loss TOTAL 4.5903e-01 (5.2118e-01)
Epoch: [6][460/496]	L_Src_Sup 0.0000e+00 (1.2312e-04)	L_Trg_Inj 0.0000e+00 (0.0000e+00)	Loss Disc 0.0000e+00 (0.0000e+00)	Loss Pred 5.0331e-01 (5.2095e-01)	Loss TOTAL 5.0331e-01 (5.2101e-01)
Epoch: [6][470/496]	L_Src_Sup 0.0000e+00 (1.2050e-04)	L_Trg_Inj 0.0000e+00 (0.0000e+00)	Loss Disc 0.0000e+00 (0.0000e+00)	Loss Pred 4.9044e-01 (5.2086e-01)	Loss TOTAL 4.9044e-01 (5.2092e-01)
Epoch: [6][480/496]	L_Src_Sup 0.0000e+00 (1.1799e-04)	L_Trg_Inj 0.0000e+00 (0.0000e+00)	Loss Disc 0.0000e+00 (0.0000e+00)	Loss Pred 5.2222e-01 (5.2069e-01)	Loss TOTAL 5.2222e-01 (5.2075e-01)
Epoch: [6][490/496]	L_Src_Sup 0.0000e+00 (1.1558e-04)	L_Trg_Inj 0.0000e+00 (0.0000e+00)	Loss Disc 0.0000e+00 (0.0000e+00)	Loss Pred 5.2193e-01 (5.2066e-01)	Loss TOTAL 5.2193e-01 (5.2072e-01)
Epoch: [6][496/496]	L_Src_Sup 0.0000e+00 (1.1418e-04)	L_Trg_Inj 0.0000e+00 (0.0000e+00)	Loss Disc 0.0000e+00 (0.0000e+00)	Loss Pred 5.5427e-01 (5.2060e-01)	Loss TOTAL 5.5427e-01 (5.2066e-01)
Epoch 6 complete. Saving model state...
Epoch: [7][ 10/496]	L_Src_Sup 0.0000e+00 (0.0000e+00)	L_Trg_Inj 0.0000e+00 (0.0000e+00)	Loss Disc 0.0000e+00 (0.0000e+00)	Loss Pred 5.6666e-01 (5.2768e-01)	Loss TOTAL 5.6666e-01 (5.2768e-01)
Epoch: [7][ 20/496]	L_Src_Sup 0.0000e+00 (0.0000e+00)	L_Trg_Inj 0.0000e+00 (0.0000e+00)	Loss Disc 0.0000e+00 (0.0000e+00)	Loss Pred 4.9665e-01 (5.2792e-01)	Loss TOTAL 4.9665e-01 (5.2792e-01)
Epoch: [7][ 30/496]	L_Src_Sup 0.0000e+00 (0.0000e+00)	L_Trg_Inj 0.0000e+00 (0.0000e+00)	Loss Disc 0.0000e+00 (0.0000e+00)	Loss Pred 5.2208e-01 (5.2406e-01)	Loss TOTAL 5.2208e-01 (5.2406e-01)
Epoch: [7][ 40/496]	L_Src_Sup 0.0000e+00 (0.0000e+00)	L_Trg_Inj 0.0000e+00 (0.0000e+00)	Loss Disc 0.0000e+00 (0.0000e+00)	Loss Pred 5.7260e-01 (5.2590e-01)	Loss TOTAL 5.7260e-01 (5.2590e-01)
Epoch: [7][ 50/496]	L_Src_Sup 0.0000e+00 (0.0000e+00)	L_Trg_Inj 0.0000e+00 (0.0000e+00)	Loss Disc 0.0000e+00 (0.0000e+00)	Loss Pred 5.9113e-01 (5.2999e-01)	Loss TOTAL 5.9113e-01 (5.2999e-01)
Epoch: [7][ 60/496]	L_Src_Sup 0.0000e+00 (0.0000e+00)	L_Trg_Inj 0.0000e+00 (0.0000e+00)	Loss Disc 0.0000e+00 (0.0000e+00)	Loss Pred 5.0301e-01 (5.2707e-01)	Loss TOTAL 5.0301e-01 (5.2707e-01)
Epoch: [7][ 70/496]	L_Src_Sup 0.0000e+00 (0.0000e+00)	L_Trg_Inj 0.0000e+00 (0.0000e+00)	Loss Disc 0.0000e+00 (0.0000e+00)	Loss Pred 5.4072e-01 (5.2491e-01)	Loss TOTAL 5.4072e-01 (5.2491e-01)
Epoch: [7][ 80/496]	L_Src_Sup 0.0000e+00 (0.0000e+00)	L_Trg_Inj 0.0000e+00 (0.0000e+00)	Loss Disc 0.0000e+00 (0.0000e+00)	Loss Pred 4.7768e-01 (5.2321e-01)	Loss TOTAL 4.7768e-01 (5.2321e-01)
Epoch: [7][ 90/496]	L_Src_Sup 0.0000e+00 (0.0000e+00)	L_Trg_Inj 0.0000e+00 (0.0000e+00)	Loss Disc 0.0000e+00 (0.0000e+00)	Loss Pred 5.6644e-01 (5.2314e-01)	Loss TOTAL 5.6644e-01 (5.2314e-01)
Epoch: [7][100/496]	L_Src_Sup 0.0000e+00 (0.0000e+00)	L_Trg_Inj 0.0000e+00 (0.0000e+00)	Loss Disc 0.0000e+00 (0.0000e+00)	Loss Pred 5.0273e-01 (5.2358e-01)	Loss TOTAL 5.0273e-01 (5.2358e-01)
Epoch: [7][110/496]	L_Src_Sup 0.0000e+00 (0.0000e+00)	L_Trg_Inj 0.0000e+00 (0.0000e+00)	Loss Disc 0.0000e+00 (0.0000e+00)	Loss Pred 4.9667e-01 (5.2292e-01)	Loss TOTAL 4.9667e-01 (5.2292e-01)
Epoch: [7][120/496]	L_Src_Sup 0.0000e+00 (0.0000e+00)	L_Trg_Inj 0.0000e+00 (0.0000e+00)	Loss Disc 0.0000e+00 (0.0000e+00)	Loss Pred 5.5362e-01 (5.2274e-01)	Loss TOTAL 5.5362e-01 (5.2274e-01)
Epoch: [7][130/496]	L_Src_Sup 0.0000e+00 (0.0000e+00)	L_Trg_Inj 0.0000e+00 (0.0000e+00)	Loss Disc 0.0000e+00 (0.0000e+00)	Loss Pred 5.6628e-01 (5.2191e-01)	Loss TOTAL 5.6628e-01 (5.2191e-01)
Epoch: [7][140/496]	L_Src_Sup 0.0000e+00 (0.0000e+00)	L_Trg_Inj 0.0000e+00 (0.0000e+00)	Loss Disc 0.0000e+00 (0.0000e+00)	Loss Pred 5.5352e-01 (5.2146e-01)	Loss TOTAL 5.5352e-01 (5.2146e-01)
Epoch: [7][150/496]	L_Src_Sup 0.0000e+00 (0.0000e+00)	L_Trg_Inj 0.0000e+00 (0.0000e+00)	Loss Disc 0.0000e+00 (0.0000e+00)	Loss Pred 5.0291e-01 (5.2162e-01)	Loss TOTAL 5.0291e-01 (5.2162e-01)
Epoch: [7][160/496]	L_Src_Sup 0.0000e+00 (0.0000e+00)	L_Trg_Inj 0.0000e+00 (0.0000e+00)	Loss Disc 0.0000e+00 (0.0000e+00)	Loss Pred 5.3462e-01 (5.2125e-01)	Loss TOTAL 5.3462e-01 (5.2125e-01)
Epoch: [7][170/496]	L_Src_Sup 0.0000e+00 (0.0000e+00)	L_Trg_Inj 0.0000e+00 (0.0000e+00)	Loss Disc 0.0000e+00 (0.0000e+00)	Loss Pred 5.0930e-01 (5.2081e-01)	Loss TOTAL 5.0930e-01 (5.2081e-01)
Epoch: [7][180/496]	L_Src_Sup 0.0000e+00 (0.0000e+00)	L_Trg_Inj 0.0000e+00 (0.0000e+00)	Loss Disc 0.0000e+00 (0.0000e+00)	Loss Pred 5.0294e-01 (5.2049e-01)	Loss TOTAL 5.0294e-01 (5.2049e-01)
Epoch: [7][190/496]	L_Src_Sup 0.0000e+00 (0.0000e+00)	L_Trg_Inj 0.0000e+00 (0.0000e+00)	Loss Disc 0.0000e+00 (0.0000e+00)	Loss Pred 5.4081e-01 (5.2073e-01)	Loss TOTAL 5.4081e-01 (5.2073e-01)
Epoch: [7][200/496]	L_Src_Sup 0.0000e+00 (0.0000e+00)	L_Trg_Inj 0.0000e+00 (0.0000e+00)	Loss Disc 0.0000e+00 (0.0000e+00)	Loss Pred 5.5329e-01 (5.2085e-01)	Loss TOTAL 5.5329e-01 (5.2085e-01)
Epoch: [7][210/496]	L_Src_Sup 0.0000e+00 (0.0000e+00)	L_Trg_Inj 0.0000e+00 (0.0000e+00)	Loss Disc 0.0000e+00 (0.0000e+00)	Loss Pred 5.5326e-01 (5.2108e-01)	Loss TOTAL 5.5326e-01 (5.2108e-01)
Epoch: [7][220/496]	L_Src_Sup 0.0000e+00 (0.0000e+00)	L_Trg_Inj 0.0000e+00 (0.0000e+00)	Loss Disc 0.0000e+00 (0.0000e+00)	Loss Pred 5.0937e-01 (5.2081e-01)	Loss TOTAL 5.0937e-01 (5.2081e-01)
Epoch: [7][230/496]	L_Src_Sup 0.0000e+00 (0.0000e+00)	L_Trg_Inj 0.0000e+00 (0.0000e+00)	Loss Disc 0.0000e+00 (0.0000e+00)	Loss Pred 4.9692e-01 (5.2083e-01)	Loss TOTAL 4.9692e-01 (5.2083e-01)
Epoch: [7][240/496]	L_Src_Sup 0.0000e+00 (0.0000e+00)	L_Trg_Inj 0.0000e+00 (0.0000e+00)	Loss Disc 0.0000e+00 (0.0000e+00)	Loss Pred 4.8401e-01 (5.2056e-01)	Loss TOTAL 4.8401e-01 (5.2056e-01)
Epoch: [7][250/496]	L_Src_Sup 0.0000e+00 (0.0000e+00)	L_Trg_Inj 0.0000e+00 (0.0000e+00)	Loss Disc 0.0000e+00 (0.0000e+00)	Loss Pred 4.9702e-01 (5.2016e-01)	Loss TOTAL 4.9702e-01 (5.2016e-01)
Epoch: [7][260/496]	L_Src_Sup 0.0000e+00 (0.0000e+00)	L_Trg_Inj 0.0000e+00 (0.0000e+00)	Loss Disc 0.0000e+00 (0.0000e+00)	Loss Pred 4.9670e-01 (5.1953e-01)	Loss TOTAL 4.9670e-01 (5.1953e-01)
Epoch: [7][270/496]	L_Src_Sup 0.0000e+00 (0.0000e+00)	L_Trg_Inj 0.0000e+00 (0.0000e+00)	Loss Disc 0.0000e+00 (0.0000e+00)	Loss Pred 5.3449e-01 (5.1939e-01)	Loss TOTAL 5.3449e-01 (5.1939e-01)
Epoch: [7][280/496]	L_Src_Sup 0.0000e+00 (0.0000e+00)	L_Trg_Inj 0.0000e+00 (0.0000e+00)	Loss Disc 0.0000e+00 (0.0000e+00)	Loss Pred 4.9036e-01 (5.1934e-01)	Loss TOTAL 4.9036e-01 (5.1934e-01)
Epoch: [7][290/496]	L_Src_Sup 0.0000e+00 (0.0000e+00)	L_Trg_Inj 0.0000e+00 (0.0000e+00)	Loss Disc 0.0000e+00 (0.0000e+00)	Loss Pred 5.5331e-01 (5.1978e-01)	Loss TOTAL 5.5331e-01 (5.1978e-01)
Epoch: [7][300/496]	L_Src_Sup 0.0000e+00 (0.0000e+00)	L_Trg_Inj 0.0000e+00 (0.0000e+00)	Loss Disc 0.0000e+00 (0.0000e+00)	Loss Pred 5.1536e-01 (5.2006e-01)	Loss TOTAL 5.1536e-01 (5.2006e-01)
Epoch: [7][310/496]	L_Src_Sup 0.0000e+00 (0.0000e+00)	L_Trg_Inj 0.0000e+00 (0.0000e+00)	Loss Disc 0.0000e+00 (0.0000e+00)	Loss Pred 5.1563e-01 (5.2005e-01)	Loss TOTAL 5.1563e-01 (5.2005e-01)
Epoch: [7][320/496]	L_Src_Sup 0.0000e+00 (0.0000e+00)	L_Trg_Inj 0.0000e+00 (0.0000e+00)	Loss Disc 0.0000e+00 (0.0000e+00)	Loss Pred 4.9042e-01 (5.1996e-01)	Loss TOTAL 4.9042e-01 (5.1996e-01)
Epoch: [7][330/496]	L_Src_Sup 0.0000e+00 (0.0000e+00)	L_Trg_Inj 0.0000e+00 (0.0000e+00)	Loss Disc 0.0000e+00 (0.0000e+00)	Loss Pred 5.1554e-01 (5.2007e-01)	Loss TOTAL 5.1554e-01 (5.2007e-01)
Epoch: [7][340/496]	L_Src_Sup 0.0000e+00 (0.0000e+00)	L_Trg_Inj 0.0000e+00 (0.0000e+00)	Loss Disc 0.0000e+00 (0.0000e+00)	Loss Pred 5.3464e-01 (5.2017e-01)	Loss TOTAL 5.3464e-01 (5.2017e-01)
Epoch: [7][350/496]	L_Src_Sup 0.0000e+00 (8.7394e-07)	L_Trg_Inj 0.0000e+00 (0.0000e+00)	Loss Disc 0.0000e+00 (0.0000e+00)	Loss Pred 5.5328e-01 (5.2030e-01)	Loss TOTAL 5.5328e-01 (5.2030e-01)
Epoch: [7][360/496]	L_Src_Sup 0.0000e+00 (8.4966e-07)	L_Trg_Inj 0.0000e+00 (0.0000e+00)	Loss Disc 0.0000e+00 (0.0000e+00)	Loss Pred 5.5343e-01 (5.2021e-01)	Loss TOTAL 5.5343e-01 (5.2021e-01)
Epoch: [7][370/496]	L_Src_Sup 0.0000e+00 (8.2670e-07)	L_Trg_Inj 0.0000e+00 (0.0000e+00)	Loss Disc 0.0000e+00 (0.0000e+00)	Loss Pred 5.2179e-01 (5.2044e-01)	Loss TOTAL 5.2179e-01 (5.2044e-01)
Epoch: [7][380/496]	L_Src_Sup 0.0000e+00 (8.0494e-07)	L_Trg_Inj 0.0000e+00 (0.0000e+00)	Loss Disc 0.0000e+00 (0.0000e+00)	Loss Pred 4.9679e-01 (5.2031e-01)	Loss TOTAL 4.9679e-01 (5.2031e-01)
Epoch: [7][390/496]	L_Src_Sup 0.0000e+00 (7.8430e-07)	L_Trg_Inj 0.0000e+00 (0.0000e+00)	Loss Disc 0.0000e+00 (0.0000e+00)	Loss Pred 5.3441e-01 (5.2059e-01)	Loss TOTAL 5.3441e-01 (5.2059e-01)
Epoch: [7][400/496]	L_Src_Sup 0.0000e+00 (7.6470e-07)	L_Trg_Inj 0.0000e+00 (0.0000e+00)	Loss Disc 0.0000e+00 (0.0000e+00)	Loss Pred 5.6620e-01 (5.2066e-01)	Loss TOTAL 5.6620e-01 (5.2066e-01)
Epoch: [7][410/496]	L_Src_Sup 0.0000e+00 (7.4605e-07)	L_Trg_Inj 0.0000e+00 (0.0000e+00)	Loss Disc 0.0000e+00 (0.0000e+00)	Loss Pred 5.5375e-01 (5.2069e-01)	Loss TOTAL 5.5375e-01 (5.2069e-01)
Epoch: [7][420/496]	L_Src_Sup 0.0000e+00 (7.2828e-07)	L_Trg_Inj 0.0000e+00 (0.0000e+00)	Loss Disc 0.0000e+00 (0.0000e+00)	Loss Pred 5.4084e-01 (5.2096e-01)	Loss TOTAL 5.4084e-01 (5.2096e-01)
Epoch: [7][430/496]	L_Src_Sup 0.0000e+00 (7.1135e-07)	L_Trg_Inj 0.0000e+00 (0.0000e+00)	Loss Disc 0.0000e+00 (0.0000e+00)	Loss Pred 5.2803e-01 (5.2111e-01)	Loss TOTAL 5.2803e-01 (5.2111e-01)
Epoch: [7][440/496]	L_Src_Sup 0.0000e+00 (6.9518e-07)	L_Trg_Inj 0.0000e+00 (0.0000e+00)	Loss Disc 0.0000e+00 (0.0000e+00)	Loss Pred 5.1560e-01 (5.2110e-01)	Loss TOTAL 5.1560e-01 (5.2110e-01)
Epoch: [7][450/496]	L_Src_Sup 0.0000e+00 (6.7973e-07)	L_Trg_Inj 0.0000e+00 (0.0000e+00)	Loss Disc 0.0000e+00 (0.0000e+00)	Loss Pred 5.2807e-01 (5.2125e-01)	Loss TOTAL 5.2807e-01 (5.2125e-01)
Epoch: [7][460/496]	L_Src_Sup 0.0000e+00 (6.6495e-07)	L_Trg_Inj 0.0000e+00 (0.0000e+00)	Loss Disc 0.0000e+00 (0.0000e+00)	Loss Pred 5.4101e-01 (5.2125e-01)	Loss TOTAL 5.4101e-01 (5.2125e-01)
Epoch: [7][470/496]	L_Src_Sup 0.0000e+00 (6.5081e-07)	L_Trg_Inj 0.0000e+00 (0.0000e+00)	Loss Disc 0.0000e+00 (0.0000e+00)	Loss Pred 5.2195e-01 (5.2098e-01)	Loss TOTAL 5.2195e-01 (5.2098e-01)
Epoch: [7][480/496]	L_Src_Sup 0.0000e+00 (6.3725e-07)	L_Trg_Inj 0.0000e+00 (0.0000e+00)	Loss Disc 0.0000e+00 (0.0000e+00)	Loss Pred 4.5862e-01 (5.2083e-01)	Loss TOTAL 4.5862e-01 (5.2083e-01)
Epoch: [7][490/496]	L_Src_Sup 0.0000e+00 (6.2424e-07)	L_Trg_Inj 0.0000e+00 (0.0000e+00)	Loss Disc 0.0000e+00 (0.0000e+00)	Loss Pred 5.2200e-01 (5.2065e-01)	Loss TOTAL 5.2200e-01 (5.2065e-01)
Epoch: [7][496/496]	L_Src_Sup 0.0000e+00 (6.1669e-07)	L_Trg_Inj 0.0000e+00 (0.0000e+00)	Loss Disc 0.0000e+00 (0.0000e+00)	Loss Pred 5.2198e-01 (5.2046e-01)	Loss TOTAL 5.2198e-01 (5.2046e-01)
Epoch 7 complete. Saving model state...
Epoch: [8][ 10/496]	L_Src_Sup 0.0000e+00 (0.0000e+00)	L_Trg_Inj 0.0000e+00 (0.0000e+00)	Loss Disc 0.0000e+00 (0.0000e+00)	Loss Pred 5.0286e-01 (5.2566e-01)	Loss TOTAL 5.0286e-01 (5.2566e-01)
Epoch: [8][ 20/496]	L_Src_Sup 0.0000e+00 (8.8449e-04)	L_Trg_Inj 0.0000e+00 (0.0000e+00)	Loss Disc 0.0000e+00 (0.0000e+00)	Loss Pred 5.2180e-01 (5.2446e-01)	Loss TOTAL 5.2180e-01 (5.2490e-01)
Epoch: [8][ 30/496]	L_Src_Sup 0.0000e+00 (5.8966e-04)	L_Trg_Inj 0.0000e+00 (0.0000e+00)	Loss Disc 0.0000e+00 (0.0000e+00)	Loss Pred 5.5959e-01 (5.2195e-01)	Loss TOTAL 5.5959e-01 (5.2225e-01)
Epoch: [8][ 40/496]	L_Src_Sup 0.0000e+00 (4.4224e-04)	L_Trg_Inj 0.0000e+00 (0.0000e+00)	Loss Disc 0.0000e+00 (0.0000e+00)	Loss Pred 5.5410e-01 (5.2132e-01)	Loss TOTAL 5.5410e-01 (5.2154e-01)
Epoch: [8][ 50/496]	L_Src_Sup 0.0000e+00 (3.5379e-04)	L_Trg_Inj 0.0000e+00 (0.0000e+00)	Loss Disc 0.0000e+00 (0.0000e+00)	Loss Pred 4.7129e-01 (5.2256e-01)	Loss TOTAL 4.7129e-01 (5.2273e-01)
Epoch: [8][ 60/496]	L_Src_Sup 0.0000e+00 (2.9483e-04)	L_Trg_Inj 0.0000e+00 (0.0000e+00)	Loss Disc 0.0000e+00 (0.0000e+00)	Loss Pred 5.4710e-01 (5.2141e-01)	Loss TOTAL 5.4710e-01 (5.2156e-01)
Epoch: [8][ 70/496]	L_Src_Sup 0.0000e+00 (2.5271e-04)	L_Trg_Inj 0.0000e+00 (0.0000e+00)	Loss Disc 0.0000e+00 (0.0000e+00)	Loss Pred 5.1543e-01 (5.2139e-01)	Loss TOTAL 5.1543e-01 (5.2152e-01)
Epoch: [8][ 80/496]	L_Src_Sup 0.0000e+00 (2.2112e-04)	L_Trg_Inj 0.0000e+00 (0.0000e+00)	Loss Disc 0.0000e+00 (0.0000e+00)	Loss Pred 5.1548e-01 (5.2051e-01)	Loss TOTAL 5.1548e-01 (5.2062e-01)
Epoch: [8][ 90/496]	L_Src_Sup 0.0000e+00 (1.9655e-04)	L_Trg_Inj 0.0000e+00 (0.0000e+00)	Loss Disc 0.0000e+00 (0.0000e+00)	Loss Pred 5.1558e-01 (5.2075e-01)	Loss TOTAL 5.1558e-01 (5.2084e-01)
Epoch: [8][100/496]	L_Src_Sup 0.0000e+00 (1.7690e-04)	L_Trg_Inj 0.0000e+00 (0.0000e+00)	Loss Disc 0.0000e+00 (0.0000e+00)	Loss Pred 4.9681e-01 (5.2055e-01)	Loss TOTAL 4.9681e-01 (5.2064e-01)
Epoch: [8][110/496]	L_Src_Sup 0.0000e+00 (1.6082e-04)	L_Trg_Inj 0.0000e+00 (0.0000e+00)	Loss Disc 0.0000e+00 (0.0000e+00)	Loss Pred 5.4093e-01 (5.2068e-01)	Loss TOTAL 5.4093e-01 (5.2076e-01)
Epoch: [8][120/496]	L_Src_Sup 0.0000e+00 (1.4741e-04)	L_Trg_Inj 0.0000e+00 (0.0000e+00)	Loss Disc 0.0000e+00 (0.0000e+00)	Loss Pred 5.0919e-01 (5.2114e-01)	Loss TOTAL 5.0919e-01 (5.2122e-01)
Epoch: [8][130/496]	L_Src_Sup 0.0000e+00 (1.3607e-04)	L_Trg_Inj 0.0000e+00 (0.0000e+00)	Loss Disc 0.0000e+00 (0.0000e+00)	Loss Pred 5.1556e-01 (5.2121e-01)	Loss TOTAL 5.1556e-01 (5.2127e-01)
Epoch: [8][140/496]	L_Src_Sup 0.0000e+00 (1.2636e-04)	L_Trg_Inj 0.0000e+00 (0.0000e+00)	Loss Disc 0.0000e+00 (0.0000e+00)	Loss Pred 4.9046e-01 (5.2125e-01)	Loss TOTAL 4.9046e-01 (5.2132e-01)
Epoch: [8][150/496]	L_Src_Sup 0.0000e+00 (1.1793e-04)	L_Trg_Inj 0.0000e+00 (0.0000e+00)	Loss Disc 0.0000e+00 (0.0000e+00)	Loss Pred 5.1568e-01 (5.2096e-01)	Loss TOTAL 5.1568e-01 (5.2102e-01)
Epoch: [8][160/496]	L_Src_Sup 0.0000e+00 (1.1056e-04)	L_Trg_Inj 0.0000e+00 (0.0000e+00)	Loss Disc 0.0000e+00 (0.0000e+00)	Loss Pred 5.1571e-01 (5.2071e-01)	Loss TOTAL 5.1571e-01 (5.2077e-01)
Epoch: [8][170/496]	L_Src_Sup 0.0000e+00 (1.0406e-04)	L_Trg_Inj 0.0000e+00 (0.0000e+00)	Loss Disc 0.0000e+00 (0.0000e+00)	Loss Pred 5.0943e-01 (5.2115e-01)	Loss TOTAL 5.0943e-01 (5.2120e-01)
Epoch: [8][180/496]	L_Src_Sup 0.0000e+00 (9.8276e-05)	L_Trg_Inj 0.0000e+00 (0.0000e+00)	Loss Disc 0.0000e+00 (0.0000e+00)	Loss Pred 4.7754e-01 (5.2182e-01)	Loss TOTAL 4.7754e-01 (5.2187e-01)
Epoch: [8][190/496]	L_Src_Sup 0.0000e+00 (9.3104e-05)	L_Trg_Inj 0.0000e+00 (0.0000e+00)	Loss Disc 0.0000e+00 (0.0000e+00)	Loss Pred 5.3456e-01 (5.2137e-01)	Loss TOTAL 5.3456e-01 (5.2141e-01)
Epoch: [8][200/496]	L_Src_Sup 0.0000e+00 (1.3475e-04)	L_Trg_Inj 0.0000e+00 (0.0000e+00)	Loss Disc 0.0000e+00 (0.0000e+00)	Loss Pred 4.9048e-01 (5.2147e-01)	Loss TOTAL 4.9048e-01 (5.2154e-01)
Epoch: [8][210/496]	L_Src_Sup 0.0000e+00 (1.2833e-04)	L_Trg_Inj 0.0000e+00 (0.0000e+00)	Loss Disc 0.0000e+00 (0.0000e+00)	Loss Pred 5.4733e-01 (5.2185e-01)	Loss TOTAL 5.4733e-01 (5.2192e-01)
Epoch: [8][220/496]	L_Src_Sup 0.0000e+00 (1.2250e-04)	L_Trg_Inj 0.0000e+00 (0.0000e+00)	Loss Disc 0.0000e+00 (0.0000e+00)	Loss Pred 5.2181e-01 (5.2200e-01)	Loss TOTAL 5.2181e-01 (5.2206e-01)
Epoch: [8][230/496]	L_Src_Sup 0.0000e+00 (1.1717e-04)	L_Trg_Inj 0.0000e+00 (0.0000e+00)	Loss Disc 0.0000e+00 (0.0000e+00)	Loss Pred 5.1561e-01 (5.2153e-01)	Loss TOTAL 5.1561e-01 (5.2159e-01)
Epoch: [8][240/496]	L_Src_Sup 0.0000e+00 (1.1229e-04)	L_Trg_Inj 0.0000e+00 (0.0000e+00)	Loss Disc 0.0000e+00 (0.0000e+00)	Loss Pred 5.2182e-01 (5.2153e-01)	Loss TOTAL 5.2182e-01 (5.2158e-01)
Epoch: [8][250/496]	L_Src_Sup 0.0000e+00 (1.0780e-04)	L_Trg_Inj 0.0000e+00 (0.0000e+00)	Loss Disc 0.0000e+00 (0.0000e+00)	Loss Pred 5.0299e-01 (5.2089e-01)	Loss TOTAL 5.0299e-01 (5.2094e-01)
Epoch: [8][260/496]	L_Src_Sup 0.0000e+00 (1.0365e-04)	L_Trg_Inj 0.0000e+00 (0.0000e+00)	Loss Disc 0.0000e+00 (0.0000e+00)	Loss Pred 5.3433e-01 (5.2131e-01)	Loss TOTAL 5.3433e-01 (5.2137e-01)
Epoch: [8][270/496]	L_Src_Sup 0.0000e+00 (9.9815e-05)	L_Trg_Inj 0.0000e+00 (0.0000e+00)	Loss Disc 0.0000e+00 (0.0000e+00)	Loss Pred 4.7744e-01 (5.2062e-01)	Loss TOTAL 4.7744e-01 (5.2067e-01)
Epoch: [8][280/496]	L_Src_Sup 0.0000e+00 (9.6250e-05)	L_Trg_Inj 0.0000e+00 (0.0000e+00)	Loss Disc 0.0000e+00 (0.0000e+00)	Loss Pred 4.7117e-01 (5.2041e-01)	Loss TOTAL 4.7117e-01 (5.2046e-01)
Epoch: [8][290/496]	L_Src_Sup 0.0000e+00 (9.2931e-05)	L_Trg_Inj 0.0000e+00 (0.0000e+00)	Loss Disc 0.0000e+00 (0.0000e+00)	Loss Pred 5.2221e-01 (5.2001e-01)	Loss TOTAL 5.2221e-01 (5.2006e-01)
Epoch: [8][300/496]	L_Src_Sup 0.0000e+00 (8.9833e-05)	L_Trg_Inj 0.0000e+00 (0.0000e+00)	Loss Disc 0.0000e+00 (0.0000e+00)	Loss Pred 4.8445e-01 (5.2028e-01)	Loss TOTAL 4.8445e-01 (5.2033e-01)
Epoch: [8][310/496]	L_Src_Sup 0.0000e+00 (8.6935e-05)	L_Trg_Inj 0.0000e+00 (0.0000e+00)	Loss Disc 0.0000e+00 (0.0000e+00)	Loss Pred 5.0994e-01 (5.2032e-01)	Loss TOTAL 5.0994e-01 (5.2036e-01)
Epoch: [8][320/496]	L_Src_Sup 0.0000e+00 (8.4219e-05)	L_Trg_Inj 0.0000e+00 (0.0000e+00)	Loss Disc 0.0000e+00 (0.0000e+00)	Loss Pred 4.7764e-01 (5.2031e-01)	Loss TOTAL 4.7764e-01 (5.2035e-01)
Epoch: [8][330/496]	L_Src_Sup 0.0000e+00 (8.1666e-05)	L_Trg_Inj 0.0000e+00 (0.0000e+00)	Loss Disc 0.0000e+00 (0.0000e+00)	Loss Pred 5.2179e-01 (5.2019e-01)	Loss TOTAL 5.2179e-01 (5.2023e-01)
Epoch: [8][340/496]	L_Src_Sup 0.0000e+00 (7.9265e-05)	L_Trg_Inj 0.0000e+00 (0.0000e+00)	Loss Disc 0.0000e+00 (0.0000e+00)	Loss Pred 5.5328e-01 (5.2039e-01)	Loss TOTAL 5.5328e-01 (5.2043e-01)
Epoch: [8][350/496]	L_Src_Sup 0.0000e+00 (7.7000e-05)	L_Trg_Inj 0.0000e+00 (0.0000e+00)	Loss Disc 0.0000e+00 (0.0000e+00)	Loss Pred 5.4713e-01 (5.2018e-01)	Loss TOTAL 5.4713e-01 (5.2022e-01)
Epoch: [8][360/496]	L_Src_Sup 0.0000e+00 (7.4861e-05)	L_Trg_Inj 0.0000e+00 (0.0000e+00)	Loss Disc 0.0000e+00 (0.0000e+00)	Loss Pred 5.4099e-01 (5.2014e-01)	Loss TOTAL 5.4099e-01 (5.2018e-01)
Epoch: [8][370/496]	L_Src_Sup 0.0000e+00 (7.2838e-05)	L_Trg_Inj 0.0000e+00 (0.0000e+00)	Loss Disc 0.0000e+00 (0.0000e+00)	Loss Pred 4.7158e-01 (5.1998e-01)	Loss TOTAL 4.7158e-01 (5.2002e-01)
Epoch: [8][380/496]	L_Src_Sup 0.0000e+00 (7.0921e-05)	L_Trg_Inj 0.0000e+00 (0.0000e+00)	Loss Disc 0.0000e+00 (0.0000e+00)	Loss Pred 5.4065e-01 (5.2032e-01)	Loss TOTAL 5.4065e-01 (5.2035e-01)
Epoch: [8][390/496]	L_Src_Sup 0.0000e+00 (6.9102e-05)	L_Trg_Inj 0.0000e+00 (0.0000e+00)	Loss Disc 0.0000e+00 (0.0000e+00)	Loss Pred 4.9653e-01 (5.2016e-01)	Loss TOTAL 4.9653e-01 (5.2020e-01)
Epoch: [8][400/496]	L_Src_Sup 0.0000e+00 (6.7375e-05)	L_Trg_Inj 0.0000e+00 (0.0000e+00)	Loss Disc 0.0000e+00 (0.0000e+00)	Loss Pred 5.5334e-01 (5.2012e-01)	Loss TOTAL 5.5334e-01 (5.2015e-01)
Epoch: [8][410/496]	L_Src_Sup 0.0000e+00 (6.5732e-05)	L_Trg_Inj 0.0000e+00 (0.0000e+00)	Loss Disc 0.0000e+00 (0.0000e+00)	Loss Pred 5.2183e-01 (5.2045e-01)	Loss TOTAL 5.2183e-01 (5.2048e-01)
Epoch: [8][420/496]	L_Src_Sup 0.0000e+00 (6.4167e-05)	L_Trg_Inj 0.0000e+00 (0.0000e+00)	Loss Disc 0.0000e+00 (0.0000e+00)	Loss Pred 5.1550e-01 (5.2072e-01)	Loss TOTAL 5.1550e-01 (5.2075e-01)
Epoch: [8][430/496]	L_Src_Sup 0.0000e+00 (6.2674e-05)	L_Trg_Inj 0.0000e+00 (0.0000e+00)	Loss Disc 0.0000e+00 (0.0000e+00)	Loss Pred 5.2828e-01 (5.2078e-01)	Loss TOTAL 5.2828e-01 (5.2081e-01)
Epoch: [8][440/496]	L_Src_Sup 0.0000e+00 (6.1250e-05)	L_Trg_Inj 0.0000e+00 (0.0000e+00)	Loss Disc 0.0000e+00 (0.0000e+00)	Loss Pred 4.8441e-01 (5.2056e-01)	Loss TOTAL 4.8441e-01 (5.2059e-01)
Epoch: [8][450/496]	L_Src_Sup 0.0000e+00 (5.9889e-05)	L_Trg_Inj 0.0000e+00 (0.0000e+00)	Loss Disc 0.0000e+00 (0.0000e+00)	Loss Pred 5.5956e-01 (5.2096e-01)	Loss TOTAL 5.5956e-01 (5.2099e-01)
Epoch: [8][460/496]	L_Src_Sup 0.0000e+00 (5.8587e-05)	L_Trg_Inj 0.0000e+00 (0.0000e+00)	Loss Disc 0.0000e+00 (0.0000e+00)	Loss Pred 4.9687e-01 (5.2069e-01)	Loss TOTAL 4.9687e-01 (5.2072e-01)
Epoch: [8][470/496]	L_Src_Sup 0.0000e+00 (5.7340e-05)	L_Trg_Inj 0.0000e+00 (0.0000e+00)	Loss Disc 0.0000e+00 (0.0000e+00)	Loss Pred 5.1576e-01 (5.2045e-01)	Loss TOTAL 5.1576e-01 (5.2048e-01)
Epoch: [8][480/496]	L_Src_Sup 0.0000e+00 (5.6146e-05)	L_Trg_Inj 0.0000e+00 (0.0000e+00)	Loss Disc 0.0000e+00 (0.0000e+00)	Loss Pred 5.3474e-01 (5.2056e-01)	Loss TOTAL 5.3474e-01 (5.2059e-01)
Epoch: [8][490/496]	L_Src_Sup 0.0000e+00 (5.5000e-05)	L_Trg_Inj 0.0000e+00 (0.0000e+00)	Loss Disc 0.0000e+00 (0.0000e+00)	Loss Pred 5.1558e-01 (5.2061e-01)	Loss TOTAL 5.1558e-01 (5.2064e-01)
Epoch: [8][496/496]	L_Src_Sup 0.0000e+00 (5.4335e-05)	L_Trg_Inj 0.0000e+00 (0.0000e+00)	Loss Disc 0.0000e+00 (0.0000e+00)	Loss Pred 4.8396e-01 (5.2051e-01)	Loss TOTAL 4.8396e-01 (5.2054e-01)
Epoch 8 complete. Saving model state...
Epoch: [9][ 10/496]	L_Src_Sup 0.0000e+00 (0.0000e+00)	L_Trg_Inj 0.0000e+00 (0.0000e+00)	Loss Disc 0.0000e+00 (0.0000e+00)	Loss Pred 5.0982e-01 (5.1378e-01)	Loss TOTAL 5.0982e-01 (5.1378e-01)
Epoch: [9][ 20/496]	L_Src_Sup 0.0000e+00 (0.0000e+00)	L_Trg_Inj 0.0000e+00 (0.0000e+00)	Loss Disc 0.0000e+00 (0.0000e+00)	Loss Pred 5.1548e-01 (5.2163e-01)	Loss TOTAL 5.1548e-01 (5.2163e-01)
Epoch: [9][ 30/496]	L_Src_Sup 0.0000e+00 (0.0000e+00)	L_Trg_Inj 0.0000e+00 (0.0000e+00)	Loss Disc 0.0000e+00 (0.0000e+00)	Loss Pred 5.1575e-01 (5.2275e-01)	Loss TOTAL 5.1575e-01 (5.2275e-01)
Epoch: [9][ 40/496]	L_Src_Sup 0.0000e+00 (0.0000e+00)	L_Trg_Inj 0.0000e+00 (0.0000e+00)	Loss Disc 0.0000e+00 (0.0000e+00)	Loss Pred 4.7145e-01 (5.1955e-01)	Loss TOTAL 4.7145e-01 (5.1955e-01)
Epoch: [9][ 50/496]	L_Src_Sup 0.0000e+00 (0.0000e+00)	L_Trg_Inj 0.0000e+00 (0.0000e+00)	Loss Disc 0.0000e+00 (0.0000e+00)	Loss Pred 5.0310e-01 (5.2040e-01)	Loss TOTAL 5.0310e-01 (5.2040e-01)
Epoch: [9][ 60/496]	L_Src_Sup 0.0000e+00 (0.0000e+00)	L_Trg_Inj 0.0000e+00 (0.0000e+00)	Loss Disc 0.0000e+00 (0.0000e+00)	Loss Pred 5.2826e-01 (5.1857e-01)	Loss TOTAL 5.2826e-01 (5.1857e-01)
Epoch: [9][ 70/496]	L_Src_Sup 0.0000e+00 (0.0000e+00)	L_Trg_Inj 0.0000e+00 (0.0000e+00)	Loss Disc 0.0000e+00 (0.0000e+00)	Loss Pred 5.3438e-01 (5.1975e-01)	Loss TOTAL 5.3438e-01 (5.1975e-01)
Epoch: [9][ 80/496]	L_Src_Sup 0.0000e+00 (0.0000e+00)	L_Trg_Inj 0.0000e+00 (0.0000e+00)	Loss Disc 0.0000e+00 (0.0000e+00)	Loss Pred 5.2242e-01 (5.2073e-01)	Loss TOTAL 5.2242e-01 (5.2073e-01)
Epoch: [9][ 90/496]	L_Src_Sup 0.0000e+00 (0.0000e+00)	L_Trg_Inj 0.0000e+00 (0.0000e+00)	Loss Disc 0.0000e+00 (0.0000e+00)	Loss Pred 5.1546e-01 (5.2184e-01)	Loss TOTAL 5.1546e-01 (5.2184e-01)
Epoch: [9][100/496]	L_Src_Sup 0.0000e+00 (0.0000e+00)	L_Trg_Inj 0.0000e+00 (0.0000e+00)	Loss Disc 0.0000e+00 (0.0000e+00)	Loss Pred 5.4707e-01 (5.2229e-01)	Loss TOTAL 5.4707e-01 (5.2229e-01)
Epoch: [9][110/496]	L_Src_Sup 0.0000e+00 (0.0000e+00)	L_Trg_Inj 0.0000e+00 (0.0000e+00)	Loss Disc 0.0000e+00 (0.0000e+00)	Loss Pred 4.9031e-01 (5.2122e-01)	Loss TOTAL 4.9031e-01 (5.2122e-01)
Epoch: [9][120/496]	L_Src_Sup 0.0000e+00 (0.0000e+00)	L_Trg_Inj 0.0000e+00 (0.0000e+00)	Loss Disc 0.0000e+00 (0.0000e+00)	Loss Pred 5.3488e-01 (5.2180e-01)	Loss TOTAL 5.3488e-01 (5.2180e-01)
Epoch: [9][130/496]	L_Src_Sup 0.0000e+00 (0.0000e+00)	L_Trg_Inj 0.0000e+00 (0.0000e+00)	Loss Disc 0.0000e+00 (0.0000e+00)	Loss Pred 5.0857e-01 (5.2200e-01)	Loss TOTAL 5.0857e-01 (5.2200e-01)
Epoch: [9][140/496]	L_Src_Sup 0.0000e+00 (0.0000e+00)	L_Trg_Inj 0.0000e+00 (0.0000e+00)	Loss Disc 0.0000e+00 (0.0000e+00)	Loss Pred 5.2815e-01 (5.2241e-01)	Loss TOTAL 5.2815e-01 (5.2241e-01)
Epoch: [9][150/496]	L_Src_Sup 0.0000e+00 (0.0000e+00)	L_Trg_Inj 0.0000e+00 (0.0000e+00)	Loss Disc 0.0000e+00 (0.0000e+00)	Loss Pred 4.8407e-01 (5.2200e-01)	Loss TOTAL 4.8407e-01 (5.2200e-01)
Epoch: [9][160/496]	L_Src_Sup 0.0000e+00 (0.0000e+00)	L_Trg_Inj 0.0000e+00 (0.0000e+00)	Loss Disc 0.0000e+00 (0.0000e+00)	Loss Pred 5.0290e-01 (5.2200e-01)	Loss TOTAL 5.0290e-01 (5.2200e-01)
Epoch: [9][170/496]	L_Src_Sup 0.0000e+00 (0.0000e+00)	L_Trg_Inj 0.0000e+00 (0.0000e+00)	Loss Disc 0.0000e+00 (0.0000e+00)	Loss Pred 5.3448e-01 (5.2177e-01)	Loss TOTAL 5.3448e-01 (5.2177e-01)
Epoch: [9][180/496]	L_Src_Sup 0.0000e+00 (0.0000e+00)	L_Trg_Inj 0.0000e+00 (0.0000e+00)	Loss Disc 0.0000e+00 (0.0000e+00)	Loss Pred 5.1554e-01 (5.2112e-01)	Loss TOTAL 5.1554e-01 (5.2112e-01)
Epoch: [9][190/496]	L_Src_Sup 0.0000e+00 (0.0000e+00)	L_Trg_Inj 0.0000e+00 (0.0000e+00)	Loss Disc 0.0000e+00 (0.0000e+00)	Loss Pred 4.9006e-01 (5.2132e-01)	Loss TOTAL 4.9006e-01 (5.2132e-01)
Epoch: [9][200/496]	L_Src_Sup 0.0000e+00 (0.0000e+00)	L_Trg_Inj 0.0000e+00 (0.0000e+00)	Loss Disc 0.0000e+00 (0.0000e+00)	Loss Pred 4.7133e-01 (5.2113e-01)	Loss TOTAL 4.7133e-01 (5.2113e-01)
Epoch: [9][210/496]	L_Src_Sup 0.0000e+00 (0.0000e+00)	L_Trg_Inj 0.0000e+00 (0.0000e+00)	Loss Disc 0.0000e+00 (0.0000e+00)	Loss Pred 5.2803e-01 (5.2135e-01)	Loss TOTAL 5.2803e-01 (5.2135e-01)
Epoch: [9][220/496]	L_Src_Sup 0.0000e+00 (0.0000e+00)	L_Trg_Inj 0.0000e+00 (0.0000e+00)	Loss Disc 0.0000e+00 (0.0000e+00)	Loss Pred 5.4720e-01 (5.2146e-01)	Loss TOTAL 5.4720e-01 (5.2146e-01)
Epoch: [9][230/496]	L_Src_Sup 0.0000e+00 (0.0000e+00)	L_Trg_Inj 0.0000e+00 (0.0000e+00)	Loss Disc 0.0000e+00 (0.0000e+00)	Loss Pred 5.6008e-01 (5.2154e-01)	Loss TOTAL 5.6008e-01 (5.2154e-01)
Epoch: [9][240/496]	L_Src_Sup 0.0000e+00 (0.0000e+00)	L_Trg_Inj 0.0000e+00 (0.0000e+00)	Loss Disc 0.0000e+00 (0.0000e+00)	Loss Pred 5.3434e-01 (5.2205e-01)	Loss TOTAL 5.3434e-01 (5.2205e-01)
Epoch: [9][250/496]	L_Src_Sup 0.0000e+00 (0.0000e+00)	L_Trg_Inj 0.0000e+00 (0.0000e+00)	Loss Disc 0.0000e+00 (0.0000e+00)	Loss Pred 5.2813e-01 (5.2164e-01)	Loss TOTAL 5.2813e-01 (5.2164e-01)
Epoch: [9][260/496]	L_Src_Sup 0.0000e+00 (0.0000e+00)	L_Trg_Inj 0.0000e+00 (0.0000e+00)	Loss Disc 0.0000e+00 (0.0000e+00)	Loss Pred 5.2177e-01 (5.2175e-01)	Loss TOTAL 5.2177e-01 (5.2175e-01)
Epoch: [9][270/496]	L_Src_Sup 0.0000e+00 (0.0000e+00)	L_Trg_Inj 0.0000e+00 (0.0000e+00)	Loss Disc 0.0000e+00 (0.0000e+00)	Loss Pred 5.2202e-01 (5.2168e-01)	Loss TOTAL 5.2202e-01 (5.2168e-01)
Epoch: [9][280/496]	L_Src_Sup 0.0000e+00 (0.0000e+00)	L_Trg_Inj 0.0000e+00 (0.0000e+00)	Loss Disc 0.0000e+00 (0.0000e+00)	Loss Pred 4.9644e-01 (5.2131e-01)	Loss TOTAL 4.9644e-01 (5.2131e-01)
Epoch: [9][290/496]	L_Src_Sup 0.0000e+00 (0.0000e+00)	L_Trg_Inj 0.0000e+00 (0.0000e+00)	Loss Disc 0.0000e+00 (0.0000e+00)	Loss Pred 5.4706e-01 (5.2103e-01)	Loss TOTAL 5.4706e-01 (5.2103e-01)
Epoch: [9][300/496]	L_Src_Sup 0.0000e+00 (0.0000e+00)	L_Trg_Inj 0.0000e+00 (0.0000e+00)	Loss Disc 0.0000e+00 (0.0000e+00)	Loss Pred 4.7777e-01 (5.2095e-01)	Loss TOTAL 4.7777e-01 (5.2095e-01)
Epoch: [9][310/496]	L_Src_Sup 0.0000e+00 (0.0000e+00)	L_Trg_Inj 0.0000e+00 (0.0000e+00)	Loss Disc 0.0000e+00 (0.0000e+00)	Loss Pred 5.2870e-01 (5.2111e-01)	Loss TOTAL 5.2870e-01 (5.2111e-01)
Epoch: [9][320/496]	L_Src_Sup 0.0000e+00 (0.0000e+00)	L_Trg_Inj 0.0000e+00 (0.0000e+00)	Loss Disc 0.0000e+00 (0.0000e+00)	Loss Pred 5.4737e-01 (5.2090e-01)	Loss TOTAL 5.4737e-01 (5.2090e-01)
Epoch: [9][330/496]	L_Src_Sup 0.0000e+00 (0.0000e+00)	L_Trg_Inj 0.0000e+00 (0.0000e+00)	Loss Disc 0.0000e+00 (0.0000e+00)	Loss Pred 4.8379e-01 (5.2035e-01)	Loss TOTAL 4.8379e-01 (5.2035e-01)
Epoch: [9][340/496]	L_Src_Sup 0.0000e+00 (0.0000e+00)	L_Trg_Inj 0.0000e+00 (0.0000e+00)	Loss Disc 0.0000e+00 (0.0000e+00)	Loss Pred 5.4708e-01 (5.2068e-01)	Loss TOTAL 5.4708e-01 (5.2068e-01)
Epoch: [9][350/496]	L_Src_Sup 0.0000e+00 (0.0000e+00)	L_Trg_Inj 0.0000e+00 (0.0000e+00)	Loss Disc 0.0000e+00 (0.0000e+00)	Loss Pred 5.0296e-01 (5.2048e-01)	Loss TOTAL 5.0296e-01 (5.2048e-01)
Epoch: [9][360/496]	L_Src_Sup 0.0000e+00 (0.0000e+00)	L_Trg_Inj 0.0000e+00 (0.0000e+00)	Loss Disc 0.0000e+00 (0.0000e+00)	Loss Pred 5.2824e-01 (5.2024e-01)	Loss TOTAL 5.2824e-01 (5.2024e-01)
Epoch: [9][370/496]	L_Src_Sup 0.0000e+00 (0.0000e+00)	L_Trg_Inj 0.0000e+00 (0.0000e+00)	Loss Disc 0.0000e+00 (0.0000e+00)	Loss Pred 5.0274e-01 (5.2028e-01)	Loss TOTAL 5.0274e-01 (5.2028e-01)
Epoch: [9][380/496]	L_Src_Sup 0.0000e+00 (0.0000e+00)	L_Trg_Inj 0.0000e+00 (0.0000e+00)	Loss Disc 0.0000e+00 (0.0000e+00)	Loss Pred 4.8402e-01 (5.2016e-01)	Loss TOTAL 4.8402e-01 (5.2016e-01)
Epoch: [9][390/496]	L_Src_Sup 0.0000e+00 (0.0000e+00)	L_Trg_Inj 0.0000e+00 (0.0000e+00)	Loss Disc 0.0000e+00 (0.0000e+00)	Loss Pred 5.1542e-01 (5.2020e-01)	Loss TOTAL 5.1542e-01 (5.2020e-01)
Epoch: [9][400/496]	L_Src_Sup 0.0000e+00 (0.0000e+00)	L_Trg_Inj 0.0000e+00 (0.0000e+00)	Loss Disc 0.0000e+00 (0.0000e+00)	Loss Pred 5.5987e-01 (5.2036e-01)	Loss TOTAL 5.5987e-01 (5.2036e-01)
Epoch: [9][410/496]	L_Src_Sup 0.0000e+00 (3.4330e-04)	L_Trg_Inj 0.0000e+00 (0.0000e+00)	Loss Disc 0.0000e+00 (0.0000e+00)	Loss Pred 5.5989e-01 (5.2061e-01)	Loss TOTAL 5.5989e-01 (5.2078e-01)
Epoch: [9][420/496]	L_Src_Sup 0.0000e+00 (3.3512e-04)	L_Trg_Inj 0.0000e+00 (0.0000e+00)	Loss Disc 0.0000e+00 (0.0000e+00)	Loss Pred 5.1538e-01 (5.2074e-01)	Loss TOTAL 5.1538e-01 (5.2091e-01)
Epoch: [9][430/496]	L_Src_Sup 0.0000e+00 (3.2733e-04)	L_Trg_Inj 0.0000e+00 (0.0000e+00)	Loss Disc 0.0000e+00 (0.0000e+00)	Loss Pred 5.1561e-01 (5.2078e-01)	Loss TOTAL 5.1561e-01 (5.2095e-01)
Epoch: [9][440/496]	L_Src_Sup 0.0000e+00 (3.1989e-04)	L_Trg_Inj 0.0000e+00 (0.0000e+00)	Loss Disc 0.0000e+00 (0.0000e+00)	Loss Pred 4.9668e-01 (5.2064e-01)	Loss TOTAL 4.9668e-01 (5.2080e-01)
Epoch: [9][450/496]	L_Src_Sup 0.0000e+00 (3.1278e-04)	L_Trg_Inj 0.0000e+00 (0.0000e+00)	Loss Disc 0.0000e+00 (0.0000e+00)	Loss Pred 5.2799e-01 (5.2061e-01)	Loss TOTAL 5.2799e-01 (5.2077e-01)
Epoch: [9][460/496]	L_Src_Sup 0.0000e+00 (3.0598e-04)	L_Trg_Inj 0.0000e+00 (0.0000e+00)	Loss Disc 0.0000e+00 (0.0000e+00)	Loss Pred 5.3448e-01 (5.2050e-01)	Loss TOTAL 5.3448e-01 (5.2066e-01)
Epoch: [9][470/496]	L_Src_Sup 0.0000e+00 (2.9947e-04)	L_Trg_Inj 0.0000e+00 (0.0000e+00)	Loss Disc 0.0000e+00 (0.0000e+00)	Loss Pred 4.9651e-01 (5.2035e-01)	Loss TOTAL 4.9651e-01 (5.2050e-01)
Epoch: [9][480/496]	L_Src_Sup 0.0000e+00 (2.9323e-04)	L_Trg_Inj 0.0000e+00 (0.0000e+00)	Loss Disc 0.0000e+00 (0.0000e+00)	Loss Pred 5.4079e-01 (5.2026e-01)	Loss TOTAL 5.4079e-01 (5.2041e-01)
Epoch: [9][490/496]	L_Src_Sup 0.0000e+00 (2.8725e-04)	L_Trg_Inj 0.0000e+00 (0.0000e+00)	Loss Disc 0.0000e+00 (0.0000e+00)	Loss Pred 5.4063e-01 (5.2050e-01)	Loss TOTAL 5.4063e-01 (5.2064e-01)
Epoch: [9][496/496]	L_Src_Sup 0.0000e+00 (2.8377e-04)	L_Trg_Inj 0.0000e+00 (0.0000e+00)	Loss Disc 0.0000e+00 (0.0000e+00)	Loss Pred 5.0945e-01 (5.2050e-01)	Loss TOTAL 5.0945e-01 (5.2064e-01)
Epoch 9 complete. Saving model state...
