Using device: cuda
=== Source-Only Training Mode (No Target Domain) ===
Loading Source Train...
Using Mean/Std from Source Train (mean[0]=21.754703609461878, std[0]=2.2355389743796428)
Epoch: [0][ 10/496]	L_Src_Sup 1.9865e+00 (1.9980e+00)	L_Trg_Inj 0.0000e+00 (0.0000e+00)	Loss Disc 0.0000e+00 (0.0000e+00)	Loss Pred 9.4923e-01 (8.9626e-01)	Loss TOTAL 1.9425e+00 (1.8953e+00)
Epoch: [0][ 20/496]	L_Src_Sup 7.1904e-02 (1.4457e+00)	L_Trg_Inj 0.0000e+00 (0.0000e+00)	Loss Disc 0.0000e+00 (0.0000e+00)	Loss Pred 9.2017e-01 (9.0459e-01)	Loss TOTAL 9.5612e-01 (1.6274e+00)
Epoch: [0][ 30/496]	L_Src_Sup 0.0000e+00 (9.9274e-01)	L_Trg_Inj 0.0000e+00 (0.0000e+00)	Loss Disc 0.0000e+00 (0.0000e+00)	Loss Pred 9.3660e-01 (9.0285e-01)	Loss TOTAL 9.3660e-01 (1.3992e+00)
Epoch: [0][ 40/496]	L_Src_Sup 1.7747e-02 (7.4845e-01)	L_Trg_Inj 0.0000e+00 (0.0000e+00)	Loss Disc 0.0000e+00 (0.0000e+00)	Loss Pred 8.2530e-01 (8.9832e-01)	Loss TOTAL 8.3417e-01 (1.2725e+00)
Epoch: [0][ 50/496]	L_Src_Sup 4.9811e-02 (6.1492e-01)	L_Trg_Inj 0.0000e+00 (0.0000e+00)	Loss Disc 0.0000e+00 (0.0000e+00)	Loss Pred 8.3196e-01 (8.8639e-01)	Loss TOTAL 8.5686e-01 (1.1938e+00)
Epoch: [0][ 60/496]	L_Src_Sup 1.7399e-02 (5.1554e-01)	L_Trg_Inj 0.0000e+00 (0.0000e+00)	Loss Disc 0.0000e+00 (0.0000e+00)	Loss Pred 8.6023e-01 (8.8171e-01)	Loss TOTAL 8.6893e-01 (1.1395e+00)
Epoch: [0][ 70/496]	L_Src_Sup 1.8600e-02 (4.4378e-01)	L_Trg_Inj 0.0000e+00 (0.0000e+00)	Loss Disc 0.0000e+00 (0.0000e+00)	Loss Pred 8.2925e-01 (8.7723e-01)	Loss TOTAL 8.3855e-01 (1.0991e+00)
Epoch: [0][ 80/496]	L_Src_Sup 0.0000e+00 (3.8991e-01)	L_Trg_Inj 0.0000e+00 (0.0000e+00)	Loss Disc 0.0000e+00 (0.0000e+00)	Loss Pred 8.5883e-01 (8.7194e-01)	Loss TOTAL 8.5883e-01 (1.0669e+00)
Epoch: [0][ 90/496]	L_Src_Sup 1.8439e-02 (3.4767e-01)	L_Trg_Inj 0.0000e+00 (0.0000e+00)	Loss Disc 0.0000e+00 (0.0000e+00)	Loss Pred 8.1527e-01 (8.6636e-01)	Loss TOTAL 8.2449e-01 (1.0402e+00)
Epoch: [0][100/496]	L_Src_Sup 0.0000e+00 (3.2248e-01)	L_Trg_Inj 0.0000e+00 (0.0000e+00)	Loss Disc 0.0000e+00 (0.0000e+00)	Loss Pred 8.5565e-01 (8.6348e-01)	Loss TOTAL 8.5565e-01 (1.0247e+00)
Epoch: [0][110/496]	L_Src_Sup 9.9294e-03 (2.9495e-01)	L_Trg_Inj 0.0000e+00 (0.0000e+00)	Loss Disc 0.0000e+00 (0.0000e+00)	Loss Pred 8.1566e-01 (8.5813e-01)	Loss TOTAL 8.2063e-01 (1.0056e+00)
Epoch: [0][120/496]	L_Src_Sup 0.0000e+00 (2.7173e-01)	L_Trg_Inj 0.0000e+00 (0.0000e+00)	Loss Disc 0.0000e+00 (0.0000e+00)	Loss Pred 7.4667e-01 (8.5269e-01)	Loss TOTAL 7.4667e-01 (9.8856e-01)
Epoch: [0][130/496]	L_Src_Sup 1.0718e-02 (2.5185e-01)	L_Trg_Inj 0.0000e+00 (0.0000e+00)	Loss Disc 0.0000e+00 (0.0000e+00)	Loss Pred 7.8207e-01 (8.4755e-01)	Loss TOTAL 7.8743e-01 (9.7348e-01)
Epoch: [0][140/496]	L_Src_Sup 3.4839e-02 (2.3502e-01)	L_Trg_Inj 0.0000e+00 (0.0000e+00)	Loss Disc 0.0000e+00 (0.0000e+00)	Loss Pred 7.3843e-01 (8.4374e-01)	Loss TOTAL 7.5585e-01 (9.6125e-01)
Epoch: [0][150/496]	L_Src_Sup 0.0000e+00 (2.2006e-01)	L_Trg_Inj 0.0000e+00 (0.0000e+00)	Loss Disc 0.0000e+00 (0.0000e+00)	Loss Pred 7.6945e-01 (8.3775e-01)	Loss TOTAL 7.6945e-01 (9.4777e-01)
Epoch: [0][160/496]	L_Src_Sup 1.8126e-02 (2.0693e-01)	L_Trg_Inj 0.0000e+00 (0.0000e+00)	Loss Disc 0.0000e+00 (0.0000e+00)	Loss Pred 7.3780e-01 (8.3310e-01)	Loss TOTAL 7.4686e-01 (9.3656e-01)
Epoch: [0][170/496]	L_Src_Sup 0.0000e+00 (1.9516e-01)	L_Trg_Inj 0.0000e+00 (0.0000e+00)	Loss Disc 0.0000e+00 (0.0000e+00)	Loss Pred 7.5621e-01 (8.2892e-01)	Loss TOTAL 7.5621e-01 (9.2651e-01)
Epoch: [0][180/496]	L_Src_Sup 7.6625e-02 (1.8508e-01)	L_Trg_Inj 0.0000e+00 (0.0000e+00)	Loss Disc 0.0000e+00 (0.0000e+00)	Loss Pred 7.6215e-01 (8.2448e-01)	Loss TOTAL 8.0047e-01 (9.1702e-01)
Epoch: [0][190/496]	L_Src_Sup 0.0000e+00 (1.7596e-01)	L_Trg_Inj 0.0000e+00 (0.0000e+00)	Loss Disc 0.0000e+00 (0.0000e+00)	Loss Pred 7.2493e-01 (8.2031e-01)	Loss TOTAL 7.2493e-01 (9.0829e-01)
Epoch: [0][200/496]	L_Src_Sup 0.0000e+00 (1.6783e-01)	L_Trg_Inj 0.0000e+00 (0.0000e+00)	Loss Disc 0.0000e+00 (0.0000e+00)	Loss Pred 7.1939e-01 (8.1674e-01)	Loss TOTAL 7.1939e-01 (9.0065e-01)
Epoch: [0][210/496]	L_Src_Sup 0.0000e+00 (1.6010e-01)	L_Trg_Inj 0.0000e+00 (0.0000e+00)	Loss Disc 0.0000e+00 (0.0000e+00)	Loss Pred 7.1874e-01 (8.1212e-01)	Loss TOTAL 7.1874e-01 (8.9217e-01)
Epoch: [0][220/496]	L_Src_Sup 0.0000e+00 (1.5300e-01)	L_Trg_Inj 0.0000e+00 (0.0000e+00)	Loss Disc 0.0000e+00 (0.0000e+00)	Loss Pred 7.0732e-01 (8.0862e-01)	Loss TOTAL 7.0732e-01 (8.8512e-01)
Epoch: [0][230/496]	L_Src_Sup 3.8214e-02 (1.4677e-01)	L_Trg_Inj 0.0000e+00 (0.0000e+00)	Loss Disc 0.0000e+00 (0.0000e+00)	Loss Pred 7.3733e-01 (8.0513e-01)	Loss TOTAL 7.5644e-01 (8.7851e-01)
Epoch: [0][240/496]	L_Src_Sup 0.0000e+00 (1.4094e-01)	L_Trg_Inj 0.0000e+00 (0.0000e+00)	Loss Disc 0.0000e+00 (0.0000e+00)	Loss Pred 7.0237e-01 (8.0092e-01)	Loss TOTAL 7.0237e-01 (8.7139e-01)
Epoch: [0][250/496]	L_Src_Sup 1.8861e-02 (1.3570e-01)	L_Trg_Inj 0.0000e+00 (0.0000e+00)	Loss Disc 0.0000e+00 (0.0000e+00)	Loss Pred 7.1905e-01 (7.9747e-01)	Loss TOTAL 7.2848e-01 (8.6532e-01)
Epoch: [0][260/496]	L_Src_Sup 1.8143e-02 (1.3062e-01)	L_Trg_Inj 0.0000e+00 (0.0000e+00)	Loss Disc 0.0000e+00 (0.0000e+00)	Loss Pred 6.8095e-01 (7.9369e-01)	Loss TOTAL 6.9002e-01 (8.5900e-01)
Epoch: [0][270/496]	L_Src_Sup 0.0000e+00 (1.2615e-01)	L_Trg_Inj 0.0000e+00 (0.0000e+00)	Loss Disc 0.0000e+00 (0.0000e+00)	Loss Pred 6.9720e-01 (7.9076e-01)	Loss TOTAL 6.9720e-01 (8.5384e-01)
Epoch: [0][280/496]	L_Src_Sup 0.0000e+00 (1.2181e-01)	L_Trg_Inj 0.0000e+00 (0.0000e+00)	Loss Disc 0.0000e+00 (0.0000e+00)	Loss Pred 7.1917e-01 (7.8723e-01)	Loss TOTAL 7.1917e-01 (8.4813e-01)
Epoch: [0][290/496]	L_Src_Sup 1.2909e-02 (1.1816e-01)	L_Trg_Inj 0.0000e+00 (0.0000e+00)	Loss Disc 0.0000e+00 (0.0000e+00)	Loss Pred 6.9293e-01 (7.8397e-01)	Loss TOTAL 6.9939e-01 (8.4305e-01)
Epoch: [0][300/496]	L_Src_Sup 3.8930e-03 (1.1448e-01)	L_Trg_Inj 0.0000e+00 (0.0000e+00)	Loss Disc 0.0000e+00 (0.0000e+00)	Loss Pred 6.9727e-01 (7.8073e-01)	Loss TOTAL 6.9922e-01 (8.3797e-01)
Epoch: [0][310/496]	L_Src_Sup 0.0000e+00 (1.1107e-01)	L_Trg_Inj 0.0000e+00 (0.0000e+00)	Loss Disc 0.0000e+00 (0.0000e+00)	Loss Pred 6.8818e-01 (7.7806e-01)	Loss TOTAL 6.8818e-01 (8.3359e-01)
Epoch: [0][320/496]	L_Src_Sup 0.0000e+00 (1.0783e-01)	L_Trg_Inj 0.0000e+00 (0.0000e+00)	Loss Disc 0.0000e+00 (0.0000e+00)	Loss Pred 6.6811e-01 (7.7490e-01)	Loss TOTAL 6.6811e-01 (8.2881e-01)
Epoch: [0][330/496]	L_Src_Sup 0.0000e+00 (1.0468e-01)	L_Trg_Inj 0.0000e+00 (0.0000e+00)	Loss Disc 0.0000e+00 (0.0000e+00)	Loss Pred 6.6433e-01 (7.7155e-01)	Loss TOTAL 6.6433e-01 (8.2389e-01)
Epoch: [0][340/496]	L_Src_Sup 1.8967e-02 (1.0174e-01)	L_Trg_Inj 0.0000e+00 (0.0000e+00)	Loss Disc 0.0000e+00 (0.0000e+00)	Loss Pred 6.7931e-01 (7.6851e-01)	Loss TOTAL 6.8879e-01 (8.1938e-01)
Epoch: [0][350/496]	L_Src_Sup 0.0000e+00 (9.8941e-02)	L_Trg_Inj 0.0000e+00 (0.0000e+00)	Loss Disc 0.0000e+00 (0.0000e+00)	Loss Pred 6.4478e-01 (7.6588e-01)	Loss TOTAL 6.4478e-01 (8.1535e-01)
Epoch: [0][360/496]	L_Src_Sup 1.2373e-02 (9.6473e-02)	L_Trg_Inj 0.0000e+00 (0.0000e+00)	Loss Disc 0.0000e+00 (0.0000e+00)	Loss Pred 6.7626e-01 (7.6278e-01)	Loss TOTAL 6.8245e-01 (8.1102e-01)
Epoch: [0][370/496]	L_Src_Sup 0.0000e+00 (9.3988e-02)	L_Trg_Inj 0.0000e+00 (0.0000e+00)	Loss Disc 0.0000e+00 (0.0000e+00)	Loss Pred 6.6573e-01 (7.5960e-01)	Loss TOTAL 6.6573e-01 (8.0660e-01)
Epoch: [0][380/496]	L_Src_Sup 0.0000e+00 (9.1607e-02)	L_Trg_Inj 0.0000e+00 (0.0000e+00)	Loss Disc 0.0000e+00 (0.0000e+00)	Loss Pred 6.1708e-01 (7.5677e-01)	Loss TOTAL 6.1708e-01 (8.0257e-01)
Epoch: [0][390/496]	L_Src_Sup 1.8830e-02 (8.9451e-02)	L_Trg_Inj 0.0000e+00 (0.0000e+00)	Loss Disc 0.0000e+00 (0.0000e+00)	Loss Pred 6.4231e-01 (7.5394e-01)	Loss TOTAL 6.5172e-01 (7.9867e-01)
Epoch: [0][400/496]	L_Src_Sup 5.1650e-02 (8.7505e-02)	L_Trg_Inj 0.0000e+00 (0.0000e+00)	Loss Disc 0.0000e+00 (0.0000e+00)	Loss Pred 5.8920e-01 (7.5101e-01)	Loss TOTAL 6.1503e-01 (7.9476e-01)
Epoch: [0][410/496]	L_Src_Sup 0.0000e+00 (8.5614e-02)	L_Trg_Inj 0.0000e+00 (0.0000e+00)	Loss Disc 0.0000e+00 (0.0000e+00)	Loss Pred 6.2509e-01 (7.4812e-01)	Loss TOTAL 6.2509e-01 (7.9093e-01)
Epoch: [0][420/496]	L_Src_Sup 0.0000e+00 (8.3828e-02)	L_Trg_Inj 0.0000e+00 (0.0000e+00)	Loss Disc 0.0000e+00 (0.0000e+00)	Loss Pred 6.1816e-01 (7.4523e-01)	Loss TOTAL 6.1816e-01 (7.8714e-01)
Epoch: [0][430/496]	L_Src_Sup 1.7658e-02 (8.2005e-02)	L_Trg_Inj 0.0000e+00 (0.0000e+00)	Loss Disc 0.0000e+00 (0.0000e+00)	Loss Pred 5.9582e-01 (7.4239e-01)	Loss TOTAL 6.0465e-01 (7.8340e-01)
Epoch: [0][440/496]	L_Src_Sup 0.0000e+00 (8.0200e-02)	L_Trg_Inj 0.0000e+00 (0.0000e+00)	Loss Disc 0.0000e+00 (0.0000e+00)	Loss Pred 6.5195e-01 (7.3985e-01)	Loss TOTAL 6.5195e-01 (7.7995e-01)
Epoch: [0][450/496]	L_Src_Sup 0.0000e+00 (7.8418e-02)	L_Trg_Inj 0.0000e+00 (0.0000e+00)	Loss Disc 0.0000e+00 (0.0000e+00)	Loss Pred 6.1748e-01 (7.3742e-01)	Loss TOTAL 6.1748e-01 (7.7663e-01)
Epoch: [0][460/496]	L_Src_Sup 1.7525e-02 (7.6870e-02)	L_Trg_Inj 0.0000e+00 (0.0000e+00)	Loss Disc 0.0000e+00 (0.0000e+00)	Loss Pred 6.2424e-01 (7.3485e-01)	Loss TOTAL 6.3301e-01 (7.7329e-01)
Epoch: [0][470/496]	L_Src_Sup 0.0000e+00 (7.5390e-02)	L_Trg_Inj 0.0000e+00 (0.0000e+00)	Loss Disc 0.0000e+00 (0.0000e+00)	Loss Pred 5.9404e-01 (7.3235e-01)	Loss TOTAL 5.9404e-01 (7.7005e-01)
Epoch: [0][480/496]	L_Src_Sup 0.0000e+00 (7.3970e-02)	L_Trg_Inj 0.0000e+00 (0.0000e+00)	Loss Disc 0.0000e+00 (0.0000e+00)	Loss Pred 6.1640e-01 (7.2988e-01)	Loss TOTAL 6.1640e-01 (7.6686e-01)
Epoch: [0][490/496]	L_Src_Sup 1.0446e-02 (7.2553e-02)	L_Trg_Inj 0.0000e+00 (0.0000e+00)	Loss Disc 0.0000e+00 (0.0000e+00)	Loss Pred 5.9566e-01 (7.2733e-01)	Loss TOTAL 6.0089e-01 (7.6360e-01)
Epoch: [0][496/496]	L_Src_Sup 3.5609e-02 (7.1843e-02)	L_Trg_Inj 0.0000e+00 (0.0000e+00)	Loss Disc 0.0000e+00 (0.0000e+00)	Loss Pred 6.3537e-01 (7.2566e-01)	Loss TOTAL 6.5317e-01 (7.6158e-01)
Epoch 0 complete. Saving model state...
Epoch: [1][ 10/496]	L_Src_Sup 0.0000e+00 (3.9774e-03)	L_Trg_Inj 0.0000e+00 (0.0000e+00)	Loss Disc 0.0000e+00 (0.0000e+00)	Loss Pred 5.9948e-01 (6.0252e-01)	Loss TOTAL 5.9948e-01 (6.0451e-01)
Epoch: [1][ 20/496]	L_Src_Sup 0.0000e+00 (3.5165e-03)	L_Trg_Inj 0.0000e+00 (0.0000e+00)	Loss Disc 0.0000e+00 (0.0000e+00)	Loss Pred 5.7433e-01 (5.9172e-01)	Loss TOTAL 5.7433e-01 (5.9348e-01)
Epoch: [1][ 30/496]	L_Src_Sup 0.0000e+00 (3.3087e-03)	L_Trg_Inj 0.0000e+00 (0.0000e+00)	Loss Disc 0.0000e+00 (0.0000e+00)	Loss Pred 6.0726e-01 (5.9664e-01)	Loss TOTAL 6.0726e-01 (5.9829e-01)
Epoch: [1][ 40/496]	L_Src_Sup 1.2761e-02 (3.2626e-03)	L_Trg_Inj 0.0000e+00 (0.0000e+00)	Loss Disc 0.0000e+00 (0.0000e+00)	Loss Pred 5.3885e-01 (5.9104e-01)	Loss TOTAL 5.4523e-01 (5.9268e-01)
Epoch: [1][ 50/496]	L_Src_Sup 0.0000e+00 (3.3779e-03)	L_Trg_Inj 0.0000e+00 (0.0000e+00)	Loss Disc 0.0000e+00 (0.0000e+00)	Loss Pred 6.2605e-01 (5.8740e-01)	Loss TOTAL 6.2605e-01 (5.8909e-01)
Epoch: [1][ 60/496]	L_Src_Sup 1.9637e-02 (4.1234e-03)	L_Trg_Inj 0.0000e+00 (0.0000e+00)	Loss Disc 0.0000e+00 (0.0000e+00)	Loss Pred 6.0065e-01 (5.8399e-01)	Loss TOTAL 6.1047e-01 (5.8605e-01)
Epoch: [1][ 70/496]	L_Src_Sup 0.0000e+00 (4.6728e-03)	L_Trg_Inj 0.0000e+00 (0.0000e+00)	Loss Disc 0.0000e+00 (0.0000e+00)	Loss Pred 5.9770e-01 (5.8222e-01)	Loss TOTAL 5.9770e-01 (5.8456e-01)
Epoch: [1][ 80/496]	L_Src_Sup 1.8426e-02 (4.7759e-03)	L_Trg_Inj 0.0000e+00 (0.0000e+00)	Loss Disc 0.0000e+00 (0.0000e+00)	Loss Pred 5.5334e-01 (5.7830e-01)	Loss TOTAL 5.6256e-01 (5.8069e-01)
Epoch: [1][ 90/496]	L_Src_Sup 0.0000e+00 (4.8608e-03)	L_Trg_Inj 0.0000e+00 (0.0000e+00)	Loss Disc 0.0000e+00 (0.0000e+00)	Loss Pred 5.5522e-01 (5.7654e-01)	Loss TOTAL 5.5522e-01 (5.7897e-01)
Epoch: [1][100/496]	L_Src_Sup 0.0000e+00 (4.6170e-03)	L_Trg_Inj 0.0000e+00 (0.0000e+00)	Loss Disc 0.0000e+00 (0.0000e+00)	Loss Pred 5.7334e-01 (5.7581e-01)	Loss TOTAL 5.7334e-01 (5.7811e-01)
Epoch: [1][110/496]	L_Src_Sup 4.9265e-02 (5.1092e-03)	L_Trg_Inj 0.0000e+00 (0.0000e+00)	Loss Disc 0.0000e+00 (0.0000e+00)	Loss Pred 5.5819e-01 (5.7520e-01)	Loss TOTAL 5.8282e-01 (5.7776e-01)
Epoch: [1][120/496]	L_Src_Sup 0.0000e+00 (4.7313e-03)	L_Trg_Inj 0.0000e+00 (0.0000e+00)	Loss Disc 0.0000e+00 (0.0000e+00)	Loss Pred 5.8623e-01 (5.7313e-01)	Loss TOTAL 5.8623e-01 (5.7550e-01)
Epoch: [1][130/496]	L_Src_Sup 0.0000e+00 (4.6556e-03)	L_Trg_Inj 0.0000e+00 (0.0000e+00)	Loss Disc 0.0000e+00 (0.0000e+00)	Loss Pred 5.4474e-01 (5.7112e-01)	Loss TOTAL 5.4474e-01 (5.7345e-01)
Epoch: [1][140/496]	L_Src_Sup 0.0000e+00 (4.6426e-03)	L_Trg_Inj 0.0000e+00 (0.0000e+00)	Loss Disc 0.0000e+00 (0.0000e+00)	Loss Pred 5.3534e-01 (5.6924e-01)	Loss TOTAL 5.3534e-01 (5.7156e-01)
Epoch: [1][150/496]	L_Src_Sup 0.0000e+00 (4.5218e-03)	L_Trg_Inj 0.0000e+00 (0.0000e+00)	Loss Disc 0.0000e+00 (0.0000e+00)	Loss Pred 5.5446e-01 (5.6724e-01)	Loss TOTAL 5.5446e-01 (5.6950e-01)
Epoch: [1][160/496]	L_Src_Sup 0.0000e+00 (4.3991e-03)	L_Trg_Inj 0.0000e+00 (0.0000e+00)	Loss Disc 0.0000e+00 (0.0000e+00)	Loss Pred 5.1590e-01 (5.6537e-01)	Loss TOTAL 5.1590e-01 (5.6757e-01)
Epoch: [1][170/496]	L_Src_Sup 0.0000e+00 (4.2531e-03)	L_Trg_Inj 0.0000e+00 (0.0000e+00)	Loss Disc 0.0000e+00 (0.0000e+00)	Loss Pred 5.1232e-01 (5.6357e-01)	Loss TOTAL 5.1232e-01 (5.6569e-01)
Epoch: [1][180/496]	L_Src_Sup 0.0000e+00 (4.1184e-03)	L_Trg_Inj 0.0000e+00 (0.0000e+00)	Loss Disc 0.0000e+00 (0.0000e+00)	Loss Pred 5.2142e-01 (5.6169e-01)	Loss TOTAL 5.2142e-01 (5.6375e-01)
Epoch: [1][190/496]	L_Src_Sup 0.0000e+00 (3.9891e-03)	L_Trg_Inj 0.0000e+00 (0.0000e+00)	Loss Disc 0.0000e+00 (0.0000e+00)	Loss Pred 5.2083e-01 (5.6003e-01)	Loss TOTAL 5.2083e-01 (5.6203e-01)
Epoch: [1][200/496]	L_Src_Sup 0.0000e+00 (3.7896e-03)	L_Trg_Inj 0.0000e+00 (0.0000e+00)	Loss Disc 0.0000e+00 (0.0000e+00)	Loss Pred 5.4358e-01 (5.5870e-01)	Loss TOTAL 5.4358e-01 (5.6060e-01)
Epoch: [1][210/496]	L_Src_Sup 1.5683e-02 (3.8676e-03)	L_Trg_Inj 0.0000e+00 (0.0000e+00)	Loss Disc 0.0000e+00 (0.0000e+00)	Loss Pred 5.3137e-01 (5.5750e-01)	Loss TOTAL 5.3922e-01 (5.5943e-01)
Epoch: [1][220/496]	L_Src_Sup 0.0000e+00 (6.9155e-03)	L_Trg_Inj 0.0000e+00 (0.0000e+00)	Loss Disc 0.0000e+00 (0.0000e+00)	Loss Pred 5.1308e-01 (5.5648e-01)	Loss TOTAL 5.1308e-01 (5.5994e-01)
Epoch: [1][230/496]	L_Src_Sup 1.8073e-02 (6.8575e-03)	L_Trg_Inj 0.0000e+00 (0.0000e+00)	Loss Disc 0.0000e+00 (0.0000e+00)	Loss Pred 5.0604e-01 (5.5588e-01)	Loss TOTAL 5.1507e-01 (5.5931e-01)
Epoch: [1][240/496]	L_Src_Sup 1.7962e-02 (6.8881e-03)	L_Trg_Inj 0.0000e+00 (0.0000e+00)	Loss Disc 0.0000e+00 (0.0000e+00)	Loss Pred 4.9347e-01 (5.5446e-01)	Loss TOTAL 5.0245e-01 (5.5790e-01)
Epoch: [1][250/496]	L_Src_Sup 0.0000e+00 (6.7581e-03)	L_Trg_Inj 0.0000e+00 (0.0000e+00)	Loss Disc 0.0000e+00 (0.0000e+00)	Loss Pred 5.3565e-01 (5.5381e-01)	Loss TOTAL 5.3565e-01 (5.5719e-01)
Epoch: [1][260/496]	L_Src_Sup 3.2686e-02 (6.8438e-03)	L_Trg_Inj 0.0000e+00 (0.0000e+00)	Loss Disc 0.0000e+00 (0.0000e+00)	Loss Pred 4.9313e-01 (5.5249e-01)	Loss TOTAL 5.0948e-01 (5.5591e-01)
Epoch: [1][270/496]	L_Src_Sup 0.0000e+00 (6.9959e-03)	L_Trg_Inj 0.0000e+00 (0.0000e+00)	Loss Disc 0.0000e+00 (0.0000e+00)	Loss Pred 5.2575e-01 (5.5155e-01)	Loss TOTAL 5.2575e-01 (5.5505e-01)
Epoch: [1][280/496]	L_Src_Sup 0.0000e+00 (7.2266e-03)	L_Trg_Inj 0.0000e+00 (0.0000e+00)	Loss Disc 0.0000e+00 (0.0000e+00)	Loss Pred 5.2945e-01 (5.5094e-01)	Loss TOTAL 5.2945e-01 (5.5456e-01)
Epoch: [1][290/496]	L_Src_Sup 1.8902e-02 (7.2473e-03)	L_Trg_Inj 0.0000e+00 (0.0000e+00)	Loss Disc 0.0000e+00 (0.0000e+00)	Loss Pred 5.6080e-01 (5.5006e-01)	Loss TOTAL 5.7025e-01 (5.5368e-01)
Epoch: [1][300/496]	L_Src_Sup 3.8328e-02 (7.3181e-03)	L_Trg_Inj 0.0000e+00 (0.0000e+00)	Loss Disc 0.0000e+00 (0.0000e+00)	Loss Pred 5.7282e-01 (5.4934e-01)	Loss TOTAL 5.9198e-01 (5.5300e-01)
Epoch: [1][310/496]	L_Src_Sup 0.0000e+00 (7.3170e-03)	L_Trg_Inj 0.0000e+00 (0.0000e+00)	Loss Disc 0.0000e+00 (0.0000e+00)	Loss Pred 4.9845e-01 (5.4867e-01)	Loss TOTAL 4.9845e-01 (5.5233e-01)
Epoch: [1][320/496]	L_Src_Sup 0.0000e+00 (7.2587e-03)	L_Trg_Inj 0.0000e+00 (0.0000e+00)	Loss Disc 0.0000e+00 (0.0000e+00)	Loss Pred 5.7315e-01 (5.4786e-01)	Loss TOTAL 5.7315e-01 (5.5149e-01)
Epoch: [1][330/496]	L_Src_Sup 1.8349e-02 (7.2640e-03)	L_Trg_Inj 0.0000e+00 (0.0000e+00)	Loss Disc 0.0000e+00 (0.0000e+00)	Loss Pred 5.0470e-01 (5.4695e-01)	Loss TOTAL 5.1388e-01 (5.5059e-01)
Epoch: [1][340/496]	L_Src_Sup 3.3989e-02 (7.4535e-03)	L_Trg_Inj 0.0000e+00 (0.0000e+00)	Loss Disc 0.0000e+00 (0.0000e+00)	Loss Pred 5.4234e-01 (5.4639e-01)	Loss TOTAL 5.5933e-01 (5.5011e-01)
Epoch: [1][350/496]	L_Src_Sup 0.0000e+00 (7.2964e-03)	L_Trg_Inj 0.0000e+00 (0.0000e+00)	Loss Disc 0.0000e+00 (0.0000e+00)	Loss Pred 5.2417e-01 (5.4536e-01)	Loss TOTAL 5.2417e-01 (5.4901e-01)
Epoch: [1][360/496]	L_Src_Sup 0.0000e+00 (7.1440e-03)	L_Trg_Inj 0.0000e+00 (0.0000e+00)	Loss Disc 0.0000e+00 (0.0000e+00)	Loss Pred 5.4832e-01 (5.4479e-01)	Loss TOTAL 5.4832e-01 (5.4836e-01)
Epoch: [1][370/496]	L_Src_Sup 0.0000e+00 (7.1053e-03)	L_Trg_Inj 0.0000e+00 (0.0000e+00)	Loss Disc 0.0000e+00 (0.0000e+00)	Loss Pred 5.4163e-01 (5.4448e-01)	Loss TOTAL 5.4163e-01 (5.4803e-01)
Epoch: [1][380/496]	L_Src_Sup 1.2862e-02 (7.0377e-03)	L_Trg_Inj 0.0000e+00 (0.0000e+00)	Loss Disc 0.0000e+00 (0.0000e+00)	Loss Pred 5.0396e-01 (5.4406e-01)	Loss TOTAL 5.1039e-01 (5.4758e-01)
Epoch: [1][390/496]	L_Src_Sup 3.9206e-02 (7.1010e-03)	L_Trg_Inj 0.0000e+00 (0.0000e+00)	Loss Disc 0.0000e+00 (0.0000e+00)	Loss Pred 5.4833e-01 (5.4341e-01)	Loss TOTAL 5.6793e-01 (5.4697e-01)
Epoch: [1][400/496]	L_Src_Sup 0.0000e+00 (6.9853e-03)	L_Trg_Inj 0.0000e+00 (0.0000e+00)	Loss Disc 0.0000e+00 (0.0000e+00)	Loss Pred 5.3672e-01 (5.4274e-01)	Loss TOTAL 5.3672e-01 (5.4623e-01)
Epoch: [1][410/496]	L_Src_Sup 1.7997e-02 (6.9653e-03)	L_Trg_Inj 0.0000e+00 (0.0000e+00)	Loss Disc 0.0000e+00 (0.0000e+00)	Loss Pred 5.1327e-01 (5.4234e-01)	Loss TOTAL 5.2227e-01 (5.4583e-01)
Epoch: [1][420/496]	L_Src_Sup 0.0000e+00 (6.8991e-03)	L_Trg_Inj 0.0000e+00 (0.0000e+00)	Loss Disc 0.0000e+00 (0.0000e+00)	Loss Pred 5.6055e-01 (5.4188e-01)	Loss TOTAL 5.6055e-01 (5.4533e-01)
Epoch: [1][430/496]	L_Src_Sup 1.7360e-02 (6.9532e-03)	L_Trg_Inj 0.0000e+00 (0.0000e+00)	Loss Disc 0.0000e+00 (0.0000e+00)	Loss Pred 4.9436e-01 (5.4147e-01)	Loss TOTAL 5.0304e-01 (5.4495e-01)
Epoch: [1][440/496]	L_Src_Sup 0.0000e+00 (6.8764e-03)	L_Trg_Inj 0.0000e+00 (0.0000e+00)	Loss Disc 0.0000e+00 (0.0000e+00)	Loss Pred 5.4178e-01 (5.4073e-01)	Loss TOTAL 5.4178e-01 (5.4417e-01)
Epoch: [1][450/496]	L_Src_Sup 0.0000e+00 (6.7694e-03)	L_Trg_Inj 0.0000e+00 (0.0000e+00)	Loss Disc 0.0000e+00 (0.0000e+00)	Loss Pred 5.0471e-01 (5.4034e-01)	Loss TOTAL 5.0471e-01 (5.4373e-01)
Epoch: [1][460/496]	L_Src_Sup 0.0000e+00 (6.7448e-03)	L_Trg_Inj 0.0000e+00 (0.0000e+00)	Loss Disc 0.0000e+00 (0.0000e+00)	Loss Pred 5.3540e-01 (5.4027e-01)	Loss TOTAL 5.3540e-01 (5.4364e-01)
Epoch: [1][470/496]	L_Src_Sup 0.0000e+00 (6.6837e-03)	L_Trg_Inj 0.0000e+00 (0.0000e+00)	Loss Disc 0.0000e+00 (0.0000e+00)	Loss Pred 5.4283e-01 (5.4018e-01)	Loss TOTAL 5.4283e-01 (5.4352e-01)
Epoch: [1][480/496]	L_Src_Sup 0.0000e+00 (6.6837e-03)	L_Trg_Inj 0.0000e+00 (0.0000e+00)	Loss Disc 0.0000e+00 (0.0000e+00)	Loss Pred 5.6025e-01 (5.3986e-01)	Loss TOTAL 5.6025e-01 (5.4320e-01)
Epoch: [1][490/496]	L_Src_Sup 1.8517e-02 (6.6232e-03)	L_Trg_Inj 0.0000e+00 (0.0000e+00)	Loss Disc 0.0000e+00 (0.0000e+00)	Loss Pred 5.1042e-01 (5.3981e-01)	Loss TOTAL 5.1968e-01 (5.4312e-01)
Epoch: [1][496/496]	L_Src_Sup 0.0000e+00 (6.6627e-03)	L_Trg_Inj 0.0000e+00 (0.0000e+00)	Loss Disc 0.0000e+00 (0.0000e+00)	Loss Pred 5.4164e-01 (5.3966e-01)	Loss TOTAL 5.4164e-01 (5.4299e-01)
Epoch 1 complete. Saving model state...
Epoch: [2][ 10/496]	L_Src_Sup 0.0000e+00 (1.7771e-03)	L_Trg_Inj 0.0000e+00 (0.0000e+00)	Loss Disc 0.0000e+00 (0.0000e+00)	Loss Pred 5.1642e-01 (5.1977e-01)	Loss TOTAL 5.1642e-01 (5.2066e-01)
Epoch: [2][ 20/496]	L_Src_Sup 1.7196e-02 (3.2244e-03)	L_Trg_Inj 0.0000e+00 (0.0000e+00)	Loss Disc 0.0000e+00 (0.0000e+00)	Loss Pred 5.2286e-01 (5.1920e-01)	Loss TOTAL 5.3146e-01 (5.2081e-01)
Epoch: [2][ 30/496]	L_Src_Sup 3.7535e-02 (4.7192e-03)	L_Trg_Inj 0.0000e+00 (0.0000e+00)	Loss Disc 0.0000e+00 (0.0000e+00)	Loss Pred 5.0437e-01 (5.2319e-01)	Loss TOTAL 5.2314e-01 (5.2555e-01)
Epoch: [2][ 40/496]	L_Src_Sup 0.0000e+00 (4.9251e-03)	L_Trg_Inj 0.0000e+00 (0.0000e+00)	Loss Disc 0.0000e+00 (0.0000e+00)	Loss Pred 4.9815e-01 (5.2237e-01)	Loss TOTAL 4.9815e-01 (5.2483e-01)
Epoch: [2][ 50/496]	L_Src_Sup 0.0000e+00 (5.4940e-03)	L_Trg_Inj 0.0000e+00 (0.0000e+00)	Loss Disc 0.0000e+00 (0.0000e+00)	Loss Pred 5.2924e-01 (5.2737e-01)	Loss TOTAL 5.2924e-01 (5.3012e-01)
Epoch: [2][ 60/496]	L_Src_Sup 0.0000e+00 (5.3437e-03)	L_Trg_Inj 0.0000e+00 (0.0000e+00)	Loss Disc 0.0000e+00 (0.0000e+00)	Loss Pred 5.0457e-01 (5.2587e-01)	Loss TOTAL 5.0457e-01 (5.2854e-01)
Epoch: [2][ 70/496]	L_Src_Sup 0.0000e+00 (5.2380e-03)	L_Trg_Inj 0.0000e+00 (0.0000e+00)	Loss Disc 0.0000e+00 (0.0000e+00)	Loss Pred 4.7311e-01 (5.2673e-01)	Loss TOTAL 4.7311e-01 (5.2935e-01)
Epoch: [2][ 80/496]	L_Src_Sup 0.0000e+00 (5.0445e-03)	L_Trg_Inj 0.0000e+00 (0.0000e+00)	Loss Disc 0.0000e+00 (0.0000e+00)	Loss Pred 5.1634e-01 (5.2686e-01)	Loss TOTAL 5.1634e-01 (5.2938e-01)
Epoch: [2][ 90/496]	L_Src_Sup 1.9047e-02 (4.6956e-03)	L_Trg_Inj 0.0000e+00 (0.0000e+00)	Loss Disc 0.0000e+00 (0.0000e+00)	Loss Pred 5.2939e-01 (5.2664e-01)	Loss TOTAL 5.3891e-01 (5.2899e-01)
Epoch: [2][100/496]	L_Src_Sup 0.0000e+00 (4.2261e-03)	L_Trg_Inj 0.0000e+00 (0.0000e+00)	Loss Disc 0.0000e+00 (0.0000e+00)	Loss Pred 5.2258e-01 (5.2637e-01)	Loss TOTAL 5.2258e-01 (5.2848e-01)
Epoch: [2][110/496]	L_Src_Sup 0.0000e+00 (3.8419e-03)	L_Trg_Inj 0.0000e+00 (0.0000e+00)	Loss Disc 0.0000e+00 (0.0000e+00)	Loss Pred 5.4850e-01 (5.2566e-01)	Loss TOTAL 5.4850e-01 (5.2758e-01)
Epoch: [2][120/496]	L_Src_Sup 0.0000e+00 (3.6746e-03)	L_Trg_Inj 0.0000e+00 (0.0000e+00)	Loss Disc 0.0000e+00 (0.0000e+00)	Loss Pred 5.7292e-01 (5.2551e-01)	Loss TOTAL 5.7292e-01 (5.2735e-01)
Epoch: [2][130/496]	L_Src_Sup 0.0000e+00 (3.3920e-03)	L_Trg_Inj 0.0000e+00 (0.0000e+00)	Loss Disc 0.0000e+00 (0.0000e+00)	Loss Pred 5.1662e-01 (5.2485e-01)	Loss TOTAL 5.1662e-01 (5.2654e-01)
Epoch: [2][140/496]	L_Src_Sup 0.0000e+00 (3.1497e-03)	L_Trg_Inj 0.0000e+00 (0.0000e+00)	Loss Disc 0.0000e+00 (0.0000e+00)	Loss Pred 4.8644e-01 (5.2505e-01)	Loss TOTAL 4.8644e-01 (5.2663e-01)
Epoch: [2][150/496]	L_Src_Sup 0.0000e+00 (3.0598e-03)	L_Trg_Inj 0.0000e+00 (0.0000e+00)	Loss Disc 0.0000e+00 (0.0000e+00)	Loss Pred 5.5992e-01 (5.2586e-01)	Loss TOTAL 5.5992e-01 (5.2739e-01)
Epoch: [2][160/496]	L_Src_Sup 0.0000e+00 (3.3409e-03)	L_Trg_Inj 0.0000e+00 (0.0000e+00)	Loss Disc 0.0000e+00 (0.0000e+00)	Loss Pred 5.4738e-01 (5.2612e-01)	Loss TOTAL 5.4738e-01 (5.2779e-01)
Epoch: [2][170/496]	L_Src_Sup 0.0000e+00 (3.2597e-03)	L_Trg_Inj 0.0000e+00 (0.0000e+00)	Loss Disc 0.0000e+00 (0.0000e+00)	Loss Pred 4.7903e-01 (5.2739e-01)	Loss TOTAL 4.7903e-01 (5.2902e-01)
Epoch: [2][180/496]	L_Src_Sup 0.0000e+00 (3.2656e-03)	L_Trg_Inj 0.0000e+00 (0.0000e+00)	Loss Disc 0.0000e+00 (0.0000e+00)	Loss Pred 5.4755e-01 (5.2826e-01)	Loss TOTAL 5.4755e-01 (5.2989e-01)
Epoch: [2][190/496]	L_Src_Sup 0.0000e+00 (3.1133e-03)	L_Trg_Inj 0.0000e+00 (0.0000e+00)	Loss Disc 0.0000e+00 (0.0000e+00)	Loss Pred 5.4747e-01 (5.2787e-01)	Loss TOTAL 5.4747e-01 (5.2943e-01)
Epoch: [2][200/496]	L_Src_Sup 0.0000e+00 (2.9576e-03)	L_Trg_Inj 0.0000e+00 (0.0000e+00)	Loss Disc 0.0000e+00 (0.0000e+00)	Loss Pred 5.3908e-01 (5.2749e-01)	Loss TOTAL 5.3908e-01 (5.2897e-01)
Epoch: [2][210/496]	L_Src_Sup 0.0000e+00 (2.9576e-03)	L_Trg_Inj 0.0000e+00 (0.0000e+00)	Loss Disc 0.0000e+00 (0.0000e+00)	Loss Pred 5.9902e-01 (5.2826e-01)	Loss TOTAL 5.9902e-01 (5.2974e-01)
Epoch: [2][220/496]	L_Src_Sup 1.9417e-02 (2.9911e-03)	L_Trg_Inj 0.0000e+00 (0.0000e+00)	Loss Disc 0.0000e+00 (0.0000e+00)	Loss Pred 5.4109e-01 (5.2832e-01)	Loss TOTAL 5.5080e-01 (5.2982e-01)
Epoch: [2][230/496]	L_Src_Sup 0.0000e+00 (2.8611e-03)	L_Trg_Inj 0.0000e+00 (0.0000e+00)	Loss Disc 0.0000e+00 (0.0000e+00)	Loss Pred 5.6860e-01 (5.2805e-01)	Loss TOTAL 5.6860e-01 (5.2948e-01)
Epoch: [2][240/496]	L_Src_Sup 0.0000e+00 (2.8169e-03)	L_Trg_Inj 0.0000e+00 (0.0000e+00)	Loss Disc 0.0000e+00 (0.0000e+00)	Loss Pred 5.3473e-01 (5.2757e-01)	Loss TOTAL 5.3473e-01 (5.2898e-01)
Epoch: [2][250/496]	L_Src_Sup 0.0000e+00 (2.7790e-03)	L_Trg_Inj 0.0000e+00 (0.0000e+00)	Loss Disc 0.0000e+00 (0.0000e+00)	Loss Pred 5.0542e-01 (5.2689e-01)	Loss TOTAL 5.0542e-01 (5.2828e-01)
Epoch: [2][260/496]	L_Src_Sup 0.0000e+00 (2.7440e-03)	L_Trg_Inj 0.0000e+00 (0.0000e+00)	Loss Disc 0.0000e+00 (0.0000e+00)	Loss Pred 5.1099e-01 (5.2645e-01)	Loss TOTAL 5.1099e-01 (5.2782e-01)
Epoch: [2][270/496]	L_Src_Sup 5.3762e-03 (2.8530e-03)	L_Trg_Inj 0.0000e+00 (0.0000e+00)	Loss Disc 0.0000e+00 (0.0000e+00)	Loss Pred 5.4920e-01 (5.2662e-01)	Loss TOTAL 5.5189e-01 (5.2805e-01)
Epoch: [2][280/496]	L_Src_Sup 0.0000e+00 (2.7698e-03)	L_Trg_Inj 0.0000e+00 (0.0000e+00)	Loss Disc 0.0000e+00 (0.0000e+00)	Loss Pred 5.2295e-01 (5.2612e-01)	Loss TOTAL 5.2295e-01 (5.2751e-01)
Epoch: [2][290/496]	L_Src_Sup 0.0000e+00 (2.8021e-03)	L_Trg_Inj 0.0000e+00 (0.0000e+00)	Loss Disc 0.0000e+00 (0.0000e+00)	Loss Pred 5.0357e-01 (5.2579e-01)	Loss TOTAL 5.0357e-01 (5.2719e-01)
Epoch: [2][300/496]	L_Src_Sup 0.0000e+00 (2.8352e-03)	L_Trg_Inj 0.0000e+00 (0.0000e+00)	Loss Disc 0.0000e+00 (0.0000e+00)	Loss Pred 5.5994e-01 (5.2591e-01)	Loss TOTAL 5.5994e-01 (5.2733e-01)
Epoch: [2][310/496]	L_Src_Sup 0.0000e+00 (2.7437e-03)	L_Trg_Inj 0.0000e+00 (0.0000e+00)	Loss Disc 0.0000e+00 (0.0000e+00)	Loss Pred 4.4704e-01 (5.2552e-01)	Loss TOTAL 4.4704e-01 (5.2689e-01)
Epoch: [2][320/496]	L_Src_Sup 0.0000e+00 (2.7143e-03)	L_Trg_Inj 0.0000e+00 (0.0000e+00)	Loss Disc 0.0000e+00 (0.0000e+00)	Loss Pred 4.9100e-01 (5.2564e-01)	Loss TOTAL 4.9100e-01 (5.2700e-01)
Epoch: [2][330/496]	L_Src_Sup 0.0000e+00 (2.7479e-03)	L_Trg_Inj 0.0000e+00 (0.0000e+00)	Loss Disc 0.0000e+00 (0.0000e+00)	Loss Pred 5.6034e-01 (5.2548e-01)	Loss TOTAL 5.6034e-01 (5.2685e-01)
Epoch: [2][340/496]	L_Src_Sup 2.0618e-02 (2.8159e-03)	L_Trg_Inj 0.0000e+00 (0.0000e+00)	Loss Disc 0.0000e+00 (0.0000e+00)	Loss Pred 5.7885e-01 (5.2539e-01)	Loss TOTAL 5.8916e-01 (5.2680e-01)
Epoch: [2][350/496]	L_Src_Sup 0.0000e+00 (2.9429e-03)	L_Trg_Inj 0.0000e+00 (0.0000e+00)	Loss Disc 0.0000e+00 (0.0000e+00)	Loss Pred 4.7840e-01 (5.2518e-01)	Loss TOTAL 4.7840e-01 (5.2665e-01)
Epoch: [2][360/496]	L_Src_Sup 0.0000e+00 (2.9162e-03)	L_Trg_Inj 0.0000e+00 (0.0000e+00)	Loss Disc 0.0000e+00 (0.0000e+00)	Loss Pred 4.7868e-01 (5.2474e-01)	Loss TOTAL 4.7868e-01 (5.2620e-01)
Epoch: [2][370/496]	L_Src_Sup 0.0000e+00 (2.9318e-03)	L_Trg_Inj 0.0000e+00 (0.0000e+00)	Loss Disc 0.0000e+00 (0.0000e+00)	Loss Pred 5.6741e-01 (5.2466e-01)	Loss TOTAL 5.6741e-01 (5.2612e-01)
Epoch: [2][380/496]	L_Src_Sup 0.0000e+00 (2.8634e-03)	L_Trg_Inj 0.0000e+00 (0.0000e+00)	Loss Disc 0.0000e+00 (0.0000e+00)	Loss Pred 5.4114e-01 (5.2457e-01)	Loss TOTAL 5.4114e-01 (5.2600e-01)
Epoch: [2][390/496]	L_Src_Sup 0.0000e+00 (2.8817e-03)	L_Trg_Inj 0.0000e+00 (0.0000e+00)	Loss Disc 0.0000e+00 (0.0000e+00)	Loss Pred 5.6011e-01 (5.2428e-01)	Loss TOTAL 5.6011e-01 (5.2572e-01)
Epoch: [2][400/496]	L_Src_Sup 0.0000e+00 (2.8096e-03)	L_Trg_Inj 0.0000e+00 (0.0000e+00)	Loss Disc 0.0000e+00 (0.0000e+00)	Loss Pred 5.4718e-01 (5.2425e-01)	Loss TOTAL 5.4718e-01 (5.2565e-01)
Epoch: [2][410/496]	L_Src_Sup 1.7996e-02 (2.8725e-03)	L_Trg_Inj 0.0000e+00 (0.0000e+00)	Loss Disc 0.0000e+00 (0.0000e+00)	Loss Pred 4.9058e-01 (5.2382e-01)	Loss TOTAL 4.9958e-01 (5.2526e-01)
Epoch: [2][420/496]	L_Src_Sup 1.8868e-02 (2.8490e-03)	L_Trg_Inj 0.0000e+00 (0.0000e+00)	Loss Disc 0.0000e+00 (0.0000e+00)	Loss Pred 5.2225e-01 (5.2349e-01)	Loss TOTAL 5.3169e-01 (5.2492e-01)
Epoch: [2][430/496]	L_Src_Sup 0.0000e+00 (2.8288e-03)	L_Trg_Inj 0.0000e+00 (0.0000e+00)	Loss Disc 0.0000e+00 (0.0000e+00)	Loss Pred 5.1566e-01 (5.2374e-01)	Loss TOTAL 5.1566e-01 (5.2516e-01)
Epoch: [2][440/496]	L_Src_Sup 0.0000e+00 (2.7645e-03)	L_Trg_Inj 0.0000e+00 (0.0000e+00)	Loss Disc 0.0000e+00 (0.0000e+00)	Loss Pred 5.0309e-01 (5.2374e-01)	Loss TOTAL 5.0309e-01 (5.2513e-01)
Epoch: [2][450/496]	L_Src_Sup 0.0000e+00 (2.8309e-03)	L_Trg_Inj 0.0000e+00 (0.0000e+00)	Loss Disc 0.0000e+00 (0.0000e+00)	Loss Pred 4.9709e-01 (5.2394e-01)	Loss TOTAL 4.9709e-01 (5.2535e-01)
Epoch: [2][460/496]	L_Src_Sup 0.0000e+00 (2.8112e-03)	L_Trg_Inj 0.0000e+00 (0.0000e+00)	Loss Disc 0.0000e+00 (0.0000e+00)	Loss Pred 5.4714e-01 (5.2429e-01)	Loss TOTAL 5.4714e-01 (5.2570e-01)
Epoch: [2][470/496]	L_Src_Sup 1.7857e-02 (2.8682e-03)	L_Trg_Inj 0.0000e+00 (0.0000e+00)	Loss Disc 0.0000e+00 (0.0000e+00)	Loss Pred 4.8471e-01 (5.2422e-01)	Loss TOTAL 4.9364e-01 (5.2566e-01)
Epoch: [2][480/496]	L_Src_Sup 6.5866e-03 (2.9008e-03)	L_Trg_Inj 0.0000e+00 (0.0000e+00)	Loss Disc 0.0000e+00 (0.0000e+00)	Loss Pred 5.0980e-01 (5.2370e-01)	Loss TOTAL 5.1309e-01 (5.2515e-01)
Epoch: [2][490/496]	L_Src_Sup 0.0000e+00 (6.5166e-03)	L_Trg_Inj 0.0000e+00 (0.0000e+00)	Loss Disc 0.0000e+00 (0.0000e+00)	Loss Pred 5.1652e-01 (5.2420e-01)	Loss TOTAL 5.1652e-01 (5.2746e-01)
Epoch: [2][496/496]	L_Src_Sup 0.0000e+00 (6.5088e-03)	L_Trg_Inj 0.0000e+00 (0.0000e+00)	Loss Disc 0.0000e+00 (0.0000e+00)	Loss Pred 5.2868e-01 (5.2417e-01)	Loss TOTAL 5.2868e-01 (5.2742e-01)
Epoch 2 complete. Saving model state...
Epoch: [3][ 10/496]	L_Src_Sup 1.8018e-02 (3.6832e-03)	L_Trg_Inj 0.0000e+00 (0.0000e+00)	Loss Disc 0.0000e+00 (0.0000e+00)	Loss Pred 4.9082e-01 (5.2474e-01)	Loss TOTAL 4.9983e-01 (5.2658e-01)
Epoch: [3][ 20/496]	L_Src_Sup 0.0000e+00 (3.0905e-03)	L_Trg_Inj 0.0000e+00 (0.0000e+00)	Loss Disc 0.0000e+00 (0.0000e+00)	Loss Pred 4.9052e-01 (5.2345e-01)	Loss TOTAL 4.9052e-01 (5.2499e-01)
Epoch: [3][ 30/496]	L_Src_Sup 0.0000e+00 (3.2667e-03)	L_Trg_Inj 0.0000e+00 (0.0000e+00)	Loss Disc 0.0000e+00 (0.0000e+00)	Loss Pred 5.0347e-01 (5.2046e-01)	Loss TOTAL 5.0347e-01 (5.2209e-01)
Epoch: [3][ 40/496]	L_Src_Sup 0.0000e+00 (3.3350e-03)	L_Trg_Inj 0.0000e+00 (0.0000e+00)	Loss Disc 0.0000e+00 (0.0000e+00)	Loss Pred 5.0989e-01 (5.1472e-01)	Loss TOTAL 5.0989e-01 (5.1639e-01)
Epoch: [3][ 50/496]	L_Src_Sup 0.0000e+00 (2.6680e-03)	L_Trg_Inj 0.0000e+00 (0.0000e+00)	Loss Disc 0.0000e+00 (0.0000e+00)	Loss Pred 5.0945e-01 (5.1757e-01)	Loss TOTAL 5.0945e-01 (5.1890e-01)
Epoch: [3][ 60/496]	L_Src_Sup 0.0000e+00 (2.2388e-03)	L_Trg_Inj 0.0000e+00 (0.0000e+00)	Loss Disc 0.0000e+00 (0.0000e+00)	Loss Pred 5.4090e-01 (5.2022e-01)	Loss TOTAL 5.4090e-01 (5.2134e-01)
Epoch: [3][ 70/496]	L_Src_Sup 1.7136e-02 (2.4145e-03)	L_Trg_Inj 0.0000e+00 (0.0000e+00)	Loss Disc 0.0000e+00 (0.0000e+00)	Loss Pred 5.1570e-01 (5.2111e-01)	Loss TOTAL 5.2426e-01 (5.2232e-01)
Epoch: [3][ 80/496]	L_Src_Sup 0.0000e+00 (2.5844e-03)	L_Trg_Inj 0.0000e+00 (0.0000e+00)	Loss Disc 0.0000e+00 (0.0000e+00)	Loss Pred 4.9667e-01 (5.2098e-01)	Loss TOTAL 4.9667e-01 (5.2227e-01)
Epoch: [3][ 90/496]	L_Src_Sup 0.0000e+00 (3.1691e-03)	L_Trg_Inj 0.0000e+00 (0.0000e+00)	Loss Disc 0.0000e+00 (0.0000e+00)	Loss Pred 5.1574e-01 (5.2201e-01)	Loss TOTAL 5.1574e-01 (5.2359e-01)
Epoch: [3][100/496]	L_Src_Sup 0.0000e+00 (3.3355e-03)	L_Trg_Inj 0.0000e+00 (0.0000e+00)	Loss Disc 0.0000e+00 (0.0000e+00)	Loss Pred 5.2195e-01 (5.2217e-01)	Loss TOTAL 5.2195e-01 (5.2383e-01)
Epoch: [3][110/496]	L_Src_Sup 0.0000e+00 (3.2912e-03)	L_Trg_Inj 0.0000e+00 (0.0000e+00)	Loss Disc 0.0000e+00 (0.0000e+00)	Loss Pred 5.4232e-01 (5.2286e-01)	Loss TOTAL 5.4232e-01 (5.2450e-01)
Epoch: [3][120/496]	L_Src_Sup 0.0000e+00 (3.2520e-03)	L_Trg_Inj 0.0000e+00 (0.0000e+00)	Loss Disc 0.0000e+00 (0.0000e+00)	Loss Pred 5.1620e-01 (5.2286e-01)	Loss TOTAL 5.1620e-01 (5.2449e-01)
Epoch: [3][130/496]	L_Src_Sup 0.0000e+00 (3.5561e-03)	L_Trg_Inj 0.0000e+00 (0.0000e+00)	Loss Disc 0.0000e+00 (0.0000e+00)	Loss Pred 4.9718e-01 (5.2257e-01)	Loss TOTAL 4.9718e-01 (5.2435e-01)
Epoch: [3][140/496]	L_Src_Sup 1.7531e-02 (3.6881e-03)	L_Trg_Inj 0.0000e+00 (0.0000e+00)	Loss Disc 0.0000e+00 (0.0000e+00)	Loss Pred 4.9087e-01 (5.2166e-01)	Loss TOTAL 4.9964e-01 (5.2350e-01)
Epoch: [3][150/496]	L_Src_Sup 1.8692e-02 (3.6024e-03)	L_Trg_Inj 0.0000e+00 (0.0000e+00)	Loss Disc 0.0000e+00 (0.0000e+00)	Loss Pred 5.1603e-01 (5.2104e-01)	Loss TOTAL 5.2537e-01 (5.2284e-01)
Epoch: [3][160/496]	L_Src_Sup 0.0000e+00 (3.4941e-03)	L_Trg_Inj 0.0000e+00 (0.0000e+00)	Loss Disc 0.0000e+00 (0.0000e+00)	Loss Pred 5.2858e-01 (5.2159e-01)	Loss TOTAL 5.2858e-01 (5.2334e-01)
Epoch: [3][170/496]	L_Src_Sup 0.0000e+00 (3.3975e-03)	L_Trg_Inj 0.0000e+00 (0.0000e+00)	Loss Disc 0.0000e+00 (0.0000e+00)	Loss Pred 5.3454e-01 (5.2207e-01)	Loss TOTAL 5.3454e-01 (5.2377e-01)
Epoch: [3][180/496]	L_Src_Sup 0.0000e+00 (3.3116e-03)	L_Trg_Inj 0.0000e+00 (0.0000e+00)	Loss Disc 0.0000e+00 (0.0000e+00)	Loss Pred 4.7182e-01 (5.2186e-01)	Loss TOTAL 4.7182e-01 (5.2352e-01)
Epoch: [3][190/496]	L_Src_Sup 0.0000e+00 (3.2357e-03)	L_Trg_Inj 0.0000e+00 (0.0000e+00)	Loss Disc 0.0000e+00 (0.0000e+00)	Loss Pred 5.2861e-01 (5.2215e-01)	Loss TOTAL 5.2861e-01 (5.2377e-01)
Epoch: [3][200/496]	L_Src_Sup 0.0000e+00 (3.1691e-03)	L_Trg_Inj 0.0000e+00 (0.0000e+00)	Loss Disc 0.0000e+00 (0.0000e+00)	Loss Pred 5.1572e-01 (5.2290e-01)	Loss TOTAL 5.1572e-01 (5.2448e-01)
Epoch: [3][210/496]	L_Src_Sup 0.0000e+00 (3.0182e-03)	L_Trg_Inj 0.0000e+00 (0.0000e+00)	Loss Disc 0.0000e+00 (0.0000e+00)	Loss Pred 5.3449e-01 (5.2310e-01)	Loss TOTAL 5.3449e-01 (5.2461e-01)
Epoch: [3][220/496]	L_Src_Sup 0.0000e+00 (2.8810e-03)	L_Trg_Inj 0.0000e+00 (0.0000e+00)	Loss Disc 0.0000e+00 (0.0000e+00)	Loss Pred 5.5339e-01 (5.2324e-01)	Loss TOTAL 5.5339e-01 (5.2468e-01)
Epoch: [3][230/496]	L_Src_Sup 0.0000e+00 (3.0115e-03)	L_Trg_Inj 0.0000e+00 (0.0000e+00)	Loss Disc 0.0000e+00 (0.0000e+00)	Loss Pred 5.3469e-01 (5.2313e-01)	Loss TOTAL 5.3469e-01 (5.2463e-01)
Epoch: [3][240/496]	L_Src_Sup 0.0000e+00 (2.9639e-03)	L_Trg_Inj 0.0000e+00 (0.0000e+00)	Loss Disc 0.0000e+00 (0.0000e+00)	Loss Pred 5.2894e-01 (5.2393e-01)	Loss TOTAL 5.2894e-01 (5.2541e-01)
Epoch: [3][250/496]	L_Src_Sup 0.0000e+00 (2.9174e-03)	L_Trg_Inj 0.0000e+00 (0.0000e+00)	Loss Disc 0.0000e+00 (0.0000e+00)	Loss Pred 5.2203e-01 (5.2354e-01)	Loss TOTAL 5.2203e-01 (5.2500e-01)
Epoch: [3][260/496]	L_Src_Sup 0.0000e+00 (3.0346e-03)	L_Trg_Inj 0.0000e+00 (0.0000e+00)	Loss Disc 0.0000e+00 (0.0000e+00)	Loss Pred 5.1049e-01 (5.2356e-01)	Loss TOTAL 5.1049e-01 (5.2508e-01)
Epoch: [3][270/496]	L_Src_Sup 0.0000e+00 (3.0581e-03)	L_Trg_Inj 0.0000e+00 (0.0000e+00)	Loss Disc 0.0000e+00 (0.0000e+00)	Loss Pred 5.5451e-01 (5.2330e-01)	Loss TOTAL 5.5451e-01 (5.2483e-01)
Epoch: [3][280/496]	L_Src_Sup 0.0000e+00 (3.0156e-03)	L_Trg_Inj 0.0000e+00 (0.0000e+00)	Loss Disc 0.0000e+00 (0.0000e+00)	Loss Pred 5.4746e-01 (5.2328e-01)	Loss TOTAL 5.4746e-01 (5.2479e-01)
Epoch: [3][290/496]	L_Src_Sup 0.0000e+00 (2.9116e-03)	L_Trg_Inj 0.0000e+00 (0.0000e+00)	Loss Disc 0.0000e+00 (0.0000e+00)	Loss Pred 5.4171e-01 (5.2329e-01)	Loss TOTAL 5.4171e-01 (5.2474e-01)
Epoch: [3][300/496]	L_Src_Sup 0.0000e+00 (3.0021e-03)	L_Trg_Inj 0.0000e+00 (0.0000e+00)	Loss Disc 0.0000e+00 (0.0000e+00)	Loss Pred 5.3496e-01 (5.2335e-01)	Loss TOTAL 5.3496e-01 (5.2485e-01)
Epoch: [3][310/496]	L_Src_Sup 0.0000e+00 (2.9052e-03)	L_Trg_Inj 0.0000e+00 (0.0000e+00)	Loss Disc 0.0000e+00 (0.0000e+00)	Loss Pred 5.1603e-01 (5.2301e-01)	Loss TOTAL 5.1603e-01 (5.2447e-01)
Epoch: [3][320/496]	L_Src_Sup 0.0000e+00 (3.0483e-03)	L_Trg_Inj 0.0000e+00 (0.0000e+00)	Loss Disc 0.0000e+00 (0.0000e+00)	Loss Pred 5.7884e-01 (5.2322e-01)	Loss TOTAL 5.7884e-01 (5.2475e-01)
Epoch: [3][330/496]	L_Src_Sup 0.0000e+00 (3.0169e-03)	L_Trg_Inj 0.0000e+00 (0.0000e+00)	Loss Disc 0.0000e+00 (0.0000e+00)	Loss Pred 5.0962e-01 (5.2337e-01)	Loss TOTAL 5.0962e-01 (5.2488e-01)
Epoch: [3][340/496]	L_Src_Sup 0.0000e+00 (2.9281e-03)	L_Trg_Inj 0.0000e+00 (0.0000e+00)	Loss Disc 0.0000e+00 (0.0000e+00)	Loss Pred 5.4267e-01 (5.2310e-01)	Loss TOTAL 5.4267e-01 (5.2456e-01)
Epoch: [3][350/496]	L_Src_Sup 0.0000e+00 (2.8445e-03)	L_Trg_Inj 0.0000e+00 (0.0000e+00)	Loss Disc 0.0000e+00 (0.0000e+00)	Loss Pred 5.4261e-01 (5.2321e-01)	Loss TOTAL 5.4261e-01 (5.2463e-01)
Epoch: [3][360/496]	L_Src_Sup 0.0000e+00 (2.7655e-03)	L_Trg_Inj 0.0000e+00 (0.0000e+00)	Loss Disc 0.0000e+00 (0.0000e+00)	Loss Pred 5.2220e-01 (5.2281e-01)	Loss TOTAL 5.2220e-01 (5.2419e-01)
Epoch: [3][370/496]	L_Src_Sup 0.0000e+00 (2.7442e-03)	L_Trg_Inj 0.0000e+00 (0.0000e+00)	Loss Disc 0.0000e+00 (0.0000e+00)	Loss Pred 5.0931e-01 (5.2311e-01)	Loss TOTAL 5.0931e-01 (5.2448e-01)
Epoch: [3][380/496]	L_Src_Sup 0.0000e+00 (2.8230e-03)	L_Trg_Inj 0.0000e+00 (0.0000e+00)	Loss Disc 0.0000e+00 (0.0000e+00)	Loss Pred 5.1643e-01 (5.2302e-01)	Loss TOTAL 5.1643e-01 (5.2443e-01)
Epoch: [3][390/496]	L_Src_Sup 0.0000e+00 (2.7506e-03)	L_Trg_Inj 0.0000e+00 (0.0000e+00)	Loss Disc 0.0000e+00 (0.0000e+00)	Loss Pred 5.4083e-01 (5.2304e-01)	Loss TOTAL 5.4083e-01 (5.2441e-01)
Epoch: [3][400/496]	L_Src_Sup 0.0000e+00 (2.7285e-03)	L_Trg_Inj 0.0000e+00 (0.0000e+00)	Loss Disc 0.0000e+00 (0.0000e+00)	Loss Pred 4.6580e-01 (5.2260e-01)	Loss TOTAL 4.6580e-01 (5.2396e-01)
Epoch: [3][410/496]	L_Src_Sup 1.8868e-02 (2.7080e-03)	L_Trg_Inj 0.0000e+00 (0.0000e+00)	Loss Disc 0.0000e+00 (0.0000e+00)	Loss Pred 5.2189e-01 (5.2299e-01)	Loss TOTAL 5.3132e-01 (5.2434e-01)
Epoch: [3][420/496]	L_Src_Sup 0.0000e+00 (2.6864e-03)	L_Trg_Inj 0.0000e+00 (0.0000e+00)	Loss Disc 0.0000e+00 (0.0000e+00)	Loss Pred 4.9678e-01 (5.2271e-01)	Loss TOTAL 4.9678e-01 (5.2406e-01)
Epoch: [3][430/496]	L_Src_Sup 0.0000e+00 (2.6240e-03)	L_Trg_Inj 0.0000e+00 (0.0000e+00)	Loss Disc 0.0000e+00 (0.0000e+00)	Loss Pred 5.4704e-01 (5.2288e-01)	Loss TOTAL 5.4704e-01 (5.2419e-01)
Epoch: [3][440/496]	L_Src_Sup 0.0000e+00 (2.5643e-03)	L_Trg_Inj 0.0000e+00 (0.0000e+00)	Loss Disc 0.0000e+00 (0.0000e+00)	Loss Pred 4.8471e-01 (5.2270e-01)	Loss TOTAL 4.8471e-01 (5.2399e-01)
Epoch: [3][450/496]	L_Src_Sup 0.0000e+00 (2.5509e-03)	L_Trg_Inj 0.0000e+00 (0.0000e+00)	Loss Disc 0.0000e+00 (0.0000e+00)	Loss Pred 5.4708e-01 (5.2277e-01)	Loss TOTAL 5.4708e-01 (5.2404e-01)
Epoch: [3][460/496]	L_Src_Sup 0.0000e+00 (2.5323e-03)	L_Trg_Inj 0.0000e+00 (0.0000e+00)	Loss Disc 0.0000e+00 (0.0000e+00)	Loss Pred 5.4721e-01 (5.2296e-01)	Loss TOTAL 5.4721e-01 (5.2422e-01)
Epoch: [3][470/496]	L_Src_Sup 1.8691e-02 (2.5572e-03)	L_Trg_Inj 0.0000e+00 (0.0000e+00)	Loss Disc 0.0000e+00 (0.0000e+00)	Loss Pred 5.1586e-01 (5.2327e-01)	Loss TOTAL 5.2521e-01 (5.2455e-01)
Epoch: [3][480/496]	L_Src_Sup 0.0000e+00 (2.5039e-03)	L_Trg_Inj 0.0000e+00 (0.0000e+00)	Loss Disc 0.0000e+00 (0.0000e+00)	Loss Pred 5.4742e-01 (5.2322e-01)	Loss TOTAL 5.4742e-01 (5.2447e-01)
Epoch: [3][490/496]	L_Src_Sup 0.0000e+00 (2.4528e-03)	L_Trg_Inj 0.0000e+00 (0.0000e+00)	Loss Disc 0.0000e+00 (0.0000e+00)	Loss Pred 5.2215e-01 (5.2339e-01)	Loss TOTAL 5.2215e-01 (5.2461e-01)
Epoch: [3][496/496]	L_Src_Sup 0.0000e+00 (2.4623e-03)	L_Trg_Inj 0.0000e+00 (0.0000e+00)	Loss Disc 0.0000e+00 (0.0000e+00)	Loss Pred 5.2833e-01 (5.2336e-01)	Loss TOTAL 5.2833e-01 (5.2459e-01)
Epoch 3 complete. Saving model state...
Epoch: [4][ 10/496]	L_Src_Sup 0.0000e+00 (3.6621e-03)	L_Trg_Inj 0.0000e+00 (0.0000e+00)	Loss Disc 0.0000e+00 (0.0000e+00)	Loss Pred 5.7305e-01 (5.1914e-01)	Loss TOTAL 5.7305e-01 (5.2097e-01)
Epoch: [4][ 20/496]	L_Src_Sup 0.0000e+00 (3.7110e-03)	L_Trg_Inj 0.0000e+00 (0.0000e+00)	Loss Disc 0.0000e+00 (0.0000e+00)	Loss Pred 5.4706e-01 (5.2600e-01)	Loss TOTAL 5.4706e-01 (5.2786e-01)
Epoch: [4][ 30/496]	L_Src_Sup 0.0000e+00 (3.1029e-03)	L_Trg_Inj 0.0000e+00 (0.0000e+00)	Loss Disc 0.0000e+00 (0.0000e+00)	Loss Pred 5.6089e-01 (5.2376e-01)	Loss TOTAL 5.6089e-01 (5.2531e-01)
Epoch: [4][ 40/496]	L_Src_Sup 0.0000e+00 (2.3272e-03)	L_Trg_Inj 0.0000e+00 (0.0000e+00)	Loss Disc 0.0000e+00 (0.0000e+00)	Loss Pred 5.0360e-01 (5.2208e-01)	Loss TOTAL 5.0360e-01 (5.2324e-01)
Epoch: [4][ 50/496]	L_Src_Sup 0.0000e+00 (1.8618e-03)	L_Trg_Inj 0.0000e+00 (0.0000e+00)	Loss Disc 0.0000e+00 (0.0000e+00)	Loss Pred 5.4083e-01 (5.2597e-01)	Loss TOTAL 5.4083e-01 (5.2690e-01)
Epoch: [4][ 60/496]	L_Src_Sup 0.0000e+00 (1.8815e-03)	L_Trg_Inj 0.0000e+00 (0.0000e+00)	Loss Disc 0.0000e+00 (0.0000e+00)	Loss Pred 4.9728e-01 (5.2849e-01)	Loss TOTAL 4.9728e-01 (5.2943e-01)
Epoch: [4][ 70/496]	L_Src_Sup 0.0000e+00 (1.8701e-03)	L_Trg_Inj 0.0000e+00 (0.0000e+00)	Loss Disc 0.0000e+00 (0.0000e+00)	Loss Pred 5.0389e-01 (5.2669e-01)	Loss TOTAL 5.0389e-01 (5.2763e-01)
Epoch: [4][ 80/496]	L_Src_Sup 1.9571e-02 (2.1214e-03)	L_Trg_Inj 0.0000e+00 (0.0000e+00)	Loss Disc 0.0000e+00 (0.0000e+00)	Loss Pred 5.4842e-01 (5.2582e-01)	Loss TOTAL 5.5821e-01 (5.2689e-01)
Epoch: [4][ 90/496]	L_Src_Sup 0.0000e+00 (1.8857e-03)	L_Trg_Inj 0.0000e+00 (0.0000e+00)	Loss Disc 0.0000e+00 (0.0000e+00)	Loss Pred 5.3477e-01 (5.2645e-01)	Loss TOTAL 5.3477e-01 (5.2739e-01)
Epoch: [4][100/496]	L_Src_Sup 0.0000e+00 (1.8806e-03)	L_Trg_Inj 0.0000e+00 (0.0000e+00)	Loss Disc 0.0000e+00 (0.0000e+00)	Loss Pred 5.1611e-01 (5.2510e-01)	Loss TOTAL 5.1611e-01 (5.2604e-01)
Epoch: [4][110/496]	L_Src_Sup 0.0000e+00 (1.7096e-03)	L_Trg_Inj 0.0000e+00 (0.0000e+00)	Loss Disc 0.0000e+00 (0.0000e+00)	Loss Pred 5.0944e-01 (5.2383e-01)	Loss TOTAL 5.0944e-01 (5.2469e-01)
Epoch: [4][120/496]	L_Src_Sup 1.8868e-02 (2.0210e-03)	L_Trg_Inj 0.0000e+00 (0.0000e+00)	Loss Disc 0.0000e+00 (0.0000e+00)	Loss Pred 5.2241e-01 (5.2287e-01)	Loss TOTAL 5.3184e-01 (5.2388e-01)
Epoch: [4][130/496]	L_Src_Sup 0.0000e+00 (1.8655e-03)	L_Trg_Inj 0.0000e+00 (0.0000e+00)	Loss Disc 0.0000e+00 (0.0000e+00)	Loss Pred 5.0301e-01 (5.2285e-01)	Loss TOTAL 5.0301e-01 (5.2379e-01)
Epoch: [4][140/496]	L_Src_Sup 0.0000e+00 (1.7322e-03)	L_Trg_Inj 0.0000e+00 (0.0000e+00)	Loss Disc 0.0000e+00 (0.0000e+00)	Loss Pred 5.4747e-01 (5.2320e-01)	Loss TOTAL 5.4747e-01 (5.2407e-01)
Epoch: [4][150/496]	L_Src_Sup 0.0000e+00 (1.7358e-03)	L_Trg_Inj 0.0000e+00 (0.0000e+00)	Loss Disc 0.0000e+00 (0.0000e+00)	Loss Pred 5.2871e-01 (5.2230e-01)	Loss TOTAL 5.2871e-01 (5.2316e-01)
Epoch: [4][160/496]	L_Src_Sup 0.0000e+00 (1.8654e-03)	L_Trg_Inj 0.0000e+00 (0.0000e+00)	Loss Disc 0.0000e+00 (0.0000e+00)	Loss Pred 5.2834e-01 (5.2205e-01)	Loss TOTAL 5.2834e-01 (5.2299e-01)
Epoch: [4][170/496]	L_Src_Sup 0.0000e+00 (1.8710e-03)	L_Trg_Inj 0.0000e+00 (0.0000e+00)	Loss Disc 0.0000e+00 (0.0000e+00)	Loss Pred 5.1556e-01 (5.2283e-01)	Loss TOTAL 5.1556e-01 (5.2377e-01)
Epoch: [4][180/496]	L_Src_Sup 0.0000e+00 (1.8681e-03)	L_Trg_Inj 0.0000e+00 (0.0000e+00)	Loss Disc 0.0000e+00 (0.0000e+00)	Loss Pred 5.0323e-01 (5.2247e-01)	Loss TOTAL 5.0323e-01 (5.2341e-01)
Epoch: [4][190/496]	L_Src_Sup 0.0000e+00 (1.9213e-03)	L_Trg_Inj 0.0000e+00 (0.0000e+00)	Loss Disc 0.0000e+00 (0.0000e+00)	Loss Pred 4.8443e-01 (5.2250e-01)	Loss TOTAL 4.8443e-01 (5.2347e-01)
Epoch: [4][200/496]	L_Src_Sup 0.0000e+00 (1.9076e-03)	L_Trg_Inj 0.0000e+00 (0.0000e+00)	Loss Disc 0.0000e+00 (0.0000e+00)	Loss Pred 5.6631e-01 (5.2239e-01)	Loss TOTAL 5.6631e-01 (5.2335e-01)
Epoch: [4][210/496]	L_Src_Sup 0.0000e+00 (1.8167e-03)	L_Trg_Inj 0.0000e+00 (0.0000e+00)	Loss Disc 0.0000e+00 (0.0000e+00)	Loss Pred 5.4708e-01 (5.2229e-01)	Loss TOTAL 5.4708e-01 (5.2320e-01)
Epoch: [4][220/496]	L_Src_Sup 0.0000e+00 (1.9004e-03)	L_Trg_Inj 0.0000e+00 (0.0000e+00)	Loss Disc 0.0000e+00 (0.0000e+00)	Loss Pred 5.1549e-01 (5.2230e-01)	Loss TOTAL 5.1549e-01 (5.2325e-01)
Epoch: [4][230/496]	L_Src_Sup 0.0000e+00 (1.8178e-03)	L_Trg_Inj 0.0000e+00 (0.0000e+00)	Loss Disc 0.0000e+00 (0.0000e+00)	Loss Pred 4.9659e-01 (5.2221e-01)	Loss TOTAL 4.9659e-01 (5.2312e-01)
Epoch: [4][240/496]	L_Src_Sup 0.0000e+00 (1.7790e-03)	L_Trg_Inj 0.0000e+00 (0.0000e+00)	Loss Disc 0.0000e+00 (0.0000e+00)	Loss Pred 5.1555e-01 (5.2242e-01)	Loss TOTAL 5.1555e-01 (5.2331e-01)
Epoch: [4][250/496]	L_Src_Sup 0.0000e+00 (1.7800e-03)	L_Trg_Inj 0.0000e+00 (0.0000e+00)	Loss Disc 0.0000e+00 (0.0000e+00)	Loss Pred 5.8540e-01 (5.2240e-01)	Loss TOTAL 5.8540e-01 (5.2329e-01)
Epoch: [4][260/496]	L_Src_Sup 0.0000e+00 (1.7115e-03)	L_Trg_Inj 0.0000e+00 (0.0000e+00)	Loss Disc 0.0000e+00 (0.0000e+00)	Loss Pred 5.2182e-01 (5.2275e-01)	Loss TOTAL 5.2182e-01 (5.2360e-01)
Epoch: [4][270/496]	L_Src_Sup 0.0000e+00 (1.6481e-03)	L_Trg_Inj 0.0000e+00 (0.0000e+00)	Loss Disc 0.0000e+00 (0.0000e+00)	Loss Pred 4.8422e-01 (5.2271e-01)	Loss TOTAL 4.8422e-01 (5.2353e-01)
Epoch: [4][280/496]	L_Src_Sup 1.9417e-02 (1.7229e-03)	L_Trg_Inj 0.0000e+00 (0.0000e+00)	Loss Disc 0.0000e+00 (0.0000e+00)	Loss Pred 5.4083e-01 (5.2277e-01)	Loss TOTAL 5.5054e-01 (5.2363e-01)
Epoch: [4][290/496]	L_Src_Sup 0.0000e+00 (1.7332e-03)	L_Trg_Inj 0.0000e+00 (0.0000e+00)	Loss Disc 0.0000e+00 (0.0000e+00)	Loss Pred 5.2184e-01 (5.2317e-01)	Loss TOTAL 5.2184e-01 (5.2404e-01)
Epoch: [4][300/496]	L_Src_Sup 0.0000e+00 (1.6754e-03)	L_Trg_Inj 0.0000e+00 (0.0000e+00)	Loss Disc 0.0000e+00 (0.0000e+00)	Loss Pred 4.6573e-01 (5.2328e-01)	Loss TOTAL 4.6573e-01 (5.2412e-01)
Epoch: [4][310/496]	L_Src_Sup 0.0000e+00 (1.7420e-03)	L_Trg_Inj 0.0000e+00 (0.0000e+00)	Loss Disc 0.0000e+00 (0.0000e+00)	Loss Pred 4.9093e-01 (5.2289e-01)	Loss TOTAL 4.9093e-01 (5.2376e-01)
Epoch: [4][320/496]	L_Src_Sup 0.0000e+00 (4.6646e-03)	L_Trg_Inj 0.0000e+00 (0.0000e+00)	Loss Disc 0.0000e+00 (0.0000e+00)	Loss Pred 5.2422e-01 (5.2274e-01)	Loss TOTAL 5.2422e-01 (5.2507e-01)
Epoch: [4][330/496]	L_Src_Sup 0.0000e+00 (4.6333e-03)	L_Trg_Inj 0.0000e+00 (0.0000e+00)	Loss Disc 0.0000e+00 (0.0000e+00)	Loss Pred 5.5328e-01 (5.2269e-01)	Loss TOTAL 5.5328e-01 (5.2501e-01)
Epoch: [4][340/496]	L_Src_Sup 1.6608e-01 (5.0007e-03)	L_Trg_Inj 0.0000e+00 (0.0000e+00)	Loss Disc 0.0000e+00 (0.0000e+00)	Loss Pred 5.3266e-01 (5.2252e-01)	Loss TOTAL 6.1570e-01 (5.2502e-01)
Epoch: [4][350/496]	L_Src_Sup 0.0000e+00 (4.9867e-03)	L_Trg_Inj 0.0000e+00 (0.0000e+00)	Loss Disc 0.0000e+00 (0.0000e+00)	Loss Pred 5.0928e-01 (5.2248e-01)	Loss TOTAL 5.0928e-01 (5.2497e-01)
Epoch: [4][360/496]	L_Src_Sup 0.0000e+00 (4.8996e-03)	L_Trg_Inj 0.0000e+00 (0.0000e+00)	Loss Disc 0.0000e+00 (0.0000e+00)	Loss Pred 5.2835e-01 (5.2280e-01)	Loss TOTAL 5.2835e-01 (5.2525e-01)
Epoch: [4][370/496]	L_Src_Sup 1.3191e-02 (4.9293e-03)	L_Trg_Inj 0.0000e+00 (0.0000e+00)	Loss Disc 0.0000e+00 (0.0000e+00)	Loss Pred 4.9672e-01 (5.2283e-01)	Loss TOTAL 5.0331e-01 (5.2529e-01)
Epoch: [4][380/496]	L_Src_Sup 0.0000e+00 (4.8941e-03)	L_Trg_Inj 0.0000e+00 (0.0000e+00)	Loss Disc 0.0000e+00 (0.0000e+00)	Loss Pred 5.6464e-01 (5.2295e-01)	Loss TOTAL 5.6464e-01 (5.2540e-01)
Epoch: [4][390/496]	L_Src_Sup 0.0000e+00 (4.8165e-03)	L_Trg_Inj 0.0000e+00 (0.0000e+00)	Loss Disc 0.0000e+00 (0.0000e+00)	Loss Pred 5.0941e-01 (5.2300e-01)	Loss TOTAL 5.0941e-01 (5.2541e-01)
Epoch: [4][400/496]	L_Src_Sup 0.0000e+00 (4.6961e-03)	L_Trg_Inj 0.0000e+00 (0.0000e+00)	Loss Disc 0.0000e+00 (0.0000e+00)	Loss Pred 5.4705e-01 (5.2333e-01)	Loss TOTAL 5.4705e-01 (5.2568e-01)
Epoch: [4][410/496]	L_Src_Sup 0.0000e+00 (4.5816e-03)	L_Trg_Inj 0.0000e+00 (0.0000e+00)	Loss Disc 0.0000e+00 (0.0000e+00)	Loss Pred 4.9684e-01 (5.2312e-01)	Loss TOTAL 4.9684e-01 (5.2541e-01)
Epoch: [4][420/496]	L_Src_Sup 0.0000e+00 (4.4725e-03)	L_Trg_Inj 0.0000e+00 (0.0000e+00)	Loss Disc 0.0000e+00 (0.0000e+00)	Loss Pred 5.2209e-01 (5.2326e-01)	Loss TOTAL 5.2209e-01 (5.2550e-01)
Epoch: [4][430/496]	L_Src_Sup 0.0000e+00 (4.4107e-03)	L_Trg_Inj 0.0000e+00 (0.0000e+00)	Loss Disc 0.0000e+00 (0.0000e+00)	Loss Pred 5.2183e-01 (5.2339e-01)	Loss TOTAL 5.2183e-01 (5.2560e-01)
Epoch: [4][440/496]	L_Src_Sup 0.0000e+00 (4.3105e-03)	L_Trg_Inj 0.0000e+00 (0.0000e+00)	Loss Disc 0.0000e+00 (0.0000e+00)	Loss Pred 5.0947e-01 (5.2366e-01)	Loss TOTAL 5.0947e-01 (5.2582e-01)
Epoch: [4][450/496]	L_Src_Sup 0.0000e+00 (4.2147e-03)	L_Trg_Inj 0.0000e+00 (0.0000e+00)	Loss Disc 0.0000e+00 (0.0000e+00)	Loss Pred 4.9045e-01 (5.2347e-01)	Loss TOTAL 4.9045e-01 (5.2558e-01)
Epoch: [4][460/496]	L_Src_Sup 0.0000e+00 (4.2489e-03)	L_Trg_Inj 0.0000e+00 (0.0000e+00)	Loss Disc 0.0000e+00 (0.0000e+00)	Loss Pred 5.2879e-01 (5.2351e-01)	Loss TOTAL 5.2879e-01 (5.2564e-01)
Epoch: [4][470/496]	L_Src_Sup 0.0000e+00 (4.1959e-03)	L_Trg_Inj 0.0000e+00 (0.0000e+00)	Loss Disc 0.0000e+00 (0.0000e+00)	Loss Pred 5.0313e-01 (5.2335e-01)	Loss TOTAL 5.0313e-01 (5.2545e-01)
Epoch: [4][480/496]	L_Src_Sup 3.5712e-02 (4.1829e-03)	L_Trg_Inj 0.0000e+00 (0.0000e+00)	Loss Disc 0.0000e+00 (0.0000e+00)	Loss Pred 4.8423e-01 (5.2351e-01)	Loss TOTAL 5.0208e-01 (5.2560e-01)
Epoch: [4][490/496]	L_Src_Sup 0.0000e+00 (4.0975e-03)	L_Trg_Inj 0.0000e+00 (0.0000e+00)	Loss Disc 0.0000e+00 (0.0000e+00)	Loss Pred 4.8430e-01 (5.2339e-01)	Loss TOTAL 4.8430e-01 (5.2544e-01)
Epoch: [4][496/496]	L_Src_Sup 0.0000e+00 (4.0980e-03)	L_Trg_Inj 0.0000e+00 (0.0000e+00)	Loss Disc 0.0000e+00 (0.0000e+00)	Loss Pred 5.0917e-01 (5.2339e-01)	Loss TOTAL 5.0917e-01 (5.2544e-01)
Epoch 4 complete. Saving model state...
Epoch: [5][ 10/496]	L_Src_Sup 0.0000e+00 (0.0000e+00)	L_Trg_Inj 0.0000e+00 (0.0000e+00)	Loss Disc 0.0000e+00 (0.0000e+00)	Loss Pred 5.2294e-01 (5.2032e-01)	Loss TOTAL 5.2294e-01 (5.2032e-01)
Epoch: [5][ 20/496]	L_Src_Sup 0.0000e+00 (9.0909e-04)	L_Trg_Inj 0.0000e+00 (0.0000e+00)	Loss Disc 0.0000e+00 (0.0000e+00)	Loss Pred 5.5989e-01 (5.1968e-01)	Loss TOTAL 5.5989e-01 (5.2014e-01)
Epoch: [5][ 30/496]	L_Src_Sup 0.0000e+00 (1.2028e-03)	L_Trg_Inj 0.0000e+00 (0.0000e+00)	Loss Disc 0.0000e+00 (0.0000e+00)	Loss Pred 5.7899e-01 (5.1861e-01)	Loss TOTAL 5.7899e-01 (5.1922e-01)
Epoch: [5][ 40/496]	L_Src_Sup 0.0000e+00 (2.7309e-03)	L_Trg_Inj 0.0000e+00 (0.0000e+00)	Loss Disc 0.0000e+00 (0.0000e+00)	Loss Pred 4.8386e-01 (5.1506e-01)	Loss TOTAL 4.8386e-01 (5.1643e-01)
Epoch: [5][ 50/496]	L_Src_Sup 0.0000e+00 (2.1847e-03)	L_Trg_Inj 0.0000e+00 (0.0000e+00)	Loss Disc 0.0000e+00 (0.0000e+00)	Loss Pred 4.9693e-01 (5.1699e-01)	Loss TOTAL 4.9693e-01 (5.1808e-01)
Epoch: [5][ 60/496]	L_Src_Sup 0.0000e+00 (2.3262e-03)	L_Trg_Inj 0.0000e+00 (0.0000e+00)	Loss Disc 0.0000e+00 (0.0000e+00)	Loss Pred 5.0941e-01 (5.1997e-01)	Loss TOTAL 5.0941e-01 (5.2114e-01)
Epoch: [5][ 70/496]	L_Src_Sup 0.0000e+00 (2.2796e-03)	L_Trg_Inj 0.0000e+00 (0.0000e+00)	Loss Disc 0.0000e+00 (0.0000e+00)	Loss Pred 5.8039e-01 (5.2056e-01)	Loss TOTAL 5.8039e-01 (5.2170e-01)
Epoch: [5][ 80/496]	L_Src_Sup 0.0000e+00 (1.9947e-03)	L_Trg_Inj 0.0000e+00 (0.0000e+00)	Loss Disc 0.0000e+00 (0.0000e+00)	Loss Pred 5.0292e-01 (5.2227e-01)	Loss TOTAL 5.0292e-01 (5.2326e-01)
Epoch: [5][ 90/496]	L_Src_Sup 0.0000e+00 (1.7731e-03)	L_Trg_Inj 0.0000e+00 (0.0000e+00)	Loss Disc 0.0000e+00 (0.0000e+00)	Loss Pred 5.1554e-01 (5.2268e-01)	Loss TOTAL 5.1554e-01 (5.2357e-01)
Epoch: [5][100/496]	L_Src_Sup 0.0000e+00 (1.7809e-03)	L_Trg_Inj 0.0000e+00 (0.0000e+00)	Loss Disc 0.0000e+00 (0.0000e+00)	Loss Pred 5.2180e-01 (5.2272e-01)	Loss TOTAL 5.2180e-01 (5.2361e-01)
Epoch: [5][110/496]	L_Src_Sup 0.0000e+00 (1.6190e-03)	L_Trg_Inj 0.0000e+00 (0.0000e+00)	Loss Disc 0.0000e+00 (0.0000e+00)	Loss Pred 5.1595e-01 (5.2244e-01)	Loss TOTAL 5.1595e-01 (5.2325e-01)
Epoch: [5][120/496]	L_Src_Sup 0.0000e+00 (1.8029e-03)	L_Trg_Inj 0.0000e+00 (0.0000e+00)	Loss Disc 0.0000e+00 (0.0000e+00)	Loss Pred 4.7777e-01 (5.2201e-01)	Loss TOTAL 4.7777e-01 (5.2291e-01)
Epoch: [5][130/496]	L_Src_Sup 0.0000e+00 (1.6643e-03)	L_Trg_Inj 0.0000e+00 (0.0000e+00)	Loss Disc 0.0000e+00 (0.0000e+00)	Loss Pred 5.2241e-01 (5.2120e-01)	Loss TOTAL 5.2241e-01 (5.2203e-01)
Epoch: [5][140/496]	L_Src_Sup 0.0000e+00 (1.5454e-03)	L_Trg_Inj 0.0000e+00 (0.0000e+00)	Loss Disc 0.0000e+00 (0.0000e+00)	Loss Pred 5.4756e-01 (5.2158e-01)	Loss TOTAL 5.4756e-01 (5.2235e-01)
Epoch: [5][150/496]	L_Src_Sup 0.0000e+00 (1.4424e-03)	L_Trg_Inj 0.0000e+00 (0.0000e+00)	Loss Disc 0.0000e+00 (0.0000e+00)	Loss Pred 5.2210e-01 (5.2149e-01)	Loss TOTAL 5.2210e-01 (5.2222e-01)
Epoch: [5][160/496]	L_Src_Sup 0.0000e+00 (1.5837e-03)	L_Trg_Inj 0.0000e+00 (0.0000e+00)	Loss Disc 0.0000e+00 (0.0000e+00)	Loss Pred 5.1091e-01 (5.2064e-01)	Loss TOTAL 5.1091e-01 (5.2143e-01)
Epoch: [5][170/496]	L_Src_Sup 0.0000e+00 (1.4906e-03)	L_Trg_Inj 0.0000e+00 (0.0000e+00)	Loss Disc 0.0000e+00 (0.0000e+00)	Loss Pred 5.4699e-01 (5.2190e-01)	Loss TOTAL 5.4699e-01 (5.2265e-01)
Epoch: [5][180/496]	L_Src_Sup 0.0000e+00 (1.4077e-03)	L_Trg_Inj 0.0000e+00 (0.0000e+00)	Loss Disc 0.0000e+00 (0.0000e+00)	Loss Pred 5.7235e-01 (5.2191e-01)	Loss TOTAL 5.7235e-01 (5.2262e-01)
Epoch: [5][190/496]	L_Src_Sup 0.0000e+00 (1.3337e-03)	L_Trg_Inj 0.0000e+00 (0.0000e+00)	Loss Disc 0.0000e+00 (0.0000e+00)	Loss Pred 5.7230e-01 (5.2196e-01)	Loss TOTAL 5.7230e-01 (5.2263e-01)
Epoch: [5][200/496]	L_Src_Sup 0.0000e+00 (1.3622e-03)	L_Trg_Inj 0.0000e+00 (0.0000e+00)	Loss Disc 0.0000e+00 (0.0000e+00)	Loss Pred 5.0940e-01 (5.2197e-01)	Loss TOTAL 5.0940e-01 (5.2265e-01)
Epoch: [5][210/496]	L_Src_Sup 0.0000e+00 (1.2973e-03)	L_Trg_Inj 0.0000e+00 (0.0000e+00)	Loss Disc 0.0000e+00 (0.0000e+00)	Loss Pred 5.5351e-01 (5.2189e-01)	Loss TOTAL 5.5351e-01 (5.2254e-01)
Epoch: [5][220/496]	L_Src_Sup 0.0000e+00 (1.2384e-03)	L_Trg_Inj 0.0000e+00 (0.0000e+00)	Loss Disc 0.0000e+00 (0.0000e+00)	Loss Pred 5.0931e-01 (5.2164e-01)	Loss TOTAL 5.0931e-01 (5.2226e-01)
Epoch: [5][230/496]	L_Src_Sup 0.0000e+00 (1.3384e-03)	L_Trg_Inj 0.0000e+00 (0.0000e+00)	Loss Disc 0.0000e+00 (0.0000e+00)	Loss Pred 4.9039e-01 (5.2172e-01)	Loss TOTAL 4.9039e-01 (5.2239e-01)
Epoch: [5][240/496]	L_Src_Sup 0.0000e+00 (1.2826e-03)	L_Trg_Inj 0.0000e+00 (0.0000e+00)	Loss Disc 0.0000e+00 (0.0000e+00)	Loss Pred 4.9052e-01 (5.2089e-01)	Loss TOTAL 4.9052e-01 (5.2153e-01)
Epoch: [5][250/496]	L_Src_Sup 0.0000e+00 (1.3095e-03)	L_Trg_Inj 0.0000e+00 (0.0000e+00)	Loss Disc 0.0000e+00 (0.0000e+00)	Loss Pred 5.7244e-01 (5.2109e-01)	Loss TOTAL 5.7244e-01 (5.2175e-01)
Epoch: [5][260/496]	L_Src_Sup 0.0000e+00 (1.2591e-03)	L_Trg_Inj 0.0000e+00 (0.0000e+00)	Loss Disc 0.0000e+00 (0.0000e+00)	Loss Pred 5.5953e-01 (5.2219e-01)	Loss TOTAL 5.5953e-01 (5.2282e-01)
Epoch: [5][270/496]	L_Src_Sup 0.0000e+00 (1.3124e-03)	L_Trg_Inj 0.0000e+00 (0.0000e+00)	Loss Disc 0.0000e+00 (0.0000e+00)	Loss Pred 5.4169e-01 (5.2229e-01)	Loss TOTAL 5.4169e-01 (5.2294e-01)
Epoch: [5][280/496]	L_Src_Sup 0.0000e+00 (1.3978e-03)	L_Trg_Inj 0.0000e+00 (0.0000e+00)	Loss Disc 0.0000e+00 (0.0000e+00)	Loss Pred 5.3476e-01 (5.2232e-01)	Loss TOTAL 5.3476e-01 (5.2302e-01)
Epoch: [5][290/496]	L_Src_Sup 0.0000e+00 (1.4166e-03)	L_Trg_Inj 0.0000e+00 (0.0000e+00)	Loss Disc 0.0000e+00 (0.0000e+00)	Loss Pred 4.8517e-01 (5.2213e-01)	Loss TOTAL 4.8517e-01 (5.2284e-01)
Epoch: [5][300/496]	L_Src_Sup 0.0000e+00 (1.4289e-03)	L_Trg_Inj 0.0000e+00 (0.0000e+00)	Loss Disc 0.0000e+00 (0.0000e+00)	Loss Pred 5.5344e-01 (5.2278e-01)	Loss TOTAL 5.5344e-01 (5.2349e-01)
Epoch: [5][310/496]	L_Src_Sup 0.0000e+00 (1.3828e-03)	L_Trg_Inj 0.0000e+00 (0.0000e+00)	Loss Disc 0.0000e+00 (0.0000e+00)	Loss Pred 4.9673e-01 (5.2241e-01)	Loss TOTAL 4.9673e-01 (5.2310e-01)
Epoch: [5][320/496]	L_Src_Sup 0.0000e+00 (1.3396e-03)	L_Trg_Inj 0.0000e+00 (0.0000e+00)	Loss Disc 0.0000e+00 (0.0000e+00)	Loss Pred 5.6608e-01 (5.2211e-01)	Loss TOTAL 5.6608e-01 (5.2278e-01)
Epoch: [5][330/496]	L_Src_Sup 0.0000e+00 (1.2990e-03)	L_Trg_Inj 0.0000e+00 (0.0000e+00)	Loss Disc 0.0000e+00 (0.0000e+00)	Loss Pred 5.2204e-01 (5.2242e-01)	Loss TOTAL 5.2204e-01 (5.2307e-01)
Epoch: [5][340/496]	L_Src_Sup 0.0000e+00 (1.2608e-03)	L_Trg_Inj 0.0000e+00 (0.0000e+00)	Loss Disc 0.0000e+00 (0.0000e+00)	Loss Pred 5.3449e-01 (5.2230e-01)	Loss TOTAL 5.3449e-01 (5.2293e-01)
Epoch: [5][350/496]	L_Src_Sup 0.0000e+00 (1.2787e-03)	L_Trg_Inj 0.0000e+00 (0.0000e+00)	Loss Disc 0.0000e+00 (0.0000e+00)	Loss Pred 5.0346e-01 (5.2185e-01)	Loss TOTAL 5.0346e-01 (5.2249e-01)
Epoch: [5][360/496]	L_Src_Sup 1.9047e-02 (1.2961e-03)	L_Trg_Inj 0.0000e+00 (0.0000e+00)	Loss Disc 0.0000e+00 (0.0000e+00)	Loss Pred 5.2817e-01 (5.2238e-01)	Loss TOTAL 5.3769e-01 (5.2303e-01)
Epoch: [5][370/496]	L_Src_Sup 0.0000e+00 (1.2610e-03)	L_Trg_Inj 0.0000e+00 (0.0000e+00)	Loss Disc 0.0000e+00 (0.0000e+00)	Loss Pred 5.4082e-01 (5.2262e-01)	Loss TOTAL 5.4082e-01 (5.2325e-01)
Epoch: [5][380/496]	L_Src_Sup 0.0000e+00 (1.2279e-03)	L_Trg_Inj 0.0000e+00 (0.0000e+00)	Loss Disc 0.0000e+00 (0.0000e+00)	Loss Pred 5.6618e-01 (5.2280e-01)	Loss TOTAL 5.6618e-01 (5.2342e-01)
Epoch: [5][390/496]	L_Src_Sup 0.0000e+00 (1.2428e-03)	L_Trg_Inj 0.0000e+00 (0.0000e+00)	Loss Disc 0.0000e+00 (0.0000e+00)	Loss Pred 5.4726e-01 (5.2283e-01)	Loss TOTAL 5.4726e-01 (5.2346e-01)
Epoch: [5][400/496]	L_Src_Sup 0.0000e+00 (1.2971e-03)	L_Trg_Inj 0.0000e+00 (0.0000e+00)	Loss Disc 0.0000e+00 (0.0000e+00)	Loss Pred 5.2220e-01 (5.2290e-01)	Loss TOTAL 5.2220e-01 (5.2355e-01)
Epoch: [5][410/496]	L_Src_Sup 0.0000e+00 (1.2654e-03)	L_Trg_Inj 0.0000e+00 (0.0000e+00)	Loss Disc 0.0000e+00 (0.0000e+00)	Loss Pred 5.2430e-01 (5.2330e-01)	Loss TOTAL 5.2430e-01 (5.2393e-01)
Epoch: [5][420/496]	L_Src_Sup 1.8692e-02 (1.2798e-03)	L_Trg_Inj 0.0000e+00 (0.0000e+00)	Loss Disc 0.0000e+00 (0.0000e+00)	Loss Pred 5.1575e-01 (5.2297e-01)	Loss TOTAL 5.2509e-01 (5.2361e-01)
Epoch: [5][430/496]	L_Src_Sup 0.0000e+00 (1.2501e-03)	L_Trg_Inj 0.0000e+00 (0.0000e+00)	Loss Disc 0.0000e+00 (0.0000e+00)	Loss Pred 5.0318e-01 (5.2307e-01)	Loss TOTAL 5.0318e-01 (5.2369e-01)
Epoch: [5][440/496]	L_Src_Sup 0.0000e+00 (1.3099e-03)	L_Trg_Inj 0.0000e+00 (0.0000e+00)	Loss Disc 0.0000e+00 (0.0000e+00)	Loss Pred 4.8426e-01 (5.2289e-01)	Loss TOTAL 4.8426e-01 (5.2355e-01)
Epoch: [5][450/496]	L_Src_Sup 1.7857e-02 (1.3205e-03)	L_Trg_Inj 0.0000e+00 (0.0000e+00)	Loss Disc 0.0000e+00 (0.0000e+00)	Loss Pred 4.8491e-01 (5.2270e-01)	Loss TOTAL 4.9384e-01 (5.2336e-01)
Epoch: [5][460/496]	L_Src_Sup 0.0000e+00 (1.2918e-03)	L_Trg_Inj 0.0000e+00 (0.0000e+00)	Loss Disc 0.0000e+00 (0.0000e+00)	Loss Pred 5.7274e-01 (5.2280e-01)	Loss TOTAL 5.7274e-01 (5.2344e-01)
Epoch: [5][470/496]	L_Src_Sup 0.0000e+00 (1.3056e-03)	L_Trg_Inj 0.0000e+00 (0.0000e+00)	Loss Disc 0.0000e+00 (0.0000e+00)	Loss Pred 5.3468e-01 (5.2300e-01)	Loss TOTAL 5.3468e-01 (5.2365e-01)
Epoch: [5][480/496]	L_Src_Sup 0.0000e+00 (1.2784e-03)	L_Trg_Inj 0.0000e+00 (0.0000e+00)	Loss Disc 0.0000e+00 (0.0000e+00)	Loss Pred 4.9045e-01 (5.2297e-01)	Loss TOTAL 4.9045e-01 (5.2361e-01)
Epoch: [5][490/496]	L_Src_Sup 1.8558e-02 (1.3283e-03)	L_Trg_Inj 0.0000e+00 (0.0000e+00)	Loss Disc 0.0000e+00 (0.0000e+00)	Loss Pred 5.1580e-01 (5.2284e-01)	Loss TOTAL 5.2508e-01 (5.2350e-01)
Epoch: [5][496/496]	L_Src_Sup 0.0000e+00 (1.3123e-03)	L_Trg_Inj 0.0000e+00 (0.0000e+00)	Loss Disc 0.0000e+00 (0.0000e+00)	Loss Pred 5.5336e-01 (5.2299e-01)	Loss TOTAL 5.5336e-01 (5.2365e-01)
Epoch 5 complete. Saving model state...
Epoch: [6][ 10/496]	L_Src_Sup 0.0000e+00 (0.0000e+00)	L_Trg_Inj 0.0000e+00 (0.0000e+00)	Loss Disc 0.0000e+00 (0.0000e+00)	Loss Pred 5.3473e-01 (5.2005e-01)	Loss TOTAL 5.3473e-01 (5.2005e-01)
Epoch: [6][ 20/496]	L_Src_Sup 0.0000e+00 (0.0000e+00)	L_Trg_Inj 0.0000e+00 (0.0000e+00)	Loss Disc 0.0000e+00 (0.0000e+00)	Loss Pred 5.2264e-01 (5.2427e-01)	Loss TOTAL 5.2264e-01 (5.2427e-01)
Epoch: [6][ 30/496]	L_Src_Sup 0.0000e+00 (6.4725e-04)	L_Trg_Inj 0.0000e+00 (0.0000e+00)	Loss Disc 0.0000e+00 (0.0000e+00)	Loss Pred 5.9751e-01 (5.2833e-01)	Loss TOTAL 5.9751e-01 (5.2865e-01)
Epoch: [6][ 40/496]	L_Src_Sup 0.0000e+00 (9.7142e-04)	L_Trg_Inj 0.0000e+00 (0.0000e+00)	Loss Disc 0.0000e+00 (0.0000e+00)	Loss Pred 4.6623e-01 (5.2768e-01)	Loss TOTAL 4.6623e-01 (5.2817e-01)
Epoch: [6][ 50/496]	L_Src_Sup 0.0000e+00 (1.1567e-03)	L_Trg_Inj 0.0000e+00 (0.0000e+00)	Loss Disc 0.0000e+00 (0.0000e+00)	Loss Pred 5.4801e-01 (5.2961e-01)	Loss TOTAL 5.4801e-01 (5.3019e-01)
Epoch: [6][ 60/496]	L_Src_Sup 0.0000e+00 (9.6388e-04)	L_Trg_Inj 0.0000e+00 (0.0000e+00)	Loss Disc 0.0000e+00 (0.0000e+00)	Loss Pred 4.8408e-01 (5.2805e-01)	Loss TOTAL 4.8408e-01 (5.2853e-01)
Epoch: [6][ 70/496]	L_Src_Sup 0.0000e+00 (8.2618e-04)	L_Trg_Inj 0.0000e+00 (0.0000e+00)	Loss Disc 0.0000e+00 (0.0000e+00)	Loss Pred 5.5376e-01 (5.2640e-01)	Loss TOTAL 5.5376e-01 (5.2681e-01)
Epoch: [6][ 80/496]	L_Src_Sup 0.0000e+00 (7.2291e-04)	L_Trg_Inj 0.0000e+00 (0.0000e+00)	Loss Disc 0.0000e+00 (0.0000e+00)	Loss Pred 5.4711e-01 (5.2665e-01)	Loss TOTAL 5.4711e-01 (5.2701e-01)
Epoch: [6][ 90/496]	L_Src_Sup 0.0000e+00 (6.4259e-04)	L_Trg_Inj 0.0000e+00 (0.0000e+00)	Loss Disc 0.0000e+00 (0.0000e+00)	Loss Pred 5.0985e-01 (5.2441e-01)	Loss TOTAL 5.0985e-01 (5.2473e-01)
Epoch: [6][100/496]	L_Src_Sup 0.0000e+00 (5.7833e-04)	L_Trg_Inj 0.0000e+00 (0.0000e+00)	Loss Disc 0.0000e+00 (0.0000e+00)	Loss Pred 4.9055e-01 (5.2423e-01)	Loss TOTAL 4.9055e-01 (5.2452e-01)
Epoch: [6][110/496]	L_Src_Sup 5.6208e-02 (3.0475e-03)	L_Trg_Inj 0.0000e+00 (0.0000e+00)	Loss Disc 0.0000e+00 (0.0000e+00)	Loss Pred 5.3635e-01 (5.2405e-01)	Loss TOTAL 5.6446e-01 (5.2557e-01)
Epoch: [6][120/496]	L_Src_Sup 0.0000e+00 (3.3985e-03)	L_Trg_Inj 0.0000e+00 (0.0000e+00)	Loss Disc 0.0000e+00 (0.0000e+00)	Loss Pred 5.1558e-01 (5.2313e-01)	Loss TOTAL 5.1558e-01 (5.2483e-01)
Epoch: [6][130/496]	L_Src_Sup 0.0000e+00 (3.3007e-03)	L_Trg_Inj 0.0000e+00 (0.0000e+00)	Loss Disc 0.0000e+00 (0.0000e+00)	Loss Pred 5.4084e-01 (5.2290e-01)	Loss TOTAL 5.4084e-01 (5.2455e-01)
Epoch: [6][140/496]	L_Src_Sup 0.0000e+00 (3.0650e-03)	L_Trg_Inj 0.0000e+00 (0.0000e+00)	Loss Disc 0.0000e+00 (0.0000e+00)	Loss Pred 4.9048e-01 (5.2370e-01)	Loss TOTAL 4.9048e-01 (5.2523e-01)
Epoch: [6][150/496]	L_Src_Sup 0.0000e+00 (2.8606e-03)	L_Trg_Inj 0.0000e+00 (0.0000e+00)	Loss Disc 0.0000e+00 (0.0000e+00)	Loss Pred 4.8390e-01 (5.2372e-01)	Loss TOTAL 4.8390e-01 (5.2515e-01)
Epoch: [6][160/496]	L_Src_Sup 0.0000e+00 (3.0312e-03)	L_Trg_Inj 0.0000e+00 (0.0000e+00)	Loss Disc 0.0000e+00 (0.0000e+00)	Loss Pred 5.0953e-01 (5.2454e-01)	Loss TOTAL 5.0953e-01 (5.2605e-01)
Epoch: [6][170/496]	L_Src_Sup 0.0000e+00 (2.9660e-03)	L_Trg_Inj 0.0000e+00 (0.0000e+00)	Loss Disc 0.0000e+00 (0.0000e+00)	Loss Pred 5.5345e-01 (5.2425e-01)	Loss TOTAL 5.5345e-01 (5.2573e-01)
Epoch: [6][180/496]	L_Src_Sup 0.0000e+00 (2.8012e-03)	L_Trg_Inj 0.0000e+00 (0.0000e+00)	Loss Disc 0.0000e+00 (0.0000e+00)	Loss Pred 5.2815e-01 (5.2459e-01)	Loss TOTAL 5.2815e-01 (5.2599e-01)
Epoch: [6][190/496]	L_Src_Sup 0.0000e+00 (2.8602e-03)	L_Trg_Inj 0.0000e+00 (0.0000e+00)	Loss Disc 0.0000e+00 (0.0000e+00)	Loss Pred 4.9660e-01 (5.2414e-01)	Loss TOTAL 4.9660e-01 (5.2557e-01)
Epoch: [6][200/496]	L_Src_Sup 0.0000e+00 (2.7172e-03)	L_Trg_Inj 0.0000e+00 (0.0000e+00)	Loss Disc 0.0000e+00 (0.0000e+00)	Loss Pred 4.9665e-01 (5.2388e-01)	Loss TOTAL 4.9665e-01 (5.2524e-01)
Epoch: [6][210/496]	L_Src_Sup 0.0000e+00 (2.5878e-03)	L_Trg_Inj 0.0000e+00 (0.0000e+00)	Loss Disc 0.0000e+00 (0.0000e+00)	Loss Pred 4.9052e-01 (5.2440e-01)	Loss TOTAL 4.9052e-01 (5.2569e-01)
Epoch: [6][220/496]	L_Src_Sup 0.0000e+00 (2.6502e-03)	L_Trg_Inj 0.0000e+00 (0.0000e+00)	Loss Disc 0.0000e+00 (0.0000e+00)	Loss Pred 4.9068e-01 (5.2449e-01)	Loss TOTAL 4.9068e-01 (5.2581e-01)
Epoch: [6][230/496]	L_Src_Sup 2.0408e-02 (2.7013e-03)	L_Trg_Inj 0.0000e+00 (0.0000e+00)	Loss Disc 0.0000e+00 (0.0000e+00)	Loss Pred 5.7256e-01 (5.2434e-01)	Loss TOTAL 5.8277e-01 (5.2569e-01)
Epoch: [6][240/496]	L_Src_Sup 0.0000e+00 (2.6625e-03)	L_Trg_Inj 0.0000e+00 (0.0000e+00)	Loss Disc 0.0000e+00 (0.0000e+00)	Loss Pred 5.0931e-01 (5.2413e-01)	Loss TOTAL 5.0931e-01 (5.2547e-01)
Epoch: [6][250/496]	L_Src_Sup 0.0000e+00 (2.7003e-03)	L_Trg_Inj 0.0000e+00 (0.0000e+00)	Loss Disc 0.0000e+00 (0.0000e+00)	Loss Pred 5.2834e-01 (5.2403e-01)	Loss TOTAL 5.2834e-01 (5.2538e-01)
Epoch: [6][260/496]	L_Src_Sup 1.8519e-02 (2.6676e-03)	L_Trg_Inj 0.0000e+00 (0.0000e+00)	Loss Disc 0.0000e+00 (0.0000e+00)	Loss Pred 5.0966e-01 (5.2429e-01)	Loss TOTAL 5.1892e-01 (5.2563e-01)
Epoch: [6][270/496]	L_Src_Sup 0.0000e+00 (2.7073e-03)	L_Trg_Inj 0.0000e+00 (0.0000e+00)	Loss Disc 0.0000e+00 (0.0000e+00)	Loss Pred 4.9696e-01 (5.2388e-01)	Loss TOTAL 4.9696e-01 (5.2523e-01)
Epoch: [6][280/496]	L_Src_Sup 0.0000e+00 (2.6820e-03)	L_Trg_Inj 0.0000e+00 (0.0000e+00)	Loss Disc 0.0000e+00 (0.0000e+00)	Loss Pred 5.5333e-01 (5.2447e-01)	Loss TOTAL 5.5333e-01 (5.2581e-01)
Epoch: [6][290/496]	L_Src_Sup 0.0000e+00 (2.7205e-03)	L_Trg_Inj 0.0000e+00 (0.0000e+00)	Loss Disc 0.0000e+00 (0.0000e+00)	Loss Pred 5.1545e-01 (5.2451e-01)	Loss TOTAL 5.1545e-01 (5.2587e-01)
Epoch: [6][300/496]	L_Src_Sup 1.8868e-02 (2.7644e-03)	L_Trg_Inj 0.0000e+00 (0.0000e+00)	Loss Disc 0.0000e+00 (0.0000e+00)	Loss Pred 5.2219e-01 (5.2430e-01)	Loss TOTAL 5.3163e-01 (5.2568e-01)
Epoch: [6][310/496]	L_Src_Sup 0.0000e+00 (2.7309e-03)	L_Trg_Inj 0.0000e+00 (0.0000e+00)	Loss Disc 0.0000e+00 (0.0000e+00)	Loss Pred 5.0308e-01 (5.2419e-01)	Loss TOTAL 5.0308e-01 (5.2556e-01)
Epoch: [6][320/496]	L_Src_Sup 0.0000e+00 (2.7068e-03)	L_Trg_Inj 0.0000e+00 (0.0000e+00)	Loss Disc 0.0000e+00 (0.0000e+00)	Loss Pred 5.1578e-01 (5.2405e-01)	Loss TOTAL 5.1578e-01 (5.2540e-01)
Epoch: [6][330/496]	L_Src_Sup 0.0000e+00 (2.6248e-03)	L_Trg_Inj 0.0000e+00 (0.0000e+00)	Loss Disc 0.0000e+00 (0.0000e+00)	Loss Pred 5.0309e-01 (5.2389e-01)	Loss TOTAL 5.0309e-01 (5.2521e-01)
Epoch: [6][340/496]	L_Src_Sup 0.0000e+00 (2.5476e-03)	L_Trg_Inj 0.0000e+00 (0.0000e+00)	Loss Disc 0.0000e+00 (0.0000e+00)	Loss Pred 4.9046e-01 (5.2349e-01)	Loss TOTAL 4.9046e-01 (5.2476e-01)
Epoch: [6][350/496]	L_Src_Sup 0.0000e+00 (2.5282e-03)	L_Trg_Inj 0.0000e+00 (0.0000e+00)	Loss Disc 0.0000e+00 (0.0000e+00)	Loss Pred 5.0956e-01 (5.2343e-01)	Loss TOTAL 5.0956e-01 (5.2470e-01)
Epoch: [6][360/496]	L_Src_Sup 0.0000e+00 (2.5075e-03)	L_Trg_Inj 0.0000e+00 (0.0000e+00)	Loss Disc 0.0000e+00 (0.0000e+00)	Loss Pred 5.3464e-01 (5.2340e-01)	Loss TOTAL 5.3464e-01 (5.2465e-01)
Epoch: [6][370/496]	L_Src_Sup 0.0000e+00 (2.4398e-03)	L_Trg_Inj 0.0000e+00 (0.0000e+00)	Loss Disc 0.0000e+00 (0.0000e+00)	Loss Pred 4.7773e-01 (5.2331e-01)	Loss TOTAL 4.7773e-01 (5.2453e-01)
Epoch: [6][380/496]	L_Src_Sup 0.0000e+00 (2.3756e-03)	L_Trg_Inj 0.0000e+00 (0.0000e+00)	Loss Disc 0.0000e+00 (0.0000e+00)	Loss Pred 5.0291e-01 (5.2362e-01)	Loss TOTAL 5.0291e-01 (5.2481e-01)
Epoch: [6][390/496]	L_Src_Sup 0.0000e+00 (2.4097e-03)	L_Trg_Inj 0.0000e+00 (0.0000e+00)	Loss Disc 0.0000e+00 (0.0000e+00)	Loss Pred 4.9687e-01 (5.2320e-01)	Loss TOTAL 4.9687e-01 (5.2441e-01)
Epoch: [6][400/496]	L_Src_Sup 0.0000e+00 (2.3959e-03)	L_Trg_Inj 0.0000e+00 (0.0000e+00)	Loss Disc 0.0000e+00 (0.0000e+00)	Loss Pred 5.5337e-01 (5.2316e-01)	Loss TOTAL 5.5337e-01 (5.2436e-01)
Epoch: [6][410/496]	L_Src_Sup 0.0000e+00 (2.5034e-03)	L_Trg_Inj 0.0000e+00 (0.0000e+00)	Loss Disc 0.0000e+00 (0.0000e+00)	Loss Pred 5.2807e-01 (5.2294e-01)	Loss TOTAL 5.2807e-01 (5.2420e-01)
Epoch: [6][420/496]	L_Src_Sup 0.0000e+00 (2.4771e-03)	L_Trg_Inj 0.0000e+00 (0.0000e+00)	Loss Disc 0.0000e+00 (0.0000e+00)	Loss Pred 5.4775e-01 (5.2316e-01)	Loss TOTAL 5.4775e-01 (5.2440e-01)
Epoch: [6][430/496]	L_Src_Sup 0.0000e+00 (2.4195e-03)	L_Trg_Inj 0.0000e+00 (0.0000e+00)	Loss Disc 0.0000e+00 (0.0000e+00)	Loss Pred 5.2182e-01 (5.2332e-01)	Loss TOTAL 5.2182e-01 (5.2453e-01)
Epoch: [6][440/496]	L_Src_Sup 0.0000e+00 (2.4070e-03)	L_Trg_Inj 0.0000e+00 (0.0000e+00)	Loss Disc 0.0000e+00 (0.0000e+00)	Loss Pred 5.4120e-01 (5.2307e-01)	Loss TOTAL 5.4120e-01 (5.2428e-01)
Epoch: [6][450/496]	L_Src_Sup 1.8692e-02 (2.3951e-03)	L_Trg_Inj 0.0000e+00 (0.0000e+00)	Loss Disc 0.0000e+00 (0.0000e+00)	Loss Pred 5.1546e-01 (5.2325e-01)	Loss TOTAL 5.2480e-01 (5.2445e-01)
Epoch: [6][460/496]	L_Src_Sup 0.0000e+00 (2.4196e-03)	L_Trg_Inj 0.0000e+00 (0.0000e+00)	Loss Disc 0.0000e+00 (0.0000e+00)	Loss Pred 4.9678e-01 (5.2306e-01)	Loss TOTAL 4.9678e-01 (5.2427e-01)
Epoch: [6][470/496]	L_Src_Sup 0.0000e+00 (2.4072e-03)	L_Trg_Inj 0.0000e+00 (0.0000e+00)	Loss Disc 0.0000e+00 (0.0000e+00)	Loss Pred 4.9027e-01 (5.2300e-01)	Loss TOTAL 4.9027e-01 (5.2420e-01)
Epoch: [6][480/496]	L_Src_Sup 0.0000e+00 (2.3571e-03)	L_Trg_Inj 0.0000e+00 (0.0000e+00)	Loss Disc 0.0000e+00 (0.0000e+00)	Loss Pred 5.7266e-01 (5.2311e-01)	Loss TOTAL 5.7266e-01 (5.2429e-01)
Epoch: [6][490/496]	L_Src_Sup 0.0000e+00 (2.3823e-03)	L_Trg_Inj 0.0000e+00 (0.0000e+00)	Loss Disc 0.0000e+00 (0.0000e+00)	Loss Pred 5.3443e-01 (5.2299e-01)	Loss TOTAL 5.3443e-01 (5.2418e-01)
Epoch: [6][496/496]	L_Src_Sup 0.0000e+00 (2.3535e-03)	L_Trg_Inj 0.0000e+00 (0.0000e+00)	Loss Disc 0.0000e+00 (0.0000e+00)	Loss Pred 5.3478e-01 (5.2308e-01)	Loss TOTAL 5.3478e-01 (5.2426e-01)
Epoch 6 complete. Saving model state...
Epoch: [7][ 10/496]	L_Src_Sup 0.0000e+00 (2.0202e-03)	L_Trg_Inj 0.0000e+00 (0.0000e+00)	Loss Disc 0.0000e+00 (0.0000e+00)	Loss Pred 5.3460e-01 (5.1951e-01)	Loss TOTAL 5.3460e-01 (5.2052e-01)
Epoch: [7][ 20/496]	L_Src_Sup 0.0000e+00 (2.8969e-03)	L_Trg_Inj 0.0000e+00 (0.0000e+00)	Loss Disc 0.0000e+00 (0.0000e+00)	Loss Pred 4.9050e-01 (5.1852e-01)	Loss TOTAL 4.9050e-01 (5.1997e-01)
Epoch: [7][ 30/496]	L_Src_Sup 0.0000e+00 (1.9313e-03)	L_Trg_Inj 0.0000e+00 (0.0000e+00)	Loss Disc 0.0000e+00 (0.0000e+00)	Loss Pred 5.5338e-01 (5.2199e-01)	Loss TOTAL 5.5338e-01 (5.2296e-01)
Epoch: [7][ 40/496]	L_Src_Sup 1.9417e-02 (2.8729e-03)	L_Trg_Inj 0.0000e+00 (0.0000e+00)	Loss Disc 0.0000e+00 (0.0000e+00)	Loss Pred 5.4069e-01 (5.2437e-01)	Loss TOTAL 5.5040e-01 (5.2581e-01)
Epoch: [7][ 50/496]	L_Src_Sup 0.0000e+00 (2.2983e-03)	L_Trg_Inj 0.0000e+00 (0.0000e+00)	Loss Disc 0.0000e+00 (0.0000e+00)	Loss Pred 4.9059e-01 (5.2188e-01)	Loss TOTAL 4.9059e-01 (5.2303e-01)
Epoch: [7][ 60/496]	L_Src_Sup 0.0000e+00 (2.5236e-03)	L_Trg_Inj 0.0000e+00 (0.0000e+00)	Loss Disc 0.0000e+00 (0.0000e+00)	Loss Pred 5.2810e-01 (5.2309e-01)	Loss TOTAL 5.2810e-01 (5.2435e-01)
Epoch: [7][ 70/496]	L_Src_Sup 1.2016e-02 (2.3348e-03)	L_Trg_Inj 0.0000e+00 (0.0000e+00)	Loss Disc 0.0000e+00 (0.0000e+00)	Loss Pred 4.7795e-01 (5.2293e-01)	Loss TOTAL 4.8396e-01 (5.2409e-01)
Epoch: [7][ 80/496]	L_Src_Sup 0.0000e+00 (2.2744e-03)	L_Trg_Inj 0.0000e+00 (0.0000e+00)	Loss Disc 0.0000e+00 (0.0000e+00)	Loss Pred 4.9086e-01 (5.2086e-01)	Loss TOTAL 4.9086e-01 (5.2200e-01)
Epoch: [7][ 90/496]	L_Src_Sup 0.0000e+00 (2.0217e-03)	L_Trg_Inj 0.0000e+00 (0.0000e+00)	Loss Disc 0.0000e+00 (0.0000e+00)	Loss Pred 4.9665e-01 (5.2141e-01)	Loss TOTAL 4.9665e-01 (5.2242e-01)
Epoch: [7][100/496]	L_Src_Sup 0.0000e+00 (1.8195e-03)	L_Trg_Inj 0.0000e+00 (0.0000e+00)	Loss Disc 0.0000e+00 (0.0000e+00)	Loss Pred 5.1659e-01 (5.2211e-01)	Loss TOTAL 5.1659e-01 (5.2302e-01)
Epoch: [7][110/496]	L_Src_Sup 0.0000e+00 (1.6541e-03)	L_Trg_Inj 0.0000e+00 (0.0000e+00)	Loss Disc 0.0000e+00 (0.0000e+00)	Loss Pred 5.1558e-01 (5.2182e-01)	Loss TOTAL 5.1558e-01 (5.2265e-01)
Epoch: [7][120/496]	L_Src_Sup 0.0000e+00 (1.5163e-03)	L_Trg_Inj 0.0000e+00 (0.0000e+00)	Loss Disc 0.0000e+00 (0.0000e+00)	Loss Pred 5.2822e-01 (5.2115e-01)	Loss TOTAL 5.2822e-01 (5.2190e-01)
Epoch: [7][130/496]	L_Src_Sup 0.0000e+00 (1.3996e-03)	L_Trg_Inj 0.0000e+00 (0.0000e+00)	Loss Disc 0.0000e+00 (0.0000e+00)	Loss Pred 5.2209e-01 (5.2222e-01)	Loss TOTAL 5.2209e-01 (5.2292e-01)
Epoch: [7][140/496]	L_Src_Sup 0.0000e+00 (1.2997e-03)	L_Trg_Inj 0.0000e+00 (0.0000e+00)	Loss Disc 0.0000e+00 (0.0000e+00)	Loss Pred 5.2832e-01 (5.2118e-01)	Loss TOTAL 5.2832e-01 (5.2183e-01)
Epoch: [7][150/496]	L_Src_Sup 0.0000e+00 (1.3400e-03)	L_Trg_Inj 0.0000e+00 (0.0000e+00)	Loss Disc 0.0000e+00 (0.0000e+00)	Loss Pred 4.9670e-01 (5.2049e-01)	Loss TOTAL 4.9670e-01 (5.2116e-01)
Epoch: [7][160/496]	L_Src_Sup 0.0000e+00 (1.4566e-03)	L_Trg_Inj 0.0000e+00 (0.0000e+00)	Loss Disc 0.0000e+00 (0.0000e+00)	Loss Pred 5.4705e-01 (5.2094e-01)	Loss TOTAL 5.4705e-01 (5.2167e-01)
Epoch: [7][170/496]	L_Src_Sup 0.0000e+00 (1.3709e-03)	L_Trg_Inj 0.0000e+00 (0.0000e+00)	Loss Disc 0.0000e+00 (0.0000e+00)	Loss Pred 5.7283e-01 (5.2141e-01)	Loss TOTAL 5.7283e-01 (5.2209e-01)
Epoch: [7][180/496]	L_Src_Sup 0.0000e+00 (1.2947e-03)	L_Trg_Inj 0.0000e+00 (0.0000e+00)	Loss Disc 0.0000e+00 (0.0000e+00)	Loss Pred 4.9694e-01 (5.2158e-01)	Loss TOTAL 4.9694e-01 (5.2223e-01)
Epoch: [7][190/496]	L_Src_Sup 0.0000e+00 (1.2266e-03)	L_Trg_Inj 0.0000e+00 (0.0000e+00)	Loss Disc 0.0000e+00 (0.0000e+00)	Loss Pred 4.8378e-01 (5.2160e-01)	Loss TOTAL 4.8378e-01 (5.2221e-01)
Epoch: [7][200/496]	L_Src_Sup 0.0000e+00 (1.1653e-03)	L_Trg_Inj 0.0000e+00 (0.0000e+00)	Loss Disc 0.0000e+00 (0.0000e+00)	Loss Pred 5.2197e-01 (5.2141e-01)	Loss TOTAL 5.2197e-01 (5.2199e-01)
Epoch: [7][210/496]	L_Src_Sup 0.0000e+00 (1.1098e-03)	L_Trg_Inj 0.0000e+00 (0.0000e+00)	Loss Disc 0.0000e+00 (0.0000e+00)	Loss Pred 5.2821e-01 (5.2182e-01)	Loss TOTAL 5.2821e-01 (5.2238e-01)
Epoch: [7][220/496]	L_Src_Sup 0.0000e+00 (1.0593e-03)	L_Trg_Inj 0.0000e+00 (0.0000e+00)	Loss Disc 0.0000e+00 (0.0000e+00)	Loss Pred 4.9058e-01 (5.2197e-01)	Loss TOTAL 4.9058e-01 (5.2250e-01)
Epoch: [7][230/496]	L_Src_Sup 0.0000e+00 (1.0133e-03)	L_Trg_Inj 0.0000e+00 (0.0000e+00)	Loss Disc 0.0000e+00 (0.0000e+00)	Loss Pred 4.9033e-01 (5.2222e-01)	Loss TOTAL 4.9033e-01 (5.2273e-01)
Epoch: [7][240/496]	L_Src_Sup 0.0000e+00 (1.0561e-03)	L_Trg_Inj 0.0000e+00 (0.0000e+00)	Loss Disc 0.0000e+00 (0.0000e+00)	Loss Pred 5.4079e-01 (5.2259e-01)	Loss TOTAL 5.4079e-01 (5.2311e-01)
Epoch: [7][250/496]	L_Src_Sup 0.0000e+00 (1.0900e-03)	L_Trg_Inj 0.0000e+00 (0.0000e+00)	Loss Disc 0.0000e+00 (0.0000e+00)	Loss Pred 5.1561e-01 (5.2244e-01)	Loss TOTAL 5.1561e-01 (5.2298e-01)
Epoch: [7][260/496]	L_Src_Sup 0.0000e+00 (1.2534e-03)	L_Trg_Inj 0.0000e+00 (0.0000e+00)	Loss Disc 0.0000e+00 (0.0000e+00)	Loss Pred 4.7197e-01 (5.2284e-01)	Loss TOTAL 4.7197e-01 (5.2347e-01)
Epoch: [7][270/496]	L_Src_Sup 0.0000e+00 (1.2070e-03)	L_Trg_Inj 0.0000e+00 (0.0000e+00)	Loss Disc 0.0000e+00 (0.0000e+00)	Loss Pred 4.5256e-01 (5.2246e-01)	Loss TOTAL 4.5256e-01 (5.2307e-01)
Epoch: [7][280/496]	L_Src_Sup 0.0000e+00 (1.2277e-03)	L_Trg_Inj 0.0000e+00 (0.0000e+00)	Loss Disc 0.0000e+00 (0.0000e+00)	Loss Pred 5.3441e-01 (5.2225e-01)	Loss TOTAL 5.3441e-01 (5.2287e-01)
Epoch: [7][290/496]	L_Src_Sup 0.0000e+00 (1.1853e-03)	L_Trg_Inj 0.0000e+00 (0.0000e+00)	Loss Disc 0.0000e+00 (0.0000e+00)	Loss Pred 5.2234e-01 (5.2248e-01)	Loss TOTAL 5.2234e-01 (5.2307e-01)
Epoch: [7][300/496]	L_Src_Sup 0.0000e+00 (1.1458e-03)	L_Trg_Inj 0.0000e+00 (0.0000e+00)	Loss Disc 0.0000e+00 (0.0000e+00)	Loss Pred 4.9660e-01 (5.2307e-01)	Loss TOTAL 4.9660e-01 (5.2364e-01)
Epoch: [7][310/496]	L_Src_Sup 0.0000e+00 (1.1089e-03)	L_Trg_Inj 0.0000e+00 (0.0000e+00)	Loss Disc 0.0000e+00 (0.0000e+00)	Loss Pred 5.6603e-01 (5.2315e-01)	Loss TOTAL 5.6603e-01 (5.2370e-01)
Epoch: [7][320/496]	L_Src_Sup 0.0000e+00 (1.0742e-03)	L_Trg_Inj 0.0000e+00 (0.0000e+00)	Loss Disc 0.0000e+00 (0.0000e+00)	Loss Pred 5.2217e-01 (5.2288e-01)	Loss TOTAL 5.2217e-01 (5.2341e-01)
Epoch: [7][330/496]	L_Src_Sup 1.9048e-02 (1.0994e-03)	L_Trg_Inj 0.0000e+00 (0.0000e+00)	Loss Disc 0.0000e+00 (0.0000e+00)	Loss Pred 5.2891e-01 (5.2268e-01)	Loss TOTAL 5.3844e-01 (5.2323e-01)
Epoch: [7][340/496]	L_Src_Sup 0.0000e+00 (1.0670e-03)	L_Trg_Inj 0.0000e+00 (0.0000e+00)	Loss Disc 0.0000e+00 (0.0000e+00)	Loss Pred 4.7204e-01 (5.2248e-01)	Loss TOTAL 4.7204e-01 (5.2301e-01)
Epoch: [7][350/496]	L_Src_Sup 0.0000e+00 (1.0915e-03)	L_Trg_Inj 0.0000e+00 (0.0000e+00)	Loss Disc 0.0000e+00 (0.0000e+00)	Loss Pred 5.3444e-01 (5.2226e-01)	Loss TOTAL 5.3444e-01 (5.2280e-01)
Epoch: [7][360/496]	L_Src_Sup 1.9802e-02 (1.1681e-03)	L_Trg_Inj 0.0000e+00 (0.0000e+00)	Loss Disc 0.0000e+00 (0.0000e+00)	Loss Pred 5.5391e-01 (5.2227e-01)	Loss TOTAL 5.6381e-01 (5.2286e-01)
Epoch: [7][370/496]	L_Src_Sup 0.0000e+00 (1.1365e-03)	L_Trg_Inj 0.0000e+00 (0.0000e+00)	Loss Disc 0.0000e+00 (0.0000e+00)	Loss Pred 5.0360e-01 (5.2232e-01)	Loss TOTAL 5.0360e-01 (5.2288e-01)
Epoch: [7][380/496]	L_Src_Sup 0.0000e+00 (1.1549e-03)	L_Trg_Inj 0.0000e+00 (0.0000e+00)	Loss Disc 0.0000e+00 (0.0000e+00)	Loss Pred 5.7923e-01 (5.2234e-01)	Loss TOTAL 5.7923e-01 (5.2292e-01)
Epoch: [7][390/496]	L_Src_Sup 0.0000e+00 (1.1592e-03)	L_Trg_Inj 0.0000e+00 (0.0000e+00)	Loss Disc 0.0000e+00 (0.0000e+00)	Loss Pred 5.1621e-01 (5.2207e-01)	Loss TOTAL 5.1621e-01 (5.2265e-01)
Epoch: [7][400/496]	L_Src_Sup 0.0000e+00 (1.2529e-03)	L_Trg_Inj 0.0000e+00 (0.0000e+00)	Loss Disc 0.0000e+00 (0.0000e+00)	Loss Pred 5.5362e-01 (5.2209e-01)	Loss TOTAL 5.5362e-01 (5.2272e-01)
Epoch: [7][410/496]	L_Src_Sup 0.0000e+00 (1.2223e-03)	L_Trg_Inj 0.0000e+00 (0.0000e+00)	Loss Disc 0.0000e+00 (0.0000e+00)	Loss Pred 4.9044e-01 (5.2224e-01)	Loss TOTAL 4.9044e-01 (5.2285e-01)
Epoch: [7][420/496]	L_Src_Sup 0.0000e+00 (1.1932e-03)	L_Trg_Inj 0.0000e+00 (0.0000e+00)	Loss Disc 0.0000e+00 (0.0000e+00)	Loss Pred 4.9649e-01 (5.2250e-01)	Loss TOTAL 4.9649e-01 (5.2310e-01)
Epoch: [7][430/496]	L_Src_Sup 0.0000e+00 (1.2520e-03)	L_Trg_Inj 0.0000e+00 (0.0000e+00)	Loss Disc 0.0000e+00 (0.0000e+00)	Loss Pred 5.4101e-01 (5.2223e-01)	Loss TOTAL 5.4101e-01 (5.2286e-01)
Epoch: [7][440/496]	L_Src_Sup 0.0000e+00 (1.2610e-03)	L_Trg_Inj 0.0000e+00 (0.0000e+00)	Loss Disc 0.0000e+00 (0.0000e+00)	Loss Pred 5.5385e-01 (5.2261e-01)	Loss TOTAL 5.5385e-01 (5.2324e-01)
Epoch: [7][450/496]	L_Src_Sup 0.0000e+00 (1.2329e-03)	L_Trg_Inj 0.0000e+00 (0.0000e+00)	Loss Disc 0.0000e+00 (0.0000e+00)	Loss Pred 5.6038e-01 (5.2279e-01)	Loss TOTAL 5.6038e-01 (5.2341e-01)
Epoch: [7][460/496]	L_Src_Sup 0.0000e+00 (1.2061e-03)	L_Trg_Inj 0.0000e+00 (0.0000e+00)	Loss Disc 0.0000e+00 (0.0000e+00)	Loss Pred 4.9661e-01 (5.2294e-01)	Loss TOTAL 4.9661e-01 (5.2354e-01)
Epoch: [7][470/496]	L_Src_Sup 0.0000e+00 (1.2210e-03)	L_Trg_Inj 0.0000e+00 (0.0000e+00)	Loss Disc 0.0000e+00 (0.0000e+00)	Loss Pred 4.9645e-01 (5.2305e-01)	Loss TOTAL 4.9645e-01 (5.2366e-01)
Epoch: [7][480/496]	L_Src_Sup 0.0000e+00 (1.3131e-03)	L_Trg_Inj 0.0000e+00 (0.0000e+00)	Loss Disc 0.0000e+00 (0.0000e+00)	Loss Pred 4.7781e-01 (5.2284e-01)	Loss TOTAL 4.7781e-01 (5.2349e-01)
Epoch: [7][490/496]	L_Src_Sup 0.0000e+00 (1.3263e-03)	L_Trg_Inj 0.0000e+00 (0.0000e+00)	Loss Disc 0.0000e+00 (0.0000e+00)	Loss Pred 5.1596e-01 (5.2285e-01)	Loss TOTAL 5.1596e-01 (5.2351e-01)
Epoch: [7][496/496]	L_Src_Sup 0.0000e+00 (1.3103e-03)	L_Trg_Inj 0.0000e+00 (0.0000e+00)	Loss Disc 0.0000e+00 (0.0000e+00)	Loss Pred 5.3444e-01 (5.2286e-01)	Loss TOTAL 5.3444e-01 (5.2352e-01)
Epoch 7 complete. Saving model state...
Epoch: [8][ 10/496]	L_Src_Sup 0.0000e+00 (2.4459e-05)	L_Trg_Inj 0.0000e+00 (0.0000e+00)	Loss Disc 0.0000e+00 (0.0000e+00)	Loss Pred 5.5966e-01 (5.3160e-01)	Loss TOTAL 5.5966e-01 (5.3161e-01)
Epoch: [8][ 20/496]	L_Src_Sup 0.0000e+00 (1.2229e-05)	L_Trg_Inj 0.0000e+00 (0.0000e+00)	Loss Disc 0.0000e+00 (0.0000e+00)	Loss Pred 5.0328e-01 (5.2678e-01)	Loss TOTAL 5.0328e-01 (5.2679e-01)
Epoch: [8][ 30/496]	L_Src_Sup 0.0000e+00 (6.5540e-04)	L_Trg_Inj 0.0000e+00 (0.0000e+00)	Loss Disc 0.0000e+00 (0.0000e+00)	Loss Pred 5.4699e-01 (5.2649e-01)	Loss TOTAL 5.4699e-01 (5.2682e-01)
Epoch: [8][ 40/496]	L_Src_Sup 0.0000e+00 (4.9155e-04)	L_Trg_Inj 0.0000e+00 (0.0000e+00)	Loss Disc 0.0000e+00 (0.0000e+00)	Loss Pred 5.0941e-01 (5.2567e-01)	Loss TOTAL 5.0941e-01 (5.2592e-01)
Epoch: [8][ 50/496]	L_Src_Sup 0.0000e+00 (3.9324e-04)	L_Trg_Inj 0.0000e+00 (0.0000e+00)	Loss Disc 0.0000e+00 (0.0000e+00)	Loss Pred 5.0929e-01 (5.2407e-01)	Loss TOTAL 5.0929e-01 (5.2427e-01)
Epoch: [8][ 60/496]	L_Src_Sup 0.0000e+00 (3.2770e-04)	L_Trg_Inj 0.0000e+00 (0.0000e+00)	Loss Disc 0.0000e+00 (0.0000e+00)	Loss Pred 5.2916e-01 (5.2342e-01)	Loss TOTAL 5.2916e-01 (5.2359e-01)
Epoch: [8][ 70/496]	L_Src_Sup 0.0000e+00 (2.8089e-04)	L_Trg_Inj 0.0000e+00 (0.0000e+00)	Loss Disc 0.0000e+00 (0.0000e+00)	Loss Pred 5.5967e-01 (5.2518e-01)	Loss TOTAL 5.5967e-01 (5.2532e-01)
Epoch: [8][ 80/496]	L_Src_Sup 0.0000e+00 (4.7726e-04)	L_Trg_Inj 0.0000e+00 (0.0000e+00)	Loss Disc 0.0000e+00 (0.0000e+00)	Loss Pred 5.2201e-01 (5.2487e-01)	Loss TOTAL 5.2201e-01 (5.2511e-01)
Epoch: [8][ 90/496]	L_Src_Sup 0.0000e+00 (6.3387e-04)	L_Trg_Inj 0.0000e+00 (0.0000e+00)	Loss Disc 0.0000e+00 (0.0000e+00)	Loss Pred 5.0327e-01 (5.2517e-01)	Loss TOTAL 5.0327e-01 (5.2549e-01)
Epoch: [8][100/496]	L_Src_Sup 0.0000e+00 (5.7048e-04)	L_Trg_Inj 0.0000e+00 (0.0000e+00)	Loss Disc 0.0000e+00 (0.0000e+00)	Loss Pred 5.3449e-01 (5.2442e-01)	Loss TOTAL 5.3449e-01 (5.2471e-01)
Epoch: [8][110/496]	L_Src_Sup 0.0000e+00 (5.1862e-04)	L_Trg_Inj 0.0000e+00 (0.0000e+00)	Loss Disc 0.0000e+00 (0.0000e+00)	Loss Pred 5.0935e-01 (5.2472e-01)	Loss TOTAL 5.0935e-01 (5.2498e-01)
Epoch: [8][120/496]	L_Src_Sup 0.0000e+00 (4.7540e-04)	L_Trg_Inj 0.0000e+00 (0.0000e+00)	Loss Disc 0.0000e+00 (0.0000e+00)	Loss Pred 4.9062e-01 (5.2407e-01)	Loss TOTAL 4.9062e-01 (5.2430e-01)
Epoch: [8][130/496]	L_Src_Sup 1.7691e-02 (5.7492e-04)	L_Trg_Inj 0.0000e+00 (0.0000e+00)	Loss Disc 0.0000e+00 (0.0000e+00)	Loss Pred 4.9012e-01 (5.2414e-01)	Loss TOTAL 4.9896e-01 (5.2443e-01)
Epoch: [8][140/496]	L_Src_Sup 0.0000e+00 (5.3385e-04)	L_Trg_Inj 0.0000e+00 (0.0000e+00)	Loss Disc 0.0000e+00 (0.0000e+00)	Loss Pred 5.2816e-01 (5.2413e-01)	Loss TOTAL 5.2816e-01 (5.2439e-01)
Epoch: [8][150/496]	L_Src_Sup 0.0000e+00 (4.9826e-04)	L_Trg_Inj 0.0000e+00 (0.0000e+00)	Loss Disc 0.0000e+00 (0.0000e+00)	Loss Pred 5.1548e-01 (5.2416e-01)	Loss TOTAL 5.1548e-01 (5.2441e-01)
Epoch: [8][160/496]	L_Src_Sup 0.0000e+00 (4.6712e-04)	L_Trg_Inj 0.0000e+00 (0.0000e+00)	Loss Disc 0.0000e+00 (0.0000e+00)	Loss Pred 4.8412e-01 (5.2293e-01)	Loss TOTAL 4.8412e-01 (5.2316e-01)
Epoch: [8][170/496]	L_Src_Sup 0.0000e+00 (4.3964e-04)	L_Trg_Inj 0.0000e+00 (0.0000e+00)	Loss Disc 0.0000e+00 (0.0000e+00)	Loss Pred 4.6518e-01 (5.2252e-01)	Loss TOTAL 4.6518e-01 (5.2274e-01)
Epoch: [8][180/496]	L_Src_Sup 0.0000e+00 (4.1522e-04)	L_Trg_Inj 0.0000e+00 (0.0000e+00)	Loss Disc 0.0000e+00 (0.0000e+00)	Loss Pred 5.2194e-01 (5.2340e-01)	Loss TOTAL 5.2194e-01 (5.2361e-01)
Epoch: [8][190/496]	L_Src_Sup 0.0000e+00 (3.9336e-04)	L_Trg_Inj 0.0000e+00 (0.0000e+00)	Loss Disc 0.0000e+00 (0.0000e+00)	Loss Pred 5.5389e-01 (5.2365e-01)	Loss TOTAL 5.5389e-01 (5.2384e-01)
Epoch: [8][200/496]	L_Src_Sup 0.0000e+00 (4.6985e-04)	L_Trg_Inj 0.0000e+00 (0.0000e+00)	Loss Disc 0.0000e+00 (0.0000e+00)	Loss Pred 4.8384e-01 (5.2391e-01)	Loss TOTAL 4.8384e-01 (5.2415e-01)
Epoch: [8][210/496]	L_Src_Sup 0.0000e+00 (4.4748e-04)	L_Trg_Inj 0.0000e+00 (0.0000e+00)	Loss Disc 0.0000e+00 (0.0000e+00)	Loss Pred 5.2232e-01 (5.2376e-01)	Loss TOTAL 5.2232e-01 (5.2399e-01)
Epoch: [8][220/496]	L_Src_Sup 0.0000e+00 (4.9591e-04)	L_Trg_Inj 0.0000e+00 (0.0000e+00)	Loss Disc 0.0000e+00 (0.0000e+00)	Loss Pred 4.9033e-01 (5.2396e-01)	Loss TOTAL 4.9033e-01 (5.2420e-01)
Epoch: [8][230/496]	L_Src_Sup 0.0000e+00 (5.6219e-04)	L_Trg_Inj 0.0000e+00 (0.0000e+00)	Loss Disc 0.0000e+00 (0.0000e+00)	Loss Pred 4.9670e-01 (5.2387e-01)	Loss TOTAL 4.9670e-01 (5.2415e-01)
Epoch: [8][240/496]	L_Src_Sup 0.0000e+00 (5.3876e-04)	L_Trg_Inj 0.0000e+00 (0.0000e+00)	Loss Disc 0.0000e+00 (0.0000e+00)	Loss Pred 5.3451e-01 (5.2366e-01)	Loss TOTAL 5.3451e-01 (5.2393e-01)
Epoch: [8][250/496]	L_Src_Sup 0.0000e+00 (5.9056e-04)	L_Trg_Inj 0.0000e+00 (0.0000e+00)	Loss Disc 0.0000e+00 (0.0000e+00)	Loss Pred 5.5400e-01 (5.2390e-01)	Loss TOTAL 5.5400e-01 (5.2419e-01)
Epoch: [8][260/496]	L_Src_Sup 0.0000e+00 (5.6784e-04)	L_Trg_Inj 0.0000e+00 (0.0000e+00)	Loss Disc 0.0000e+00 (0.0000e+00)	Loss Pred 4.9023e-01 (5.2353e-01)	Loss TOTAL 4.9023e-01 (5.2382e-01)
Epoch: [8][270/496]	L_Src_Sup 0.0000e+00 (5.4681e-04)	L_Trg_Inj 0.0000e+00 (0.0000e+00)	Loss Disc 0.0000e+00 (0.0000e+00)	Loss Pred 5.1575e-01 (5.2320e-01)	Loss TOTAL 5.1575e-01 (5.2347e-01)
Epoch: [8][280/496]	L_Src_Sup 0.0000e+00 (5.9871e-04)	L_Trg_Inj 0.0000e+00 (0.0000e+00)	Loss Disc 0.0000e+00 (0.0000e+00)	Loss Pred 5.1542e-01 (5.2288e-01)	Loss TOTAL 5.1542e-01 (5.2318e-01)
Epoch: [8][290/496]	L_Src_Sup 0.0000e+00 (5.7807e-04)	L_Trg_Inj 0.0000e+00 (0.0000e+00)	Loss Disc 0.0000e+00 (0.0000e+00)	Loss Pred 5.7418e-01 (5.2338e-01)	Loss TOTAL 5.7418e-01 (5.2367e-01)
Epoch: [8][300/496]	L_Src_Sup 0.0000e+00 (5.5880e-04)	L_Trg_Inj 0.0000e+00 (0.0000e+00)	Loss Disc 0.0000e+00 (0.0000e+00)	Loss Pred 5.2187e-01 (5.2342e-01)	Loss TOTAL 5.2187e-01 (5.2370e-01)
Epoch: [8][310/496]	L_Src_Sup 0.0000e+00 (5.4077e-04)	L_Trg_Inj 0.0000e+00 (0.0000e+00)	Loss Disc 0.0000e+00 (0.0000e+00)	Loss Pred 5.0925e-01 (5.2341e-01)	Loss TOTAL 5.0925e-01 (5.2368e-01)
Epoch: [8][320/496]	L_Src_Sup 0.0000e+00 (5.2387e-04)	L_Trg_Inj 0.0000e+00 (0.0000e+00)	Loss Disc 0.0000e+00 (0.0000e+00)	Loss Pred 5.1548e-01 (5.2307e-01)	Loss TOTAL 5.1548e-01 (5.2334e-01)
Epoch: [8][330/496]	L_Src_Sup 0.0000e+00 (6.8478e-04)	L_Trg_Inj 0.0000e+00 (0.0000e+00)	Loss Disc 0.0000e+00 (0.0000e+00)	Loss Pred 5.2193e-01 (5.2323e-01)	Loss TOTAL 5.2193e-01 (5.2357e-01)
Epoch: [8][340/496]	L_Src_Sup 2.6574e-04 (7.1794e-04)	L_Trg_Inj 0.0000e+00 (0.0000e+00)	Loss Disc 0.0000e+00 (0.0000e+00)	Loss Pred 4.7769e-01 (5.2291e-01)	Loss TOTAL 4.7782e-01 (5.2327e-01)
Epoch: [8][350/496]	L_Src_Sup 0.0000e+00 (7.8805e-04)	L_Trg_Inj 0.0000e+00 (0.0000e+00)	Loss Disc 0.0000e+00 (0.0000e+00)	Loss Pred 5.1551e-01 (5.2297e-01)	Loss TOTAL 5.1551e-01 (5.2337e-01)
Epoch: [8][360/496]	L_Src_Sup 0.0000e+00 (7.6616e-04)	L_Trg_Inj 0.0000e+00 (0.0000e+00)	Loss Disc 0.0000e+00 (0.0000e+00)	Loss Pred 4.7138e-01 (5.2291e-01)	Loss TOTAL 4.7138e-01 (5.2329e-01)
Epoch: [8][370/496]	L_Src_Sup 0.0000e+00 (7.4545e-04)	L_Trg_Inj 0.0000e+00 (0.0000e+00)	Loss Disc 0.0000e+00 (0.0000e+00)	Loss Pred 5.2198e-01 (5.2261e-01)	Loss TOTAL 5.2198e-01 (5.2298e-01)
Epoch: [8][380/496]	L_Src_Sup 0.0000e+00 (7.2583e-04)	L_Trg_Inj 0.0000e+00 (0.0000e+00)	Loss Disc 0.0000e+00 (0.0000e+00)	Loss Pred 5.2847e-01 (5.2291e-01)	Loss TOTAL 5.2847e-01 (5.2327e-01)
Epoch: [8][390/496]	L_Src_Sup 0.0000e+00 (7.5515e-04)	L_Trg_Inj 0.0000e+00 (0.0000e+00)	Loss Disc 0.0000e+00 (0.0000e+00)	Loss Pred 5.2221e-01 (5.2309e-01)	Loss TOTAL 5.2221e-01 (5.2346e-01)
Epoch: [8][400/496]	L_Src_Sup 1.8519e-02 (7.8257e-04)	L_Trg_Inj 0.0000e+00 (0.0000e+00)	Loss Disc 0.0000e+00 (0.0000e+00)	Loss Pred 5.0932e-01 (5.2289e-01)	Loss TOTAL 5.1858e-01 (5.2328e-01)
Epoch: [8][410/496]	L_Src_Sup 0.0000e+00 (7.6348e-04)	L_Trg_Inj 0.0000e+00 (0.0000e+00)	Loss Disc 0.0000e+00 (0.0000e+00)	Loss Pred 5.6632e-01 (5.2288e-01)	Loss TOTAL 5.6632e-01 (5.2326e-01)
Epoch: [8][420/496]	L_Src_Sup 0.0000e+00 (7.9199e-04)	L_Trg_Inj 0.0000e+00 (0.0000e+00)	Loss Disc 0.0000e+00 (0.0000e+00)	Loss Pred 4.9751e-01 (5.2307e-01)	Loss TOTAL 4.9751e-01 (5.2347e-01)
Epoch: [8][430/496]	L_Src_Sup 0.0000e+00 (7.7357e-04)	L_Trg_Inj 0.0000e+00 (0.0000e+00)	Loss Disc 0.0000e+00 (0.0000e+00)	Loss Pred 5.3476e-01 (5.2300e-01)	Loss TOTAL 5.3476e-01 (5.2339e-01)
Epoch: [8][440/496]	L_Src_Sup 0.0000e+00 (7.5599e-04)	L_Trg_Inj 0.0000e+00 (0.0000e+00)	Loss Disc 0.0000e+00 (0.0000e+00)	Loss Pred 5.4102e-01 (5.2308e-01)	Loss TOTAL 5.4102e-01 (5.2346e-01)
Epoch: [8][450/496]	L_Src_Sup 1.8868e-02 (8.2461e-04)	L_Trg_Inj 0.0000e+00 (0.0000e+00)	Loss Disc 0.0000e+00 (0.0000e+00)	Loss Pred 5.2194e-01 (5.2292e-01)	Loss TOTAL 5.3137e-01 (5.2333e-01)
Epoch: [8][460/496]	L_Src_Sup 0.0000e+00 (8.0668e-04)	L_Trg_Inj 0.0000e+00 (0.0000e+00)	Loss Disc 0.0000e+00 (0.0000e+00)	Loss Pred 5.8571e-01 (5.2300e-01)	Loss TOTAL 5.8571e-01 (5.2340e-01)
Epoch: [8][470/496]	L_Src_Sup 0.0000e+00 (8.3083e-04)	L_Trg_Inj 0.0000e+00 (0.0000e+00)	Loss Disc 0.0000e+00 (0.0000e+00)	Loss Pred 5.7255e-01 (5.2305e-01)	Loss TOTAL 5.7255e-01 (5.2347e-01)
Epoch: [8][480/496]	L_Src_Sup 0.0000e+00 (8.4761e-04)	L_Trg_Inj 0.0000e+00 (0.0000e+00)	Loss Disc 0.0000e+00 (0.0000e+00)	Loss Pred 4.9702e-01 (5.2289e-01)	Loss TOTAL 4.9702e-01 (5.2331e-01)
Epoch: [8][490/496]	L_Src_Sup 0.0000e+00 (8.7699e-04)	L_Trg_Inj 0.0000e+00 (0.0000e+00)	Loss Disc 0.0000e+00 (0.0000e+00)	Loss Pred 5.1541e-01 (5.2278e-01)	Loss TOTAL 5.1541e-01 (5.2321e-01)
Epoch: [8][496/496]	L_Src_Sup 0.0000e+00 (8.6639e-04)	L_Trg_Inj 0.0000e+00 (0.0000e+00)	Loss Disc 0.0000e+00 (0.0000e+00)	Loss Pred 5.0949e-01 (5.2278e-01)	Loss TOTAL 5.0949e-01 (5.2321e-01)
Epoch 8 complete. Saving model state...
Epoch: [9][ 10/496]	L_Src_Sup 0.0000e+00 (9.0699e-04)	L_Trg_Inj 0.0000e+00 (0.0000e+00)	Loss Disc 0.0000e+00 (0.0000e+00)	Loss Pred 5.0930e-01 (5.3527e-01)	Loss TOTAL 5.0930e-01 (5.3573e-01)
Epoch: [9][ 20/496]	L_Src_Sup 0.0000e+00 (1.4414e-03)	L_Trg_Inj 0.0000e+00 (0.0000e+00)	Loss Disc 0.0000e+00 (0.0000e+00)	Loss Pred 5.3461e-01 (5.2988e-01)	Loss TOTAL 5.3461e-01 (5.3060e-01)
Epoch: [9][ 30/496]	L_Src_Sup 0.0000e+00 (9.6091e-04)	L_Trg_Inj 0.0000e+00 (0.0000e+00)	Loss Disc 0.0000e+00 (0.0000e+00)	Loss Pred 5.2862e-01 (5.2456e-01)	Loss TOTAL 5.2862e-01 (5.2504e-01)
Epoch: [9][ 40/496]	L_Src_Sup 0.0000e+00 (7.2069e-04)	L_Trg_Inj 0.0000e+00 (0.0000e+00)	Loss Disc 0.0000e+00 (0.0000e+00)	Loss Pred 5.1560e-01 (5.2533e-01)	Loss TOTAL 5.1560e-01 (5.2569e-01)
Epoch: [9][ 50/496]	L_Src_Sup 0.0000e+00 (9.5391e-04)	L_Trg_Inj 0.0000e+00 (0.0000e+00)	Loss Disc 0.0000e+00 (0.0000e+00)	Loss Pred 5.7889e-01 (5.2679e-01)	Loss TOTAL 5.7889e-01 (5.2727e-01)
Epoch: [9][ 60/496]	L_Src_Sup 0.0000e+00 (7.9492e-04)	L_Trg_Inj 0.0000e+00 (0.0000e+00)	Loss Disc 0.0000e+00 (0.0000e+00)	Loss Pred 5.2834e-01 (5.2702e-01)	Loss TOTAL 5.2834e-01 (5.2742e-01)
Epoch: [9][ 70/496]	L_Src_Sup 0.0000e+00 (6.8136e-04)	L_Trg_Inj 0.0000e+00 (0.0000e+00)	Loss Disc 0.0000e+00 (0.0000e+00)	Loss Pred 5.4090e-01 (5.2674e-01)	Loss TOTAL 5.4090e-01 (5.2708e-01)
Epoch: [9][ 80/496]	L_Src_Sup 0.0000e+00 (5.9619e-04)	L_Trg_Inj 0.0000e+00 (0.0000e+00)	Loss Disc 0.0000e+00 (0.0000e+00)	Loss Pred 5.2824e-01 (5.2552e-01)	Loss TOTAL 5.2824e-01 (5.2582e-01)
Epoch: [9][ 90/496]	L_Src_Sup 0.0000e+00 (5.2995e-04)	L_Trg_Inj 0.0000e+00 (0.0000e+00)	Loss Disc 0.0000e+00 (0.0000e+00)	Loss Pred 4.9653e-01 (5.2380e-01)	Loss TOTAL 4.9653e-01 (5.2407e-01)
Epoch: [9][100/496]	L_Src_Sup 0.0000e+00 (8.5995e-04)	L_Trg_Inj 0.0000e+00 (0.0000e+00)	Loss Disc 0.0000e+00 (0.0000e+00)	Loss Pred 5.0913e-01 (5.2413e-01)	Loss TOTAL 5.0913e-01 (5.2456e-01)
Epoch: [9][110/496]	L_Src_Sup 0.0000e+00 (7.8177e-04)	L_Trg_Inj 0.0000e+00 (0.0000e+00)	Loss Disc 0.0000e+00 (0.0000e+00)	Loss Pred 5.1545e-01 (5.2404e-01)	Loss TOTAL 5.1545e-01 (5.2443e-01)
Epoch: [9][120/496]	L_Src_Sup 0.0000e+00 (7.1662e-04)	L_Trg_Inj 0.0000e+00 (0.0000e+00)	Loss Disc 0.0000e+00 (0.0000e+00)	Loss Pred 5.2169e-01 (5.2339e-01)	Loss TOTAL 5.2169e-01 (5.2375e-01)
Epoch: [9][130/496]	L_Src_Sup 0.0000e+00 (6.6150e-04)	L_Trg_Inj 0.0000e+00 (0.0000e+00)	Loss Disc 0.0000e+00 (0.0000e+00)	Loss Pred 4.8408e-01 (5.2309e-01)	Loss TOTAL 4.8408e-01 (5.2342e-01)
Epoch: [9][140/496]	L_Src_Sup 0.0000e+00 (6.1425e-04)	L_Trg_Inj 0.0000e+00 (0.0000e+00)	Loss Disc 0.0000e+00 (0.0000e+00)	Loss Pred 5.0326e-01 (5.2383e-01)	Loss TOTAL 5.0326e-01 (5.2413e-01)
Epoch: [9][150/496]	L_Src_Sup 0.0000e+00 (5.7330e-04)	L_Trg_Inj 0.0000e+00 (0.0000e+00)	Loss Disc 0.0000e+00 (0.0000e+00)	Loss Pred 5.6329e-01 (5.2372e-01)	Loss TOTAL 5.6329e-01 (5.2401e-01)
Epoch: [9][160/496]	L_Src_Sup 0.0000e+00 (5.3747e-04)	L_Trg_Inj 0.0000e+00 (0.0000e+00)	Loss Disc 0.0000e+00 (0.0000e+00)	Loss Pred 5.0292e-01 (5.2428e-01)	Loss TOTAL 5.0292e-01 (5.2455e-01)
Epoch: [9][170/496]	L_Src_Sup 0.0000e+00 (1.2326e-02)	L_Trg_Inj 0.0000e+00 (0.0000e+00)	Loss Disc 0.0000e+00 (0.0000e+00)	Loss Pred 4.7842e-01 (5.2540e-01)	Loss TOTAL 4.7842e-01 (5.3156e-01)
Epoch: [9][180/496]	L_Src_Sup 0.0000e+00 (1.1641e-02)	L_Trg_Inj 0.0000e+00 (0.0000e+00)	Loss Disc 0.0000e+00 (0.0000e+00)	Loss Pred 5.0936e-01 (5.2501e-01)	Loss TOTAL 5.0936e-01 (5.3083e-01)
Epoch: [9][190/496]	L_Src_Sup 0.0000e+00 (1.1029e-02)	L_Trg_Inj 0.0000e+00 (0.0000e+00)	Loss Disc 0.0000e+00 (0.0000e+00)	Loss Pred 5.7317e-01 (5.2473e-01)	Loss TOTAL 5.7317e-01 (5.3024e-01)
Epoch: [9][200/496]	L_Src_Sup 0.0000e+00 (1.0477e-02)	L_Trg_Inj 0.0000e+00 (0.0000e+00)	Loss Disc 0.0000e+00 (0.0000e+00)	Loss Pred 5.6595e-01 (5.2493e-01)	Loss TOTAL 5.6595e-01 (5.3017e-01)
Epoch: [9][210/496]	L_Src_Sup 0.0000e+00 (9.9782e-03)	L_Trg_Inj 0.0000e+00 (0.0000e+00)	Loss Disc 0.0000e+00 (0.0000e+00)	Loss Pred 5.5371e-01 (5.2491e-01)	Loss TOTAL 5.5371e-01 (5.2990e-01)
Epoch: [9][220/496]	L_Src_Sup 0.0000e+00 (9.6088e-03)	L_Trg_Inj 0.0000e+00 (0.0000e+00)	Loss Disc 0.0000e+00 (0.0000e+00)	Loss Pred 5.0968e-01 (5.2490e-01)	Loss TOTAL 5.0968e-01 (5.2970e-01)
Epoch: [9][230/496]	L_Src_Sup 0.0000e+00 (9.1910e-03)	L_Trg_Inj 0.0000e+00 (0.0000e+00)	Loss Disc 0.0000e+00 (0.0000e+00)	Loss Pred 5.2848e-01 (5.2461e-01)	Loss TOTAL 5.2848e-01 (5.2920e-01)
Epoch: [9][240/496]	L_Src_Sup 0.0000e+00 (8.8898e-03)	L_Trg_Inj 0.0000e+00 (0.0000e+00)	Loss Disc 0.0000e+00 (0.0000e+00)	Loss Pred 4.7776e-01 (5.2427e-01)	Loss TOTAL 4.7776e-01 (5.2871e-01)
Epoch: [9][250/496]	L_Src_Sup 0.0000e+00 (8.5342e-03)	L_Trg_Inj 0.0000e+00 (0.0000e+00)	Loss Disc 0.0000e+00 (0.0000e+00)	Loss Pred 5.4840e-01 (5.2502e-01)	Loss TOTAL 5.4840e-01 (5.2929e-01)
Epoch: [9][260/496]	L_Src_Sup 0.0000e+00 (8.2060e-03)	L_Trg_Inj 0.0000e+00 (0.0000e+00)	Loss Disc 0.0000e+00 (0.0000e+00)	Loss Pred 5.2223e-01 (5.2488e-01)	Loss TOTAL 5.2223e-01 (5.2898e-01)
Epoch: [9][270/496]	L_Src_Sup 0.0000e+00 (7.9676e-03)	L_Trg_Inj 0.0000e+00 (0.0000e+00)	Loss Disc 0.0000e+00 (0.0000e+00)	Loss Pred 5.2186e-01 (5.2449e-01)	Loss TOTAL 5.2186e-01 (5.2848e-01)
Epoch: [9][280/496]	L_Src_Sup 0.0000e+00 (7.6830e-03)	L_Trg_Inj 0.0000e+00 (0.0000e+00)	Loss Disc 0.0000e+00 (0.0000e+00)	Loss Pred 5.9833e-01 (5.2427e-01)	Loss TOTAL 5.9833e-01 (5.2811e-01)
Epoch: [9][290/496]	L_Src_Sup 0.0000e+00 (7.4181e-03)	L_Trg_Inj 0.0000e+00 (0.0000e+00)	Loss Disc 0.0000e+00 (0.0000e+00)	Loss Pred 5.5330e-01 (5.2469e-01)	Loss TOTAL 5.5330e-01 (5.2839e-01)
Epoch: [9][300/496]	L_Src_Sup 0.0000e+00 (7.2326e-03)	L_Trg_Inj 0.0000e+00 (0.0000e+00)	Loss Disc 0.0000e+00 (0.0000e+00)	Loss Pred 4.8393e-01 (5.2426e-01)	Loss TOTAL 4.8393e-01 (5.2787e-01)
Epoch: [9][310/496]	L_Src_Sup 0.0000e+00 (6.9992e-03)	L_Trg_Inj 0.0000e+00 (0.0000e+00)	Loss Disc 0.0000e+00 (0.0000e+00)	Loss Pred 5.2858e-01 (5.2394e-01)	Loss TOTAL 5.2858e-01 (5.2744e-01)
Epoch: [9][320/496]	L_Src_Sup 0.0000e+00 (6.7805e-03)	L_Trg_Inj 0.0000e+00 (0.0000e+00)	Loss Disc 0.0000e+00 (0.0000e+00)	Loss Pred 5.0936e-01 (5.2365e-01)	Loss TOTAL 5.0936e-01 (5.2704e-01)
Epoch: [9][330/496]	L_Src_Sup 0.0000e+00 (6.5750e-03)	L_Trg_Inj 0.0000e+00 (0.0000e+00)	Loss Disc 0.0000e+00 (0.0000e+00)	Loss Pred 5.2855e-01 (5.2379e-01)	Loss TOTAL 5.2855e-01 (5.2707e-01)
Epoch: [9][340/496]	L_Src_Sup 0.0000e+00 (6.3817e-03)	L_Trg_Inj 0.0000e+00 (0.0000e+00)	Loss Disc 0.0000e+00 (0.0000e+00)	Loss Pred 5.4702e-01 (5.2375e-01)	Loss TOTAL 5.4702e-01 (5.2694e-01)
Epoch: [9][350/496]	L_Src_Sup 0.0000e+00 (6.1993e-03)	L_Trg_Inj 0.0000e+00 (0.0000e+00)	Loss Disc 0.0000e+00 (0.0000e+00)	Loss Pred 4.8389e-01 (5.2350e-01)	Loss TOTAL 4.8389e-01 (5.2660e-01)
Epoch: [9][360/496]	L_Src_Sup 0.0000e+00 (6.0271e-03)	L_Trg_Inj 0.0000e+00 (0.0000e+00)	Loss Disc 0.0000e+00 (0.0000e+00)	Loss Pred 5.7246e-01 (5.2335e-01)	Loss TOTAL 5.7246e-01 (5.2637e-01)
Epoch: [9][370/496]	L_Src_Sup 0.0000e+00 (5.8746e-03)	L_Trg_Inj 0.0000e+00 (0.0000e+00)	Loss Disc 0.0000e+00 (0.0000e+00)	Loss Pred 6.0462e-01 (5.2338e-01)	Loss TOTAL 6.0462e-01 (5.2632e-01)
Epoch: [9][380/496]	L_Src_Sup 0.0000e+00 (5.7531e-03)	L_Trg_Inj 0.0000e+00 (0.0000e+00)	Loss Disc 0.0000e+00 (0.0000e+00)	Loss Pred 5.0907e-01 (5.2353e-01)	Loss TOTAL 5.0907e-01 (5.2640e-01)
Epoch: [9][390/496]	L_Src_Sup 0.0000e+00 (5.6056e-03)	L_Trg_Inj 0.0000e+00 (0.0000e+00)	Loss Disc 0.0000e+00 (0.0000e+00)	Loss Pred 5.6607e-01 (5.2370e-01)	Loss TOTAL 5.6607e-01 (5.2650e-01)
Epoch: [9][400/496]	L_Src_Sup 0.0000e+00 (5.4655e-03)	L_Trg_Inj 0.0000e+00 (0.0000e+00)	Loss Disc 0.0000e+00 (0.0000e+00)	Loss Pred 4.9654e-01 (5.2331e-01)	Loss TOTAL 4.9654e-01 (5.2604e-01)
Epoch: [9][410/496]	L_Src_Sup 0.0000e+00 (5.3322e-03)	L_Trg_Inj 0.0000e+00 (0.0000e+00)	Loss Disc 0.0000e+00 (0.0000e+00)	Loss Pred 5.1582e-01 (5.2311e-01)	Loss TOTAL 5.1582e-01 (5.2577e-01)
Epoch: [9][420/496]	L_Src_Sup 0.0000e+00 (5.2515e-03)	L_Trg_Inj 0.0000e+00 (0.0000e+00)	Loss Disc 0.0000e+00 (0.0000e+00)	Loss Pred 5.4098e-01 (5.2316e-01)	Loss TOTAL 5.4098e-01 (5.2578e-01)
Epoch: [9][430/496]	L_Src_Sup 0.0000e+00 (5.1701e-03)	L_Trg_Inj 0.0000e+00 (0.0000e+00)	Loss Disc 0.0000e+00 (0.0000e+00)	Loss Pred 5.2804e-01 (5.2323e-01)	Loss TOTAL 5.2804e-01 (5.2582e-01)
Epoch: [9][440/496]	L_Src_Sup 0.0000e+00 (5.0526e-03)	L_Trg_Inj 0.0000e+00 (0.0000e+00)	Loss Disc 0.0000e+00 (0.0000e+00)	Loss Pred 5.4075e-01 (5.2326e-01)	Loss TOTAL 5.4075e-01 (5.2578e-01)
Epoch: [9][450/496]	L_Src_Sup 0.0000e+00 (4.9748e-03)	L_Trg_Inj 0.0000e+00 (0.0000e+00)	Loss Disc 0.0000e+00 (0.0000e+00)	Loss Pred 5.2194e-01 (5.2324e-01)	Loss TOTAL 5.2194e-01 (5.2573e-01)
Epoch: [9][460/496]	L_Src_Sup 0.0000e+00 (4.8667e-03)	L_Trg_Inj 0.0000e+00 (0.0000e+00)	Loss Disc 0.0000e+00 (0.0000e+00)	Loss Pred 5.5379e-01 (5.2334e-01)	Loss TOTAL 5.5379e-01 (5.2577e-01)
Epoch: [9][470/496]	L_Src_Sup 0.0000e+00 (4.7631e-03)	L_Trg_Inj 0.0000e+00 (0.0000e+00)	Loss Disc 0.0000e+00 (0.0000e+00)	Loss Pred 4.9678e-01 (5.2347e-01)	Loss TOTAL 4.9678e-01 (5.2585e-01)
Epoch: [9][480/496]	L_Src_Sup 0.0000e+00 (4.6639e-03)	L_Trg_Inj 0.0000e+00 (0.0000e+00)	Loss Disc 0.0000e+00 (0.0000e+00)	Loss Pred 4.9103e-01 (5.2346e-01)	Loss TOTAL 4.9103e-01 (5.2579e-01)
Epoch: [9][490/496]	L_Src_Sup 0.0000e+00 (4.6398e-03)	L_Trg_Inj 0.0000e+00 (0.0000e+00)	Loss Disc 0.0000e+00 (0.0000e+00)	Loss Pred 5.2209e-01 (5.2336e-01)	Loss TOTAL 5.2209e-01 (5.2568e-01)
Epoch: [9][496/496]	L_Src_Sup 0.0000e+00 (4.5837e-03)	L_Trg_Inj 0.0000e+00 (0.0000e+00)	Loss Disc 0.0000e+00 (0.0000e+00)	Loss Pred 5.3447e-01 (5.2340e-01)	Loss TOTAL 5.3447e-01 (5.2569e-01)
Epoch 9 complete. Saving model state...
