Using device: cuda
=== Source-Only Training Mode (No Target Domain) ===
Loading Source Train...
Using Mean/Std from Source Train (mean[0]=21.754703609461878, std[0]=2.2355389743796428)
Epoch: [0][ 10/496]	L_Src_Sup 1.9976e+00 (1.9993e+00)	L_Trg_Inj 0.0000e+00 (0.0000e+00)	Loss Disc 0.0000e+00 (0.0000e+00)	Loss Pred 8.0493e-01 (7.9636e-01)	Loss TOTAL 1.8037e+00 (1.7960e+00)
Epoch: [0][ 20/496]	L_Src_Sup 1.2865e+00 (1.8211e+00)	L_Trg_Inj 0.0000e+00 (0.0000e+00)	Loss Disc 0.0000e+00 (0.0000e+00)	Loss Pred 8.0146e-01 (8.0140e-01)	Loss TOTAL 1.4447e+00 (1.7119e+00)
Epoch: [0][ 30/496]	L_Src_Sup 1.5623e+00 (1.6508e+00)	L_Trg_Inj 0.0000e+00 (0.0000e+00)	Loss Disc 0.0000e+00 (0.0000e+00)	Loss Pred 7.9798e-01 (8.0000e-01)	Loss TOTAL 1.5791e+00 (1.6254e+00)
Epoch: [0][ 40/496]	L_Src_Sup 1.0983e+00 (1.5353e+00)	L_Trg_Inj 0.0000e+00 (0.0000e+00)	Loss Disc 0.0000e+00 (0.0000e+00)	Loss Pred 8.1074e-01 (7.9596e-01)	Loss TOTAL 1.3599e+00 (1.5636e+00)
Epoch: [0][ 50/496]	L_Src_Sup 1.0661e+00 (1.4270e+00)	L_Trg_Inj 0.0000e+00 (0.0000e+00)	Loss Disc 0.0000e+00 (0.0000e+00)	Loss Pred 7.4542e-01 (7.9294e-01)	Loss TOTAL 1.2785e+00 (1.5064e+00)
Epoch: [0][ 60/496]	L_Src_Sup 1.1367e+00 (1.3620e+00)	L_Trg_Inj 0.0000e+00 (0.0000e+00)	Loss Disc 0.0000e+00 (0.0000e+00)	Loss Pred 7.7569e-01 (7.9099e-01)	Loss TOTAL 1.3441e+00 (1.4720e+00)
Epoch: [0][ 70/496]	L_Src_Sup 1.0841e+00 (1.3201e+00)	L_Trg_Inj 0.0000e+00 (0.0000e+00)	Loss Disc 0.0000e+00 (0.0000e+00)	Loss Pred 7.2478e-01 (7.8944e-01)	Loss TOTAL 1.2669e+00 (1.4495e+00)
Epoch: [0][ 80/496]	L_Src_Sup 4.4228e-01 (1.2636e+00)	L_Trg_Inj 0.0000e+00 (0.0000e+00)	Loss Disc 0.0000e+00 (0.0000e+00)	Loss Pred 7.6445e-01 (7.8560e-01)	Loss TOTAL 9.8559e-01 (1.4174e+00)
Epoch: [0][ 90/496]	L_Src_Sup 9.5585e-01 (1.2464e+00)	L_Trg_Inj 0.0000e+00 (0.0000e+00)	Loss Disc 0.0000e+00 (0.0000e+00)	Loss Pred 7.8680e-01 (7.8285e-01)	Loss TOTAL 1.2647e+00 (1.4060e+00)
Epoch: [0][100/496]	L_Src_Sup 1.1719e-01 (1.1679e+00)	L_Trg_Inj 0.0000e+00 (0.0000e+00)	Loss Disc 0.0000e+00 (0.0000e+00)	Loss Pred 7.3445e-01 (7.8030e-01)	Loss TOTAL 7.9304e-01 (1.3642e+00)
Epoch: [0][110/496]	L_Src_Sup 8.6858e-02 (1.0778e+00)	L_Trg_Inj 0.0000e+00 (0.0000e+00)	Loss Disc 0.0000e+00 (0.0000e+00)	Loss Pred 7.5539e-01 (7.7801e-01)	Loss TOTAL 7.9882e-01 (1.3169e+00)
Epoch: [0][120/496]	L_Src_Sup 5.9196e-02 (9.9187e-01)	L_Trg_Inj 0.0000e+00 (0.0000e+00)	Loss Disc 0.0000e+00 (0.0000e+00)	Loss Pred 6.8956e-01 (7.7345e-01)	Loss TOTAL 7.1916e-01 (1.2694e+00)
Epoch: [0][130/496]	L_Src_Sup 1.7498e-02 (9.1844e-01)	L_Trg_Inj 0.0000e+00 (0.0000e+00)	Loss Disc 0.0000e+00 (0.0000e+00)	Loss Pred 7.7120e-01 (7.7018e-01)	Loss TOTAL 7.7995e-01 (1.2294e+00)
Epoch: [0][140/496]	L_Src_Sup 1.8410e-02 (8.5572e-01)	L_Trg_Inj 0.0000e+00 (0.0000e+00)	Loss Disc 0.0000e+00 (0.0000e+00)	Loss Pred 7.0488e-01 (7.6602e-01)	Loss TOTAL 7.1409e-01 (1.1939e+00)
Epoch: [0][150/496]	L_Src_Sup 2.0045e-02 (8.0038e-01)	L_Trg_Inj 0.0000e+00 (0.0000e+00)	Loss Disc 0.0000e+00 (0.0000e+00)	Loss Pred 7.2879e-01 (7.6169e-01)	Loss TOTAL 7.3881e-01 (1.1619e+00)
Epoch: [0][160/496]	L_Src_Sup 1.7924e-02 (7.5175e-01)	L_Trg_Inj 0.0000e+00 (0.0000e+00)	Loss Disc 0.0000e+00 (0.0000e+00)	Loss Pred 7.1613e-01 (7.5839e-01)	Loss TOTAL 7.2509e-01 (1.1343e+00)
Epoch: [0][170/496]	L_Src_Sup 1.8178e-02 (7.1013e-01)	L_Trg_Inj 0.0000e+00 (0.0000e+00)	Loss Disc 0.0000e+00 (0.0000e+00)	Loss Pred 6.9726e-01 (7.5474e-01)	Loss TOTAL 7.0635e-01 (1.1098e+00)
Epoch: [0][180/496]	L_Src_Sup 5.4444e-03 (6.7176e-01)	L_Trg_Inj 0.0000e+00 (0.0000e+00)	Loss Disc 0.0000e+00 (0.0000e+00)	Loss Pred 6.5252e-01 (7.5114e-01)	Loss TOTAL 6.5525e-01 (1.0870e+00)
Epoch: [0][190/496]	L_Src_Sup 1.5924e-02 (6.3784e-01)	L_Trg_Inj 0.0000e+00 (0.0000e+00)	Loss Disc 0.0000e+00 (0.0000e+00)	Loss Pred 6.6076e-01 (7.4724e-01)	Loss TOTAL 6.6872e-01 (1.0662e+00)
Epoch: [0][200/496]	L_Src_Sup 3.1650e-02 (6.0692e-01)	L_Trg_Inj 0.0000e+00 (0.0000e+00)	Loss Disc 0.0000e+00 (0.0000e+00)	Loss Pred 6.6744e-01 (7.4342e-01)	Loss TOTAL 6.8327e-01 (1.0469e+00)
Epoch: [0][210/496]	L_Src_Sup 1.9945e-02 (5.7916e-01)	L_Trg_Inj 0.0000e+00 (0.0000e+00)	Loss Disc 0.0000e+00 (0.0000e+00)	Loss Pred 6.4667e-01 (7.3961e-01)	Loss TOTAL 6.5664e-01 (1.0292e+00)
Epoch: [0][220/496]	L_Src_Sup 4.5642e-02 (5.5386e-01)	L_Trg_Inj 0.0000e+00 (0.0000e+00)	Loss Disc 0.0000e+00 (0.0000e+00)	Loss Pred 6.5424e-01 (7.3585e-01)	Loss TOTAL 6.7706e-01 (1.0128e+00)
Epoch: [0][230/496]	L_Src_Sup 2.1514e-02 (5.3097e-01)	L_Trg_Inj 0.0000e+00 (0.0000e+00)	Loss Disc 0.0000e+00 (0.0000e+00)	Loss Pred 6.2077e-01 (7.3198e-01)	Loss TOTAL 6.3152e-01 (9.9747e-01)
Epoch: [0][240/496]	L_Src_Sup 4.9097e-02 (5.1054e-01)	L_Trg_Inj 0.0000e+00 (0.0000e+00)	Loss Disc 0.0000e+00 (0.0000e+00)	Loss Pred 6.3752e-01 (7.2894e-01)	Loss TOTAL 6.6207e-01 (9.8421e-01)
Epoch: [0][250/496]	L_Src_Sup 5.4123e-02 (4.9139e-01)	L_Trg_Inj 0.0000e+00 (0.0000e+00)	Loss Disc 0.0000e+00 (0.0000e+00)	Loss Pred 6.4920e-01 (7.2546e-01)	Loss TOTAL 6.7626e-01 (9.7115e-01)
Epoch: [0][260/496]	L_Src_Sup 2.2630e-02 (4.7343e-01)	L_Trg_Inj 0.0000e+00 (0.0000e+00)	Loss Disc 0.0000e+00 (0.0000e+00)	Loss Pred 6.7099e-01 (7.2215e-01)	Loss TOTAL 6.8230e-01 (9.5887e-01)
Epoch: [0][270/496]	L_Src_Sup 4.0444e-02 (4.5662e-01)	L_Trg_Inj 0.0000e+00 (0.0000e+00)	Loss Disc 0.0000e+00 (0.0000e+00)	Loss Pred 5.9849e-01 (7.1914e-01)	Loss TOTAL 6.1871e-01 (9.4745e-01)
Epoch: [0][280/496]	L_Src_Sup 4.5433e-03 (4.4071e-01)	L_Trg_Inj 0.0000e+00 (0.0000e+00)	Loss Disc 0.0000e+00 (0.0000e+00)	Loss Pred 6.3170e-01 (7.1569e-01)	Loss TOTAL 6.3397e-01 (9.3605e-01)
Epoch: [0][290/496]	L_Src_Sup 2.9630e-02 (4.2626e-01)	L_Trg_Inj 0.0000e+00 (0.0000e+00)	Loss Disc 0.0000e+00 (0.0000e+00)	Loss Pred 6.4027e-01 (7.1221e-01)	Loss TOTAL 6.5509e-01 (9.2534e-01)
Epoch: [0][300/496]	L_Src_Sup 1.7187e-02 (4.1284e-01)	L_Trg_Inj 0.0000e+00 (0.0000e+00)	Loss Disc 0.0000e+00 (0.0000e+00)	Loss Pred 6.2915e-01 (7.0877e-01)	Loss TOTAL 6.3774e-01 (9.1519e-01)
Epoch: [0][310/496]	L_Src_Sup 0.0000e+00 (4.0010e-01)	L_Trg_Inj 0.0000e+00 (0.0000e+00)	Loss Disc 0.0000e+00 (0.0000e+00)	Loss Pred 6.4016e-01 (7.0516e-01)	Loss TOTAL 6.4016e-01 (9.0521e-01)
Epoch: [0][320/496]	L_Src_Sup 1.1123e-04 (3.8838e-01)	L_Trg_Inj 0.0000e+00 (0.0000e+00)	Loss Disc 0.0000e+00 (0.0000e+00)	Loss Pred 6.0608e-01 (7.0202e-01)	Loss TOTAL 6.0614e-01 (8.9621e-01)
Epoch: [0][330/496]	L_Src_Sup 2.3920e-02 (3.7726e-01)	L_Trg_Inj 0.0000e+00 (0.0000e+00)	Loss Disc 0.0000e+00 (0.0000e+00)	Loss Pred 6.1027e-01 (6.9857e-01)	Loss TOTAL 6.2223e-01 (8.8720e-01)
Epoch: [0][340/496]	L_Src_Sup 1.7201e-02 (3.6642e-01)	L_Trg_Inj 0.0000e+00 (0.0000e+00)	Loss Disc 0.0000e+00 (0.0000e+00)	Loss Pred 6.0976e-01 (6.9526e-01)	Loss TOTAL 6.1836e-01 (8.7847e-01)
Epoch: [0][350/496]	L_Src_Sup 1.2155e-02 (3.5644e-01)	L_Trg_Inj 0.0000e+00 (0.0000e+00)	Loss Disc 0.0000e+00 (0.0000e+00)	Loss Pred 5.8546e-01 (6.9203e-01)	Loss TOTAL 5.9154e-01 (8.7025e-01)
Epoch: [0][360/496]	L_Src_Sup 1.1285e-02 (3.4701e-01)	L_Trg_Inj 0.0000e+00 (0.0000e+00)	Loss Disc 0.0000e+00 (0.0000e+00)	Loss Pred 6.3110e-01 (6.8904e-01)	Loss TOTAL 6.3674e-01 (8.6255e-01)
Epoch: [0][370/496]	L_Src_Sup 1.6116e-02 (3.3812e-01)	L_Trg_Inj 0.0000e+00 (0.0000e+00)	Loss Disc 0.0000e+00 (0.0000e+00)	Loss Pred 5.8157e-01 (6.8583e-01)	Loss TOTAL 5.8963e-01 (8.5489e-01)
Epoch: [0][380/496]	L_Src_Sup 2.5093e-02 (3.2962e-01)	L_Trg_Inj 0.0000e+00 (0.0000e+00)	Loss Disc 0.0000e+00 (0.0000e+00)	Loss Pred 5.8244e-01 (6.8288e-01)	Loss TOTAL 5.9498e-01 (8.4769e-01)
Epoch: [0][390/496]	L_Src_Sup 6.5252e-02 (3.2234e-01)	L_Trg_Inj 0.0000e+00 (0.0000e+00)	Loss Disc 0.0000e+00 (0.0000e+00)	Loss Pred 5.5830e-01 (6.7989e-01)	Loss TOTAL 5.9092e-01 (8.4106e-01)
Epoch: [0][400/496]	L_Src_Sup 5.1060e-02 (3.1957e-01)	L_Trg_Inj 0.0000e+00 (0.0000e+00)	Loss Disc 0.0000e+00 (0.0000e+00)	Loss Pred 5.6135e-01 (6.7746e-01)	Loss TOTAL 5.8688e-01 (8.3724e-01)
Epoch: [0][410/496]	L_Src_Sup 1.7488e-02 (3.1257e-01)	L_Trg_Inj 0.0000e+00 (0.0000e+00)	Loss Disc 0.0000e+00 (0.0000e+00)	Loss Pred 5.8697e-01 (6.7436e-01)	Loss TOTAL 5.9572e-01 (8.3065e-01)
Epoch: [0][420/496]	L_Src_Sup 0.0000e+00 (3.0574e-01)	L_Trg_Inj 0.0000e+00 (0.0000e+00)	Loss Disc 0.0000e+00 (0.0000e+00)	Loss Pred 5.5513e-01 (6.7127e-01)	Loss TOTAL 5.5513e-01 (8.2414e-01)
Epoch: [0][430/496]	L_Src_Sup 1.7235e-02 (2.9906e-01)	L_Trg_Inj 0.0000e+00 (0.0000e+00)	Loss Disc 0.0000e+00 (0.0000e+00)	Loss Pred 5.4950e-01 (6.6807e-01)	Loss TOTAL 5.5812e-01 (8.1760e-01)
Epoch: [0][440/496]	L_Src_Sup 1.9142e-02 (2.9268e-01)	L_Trg_Inj 0.0000e+00 (0.0000e+00)	Loss Disc 0.0000e+00 (0.0000e+00)	Loss Pred 5.0509e-01 (6.6492e-01)	Loss TOTAL 5.1466e-01 (8.1126e-01)
Epoch: [0][450/496]	L_Src_Sup 2.6384e-02 (2.8651e-01)	L_Trg_Inj 0.0000e+00 (0.0000e+00)	Loss Disc 0.0000e+00 (0.0000e+00)	Loss Pred 5.4081e-01 (6.6217e-01)	Loss TOTAL 5.5400e-01 (8.0543e-01)
Epoch: [0][460/496]	L_Src_Sup 1.3357e-02 (2.8051e-01)	L_Trg_Inj 0.0000e+00 (0.0000e+00)	Loss Disc 0.0000e+00 (0.0000e+00)	Loss Pred 5.1504e-01 (6.5918e-01)	Loss TOTAL 5.2172e-01 (7.9944e-01)
Epoch: [0][470/496]	L_Src_Sup 1.3337e-02 (2.7474e-01)	L_Trg_Inj 0.0000e+00 (0.0000e+00)	Loss Disc 0.0000e+00 (0.0000e+00)	Loss Pred 5.0259e-01 (6.5617e-01)	Loss TOTAL 5.0926e-01 (7.9354e-01)
Epoch: [0][480/496]	L_Src_Sup 1.6277e-02 (2.6943e-01)	L_Trg_Inj 0.0000e+00 (0.0000e+00)	Loss Disc 0.0000e+00 (0.0000e+00)	Loss Pred 4.9736e-01 (6.5340e-01)	Loss TOTAL 5.0550e-01 (7.8812e-01)
Epoch: [0][490/496]	L_Src_Sup 4.9495e-02 (2.6418e-01)	L_Trg_Inj 0.0000e+00 (0.0000e+00)	Loss Disc 0.0000e+00 (0.0000e+00)	Loss Pred 4.9225e-01 (6.5046e-01)	Loss TOTAL 5.1700e-01 (7.8255e-01)
Epoch: [0][496/496]	L_Src_Sup 5.4296e-03 (2.6109e-01)	L_Trg_Inj 0.0000e+00 (0.0000e+00)	Loss Disc 0.0000e+00 (0.0000e+00)	Loss Pred 4.9130e-01 (6.4878e-01)	Loss TOTAL 4.9402e-01 (7.7932e-01)
Epoch 0 complete. Saving model state...
Epoch: [1][ 10/496]	L_Src_Sup 0.0000e+00 (1.9875e-02)	L_Trg_Inj 0.0000e+00 (0.0000e+00)	Loss Disc 0.0000e+00 (0.0000e+00)	Loss Pred 5.0600e-01 (5.1103e-01)	Loss TOTAL 5.0600e-01 (5.2097e-01)
Epoch: [1][ 20/496]	L_Src_Sup 1.6560e-02 (2.0189e-02)	L_Trg_Inj 0.0000e+00 (0.0000e+00)	Loss Disc 0.0000e+00 (0.0000e+00)	Loss Pred 4.7312e-01 (5.0304e-01)	Loss TOTAL 4.8140e-01 (5.1314e-01)
Epoch: [1][ 30/496]	L_Src_Sup 0.0000e+00 (1.6590e-02)	L_Trg_Inj 0.0000e+00 (0.0000e+00)	Loss Disc 0.0000e+00 (0.0000e+00)	Loss Pred 4.8933e-01 (4.9759e-01)	Loss TOTAL 4.8933e-01 (5.0589e-01)
Epoch: [1][ 40/496]	L_Src_Sup 0.0000e+00 (1.7046e-02)	L_Trg_Inj 0.0000e+00 (0.0000e+00)	Loss Disc 0.0000e+00 (0.0000e+00)	Loss Pred 5.0884e-01 (4.9622e-01)	Loss TOTAL 5.0884e-01 (5.0475e-01)
Epoch: [1][ 50/496]	L_Src_Sup 0.0000e+00 (1.7550e-02)	L_Trg_Inj 0.0000e+00 (0.0000e+00)	Loss Disc 0.0000e+00 (0.0000e+00)	Loss Pred 4.7165e-01 (4.9291e-01)	Loss TOTAL 4.7165e-01 (5.0169e-01)
Epoch: [1][ 60/496]	L_Src_Sup 7.7032e-05 (1.6565e-02)	L_Trg_Inj 0.0000e+00 (0.0000e+00)	Loss Disc 0.0000e+00 (0.0000e+00)	Loss Pred 4.6897e-01 (4.9069e-01)	Loss TOTAL 4.6901e-01 (4.9897e-01)
Epoch: [1][ 70/496]	L_Src_Sup 1.7318e-03 (1.5213e-02)	L_Trg_Inj 0.0000e+00 (0.0000e+00)	Loss Disc 0.0000e+00 (0.0000e+00)	Loss Pred 4.7030e-01 (4.8968e-01)	Loss TOTAL 4.7117e-01 (4.9729e-01)
Epoch: [1][ 80/496]	L_Src_Sup 3.1441e-02 (1.4612e-02)	L_Trg_Inj 0.0000e+00 (0.0000e+00)	Loss Disc 0.0000e+00 (0.0000e+00)	Loss Pred 4.8369e-01 (4.8717e-01)	Loss TOTAL 4.9941e-01 (4.9448e-01)
Epoch: [1][ 90/496]	L_Src_Sup 8.8194e-04 (1.4298e-02)	L_Trg_Inj 0.0000e+00 (0.0000e+00)	Loss Disc 0.0000e+00 (0.0000e+00)	Loss Pred 4.9482e-01 (4.8511e-01)	Loss TOTAL 4.9526e-01 (4.9226e-01)
Epoch: [1][100/496]	L_Src_Sup 1.5951e-02 (1.3698e-02)	L_Trg_Inj 0.0000e+00 (0.0000e+00)	Loss Disc 0.0000e+00 (0.0000e+00)	Loss Pred 4.6740e-01 (4.8282e-01)	Loss TOTAL 4.7538e-01 (4.8967e-01)
Epoch: [1][110/496]	L_Src_Sup 2.3155e-02 (1.3646e-02)	L_Trg_Inj 0.0000e+00 (0.0000e+00)	Loss Disc 0.0000e+00 (0.0000e+00)	Loss Pred 4.4280e-01 (4.8090e-01)	Loss TOTAL 4.5438e-01 (4.8772e-01)
Epoch: [1][120/496]	L_Src_Sup 1.9932e-02 (1.3747e-02)	L_Trg_Inj 0.0000e+00 (0.0000e+00)	Loss Disc 0.0000e+00 (0.0000e+00)	Loss Pred 4.5170e-01 (4.7863e-01)	Loss TOTAL 4.6167e-01 (4.8551e-01)
Epoch: [1][130/496]	L_Src_Sup 2.7938e-02 (1.3740e-02)	L_Trg_Inj 0.0000e+00 (0.0000e+00)	Loss Disc 0.0000e+00 (0.0000e+00)	Loss Pred 4.3946e-01 (4.7648e-01)	Loss TOTAL 4.5343e-01 (4.8335e-01)
Epoch: [1][140/496]	L_Src_Sup 1.7113e-02 (1.3594e-02)	L_Trg_Inj 0.0000e+00 (0.0000e+00)	Loss Disc 0.0000e+00 (0.0000e+00)	Loss Pred 4.5996e-01 (4.7488e-01)	Loss TOTAL 4.6851e-01 (4.8167e-01)
Epoch: [1][150/496]	L_Src_Sup 0.0000e+00 (1.3037e-02)	L_Trg_Inj 0.0000e+00 (0.0000e+00)	Loss Disc 0.0000e+00 (0.0000e+00)	Loss Pred 4.9481e-01 (4.7404e-01)	Loss TOTAL 4.9481e-01 (4.8056e-01)
Epoch: [1][160/496]	L_Src_Sup 2.5677e-02 (1.2711e-02)	L_Trg_Inj 0.0000e+00 (0.0000e+00)	Loss Disc 0.0000e+00 (0.0000e+00)	Loss Pred 4.1859e-01 (4.7325e-01)	Loss TOTAL 4.3143e-01 (4.7961e-01)
Epoch: [1][170/496]	L_Src_Sup 0.0000e+00 (1.2490e-02)	L_Trg_Inj 0.0000e+00 (0.0000e+00)	Loss Disc 0.0000e+00 (0.0000e+00)	Loss Pred 4.9304e-01 (4.7228e-01)	Loss TOTAL 4.9304e-01 (4.7852e-01)
Epoch: [1][180/496]	L_Src_Sup 1.0064e-02 (1.2016e-02)	L_Trg_Inj 0.0000e+00 (0.0000e+00)	Loss Disc 0.0000e+00 (0.0000e+00)	Loss Pred 4.6185e-01 (4.7151e-01)	Loss TOTAL 4.6688e-01 (4.7751e-01)
Epoch: [1][190/496]	L_Src_Sup 4.2388e-03 (1.2400e-02)	L_Trg_Inj 0.0000e+00 (0.0000e+00)	Loss Disc 0.0000e+00 (0.0000e+00)	Loss Pred 4.3839e-01 (4.6987e-01)	Loss TOTAL 4.4051e-01 (4.7607e-01)
Epoch: [1][200/496]	L_Src_Sup 2.7457e-02 (1.2171e-02)	L_Trg_Inj 0.0000e+00 (0.0000e+00)	Loss Disc 0.0000e+00 (0.0000e+00)	Loss Pred 4.3661e-01 (4.6905e-01)	Loss TOTAL 4.5034e-01 (4.7514e-01)
Epoch: [1][210/496]	L_Src_Sup 5.1301e-02 (1.2497e-02)	L_Trg_Inj 0.0000e+00 (0.0000e+00)	Loss Disc 0.0000e+00 (0.0000e+00)	Loss Pred 4.5476e-01 (4.6775e-01)	Loss TOTAL 4.8041e-01 (4.7400e-01)
Epoch: [1][220/496]	L_Src_Sup 5.7676e-03 (1.2273e-02)	L_Trg_Inj 0.0000e+00 (0.0000e+00)	Loss Disc 0.0000e+00 (0.0000e+00)	Loss Pred 4.5540e-01 (4.6735e-01)	Loss TOTAL 4.5829e-01 (4.7349e-01)
Epoch: [1][230/496]	L_Src_Sup 0.0000e+00 (1.2306e-02)	L_Trg_Inj 0.0000e+00 (0.0000e+00)	Loss Disc 0.0000e+00 (0.0000e+00)	Loss Pred 4.8683e-01 (4.6661e-01)	Loss TOTAL 4.8683e-01 (4.7276e-01)
Epoch: [1][240/496]	L_Src_Sup 0.0000e+00 (1.2307e-02)	L_Trg_Inj 0.0000e+00 (0.0000e+00)	Loss Disc 0.0000e+00 (0.0000e+00)	Loss Pred 4.6219e-01 (4.6573e-01)	Loss TOTAL 4.6219e-01 (4.7188e-01)
Epoch: [1][250/496]	L_Src_Sup 0.0000e+00 (1.2283e-02)	L_Trg_Inj 0.0000e+00 (0.0000e+00)	Loss Disc 0.0000e+00 (0.0000e+00)	Loss Pred 4.8607e-01 (4.6568e-01)	Loss TOTAL 4.8607e-01 (4.7183e-01)
Epoch: [1][260/496]	L_Src_Sup 0.0000e+00 (1.2010e-02)	L_Trg_Inj 0.0000e+00 (0.0000e+00)	Loss Disc 0.0000e+00 (0.0000e+00)	Loss Pred 4.7078e-01 (4.6509e-01)	Loss TOTAL 4.7078e-01 (4.7109e-01)
Epoch: [1][270/496]	L_Src_Sup 5.0640e-04 (1.1899e-02)	L_Trg_Inj 0.0000e+00 (0.0000e+00)	Loss Disc 0.0000e+00 (0.0000e+00)	Loss Pred 4.7297e-01 (4.6498e-01)	Loss TOTAL 4.7322e-01 (4.7093e-01)
Epoch: [1][280/496]	L_Src_Sup 1.7664e-02 (1.2012e-02)	L_Trg_Inj 0.0000e+00 (0.0000e+00)	Loss Disc 0.0000e+00 (0.0000e+00)	Loss Pred 4.8004e-01 (4.6445e-01)	Loss TOTAL 4.8887e-01 (4.7046e-01)
Epoch: [1][290/496]	L_Src_Sup 0.0000e+00 (1.1910e-02)	L_Trg_Inj 0.0000e+00 (0.0000e+00)	Loss Disc 0.0000e+00 (0.0000e+00)	Loss Pred 4.4185e-01 (4.6349e-01)	Loss TOTAL 4.4185e-01 (4.6945e-01)
Epoch: [1][300/496]	L_Src_Sup 0.0000e+00 (1.1863e-02)	L_Trg_Inj 0.0000e+00 (0.0000e+00)	Loss Disc 0.0000e+00 (0.0000e+00)	Loss Pred 4.6661e-01 (4.6289e-01)	Loss TOTAL 4.6661e-01 (4.6882e-01)
Epoch: [1][310/496]	L_Src_Sup 9.3701e-03 (1.1650e-02)	L_Trg_Inj 0.0000e+00 (0.0000e+00)	Loss Disc 0.0000e+00 (0.0000e+00)	Loss Pred 4.5537e-01 (4.6244e-01)	Loss TOTAL 4.6005e-01 (4.6826e-01)
Epoch: [1][320/496]	L_Src_Sup 1.2420e-01 (1.8224e-02)	L_Trg_Inj 0.0000e+00 (0.0000e+00)	Loss Disc 0.0000e+00 (0.0000e+00)	Loss Pred 4.7047e-01 (4.6293e-01)	Loss TOTAL 5.3257e-01 (4.7204e-01)
Epoch: [1][330/496]	L_Src_Sup 3.5759e-02 (1.8977e-02)	L_Trg_Inj 0.0000e+00 (0.0000e+00)	Loss Disc 0.0000e+00 (0.0000e+00)	Loss Pred 4.4919e-01 (4.6252e-01)	Loss TOTAL 4.6707e-01 (4.7201e-01)
Epoch: [1][340/496]	L_Src_Sup 5.0621e-02 (1.9160e-02)	L_Trg_Inj 0.0000e+00 (0.0000e+00)	Loss Disc 0.0000e+00 (0.0000e+00)	Loss Pred 4.6776e-01 (4.6214e-01)	Loss TOTAL 4.9307e-01 (4.7172e-01)
Epoch: [1][350/496]	L_Src_Sup 3.2953e-02 (1.9125e-02)	L_Trg_Inj 0.0000e+00 (0.0000e+00)	Loss Disc 0.0000e+00 (0.0000e+00)	Loss Pred 4.4856e-01 (4.6216e-01)	Loss TOTAL 4.6504e-01 (4.7172e-01)
Epoch: [1][360/496]	L_Src_Sup 0.0000e+00 (1.9016e-02)	L_Trg_Inj 0.0000e+00 (0.0000e+00)	Loss Disc 0.0000e+00 (0.0000e+00)	Loss Pred 5.1715e-01 (4.6194e-01)	Loss TOTAL 5.1715e-01 (4.7145e-01)
Epoch: [1][370/496]	L_Src_Sup 5.8019e-05 (1.8693e-02)	L_Trg_Inj 0.0000e+00 (0.0000e+00)	Loss Disc 0.0000e+00 (0.0000e+00)	Loss Pred 4.5429e-01 (4.6152e-01)	Loss TOTAL 4.5432e-01 (4.7087e-01)
Epoch: [1][380/496]	L_Src_Sup 1.6947e-02 (1.8511e-02)	L_Trg_Inj 0.0000e+00 (0.0000e+00)	Loss Disc 0.0000e+00 (0.0000e+00)	Loss Pred 4.4738e-01 (4.6105e-01)	Loss TOTAL 4.5585e-01 (4.7030e-01)
Epoch: [1][390/496]	L_Src_Sup 0.0000e+00 (1.8435e-02)	L_Trg_Inj 0.0000e+00 (0.0000e+00)	Loss Disc 0.0000e+00 (0.0000e+00)	Loss Pred 4.2830e-01 (4.6071e-01)	Loss TOTAL 4.2830e-01 (4.6993e-01)
Epoch: [1][400/496]	L_Src_Sup 2.3270e-02 (1.8340e-02)	L_Trg_Inj 0.0000e+00 (0.0000e+00)	Loss Disc 0.0000e+00 (0.0000e+00)	Loss Pred 4.2899e-01 (4.6049e-01)	Loss TOTAL 4.4062e-01 (4.6966e-01)
Epoch: [1][410/496]	L_Src_Sup 1.5147e-02 (1.8115e-02)	L_Trg_Inj 0.0000e+00 (0.0000e+00)	Loss Disc 0.0000e+00 (0.0000e+00)	Loss Pred 4.7308e-01 (4.6006e-01)	Loss TOTAL 4.8066e-01 (4.6912e-01)
Epoch: [1][420/496]	L_Src_Sup 1.3940e-04 (1.7859e-02)	L_Trg_Inj 0.0000e+00 (0.0000e+00)	Loss Disc 0.0000e+00 (0.0000e+00)	Loss Pred 4.2318e-01 (4.5968e-01)	Loss TOTAL 4.2325e-01 (4.6861e-01)
Epoch: [1][430/496]	L_Src_Sup 0.0000e+00 (1.7564e-02)	L_Trg_Inj 0.0000e+00 (0.0000e+00)	Loss Disc 0.0000e+00 (0.0000e+00)	Loss Pred 4.2833e-01 (4.5958e-01)	Loss TOTAL 4.2833e-01 (4.6837e-01)
Epoch: [1][440/496]	L_Src_Sup 0.0000e+00 (1.7497e-02)	L_Trg_Inj 0.0000e+00 (0.0000e+00)	Loss Disc 0.0000e+00 (0.0000e+00)	Loss Pred 4.6279e-01 (4.5946e-01)	Loss TOTAL 4.6279e-01 (4.6821e-01)
Epoch: [1][450/496]	L_Src_Sup 1.6531e-02 (1.7415e-02)	L_Trg_Inj 0.0000e+00 (0.0000e+00)	Loss Disc 0.0000e+00 (0.0000e+00)	Loss Pred 4.2366e-01 (4.5937e-01)	Loss TOTAL 4.3192e-01 (4.6808e-01)
Epoch: [1][460/496]	L_Src_Sup 1.6259e-02 (1.7226e-02)	L_Trg_Inj 0.0000e+00 (0.0000e+00)	Loss Disc 0.0000e+00 (0.0000e+00)	Loss Pred 4.1553e-01 (4.5909e-01)	Loss TOTAL 4.2366e-01 (4.6770e-01)
Epoch: [1][470/496]	L_Src_Sup 1.7351e-02 (1.7151e-02)	L_Trg_Inj 0.0000e+00 (0.0000e+00)	Loss Disc 0.0000e+00 (0.0000e+00)	Loss Pred 4.6756e-01 (4.5869e-01)	Loss TOTAL 4.7623e-01 (4.6726e-01)
Epoch: [1][480/496]	L_Src_Sup 0.0000e+00 (1.7053e-02)	L_Trg_Inj 0.0000e+00 (0.0000e+00)	Loss Disc 0.0000e+00 (0.0000e+00)	Loss Pred 4.4091e-01 (4.5864e-01)	Loss TOTAL 4.4091e-01 (4.6717e-01)
Epoch: [1][490/496]	L_Src_Sup 0.0000e+00 (1.6943e-02)	L_Trg_Inj 0.0000e+00 (0.0000e+00)	Loss Disc 0.0000e+00 (0.0000e+00)	Loss Pred 4.5387e-01 (4.5847e-01)	Loss TOTAL 4.5387e-01 (4.6694e-01)
Epoch: [1][496/496]	L_Src_Sup 1.8674e-02 (1.6923e-02)	L_Trg_Inj 0.0000e+00 (0.0000e+00)	Loss Disc 0.0000e+00 (0.0000e+00)	Loss Pred 5.1648e-01 (4.5848e-01)	Loss TOTAL 5.2582e-01 (4.6694e-01)
Epoch 1 complete. Saving model state...
