Using device: cuda
=== Source-Only Training Mode (No Target Domain) ===
Loading Source Train...
Using Mean/Std from Source Train (mean[0]=21.754703609461878, std[0]=2.2355389743796428)
Epoch: [0][ 10/496]	L_Src_Sup 1.9989e+00 (1.9996e+00)	L_Trg_Inj 0.0000e+00 (0.0000e+00)	Loss Disc 0.0000e+00 (0.0000e+00)	Loss Pred 8.4536e-01 (8.4173e-01)	Loss TOTAL 1.8448e+00 (1.8415e+00)
Epoch: [0][ 20/496]	L_Src_Sup 1.6378e+00 (1.8904e+00)	L_Trg_Inj 0.0000e+00 (0.0000e+00)	Loss Disc 0.0000e+00 (0.0000e+00)	Loss Pred 8.1043e-01 (8.4045e-01)	Loss TOTAL 1.6293e+00 (1.7857e+00)
Epoch: [0][ 30/496]	L_Src_Sup 7.2268e-01 (1.6243e+00)	L_Trg_Inj 0.0000e+00 (0.0000e+00)	Loss Disc 0.0000e+00 (0.0000e+00)	Loss Pred 8.1475e-01 (8.3538e-01)	Loss TOTAL 1.1761e+00 (1.6475e+00)
Epoch: [0][ 40/496]	L_Src_Sup 6.5288e-01 (1.3860e+00)	L_Trg_Inj 0.0000e+00 (0.0000e+00)	Loss Disc 0.0000e+00 (0.0000e+00)	Loss Pred 8.6711e-01 (8.3802e-01)	Loss TOTAL 1.1935e+00 (1.5310e+00)
Epoch: [0][ 50/496]	L_Src_Sup 4.8753e-01 (1.2047e+00)	L_Trg_Inj 0.0000e+00 (0.0000e+00)	Loss Disc 0.0000e+00 (0.0000e+00)	Loss Pred 8.3727e-01 (8.3682e-01)	Loss TOTAL 1.0810e+00 (1.4392e+00)
Epoch: [0][ 60/496]	L_Src_Sup 3.4982e-01 (1.0777e+00)	L_Trg_Inj 0.0000e+00 (0.0000e+00)	Loss Disc 0.0000e+00 (0.0000e+00)	Loss Pred 8.3884e-01 (8.3334e-01)	Loss TOTAL 1.0137e+00 (1.3722e+00)
Epoch: [0][ 70/496]	L_Src_Sup 5.1118e-01 (9.8714e-01)	L_Trg_Inj 0.0000e+00 (0.0000e+00)	Loss Disc 0.0000e+00 (0.0000e+00)	Loss Pred 7.8860e-01 (8.3058e-01)	Loss TOTAL 1.0442e+00 (1.3242e+00)
Epoch: [0][ 80/496]	L_Src_Sup 6.9361e-01 (9.2805e-01)	L_Trg_Inj 0.0000e+00 (0.0000e+00)	Loss Disc 0.0000e+00 (0.0000e+00)	Loss Pred 7.9734e-01 (8.2928e-01)	Loss TOTAL 1.1441e+00 (1.2933e+00)
Epoch: [0][ 90/496]	L_Src_Sup 4.9276e-01 (8.6711e-01)	L_Trg_Inj 0.0000e+00 (0.0000e+00)	Loss Disc 0.0000e+00 (0.0000e+00)	Loss Pred 7.8178e-01 (8.2603e-01)	Loss TOTAL 1.0282e+00 (1.2596e+00)
Epoch: [0][100/496]	L_Src_Sup 5.0198e-01 (8.1852e-01)	L_Trg_Inj 0.0000e+00 (0.0000e+00)	Loss Disc 0.0000e+00 (0.0000e+00)	Loss Pred 7.5336e-01 (8.2200e-01)	Loss TOTAL 1.0044e+00 (1.2313e+00)
Epoch: [0][110/496]	L_Src_Sup 3.3526e-01 (7.8193e-01)	L_Trg_Inj 0.0000e+00 (0.0000e+00)	Loss Disc 0.0000e+00 (0.0000e+00)	Loss Pred 7.4216e-01 (8.1841e-01)	Loss TOTAL 9.0979e-01 (1.2094e+00)
Epoch: [0][120/496]	L_Src_Sup 3.6018e-01 (7.5104e-01)	L_Trg_Inj 0.0000e+00 (0.0000e+00)	Loss Disc 0.0000e+00 (0.0000e+00)	Loss Pred 8.3999e-01 (8.1600e-01)	Loss TOTAL 1.0201e+00 (1.1915e+00)
Epoch: [0][130/496]	L_Src_Sup 3.1488e-01 (7.1880e-01)	L_Trg_Inj 0.0000e+00 (0.0000e+00)	Loss Disc 0.0000e+00 (0.0000e+00)	Loss Pred 7.4482e-01 (8.1268e-01)	Loss TOTAL 9.0226e-01 (1.1721e+00)
Epoch: [0][140/496]	L_Src_Sup 6.0911e-01 (6.9406e-01)	L_Trg_Inj 0.0000e+00 (0.0000e+00)	Loss Disc 0.0000e+00 (0.0000e+00)	Loss Pred 7.6731e-01 (8.0916e-01)	Loss TOTAL 1.0719e+00 (1.1562e+00)
Epoch: [0][150/496]	L_Src_Sup 7.6078e-02 (6.6168e-01)	L_Trg_Inj 0.0000e+00 (0.0000e+00)	Loss Disc 0.0000e+00 (0.0000e+00)	Loss Pred 7.5804e-01 (8.0514e-01)	Loss TOTAL 7.9608e-01 (1.1360e+00)
Epoch: [0][160/496]	L_Src_Sup 1.9774e-01 (6.4975e-01)	L_Trg_Inj 0.0000e+00 (0.0000e+00)	Loss Disc 0.0000e+00 (0.0000e+00)	Loss Pred 7.5710e-01 (8.0285e-01)	Loss TOTAL 8.5597e-01 (1.1277e+00)
Epoch: [0][170/496]	L_Src_Sup 1.2130e-01 (6.2088e-01)	L_Trg_Inj 0.0000e+00 (0.0000e+00)	Loss Disc 0.0000e+00 (0.0000e+00)	Loss Pred 7.3739e-01 (7.9866e-01)	Loss TOTAL 7.9804e-01 (1.1091e+00)
Epoch: [0][180/496]	L_Src_Sup 4.6849e-02 (5.9582e-01)	L_Trg_Inj 0.0000e+00 (0.0000e+00)	Loss Disc 0.0000e+00 (0.0000e+00)	Loss Pred 7.6410e-01 (7.9518e-01)	Loss TOTAL 7.8753e-01 (1.0931e+00)
Epoch: [0][190/496]	L_Src_Sup 1.0899e-01 (5.6984e-01)	L_Trg_Inj 0.0000e+00 (0.0000e+00)	Loss Disc 0.0000e+00 (0.0000e+00)	Loss Pred 7.4636e-01 (7.9197e-01)	Loss TOTAL 8.0085e-01 (1.0769e+00)
Epoch: [0][200/496]	L_Src_Sup 1.5641e-01 (5.4628e-01)	L_Trg_Inj 0.0000e+00 (0.0000e+00)	Loss Disc 0.0000e+00 (0.0000e+00)	Loss Pred 7.2232e-01 (7.8767e-01)	Loss TOTAL 8.0052e-01 (1.0608e+00)
Epoch: [0][210/496]	L_Src_Sup 8.8802e-02 (5.2442e-01)	L_Trg_Inj 0.0000e+00 (0.0000e+00)	Loss Disc 0.0000e+00 (0.0000e+00)	Loss Pred 6.7865e-01 (7.8377e-01)	Loss TOTAL 7.2305e-01 (1.0460e+00)
Epoch: [0][220/496]	L_Src_Sup 1.0763e-01 (5.0395e-01)	L_Trg_Inj 0.0000e+00 (0.0000e+00)	Loss Disc 0.0000e+00 (0.0000e+00)	Loss Pred 7.3503e-01 (7.8016e-01)	Loss TOTAL 7.8885e-01 (1.0321e+00)
Epoch: [0][230/496]	L_Src_Sup 5.4375e-02 (4.8528e-01)	L_Trg_Inj 0.0000e+00 (0.0000e+00)	Loss Disc 0.0000e+00 (0.0000e+00)	Loss Pred 6.8834e-01 (7.7625e-01)	Loss TOTAL 7.1553e-01 (1.0189e+00)
Epoch: [0][240/496]	L_Src_Sup 6.7077e-02 (4.6824e-01)	L_Trg_Inj 0.0000e+00 (0.0000e+00)	Loss Disc 0.0000e+00 (0.0000e+00)	Loss Pred 6.5577e-01 (7.7271e-01)	Loss TOTAL 6.8931e-01 (1.0068e+00)
Epoch: [0][250/496]	L_Src_Sup 1.6270e-01 (4.6478e-01)	L_Trg_Inj 0.0000e+00 (0.0000e+00)	Loss Disc 0.0000e+00 (0.0000e+00)	Loss Pred 6.4606e-01 (7.6978e-01)	Loss TOTAL 7.2741e-01 (1.0022e+00)
Epoch: [0][260/496]	L_Src_Sup 2.7724e-02 (4.4942e-01)	L_Trg_Inj 0.0000e+00 (0.0000e+00)	Loss Disc 0.0000e+00 (0.0000e+00)	Loss Pred 6.6076e-01 (7.6662e-01)	Loss TOTAL 6.7462e-01 (9.9133e-01)
Epoch: [0][270/496]	L_Src_Sup 6.5077e-02 (4.3456e-01)	L_Trg_Inj 0.0000e+00 (0.0000e+00)	Loss Disc 0.0000e+00 (0.0000e+00)	Loss Pred 6.8164e-01 (7.6297e-01)	Loss TOTAL 7.1417e-01 (9.8024e-01)
Epoch: [0][280/496]	L_Src_Sup 7.4336e-02 (4.2108e-01)	L_Trg_Inj 0.0000e+00 (0.0000e+00)	Loss Disc 0.0000e+00 (0.0000e+00)	Loss Pred 6.3254e-01 (7.5946e-01)	Loss TOTAL 6.6970e-01 (9.7000e-01)
Epoch: [0][290/496]	L_Src_Sup 6.0705e-02 (4.0832e-01)	L_Trg_Inj 0.0000e+00 (0.0000e+00)	Loss Disc 0.0000e+00 (0.0000e+00)	Loss Pred 6.3665e-01 (7.5601e-01)	Loss TOTAL 6.6700e-01 (9.6017e-01)
Epoch: [0][300/496]	L_Src_Sup 8.8752e-03 (3.9577e-01)	L_Trg_Inj 0.0000e+00 (0.0000e+00)	Loss Disc 0.0000e+00 (0.0000e+00)	Loss Pred 6.1165e-01 (7.5262e-01)	Loss TOTAL 6.1608e-01 (9.5050e-01)
Epoch: [0][310/496]	L_Src_Sup 1.3967e-01 (3.8506e-01)	L_Trg_Inj 0.0000e+00 (0.0000e+00)	Loss Disc 0.0000e+00 (0.0000e+00)	Loss Pred 6.3500e-01 (7.4905e-01)	Loss TOTAL 7.0484e-01 (9.4158e-01)
Epoch: [0][320/496]	L_Src_Sup 2.2778e-02 (3.7509e-01)	L_Trg_Inj 0.0000e+00 (0.0000e+00)	Loss Disc 0.0000e+00 (0.0000e+00)	Loss Pred 6.4928e-01 (7.4545e-01)	Loss TOTAL 6.6067e-01 (9.3300e-01)
Epoch: [0][330/496]	L_Src_Sup 7.0121e-04 (3.6488e-01)	L_Trg_Inj 0.0000e+00 (0.0000e+00)	Loss Disc 0.0000e+00 (0.0000e+00)	Loss Pred 6.0855e-01 (7.4224e-01)	Loss TOTAL 6.0890e-01 (9.2468e-01)
Epoch: [0][340/496]	L_Src_Sup 1.8688e-02 (3.5552e-01)	L_Trg_Inj 0.0000e+00 (0.0000e+00)	Loss Disc 0.0000e+00 (0.0000e+00)	Loss Pred 6.6151e-01 (7.3902e-01)	Loss TOTAL 6.7085e-01 (9.1677e-01)
Epoch: [0][350/496]	L_Src_Sup 3.4399e-02 (3.4627e-01)	L_Trg_Inj 0.0000e+00 (0.0000e+00)	Loss Disc 0.0000e+00 (0.0000e+00)	Loss Pred 5.8893e-01 (7.3567e-01)	Loss TOTAL 6.0613e-01 (9.0880e-01)
Epoch: [0][360/496]	L_Src_Sup 1.3062e-01 (3.3792e-01)	L_Trg_Inj 0.0000e+00 (0.0000e+00)	Loss Disc 0.0000e+00 (0.0000e+00)	Loss Pred 6.2077e-01 (7.3227e-01)	Loss TOTAL 6.8608e-01 (9.0123e-01)
Epoch: [0][370/496]	L_Src_Sup 2.7171e-02 (3.3154e-01)	L_Trg_Inj 0.0000e+00 (0.0000e+00)	Loss Disc 0.0000e+00 (0.0000e+00)	Loss Pred 5.9365e-01 (7.2918e-01)	Loss TOTAL 6.0724e-01 (8.9495e-01)
Epoch: [0][380/496]	L_Src_Sup 2.7939e-03 (3.2397e-01)	L_Trg_Inj 0.0000e+00 (0.0000e+00)	Loss Disc 0.0000e+00 (0.0000e+00)	Loss Pred 5.8839e-01 (7.2582e-01)	Loss TOTAL 5.8979e-01 (8.8780e-01)
Epoch: [0][390/496]	L_Src_Sup 1.1945e-03 (3.1649e-01)	L_Trg_Inj 0.0000e+00 (0.0000e+00)	Loss Disc 0.0000e+00 (0.0000e+00)	Loss Pred 5.6081e-01 (7.2255e-01)	Loss TOTAL 5.6141e-01 (8.8080e-01)
Epoch: [0][400/496]	L_Src_Sup 4.6306e-05 (3.0920e-01)	L_Trg_Inj 0.0000e+00 (0.0000e+00)	Loss Disc 0.0000e+00 (0.0000e+00)	Loss Pred 5.5437e-01 (7.1941e-01)	Loss TOTAL 5.5440e-01 (8.7401e-01)
Epoch: [0][410/496]	L_Src_Sup 1.7221e-02 (3.0231e-01)	L_Trg_Inj 0.0000e+00 (0.0000e+00)	Loss Disc 0.0000e+00 (0.0000e+00)	Loss Pred 5.7247e-01 (7.1584e-01)	Loss TOTAL 5.8108e-01 (8.6699e-01)
Epoch: [0][420/496]	L_Src_Sup 9.1370e-04 (2.9558e-01)	L_Trg_Inj 0.0000e+00 (0.0000e+00)	Loss Disc 0.0000e+00 (0.0000e+00)	Loss Pred 5.3923e-01 (7.1278e-01)	Loss TOTAL 5.3969e-01 (8.6056e-01)
Epoch: [0][430/496]	L_Src_Sup 1.6905e-02 (2.8907e-01)	L_Trg_Inj 0.0000e+00 (0.0000e+00)	Loss Disc 0.0000e+00 (0.0000e+00)	Loss Pred 5.6525e-01 (7.0959e-01)	Loss TOTAL 5.7370e-01 (8.5413e-01)
Epoch: [0][440/496]	L_Src_Sup 1.7713e-02 (2.8305e-01)	L_Trg_Inj 0.0000e+00 (0.0000e+00)	Loss Disc 0.0000e+00 (0.0000e+00)	Loss Pred 5.8225e-01 (7.0666e-01)	Loss TOTAL 5.9111e-01 (8.4818e-01)
Epoch: [0][450/496]	L_Src_Sup 1.7058e-01 (2.7795e-01)	L_Trg_Inj 0.0000e+00 (0.0000e+00)	Loss Disc 0.0000e+00 (0.0000e+00)	Loss Pred 5.9505e-01 (7.0390e-01)	Loss TOTAL 6.8034e-01 (8.4287e-01)
Epoch: [0][460/496]	L_Src_Sup 0.0000e+00 (2.7306e-01)	L_Trg_Inj 0.0000e+00 (0.0000e+00)	Loss Disc 0.0000e+00 (0.0000e+00)	Loss Pred 5.6065e-01 (7.0089e-01)	Loss TOTAL 5.6065e-01 (8.3741e-01)
Epoch: [0][470/496]	L_Src_Sup 2.1186e-02 (2.6755e-01)	L_Trg_Inj 0.0000e+00 (0.0000e+00)	Loss Disc 0.0000e+00 (0.0000e+00)	Loss Pred 5.9673e-01 (6.9808e-01)	Loss TOTAL 6.0733e-01 (8.3186e-01)
Epoch: [0][480/496]	L_Src_Sup 2.0946e-02 (2.6243e-01)	L_Trg_Inj 0.0000e+00 (0.0000e+00)	Loss Disc 0.0000e+00 (0.0000e+00)	Loss Pred 6.2083e-01 (6.9552e-01)	Loss TOTAL 6.3130e-01 (8.2673e-01)
Epoch: [0][490/496]	L_Src_Sup 1.7858e-02 (2.5745e-01)	L_Trg_Inj 0.0000e+00 (0.0000e+00)	Loss Disc 0.0000e+00 (0.0000e+00)	Loss Pred 5.0960e-01 (6.9246e-01)	Loss TOTAL 5.1852e-01 (8.2118e-01)
Epoch: [0][496/496]	L_Src_Sup 4.1041e-03 (2.5447e-01)	L_Trg_Inj 0.0000e+00 (0.0000e+00)	Loss Disc 0.0000e+00 (0.0000e+00)	Loss Pred 5.2616e-01 (6.9050e-01)	Loss TOTAL 5.2821e-01 (8.1774e-01)
Epoch 0 complete. Saving model state...
Epoch: [1][ 10/496]	L_Src_Sup 9.4247e-01 (1.2686e-01)	L_Trg_Inj 0.0000e+00 (0.0000e+00)	Loss Disc 0.0000e+00 (0.0000e+00)	Loss Pred 5.9922e-01 (5.5315e-01)	Loss TOTAL 1.0705e+00 (6.1658e-01)
Epoch: [1][ 20/496]	L_Src_Sup 0.0000e+00 (9.7887e-02)	L_Trg_Inj 0.0000e+00 (0.0000e+00)	Loss Disc 0.0000e+00 (0.0000e+00)	Loss Pred 5.4150e-01 (5.5832e-01)	Loss TOTAL 5.4150e-01 (6.0726e-01)
Epoch: [1][ 30/496]	L_Src_Sup 2.1475e-05 (8.4649e-02)	L_Trg_Inj 0.0000e+00 (0.0000e+00)	Loss Disc 0.0000e+00 (0.0000e+00)	Loss Pred 5.3340e-01 (5.4812e-01)	Loss TOTAL 5.3341e-01 (5.9045e-01)
Epoch: [1][ 40/496]	L_Src_Sup 1.4709e-03 (6.6981e-02)	L_Trg_Inj 0.0000e+00 (0.0000e+00)	Loss Disc 0.0000e+00 (0.0000e+00)	Loss Pred 5.9322e-01 (5.4543e-01)	Loss TOTAL 5.9396e-01 (5.7892e-01)
Epoch: [1][ 50/496]	L_Src_Sup 6.7373e-06 (5.7917e-02)	L_Trg_Inj 0.0000e+00 (0.0000e+00)	Loss Disc 0.0000e+00 (0.0000e+00)	Loss Pred 5.5694e-01 (5.4173e-01)	Loss TOTAL 5.5695e-01 (5.7069e-01)
Epoch: [1][ 60/496]	L_Src_Sup 2.8658e-03 (5.2068e-02)	L_Trg_Inj 0.0000e+00 (0.0000e+00)	Loss Disc 0.0000e+00 (0.0000e+00)	Loss Pred 5.0710e-01 (5.3619e-01)	Loss TOTAL 5.0853e-01 (5.6223e-01)
Epoch: [1][ 70/496]	L_Src_Sup 0.0000e+00 (4.5309e-02)	L_Trg_Inj 0.0000e+00 (0.0000e+00)	Loss Disc 0.0000e+00 (0.0000e+00)	Loss Pred 5.0330e-01 (5.3143e-01)	Loss TOTAL 5.0330e-01 (5.5408e-01)
Epoch: [1][ 80/496]	L_Src_Sup 1.7315e-02 (4.0846e-02)	L_Trg_Inj 0.0000e+00 (0.0000e+00)	Loss Disc 0.0000e+00 (0.0000e+00)	Loss Pred 4.8464e-01 (5.2844e-01)	Loss TOTAL 4.9330e-01 (5.4886e-01)
Epoch: [1][ 90/496]	L_Src_Sup 2.7974e-04 (4.1429e-02)	L_Trg_Inj 0.0000e+00 (0.0000e+00)	Loss Disc 0.0000e+00 (0.0000e+00)	Loss Pred 5.4981e-01 (5.2716e-01)	Loss TOTAL 5.4995e-01 (5.4788e-01)
Epoch: [1][100/496]	L_Src_Sup 3.3086e-02 (4.2791e-02)	L_Trg_Inj 0.0000e+00 (0.0000e+00)	Loss Disc 0.0000e+00 (0.0000e+00)	Loss Pred 4.5867e-01 (5.2603e-01)	Loss TOTAL 4.7521e-01 (5.4742e-01)
Epoch: [1][110/496]	L_Src_Sup 6.5318e-02 (4.1732e-02)	L_Trg_Inj 0.0000e+00 (0.0000e+00)	Loss Disc 0.0000e+00 (0.0000e+00)	Loss Pred 5.0042e-01 (5.2393e-01)	Loss TOTAL 5.3308e-01 (5.4479e-01)
Epoch: [1][120/496]	L_Src_Sup 4.4132e-02 (3.9986e-02)	L_Trg_Inj 0.0000e+00 (0.0000e+00)	Loss Disc 0.0000e+00 (0.0000e+00)	Loss Pred 5.0853e-01 (5.2254e-01)	Loss TOTAL 5.3060e-01 (5.4253e-01)
Epoch: [1][130/496]	L_Src_Sup 2.0601e-02 (4.2347e-02)	L_Trg_Inj 0.0000e+00 (0.0000e+00)	Loss Disc 0.0000e+00 (0.0000e+00)	Loss Pred 4.6491e-01 (5.2020e-01)	Loss TOTAL 4.7521e-01 (5.4137e-01)
Epoch: [1][140/496]	L_Src_Sup 3.6584e-02 (4.0125e-02)	L_Trg_Inj 0.0000e+00 (0.0000e+00)	Loss Disc 0.0000e+00 (0.0000e+00)	Loss Pred 5.0825e-01 (5.1857e-01)	Loss TOTAL 5.2655e-01 (5.3864e-01)
Epoch: [1][150/496]	L_Src_Sup 1.8138e-02 (3.8010e-02)	L_Trg_Inj 0.0000e+00 (0.0000e+00)	Loss Disc 0.0000e+00 (0.0000e+00)	Loss Pred 5.0211e-01 (5.1727e-01)	Loss TOTAL 5.1118e-01 (5.3628e-01)
Epoch: [1][160/496]	L_Src_Sup 3.8643e-02 (3.6844e-02)	L_Trg_Inj 0.0000e+00 (0.0000e+00)	Loss Disc 0.0000e+00 (0.0000e+00)	Loss Pred 5.6740e-01 (5.1574e-01)	Loss TOTAL 5.8672e-01 (5.3417e-01)
Epoch: [1][170/496]	L_Src_Sup 1.9147e-03 (3.5524e-02)	L_Trg_Inj 0.0000e+00 (0.0000e+00)	Loss Disc 0.0000e+00 (0.0000e+00)	Loss Pred 4.9360e-01 (5.1454e-01)	Loss TOTAL 4.9456e-01 (5.3230e-01)
Epoch: [1][180/496]	L_Src_Sup 5.4528e-02 (3.4616e-02)	L_Trg_Inj 0.0000e+00 (0.0000e+00)	Loss Disc 0.0000e+00 (0.0000e+00)	Loss Pred 5.0002e-01 (5.1320e-01)	Loss TOTAL 5.2728e-01 (5.3051e-01)
Epoch: [1][190/496]	L_Src_Sup 0.0000e+00 (3.3368e-02)	L_Trg_Inj 0.0000e+00 (0.0000e+00)	Loss Disc 0.0000e+00 (0.0000e+00)	Loss Pred 5.0089e-01 (5.1154e-01)	Loss TOTAL 5.0089e-01 (5.2822e-01)
Epoch: [1][200/496]	L_Src_Sup 0.0000e+00 (3.2846e-02)	L_Trg_Inj 0.0000e+00 (0.0000e+00)	Loss Disc 0.0000e+00 (0.0000e+00)	Loss Pred 4.6982e-01 (5.1040e-01)	Loss TOTAL 4.6982e-01 (5.2683e-01)
Epoch: [1][210/496]	L_Src_Sup 0.0000e+00 (3.1680e-02)	L_Trg_Inj 0.0000e+00 (0.0000e+00)	Loss Disc 0.0000e+00 (0.0000e+00)	Loss Pred 4.5731e-01 (5.0899e-01)	Loss TOTAL 4.5731e-01 (5.2483e-01)
Epoch: [1][220/496]	L_Src_Sup 1.0888e-06 (3.0406e-02)	L_Trg_Inj 0.0000e+00 (0.0000e+00)	Loss Disc 0.0000e+00 (0.0000e+00)	Loss Pred 4.7454e-01 (5.0746e-01)	Loss TOTAL 4.7455e-01 (5.2266e-01)
Epoch: [1][230/496]	L_Src_Sup 1.3940e-04 (2.9566e-02)	L_Trg_Inj 0.0000e+00 (0.0000e+00)	Loss Disc 0.0000e+00 (0.0000e+00)	Loss Pred 5.1889e-01 (5.0693e-01)	Loss TOTAL 5.1896e-01 (5.2172e-01)
Epoch: [1][240/496]	L_Src_Sup 4.6423e-01 (3.3638e-02)	L_Trg_Inj 0.0000e+00 (0.0000e+00)	Loss Disc 0.0000e+00 (0.0000e+00)	Loss Pred 5.4060e-01 (5.0637e-01)	Loss TOTAL 7.7272e-01 (5.2319e-01)
Epoch: [1][250/496]	L_Src_Sup 0.0000e+00 (3.5442e-02)	L_Trg_Inj 0.0000e+00 (0.0000e+00)	Loss Disc 0.0000e+00 (0.0000e+00)	Loss Pred 4.8808e-01 (5.0647e-01)	Loss TOTAL 4.8808e-01 (5.2419e-01)
Epoch: [1][260/496]	L_Src_Sup 1.8340e-02 (3.4853e-02)	L_Trg_Inj 0.0000e+00 (0.0000e+00)	Loss Disc 0.0000e+00 (0.0000e+00)	Loss Pred 5.1730e-01 (5.0577e-01)	Loss TOTAL 5.2647e-01 (5.2319e-01)
Epoch: [1][270/496]	L_Src_Sup 2.2502e-02 (3.5300e-02)	L_Trg_Inj 0.0000e+00 (0.0000e+00)	Loss Disc 0.0000e+00 (0.0000e+00)	Loss Pred 5.1227e-01 (5.0522e-01)	Loss TOTAL 5.2352e-01 (5.2287e-01)
Epoch: [1][280/496]	L_Src_Sup 3.6178e-04 (3.5239e-02)	L_Trg_Inj 0.0000e+00 (0.0000e+00)	Loss Disc 0.0000e+00 (0.0000e+00)	Loss Pred 5.0694e-01 (5.0572e-01)	Loss TOTAL 5.0712e-01 (5.2334e-01)
Epoch: [1][290/496]	L_Src_Sup 3.5762e-02 (3.4468e-02)	L_Trg_Inj 0.0000e+00 (0.0000e+00)	Loss Disc 0.0000e+00 (0.0000e+00)	Loss Pred 5.0538e-01 (5.0529e-01)	Loss TOTAL 5.2326e-01 (5.2253e-01)
Epoch: [1][300/496]	L_Src_Sup 0.0000e+00 (3.3722e-02)	L_Trg_Inj 0.0000e+00 (0.0000e+00)	Loss Disc 0.0000e+00 (0.0000e+00)	Loss Pred 4.9455e-01 (5.0446e-01)	Loss TOTAL 4.9455e-01 (5.2132e-01)
Epoch: [1][310/496]	L_Src_Sup 0.0000e+00 (3.2924e-02)	L_Trg_Inj 0.0000e+00 (0.0000e+00)	Loss Disc 0.0000e+00 (0.0000e+00)	Loss Pred 4.9994e-01 (5.0356e-01)	Loss TOTAL 4.9994e-01 (5.2002e-01)
Epoch: [1][320/496]	L_Src_Sup 0.0000e+00 (3.2168e-02)	L_Trg_Inj 0.0000e+00 (0.0000e+00)	Loss Disc 0.0000e+00 (0.0000e+00)	Loss Pred 4.4439e-01 (5.0277e-01)	Loss TOTAL 4.4439e-01 (5.1885e-01)
Epoch: [1][330/496]	L_Src_Sup 1.7390e-02 (3.1382e-02)	L_Trg_Inj 0.0000e+00 (0.0000e+00)	Loss Disc 0.0000e+00 (0.0000e+00)	Loss Pred 4.6157e-01 (5.0252e-01)	Loss TOTAL 4.7027e-01 (5.1821e-01)
Epoch: [1][340/496]	L_Src_Sup 1.7368e-02 (3.0605e-02)	L_Trg_Inj 0.0000e+00 (0.0000e+00)	Loss Disc 0.0000e+00 (0.0000e+00)	Loss Pred 4.6780e-01 (5.0217e-01)	Loss TOTAL 4.7649e-01 (5.1747e-01)
Epoch: [1][350/496]	L_Src_Sup 1.7081e-02 (3.0032e-02)	L_Trg_Inj 0.0000e+00 (0.0000e+00)	Loss Disc 0.0000e+00 (0.0000e+00)	Loss Pred 4.5672e-01 (5.0132e-01)	Loss TOTAL 4.6526e-01 (5.1633e-01)
Epoch: [1][360/496]	L_Src_Sup 1.4158e-02 (2.9779e-02)	L_Trg_Inj 0.0000e+00 (0.0000e+00)	Loss Disc 0.0000e+00 (0.0000e+00)	Loss Pred 4.3569e-01 (5.0046e-01)	Loss TOTAL 4.4277e-01 (5.1535e-01)
Epoch: [1][370/496]	L_Src_Sup 0.0000e+00 (2.9313e-02)	L_Trg_Inj 0.0000e+00 (0.0000e+00)	Loss Disc 0.0000e+00 (0.0000e+00)	Loss Pred 4.8092e-01 (4.9981e-01)	Loss TOTAL 4.8092e-01 (5.1447e-01)
Epoch: [1][380/496]	L_Src_Sup 0.0000e+00 (2.8786e-02)	L_Trg_Inj 0.0000e+00 (0.0000e+00)	Loss Disc 0.0000e+00 (0.0000e+00)	Loss Pred 4.7437e-01 (4.9924e-01)	Loss TOTAL 4.7437e-01 (5.1363e-01)
Epoch: [1][390/496]	L_Src_Sup 6.3685e-06 (2.8304e-02)	L_Trg_Inj 0.0000e+00 (0.0000e+00)	Loss Disc 0.0000e+00 (0.0000e+00)	Loss Pred 4.8761e-01 (4.9876e-01)	Loss TOTAL 4.8761e-01 (5.1291e-01)
Epoch: [1][400/496]	L_Src_Sup 1.7307e-02 (2.7893e-02)	L_Trg_Inj 0.0000e+00 (0.0000e+00)	Loss Disc 0.0000e+00 (0.0000e+00)	Loss Pred 5.1122e-01 (4.9809e-01)	Loss TOTAL 5.1987e-01 (5.1204e-01)
Epoch: [1][410/496]	L_Src_Sup 3.3657e-02 (2.7607e-02)	L_Trg_Inj 0.0000e+00 (0.0000e+00)	Loss Disc 0.0000e+00 (0.0000e+00)	Loss Pred 5.3116e-01 (4.9788e-01)	Loss TOTAL 5.4799e-01 (5.1168e-01)
Epoch: [1][420/496]	L_Src_Sup 3.4756e-02 (2.8404e-02)	L_Trg_Inj 0.0000e+00 (0.0000e+00)	Loss Disc 0.0000e+00 (0.0000e+00)	Loss Pred 4.5996e-01 (4.9791e-01)	Loss TOTAL 4.7734e-01 (5.1212e-01)
Epoch: [1][430/496]	L_Src_Sup 1.8499e-02 (2.7969e-02)	L_Trg_Inj 0.0000e+00 (0.0000e+00)	Loss Disc 0.0000e+00 (0.0000e+00)	Loss Pred 4.4765e-01 (4.9754e-01)	Loss TOTAL 4.5690e-01 (5.1152e-01)
Epoch: [1][440/496]	L_Src_Sup 1.9274e-05 (2.7495e-02)	L_Trg_Inj 0.0000e+00 (0.0000e+00)	Loss Disc 0.0000e+00 (0.0000e+00)	Loss Pred 4.8285e-01 (4.9711e-01)	Loss TOTAL 4.8286e-01 (5.1085e-01)
Epoch: [1][450/496]	L_Src_Sup 2.1054e-02 (2.7026e-02)	L_Trg_Inj 0.0000e+00 (0.0000e+00)	Loss Disc 0.0000e+00 (0.0000e+00)	Loss Pred 4.9804e-01 (4.9669e-01)	Loss TOTAL 5.0857e-01 (5.1020e-01)
Epoch: [1][460/496]	L_Src_Sup 2.8356e-05 (2.6637e-02)	L_Trg_Inj 0.0000e+00 (0.0000e+00)	Loss Disc 0.0000e+00 (0.0000e+00)	Loss Pred 5.1878e-01 (4.9642e-01)	Loss TOTAL 5.1880e-01 (5.0974e-01)
Epoch: [1][470/496]	L_Src_Sup 1.6944e-02 (2.6203e-02)	L_Trg_Inj 0.0000e+00 (0.0000e+00)	Loss Disc 0.0000e+00 (0.0000e+00)	Loss Pred 4.4761e-01 (4.9585e-01)	Loss TOTAL 4.5609e-01 (5.0895e-01)
Epoch: [1][480/496]	L_Src_Sup 5.9883e-02 (2.6033e-02)	L_Trg_Inj 0.0000e+00 (0.0000e+00)	Loss Disc 0.0000e+00 (0.0000e+00)	Loss Pred 5.1947e-01 (4.9551e-01)	Loss TOTAL 5.4942e-01 (5.0853e-01)
Epoch: [1][490/496]	L_Src_Sup 8.7219e-04 (2.5706e-02)	L_Trg_Inj 0.0000e+00 (0.0000e+00)	Loss Disc 0.0000e+00 (0.0000e+00)	Loss Pred 4.5484e-01 (4.9526e-01)	Loss TOTAL 4.5527e-01 (5.0811e-01)
Epoch: [1][496/496]	L_Src_Sup 2.5777e-04 (2.5540e-02)	L_Trg_Inj 0.0000e+00 (0.0000e+00)	Loss Disc 0.0000e+00 (0.0000e+00)	Loss Pred 4.7933e-01 (4.9510e-01)	Loss TOTAL 4.7946e-01 (5.0787e-01)
Epoch 1 complete. Saving model state...
Epoch: [2][ 10/496]	L_Src_Sup 0.0000e+00 (1.8265e-03)	L_Trg_Inj 0.0000e+00 (0.0000e+00)	Loss Disc 0.0000e+00 (0.0000e+00)	Loss Pred 4.5627e-01 (4.7873e-01)	Loss TOTAL 4.5627e-01 (4.7965e-01)
Epoch: [2][ 20/496]	L_Src_Sup 3.9155e-02 (6.0926e-03)	L_Trg_Inj 0.0000e+00 (0.0000e+00)	Loss Disc 0.0000e+00 (0.0000e+00)	Loss Pred 4.6068e-01 (4.7812e-01)	Loss TOTAL 4.8026e-01 (4.8117e-01)
Epoch: [2][ 30/496]	L_Src_Sup 0.0000e+00 (8.5792e-03)	L_Trg_Inj 0.0000e+00 (0.0000e+00)	Loss Disc 0.0000e+00 (0.0000e+00)	Loss Pred 4.6703e-01 (4.8133e-01)	Loss TOTAL 4.6703e-01 (4.8562e-01)
Epoch: [2][ 40/496]	L_Src_Sup 0.0000e+00 (9.4246e-03)	L_Trg_Inj 0.0000e+00 (0.0000e+00)	Loss Disc 0.0000e+00 (0.0000e+00)	Loss Pred 4.5185e-01 (4.8478e-01)	Loss TOTAL 4.5185e-01 (4.8950e-01)
Epoch: [2][ 50/496]	L_Src_Sup 0.0000e+00 (9.3879e-03)	L_Trg_Inj 0.0000e+00 (0.0000e+00)	Loss Disc 0.0000e+00 (0.0000e+00)	Loss Pred 5.1246e-01 (4.8801e-01)	Loss TOTAL 5.1246e-01 (4.9270e-01)
Epoch: [2][ 60/496]	L_Src_Sup 0.0000e+00 (9.5763e-03)	L_Trg_Inj 0.0000e+00 (0.0000e+00)	Loss Disc 0.0000e+00 (0.0000e+00)	Loss Pred 4.5985e-01 (4.8515e-01)	Loss TOTAL 4.5985e-01 (4.8994e-01)
Epoch: [2][ 70/496]	L_Src_Sup 0.0000e+00 (8.4848e-03)	L_Trg_Inj 0.0000e+00 (0.0000e+00)	Loss Disc 0.0000e+00 (0.0000e+00)	Loss Pred 4.7959e-01 (4.8612e-01)	Loss TOTAL 4.7959e-01 (4.9036e-01)
Epoch: [2][ 80/496]	L_Src_Sup 0.0000e+00 (8.1415e-03)	L_Trg_Inj 0.0000e+00 (0.0000e+00)	Loss Disc 0.0000e+00 (0.0000e+00)	Loss Pred 5.5350e-01 (4.8674e-01)	Loss TOTAL 5.5350e-01 (4.9081e-01)
Epoch: [2][ 90/496]	L_Src_Sup 0.0000e+00 (7.9378e-03)	L_Trg_Inj 0.0000e+00 (0.0000e+00)	Loss Disc 0.0000e+00 (0.0000e+00)	Loss Pred 4.9173e-01 (4.8595e-01)	Loss TOTAL 4.9173e-01 (4.8992e-01)
Epoch: [2][100/496]	L_Src_Sup 2.2999e-02 (8.1214e-03)	L_Trg_Inj 0.0000e+00 (0.0000e+00)	Loss Disc 0.0000e+00 (0.0000e+00)	Loss Pred 5.0416e-01 (4.8703e-01)	Loss TOTAL 5.1566e-01 (4.9109e-01)
Epoch: [2][110/496]	L_Src_Sup 2.8860e-01 (1.5826e-02)	L_Trg_Inj 0.0000e+00 (0.0000e+00)	Loss Disc 0.0000e+00 (0.0000e+00)	Loss Pred 4.8262e-01 (4.8655e-01)	Loss TOTAL 6.2692e-01 (4.9447e-01)
Epoch: [2][120/496]	L_Src_Sup 0.0000e+00 (2.3011e-02)	L_Trg_Inj 0.0000e+00 (0.0000e+00)	Loss Disc 0.0000e+00 (0.0000e+00)	Loss Pred 4.6029e-01 (4.8674e-01)	Loss TOTAL 4.6029e-01 (4.9824e-01)
Epoch: [2][130/496]	L_Src_Sup 0.0000e+00 (2.2034e-02)	L_Trg_Inj 0.0000e+00 (0.0000e+00)	Loss Disc 0.0000e+00 (0.0000e+00)	Loss Pred 4.7929e-01 (4.8577e-01)	Loss TOTAL 4.7929e-01 (4.9679e-01)
Epoch: [2][140/496]	L_Src_Sup 2.0877e-04 (2.0826e-02)	L_Trg_Inj 0.0000e+00 (0.0000e+00)	Loss Disc 0.0000e+00 (0.0000e+00)	Loss Pred 5.2936e-01 (4.8642e-01)	Loss TOTAL 5.2947e-01 (4.9684e-01)
Epoch: [2][150/496]	L_Src_Sup 1.6171e-04 (1.9708e-02)	L_Trg_Inj 0.0000e+00 (0.0000e+00)	Loss Disc 0.0000e+00 (0.0000e+00)	Loss Pred 5.0492e-01 (4.8675e-01)	Loss TOTAL 5.0500e-01 (4.9661e-01)
Epoch: [2][160/496]	L_Src_Sup 2.6902e-05 (1.8691e-02)	L_Trg_Inj 0.0000e+00 (0.0000e+00)	Loss Disc 0.0000e+00 (0.0000e+00)	Loss Pred 4.4744e-01 (4.8564e-01)	Loss TOTAL 4.4746e-01 (4.9499e-01)
Epoch: [2][170/496]	L_Src_Sup 1.0350e-04 (1.8204e-02)	L_Trg_Inj 0.0000e+00 (0.0000e+00)	Loss Disc 0.0000e+00 (0.0000e+00)	Loss Pred 4.6652e-01 (4.8558e-01)	Loss TOTAL 4.6657e-01 (4.9468e-01)
Epoch: [2][180/496]	L_Src_Sup 1.7772e-02 (1.7885e-02)	L_Trg_Inj 0.0000e+00 (0.0000e+00)	Loss Disc 0.0000e+00 (0.0000e+00)	Loss Pred 4.7268e-01 (4.8510e-01)	Loss TOTAL 4.8156e-01 (4.9404e-01)
Epoch: [2][190/496]	L_Src_Sup 1.8515e-02 (1.7205e-02)	L_Trg_Inj 0.0000e+00 (0.0000e+00)	Loss Disc 0.0000e+00 (0.0000e+00)	Loss Pred 5.1699e-01 (4.8532e-01)	Loss TOTAL 5.2625e-01 (4.9393e-01)
Epoch: [2][200/496]	L_Src_Sup 0.0000e+00 (1.6613e-02)	L_Trg_Inj 0.0000e+00 (0.0000e+00)	Loss Disc 0.0000e+00 (0.0000e+00)	Loss Pred 4.6103e-01 (4.8546e-01)	Loss TOTAL 4.6103e-01 (4.9376e-01)
Epoch: [2][210/496]	L_Src_Sup 4.7005e-04 (1.6148e-02)	L_Trg_Inj 0.0000e+00 (0.0000e+00)	Loss Disc 0.0000e+00 (0.0000e+00)	Loss Pred 5.0012e-01 (4.8615e-01)	Loss TOTAL 5.0035e-01 (4.9422e-01)
Epoch: [2][220/496]	L_Src_Sup 0.0000e+00 (1.5439e-02)	L_Trg_Inj 0.0000e+00 (0.0000e+00)	Loss Disc 0.0000e+00 (0.0000e+00)	Loss Pred 4.7877e-01 (4.8582e-01)	Loss TOTAL 4.7877e-01 (4.9354e-01)
Epoch: [2][230/496]	L_Src_Sup 0.0000e+00 (1.4925e-02)	L_Trg_Inj 0.0000e+00 (0.0000e+00)	Loss Disc 0.0000e+00 (0.0000e+00)	Loss Pred 4.4729e-01 (4.8528e-01)	Loss TOTAL 4.4729e-01 (4.9275e-01)
Epoch: [2][240/496]	L_Src_Sup 0.0000e+00 (1.4379e-02)	L_Trg_Inj 0.0000e+00 (0.0000e+00)	Loss Disc 0.0000e+00 (0.0000e+00)	Loss Pred 4.7258e-01 (4.8482e-01)	Loss TOTAL 4.7258e-01 (4.9200e-01)
Epoch: [2][250/496]	L_Src_Sup 0.0000e+00 (1.4329e-02)	L_Trg_Inj 0.0000e+00 (0.0000e+00)	Loss Disc 0.0000e+00 (0.0000e+00)	Loss Pred 4.7217e-01 (4.8448e-01)	Loss TOTAL 4.7217e-01 (4.9164e-01)
Epoch: [2][260/496]	L_Src_Sup 4.1835e-02 (1.5576e-02)	L_Trg_Inj 0.0000e+00 (0.0000e+00)	Loss Disc 0.0000e+00 (0.0000e+00)	Loss Pred 5.1651e-01 (4.8437e-01)	Loss TOTAL 5.3742e-01 (4.9216e-01)
Epoch: [2][270/496]	L_Src_Sup 6.8645e-05 (1.5891e-02)	L_Trg_Inj 0.0000e+00 (0.0000e+00)	Loss Disc 0.0000e+00 (0.0000e+00)	Loss Pred 4.6690e-01 (4.8423e-01)	Loss TOTAL 4.6694e-01 (4.9217e-01)
Epoch: [2][280/496]	L_Src_Sup 3.7559e-02 (1.5647e-02)	L_Trg_Inj 0.0000e+00 (0.0000e+00)	Loss Disc 0.0000e+00 (0.0000e+00)	Loss Pred 4.7242e-01 (4.8425e-01)	Loss TOTAL 4.9120e-01 (4.9207e-01)
Epoch: [2][290/496]	L_Src_Sup 1.7366e-02 (1.5353e-02)	L_Trg_Inj 0.0000e+00 (0.0000e+00)	Loss Disc 0.0000e+00 (0.0000e+00)	Loss Pred 4.8371e-01 (4.8394e-01)	Loss TOTAL 4.9239e-01 (4.9161e-01)
Epoch: [2][300/496]	L_Src_Sup 1.7321e-02 (1.5198e-02)	L_Trg_Inj 0.0000e+00 (0.0000e+00)	Loss Disc 0.0000e+00 (0.0000e+00)	Loss Pred 4.8005e-01 (4.8352e-01)	Loss TOTAL 4.8871e-01 (4.9112e-01)
Epoch: [2][310/496]	L_Src_Sup 1.0658e-03 (1.4988e-02)	L_Trg_Inj 0.0000e+00 (0.0000e+00)	Loss Disc 0.0000e+00 (0.0000e+00)	Loss Pred 5.1370e-01 (4.8342e-01)	Loss TOTAL 5.1423e-01 (4.9091e-01)
Epoch: [2][320/496]	L_Src_Sup 1.7695e-02 (1.4736e-02)	L_Trg_Inj 0.0000e+00 (0.0000e+00)	Loss Disc 0.0000e+00 (0.0000e+00)	Loss Pred 4.7841e-01 (4.8351e-01)	Loss TOTAL 4.8726e-01 (4.9088e-01)
Epoch: [2][330/496]	L_Src_Sup 0.0000e+00 (1.4401e-02)	L_Trg_Inj 0.0000e+00 (0.0000e+00)	Loss Disc 0.0000e+00 (0.0000e+00)	Loss Pred 4.8549e-01 (4.8341e-01)	Loss TOTAL 4.8549e-01 (4.9061e-01)
Epoch: [2][340/496]	L_Src_Sup 1.7240e-02 (1.4236e-02)	L_Trg_Inj 0.0000e+00 (0.0000e+00)	Loss Disc 0.0000e+00 (0.0000e+00)	Loss Pred 4.5966e-01 (4.8342e-01)	Loss TOTAL 4.6828e-01 (4.9054e-01)
Epoch: [2][350/496]	L_Src_Sup 0.0000e+00 (1.4074e-02)	L_Trg_Inj 0.0000e+00 (0.0000e+00)	Loss Disc 0.0000e+00 (0.0000e+00)	Loss Pred 4.7824e-01 (4.8329e-01)	Loss TOTAL 4.7824e-01 (4.9033e-01)
Epoch: [2][360/496]	L_Src_Sup 0.0000e+00 (1.3765e-02)	L_Trg_Inj 0.0000e+00 (0.0000e+00)	Loss Disc 0.0000e+00 (0.0000e+00)	Loss Pred 5.1018e-01 (4.8334e-01)	Loss TOTAL 5.1018e-01 (4.9022e-01)
Epoch: [2][370/496]	L_Src_Sup 0.0000e+00 (1.3479e-02)	L_Trg_Inj 0.0000e+00 (0.0000e+00)	Loss Disc 0.0000e+00 (0.0000e+00)	Loss Pred 5.1763e-01 (4.8327e-01)	Loss TOTAL 5.1763e-01 (4.9001e-01)
Epoch: [2][380/496]	L_Src_Sup 0.0000e+00 (1.3204e-02)	L_Trg_Inj 0.0000e+00 (0.0000e+00)	Loss Disc 0.0000e+00 (0.0000e+00)	Loss Pred 4.9096e-01 (4.8326e-01)	Loss TOTAL 4.9096e-01 (4.8986e-01)
Epoch: [2][390/496]	L_Src_Sup 0.0000e+00 (1.2983e-02)	L_Trg_Inj 0.0000e+00 (0.0000e+00)	Loss Disc 0.0000e+00 (0.0000e+00)	Loss Pred 4.8480e-01 (4.8311e-01)	Loss TOTAL 4.8480e-01 (4.8960e-01)
Epoch: [2][400/496]	L_Src_Sup 6.7443e-05 (1.2752e-02)	L_Trg_Inj 0.0000e+00 (0.0000e+00)	Loss Disc 0.0000e+00 (0.0000e+00)	Loss Pred 4.8558e-01 (4.8338e-01)	Loss TOTAL 4.8562e-01 (4.8976e-01)
Epoch: [2][410/496]	L_Src_Sup 0.0000e+00 (1.2543e-02)	L_Trg_Inj 0.0000e+00 (0.0000e+00)	Loss Disc 0.0000e+00 (0.0000e+00)	Loss Pred 4.6991e-01 (4.8354e-01)	Loss TOTAL 4.6991e-01 (4.8981e-01)
Epoch: [2][420/496]	L_Src_Sup 0.0000e+00 (1.2329e-02)	L_Trg_Inj 0.0000e+00 (0.0000e+00)	Loss Disc 0.0000e+00 (0.0000e+00)	Loss Pred 4.7273e-01 (4.8354e-01)	Loss TOTAL 4.7273e-01 (4.8970e-01)
Epoch: [2][430/496]	L_Src_Sup 0.0000e+00 (1.2086e-02)	L_Trg_Inj 0.0000e+00 (0.0000e+00)	Loss Disc 0.0000e+00 (0.0000e+00)	Loss Pred 4.7209e-01 (4.8330e-01)	Loss TOTAL 4.7209e-01 (4.8935e-01)
Epoch: [2][440/496]	L_Src_Sup 1.0410e-02 (1.1932e-02)	L_Trg_Inj 0.0000e+00 (0.0000e+00)	Loss Disc 0.0000e+00 (0.0000e+00)	Loss Pred 4.2647e-01 (4.8295e-01)	Loss TOTAL 4.3168e-01 (4.8892e-01)
Epoch: [2][450/496]	L_Src_Sup 0.0000e+00 (1.1808e-02)	L_Trg_Inj 0.0000e+00 (0.0000e+00)	Loss Disc 0.0000e+00 (0.0000e+00)	Loss Pred 4.8172e-01 (4.8291e-01)	Loss TOTAL 4.8172e-01 (4.8881e-01)
Epoch: [2][460/496]	L_Src_Sup 0.0000e+00 (1.1553e-02)	L_Trg_Inj 0.0000e+00 (0.0000e+00)	Loss Disc 0.0000e+00 (0.0000e+00)	Loss Pred 4.7875e-01 (4.8288e-01)	Loss TOTAL 4.7875e-01 (4.8866e-01)
Epoch: [2][470/496]	L_Src_Sup 1.1321e-05 (1.1438e-02)	L_Trg_Inj 0.0000e+00 (0.0000e+00)	Loss Disc 0.0000e+00 (0.0000e+00)	Loss Pred 4.4703e-01 (4.8262e-01)	Loss TOTAL 4.4704e-01 (4.8834e-01)
Epoch: [2][480/496]	L_Src_Sup 0.0000e+00 (1.1274e-02)	L_Trg_Inj 0.0000e+00 (0.0000e+00)	Loss Disc 0.0000e+00 (0.0000e+00)	Loss Pred 4.6708e-01 (4.8269e-01)	Loss TOTAL 4.6708e-01 (4.8833e-01)
Epoch: [2][490/496]	L_Src_Sup 0.0000e+00 (1.1132e-02)	L_Trg_Inj 0.0000e+00 (0.0000e+00)	Loss Disc 0.0000e+00 (0.0000e+00)	Loss Pred 4.9117e-01 (4.8246e-01)	Loss TOTAL 4.9117e-01 (4.8802e-01)
Epoch: [2][496/496]	L_Src_Sup 0.0000e+00 (1.1025e-02)	L_Trg_Inj 0.0000e+00 (0.0000e+00)	Loss Disc 0.0000e+00 (0.0000e+00)	Loss Pred 5.0361e-01 (4.8255e-01)	Loss TOTAL 5.0361e-01 (4.8806e-01)
Epoch 2 complete. Saving model state...
Epoch: [3][ 10/496]	L_Src_Sup 8.1348e-02 (1.2645e-01)	L_Trg_Inj 0.0000e+00 (0.0000e+00)	Loss Disc 0.0000e+00 (0.0000e+00)	Loss Pred 5.2619e-01 (4.9598e-01)	Loss TOTAL 5.6687e-01 (5.5920e-01)
Epoch: [3][ 20/496]	L_Src_Sup 3.8424e-02 (8.3560e-02)	L_Trg_Inj 0.0000e+00 (0.0000e+00)	Loss Disc 0.0000e+00 (0.0000e+00)	Loss Pred 4.6123e-01 (4.8876e-01)	Loss TOTAL 4.8044e-01 (5.3054e-01)
Epoch: [3][ 30/496]	L_Src_Sup 0.0000e+00 (5.7551e-02)	L_Trg_Inj 0.0000e+00 (0.0000e+00)	Loss Disc 0.0000e+00 (0.0000e+00)	Loss Pred 4.8653e-01 (4.8653e-01)	Loss TOTAL 4.8653e-01 (5.1530e-01)
Epoch: [3][ 40/496]	L_Src_Sup 4.4150e-03 (4.8101e-02)	L_Trg_Inj 0.0000e+00 (0.0000e+00)	Loss Disc 0.0000e+00 (0.0000e+00)	Loss Pred 4.8353e-01 (4.8637e-01)	Loss TOTAL 4.8574e-01 (5.1042e-01)
Epoch: [3][ 50/496]	L_Src_Sup 1.7362e-02 (3.9621e-02)	L_Trg_Inj 0.0000e+00 (0.0000e+00)	Loss Disc 0.0000e+00 (0.0000e+00)	Loss Pred 4.7943e-01 (4.8341e-01)	Loss TOTAL 4.8811e-01 (5.0322e-01)
Epoch: [3][ 60/496]	L_Src_Sup 0.0000e+00 (3.4339e-02)	L_Trg_Inj 0.0000e+00 (0.0000e+00)	Loss Disc 0.0000e+00 (0.0000e+00)	Loss Pred 4.7821e-01 (4.8394e-01)	Loss TOTAL 4.7821e-01 (5.0110e-01)
Epoch: [3][ 70/496]	L_Src_Sup 0.0000e+00 (3.0202e-02)	L_Trg_Inj 0.0000e+00 (0.0000e+00)	Loss Disc 0.0000e+00 (0.0000e+00)	Loss Pred 4.7887e-01 (4.8429e-01)	Loss TOTAL 4.7887e-01 (4.9939e-01)
Epoch: [3][ 80/496]	L_Src_Sup 0.0000e+00 (2.6645e-02)	L_Trg_Inj 0.0000e+00 (0.0000e+00)	Loss Disc 0.0000e+00 (0.0000e+00)	Loss Pred 4.7863e-01 (4.8254e-01)	Loss TOTAL 4.7863e-01 (4.9587e-01)
Epoch: [3][ 90/496]	L_Src_Sup 0.0000e+00 (2.4321e-02)	L_Trg_Inj 0.0000e+00 (0.0000e+00)	Loss Disc 0.0000e+00 (0.0000e+00)	Loss Pred 4.6646e-01 (4.8218e-01)	Loss TOTAL 4.6646e-01 (4.9434e-01)
Epoch: [3][100/496]	L_Src_Sup 1.8079e-02 (2.2732e-02)	L_Trg_Inj 0.0000e+00 (0.0000e+00)	Loss Disc 0.0000e+00 (0.0000e+00)	Loss Pred 4.9746e-01 (4.8141e-01)	Loss TOTAL 5.0650e-01 (4.9278e-01)
Epoch: [3][110/496]	L_Src_Sup 1.1623e-02 (2.1255e-02)	L_Trg_Inj 0.0000e+00 (0.0000e+00)	Loss Disc 0.0000e+00 (0.0000e+00)	Loss Pred 4.4083e-01 (4.8210e-01)	Loss TOTAL 4.4664e-01 (4.9273e-01)
Epoch: [3][120/496]	L_Src_Sup 1.6871e-02 (2.0593e-02)	L_Trg_Inj 0.0000e+00 (0.0000e+00)	Loss Disc 0.0000e+00 (0.0000e+00)	Loss Pred 4.9190e-01 (4.8236e-01)	Loss TOTAL 5.0034e-01 (4.9266e-01)
Epoch: [3][130/496]	L_Src_Sup 1.8531e-03 (1.9574e-02)	L_Trg_Inj 0.0000e+00 (0.0000e+00)	Loss Disc 0.0000e+00 (0.0000e+00)	Loss Pred 4.8558e-01 (4.8253e-01)	Loss TOTAL 4.8650e-01 (4.9232e-01)
Epoch: [3][140/496]	L_Src_Sup 0.0000e+00 (1.8466e-02)	L_Trg_Inj 0.0000e+00 (0.0000e+00)	Loss Disc 0.0000e+00 (0.0000e+00)	Loss Pred 4.5342e-01 (4.8203e-01)	Loss TOTAL 4.5342e-01 (4.9126e-01)
Epoch: [3][150/496]	L_Src_Sup 1.7855e-02 (1.7832e-02)	L_Trg_Inj 0.0000e+00 (0.0000e+00)	Loss Disc 0.0000e+00 (0.0000e+00)	Loss Pred 4.8508e-01 (4.8242e-01)	Loss TOTAL 4.9401e-01 (4.9133e-01)
Epoch: [3][160/496]	L_Src_Sup 1.7967e-02 (1.7047e-02)	L_Trg_Inj 0.0000e+00 (0.0000e+00)	Loss Disc 0.0000e+00 (0.0000e+00)	Loss Pred 5.1104e-01 (4.8239e-01)	Loss TOTAL 5.2003e-01 (4.9091e-01)
Epoch: [3][170/496]	L_Src_Sup 0.0000e+00 (1.6144e-02)	L_Trg_Inj 0.0000e+00 (0.0000e+00)	Loss Disc 0.0000e+00 (0.0000e+00)	Loss Pred 4.7237e-01 (4.8210e-01)	Loss TOTAL 4.7237e-01 (4.9017e-01)
Epoch: [3][180/496]	L_Src_Sup 0.0000e+00 (1.5489e-02)	L_Trg_Inj 0.0000e+00 (0.0000e+00)	Loss Disc 0.0000e+00 (0.0000e+00)	Loss Pred 4.4091e-01 (4.8182e-01)	Loss TOTAL 4.4091e-01 (4.8956e-01)
Epoch: [3][190/496]	L_Src_Sup 1.7669e-02 (2.0897e-02)	L_Trg_Inj 0.0000e+00 (0.0000e+00)	Loss Disc 0.0000e+00 (0.0000e+00)	Loss Pred 5.2336e-01 (4.8353e-01)	Loss TOTAL 5.3220e-01 (4.9397e-01)
Epoch: [3][200/496]	L_Src_Sup 1.7098e-03 (2.0050e-02)	L_Trg_Inj 0.0000e+00 (0.0000e+00)	Loss Disc 0.0000e+00 (0.0000e+00)	Loss Pred 4.7616e-01 (4.8316e-01)	Loss TOTAL 4.7702e-01 (4.9318e-01)
Epoch: [3][210/496]	L_Src_Sup 0.0000e+00 (1.9178e-02)	L_Trg_Inj 0.0000e+00 (0.0000e+00)	Loss Disc 0.0000e+00 (0.0000e+00)	Loss Pred 4.6577e-01 (4.8328e-01)	Loss TOTAL 4.6577e-01 (4.9287e-01)
Epoch: [3][220/496]	L_Src_Sup 1.6666e-02 (1.8712e-02)	L_Trg_Inj 0.0000e+00 (0.0000e+00)	Loss Disc 0.0000e+00 (0.0000e+00)	Loss Pred 4.3438e-01 (4.8321e-01)	Loss TOTAL 4.4272e-01 (4.9257e-01)
Epoch: [3][230/496]	L_Src_Sup 1.8862e-02 (1.8290e-02)	L_Trg_Inj 0.0000e+00 (0.0000e+00)	Loss Disc 0.0000e+00 (0.0000e+00)	Loss Pred 5.2339e-01 (4.8307e-01)	Loss TOTAL 5.3282e-01 (4.9222e-01)
Epoch: [3][240/496]	L_Src_Sup 1.6803e-02 (1.7887e-02)	L_Trg_Inj 0.0000e+00 (0.0000e+00)	Loss Disc 0.0000e+00 (0.0000e+00)	Loss Pred 4.4059e-01 (4.8336e-01)	Loss TOTAL 4.4899e-01 (4.9231e-01)
Epoch: [3][250/496]	L_Src_Sup 5.2017e-02 (1.7445e-02)	L_Trg_Inj 0.0000e+00 (0.0000e+00)	Loss Disc 0.0000e+00 (0.0000e+00)	Loss Pred 4.7918e-01 (4.8289e-01)	Loss TOTAL 5.0518e-01 (4.9161e-01)
Epoch: [3][260/496]	L_Src_Sup 0.0000e+00 (1.6917e-02)	L_Trg_Inj 0.0000e+00 (0.0000e+00)	Loss Disc 0.0000e+00 (0.0000e+00)	Loss Pred 4.8527e-01 (4.8282e-01)	Loss TOTAL 4.8527e-01 (4.9127e-01)
Epoch: [3][270/496]	L_Src_Sup 1.6260e-02 (1.6418e-02)	L_Trg_Inj 0.0000e+00 (0.0000e+00)	Loss Disc 0.0000e+00 (0.0000e+00)	Loss Pred 4.1541e-01 (4.8246e-01)	Loss TOTAL 4.2354e-01 (4.9067e-01)
Epoch: [3][280/496]	L_Src_Sup 0.0000e+00 (1.5956e-02)	L_Trg_Inj 0.0000e+00 (0.0000e+00)	Loss Disc 0.0000e+00 (0.0000e+00)	Loss Pred 4.9707e-01 (4.8266e-01)	Loss TOTAL 4.9707e-01 (4.9064e-01)
Epoch: [3][290/496]	L_Src_Sup 6.6774e-04 (1.5543e-02)	L_Trg_Inj 0.0000e+00 (0.0000e+00)	Loss Disc 0.0000e+00 (0.0000e+00)	Loss Pred 5.2463e-01 (4.8267e-01)	Loss TOTAL 5.2496e-01 (4.9044e-01)
Epoch: [3][300/496]	L_Src_Sup 0.0000e+00 (1.5083e-02)	L_Trg_Inj 0.0000e+00 (0.0000e+00)	Loss Disc 0.0000e+00 (0.0000e+00)	Loss Pred 4.5934e-01 (4.8251e-01)	Loss TOTAL 4.5934e-01 (4.9005e-01)
Epoch: [3][310/496]	L_Src_Sup 0.0000e+00 (1.4681e-02)	L_Trg_Inj 0.0000e+00 (0.0000e+00)	Loss Disc 0.0000e+00 (0.0000e+00)	Loss Pred 4.9079e-01 (4.8311e-01)	Loss TOTAL 4.9079e-01 (4.9045e-01)
Epoch: [3][320/496]	L_Src_Sup 1.5142e-03 (1.4480e-02)	L_Trg_Inj 0.0000e+00 (0.0000e+00)	Loss Disc 0.0000e+00 (0.0000e+00)	Loss Pred 4.6105e-01 (4.8265e-01)	Loss TOTAL 4.6181e-01 (4.8989e-01)
Epoch: [3][330/496]	L_Src_Sup 3.0717e-02 (1.4282e-02)	L_Trg_Inj 0.0000e+00 (0.0000e+00)	Loss Disc 0.0000e+00 (0.0000e+00)	Loss Pred 5.0473e-01 (4.8253e-01)	Loss TOTAL 5.2009e-01 (4.8967e-01)
Epoch: [3][340/496]	L_Src_Sup 1.7065e-02 (1.4169e-02)	L_Trg_Inj 0.0000e+00 (0.0000e+00)	Loss Disc 0.0000e+00 (0.0000e+00)	Loss Pred 4.5309e-01 (4.8259e-01)	Loss TOTAL 4.6162e-01 (4.8967e-01)
Epoch: [3][350/496]	L_Src_Sup 9.8867e-06 (1.3861e-02)	L_Trg_Inj 0.0000e+00 (0.0000e+00)	Loss Disc 0.0000e+00 (0.0000e+00)	Loss Pred 4.5945e-01 (4.8225e-01)	Loss TOTAL 4.5945e-01 (4.8918e-01)
Epoch: [3][360/496]	L_Src_Sup 0.0000e+00 (1.3561e-02)	L_Trg_Inj 0.0000e+00 (0.0000e+00)	Loss Disc 0.0000e+00 (0.0000e+00)	Loss Pred 4.6609e-01 (4.8210e-01)	Loss TOTAL 4.6609e-01 (4.8888e-01)
Epoch: [3][370/496]	L_Src_Sup 1.4533e-04 (1.3322e-02)	L_Trg_Inj 0.0000e+00 (0.0000e+00)	Loss Disc 0.0000e+00 (0.0000e+00)	Loss Pred 5.0373e-01 (4.8217e-01)	Loss TOTAL 5.0381e-01 (4.8883e-01)
Epoch: [3][380/496]	L_Src_Sup 1.0875e-05 (1.3088e-02)	L_Trg_Inj 0.0000e+00 (0.0000e+00)	Loss Disc 0.0000e+00 (0.0000e+00)	Loss Pred 4.8670e-01 (4.8220e-01)	Loss TOTAL 4.8671e-01 (4.8874e-01)
Epoch: [3][390/496]	L_Src_Sup 6.7062e-03 (1.2851e-02)	L_Trg_Inj 0.0000e+00 (0.0000e+00)	Loss Disc 0.0000e+00 (0.0000e+00)	Loss Pred 4.6738e-01 (4.8216e-01)	Loss TOTAL 4.7073e-01 (4.8859e-01)
Epoch: [3][400/496]	L_Src_Sup 0.0000e+00 (1.2635e-02)	L_Trg_Inj 0.0000e+00 (0.0000e+00)	Loss Disc 0.0000e+00 (0.0000e+00)	Loss Pred 4.6538e-01 (4.8200e-01)	Loss TOTAL 4.6538e-01 (4.8832e-01)
Epoch: [3][410/496]	L_Src_Sup 0.0000e+00 (1.2451e-02)	L_Trg_Inj 0.0000e+00 (0.0000e+00)	Loss Disc 0.0000e+00 (0.0000e+00)	Loss Pred 4.7199e-01 (4.8195e-01)	Loss TOTAL 4.7199e-01 (4.8818e-01)
Epoch: [3][420/496]	L_Src_Sup 1.1452e-02 (1.2313e-02)	L_Trg_Inj 0.0000e+00 (0.0000e+00)	Loss Disc 0.0000e+00 (0.0000e+00)	Loss Pred 4.4018e-01 (4.8197e-01)	Loss TOTAL 4.4590e-01 (4.8813e-01)
Epoch: [3][430/496]	L_Src_Sup 0.0000e+00 (1.2030e-02)	L_Trg_Inj 0.0000e+00 (0.0000e+00)	Loss Disc 0.0000e+00 (0.0000e+00)	Loss Pred 4.7220e-01 (4.8189e-01)	Loss TOTAL 4.7220e-01 (4.8791e-01)
Epoch: [3][440/496]	L_Src_Sup 0.0000e+00 (1.1878e-02)	L_Trg_Inj 0.0000e+00 (0.0000e+00)	Loss Disc 0.0000e+00 (0.0000e+00)	Loss Pred 4.9131e-01 (4.8170e-01)	Loss TOTAL 4.9131e-01 (4.8764e-01)
Epoch: [3][450/496]	L_Src_Sup 0.0000e+00 (1.1676e-02)	L_Trg_Inj 0.0000e+00 (0.0000e+00)	Loss Disc 0.0000e+00 (0.0000e+00)	Loss Pred 4.9093e-01 (4.8182e-01)	Loss TOTAL 4.9093e-01 (4.8766e-01)
Epoch: [3][460/496]	L_Src_Sup 8.8233e-05 (1.1432e-02)	L_Trg_Inj 0.0000e+00 (0.0000e+00)	Loss Disc 0.0000e+00 (0.0000e+00)	Loss Pred 4.8705e-01 (4.8161e-01)	Loss TOTAL 4.8710e-01 (4.8732e-01)
Epoch: [3][470/496]	L_Src_Sup 1.6769e-02 (1.1447e-02)	L_Trg_Inj 0.0000e+00 (0.0000e+00)	Loss Disc 0.0000e+00 (0.0000e+00)	Loss Pred 4.9663e-01 (4.8132e-01)	Loss TOTAL 5.0501e-01 (4.8704e-01)
Epoch: [3][480/496]	L_Src_Sup 4.1258e-02 (1.1395e-02)	L_Trg_Inj 0.0000e+00 (0.0000e+00)	Loss Disc 0.0000e+00 (0.0000e+00)	Loss Pred 4.9690e-01 (4.8164e-01)	Loss TOTAL 5.1753e-01 (4.8733e-01)
Epoch: [3][490/496]	L_Src_Sup 9.8299e-04 (1.1201e-02)	L_Trg_Inj 0.0000e+00 (0.0000e+00)	Loss Disc 0.0000e+00 (0.0000e+00)	Loss Pred 5.0426e-01 (4.8166e-01)	Loss TOTAL 5.0475e-01 (4.8726e-01)
Epoch: [3][496/496]	L_Src_Sup 6.8478e-03 (1.1168e-02)	L_Trg_Inj 0.0000e+00 (0.0000e+00)	Loss Disc 0.0000e+00 (0.0000e+00)	Loss Pred 5.2414e-01 (4.8171e-01)	Loss TOTAL 5.2757e-01 (4.8730e-01)
Epoch 3 complete. Saving model state...
Epoch: [4][ 10/496]	L_Src_Sup 1.0581e-01 (8.0268e-02)	L_Trg_Inj 0.0000e+00 (0.0000e+00)	Loss Disc 0.0000e+00 (0.0000e+00)	Loss Pred 4.9048e-01 (4.9371e-01)	Loss TOTAL 5.4338e-01 (5.3384e-01)
Epoch: [4][ 20/496]	L_Src_Sup 1.2290e-03 (5.0789e-02)	L_Trg_Inj 0.0000e+00 (0.0000e+00)	Loss Disc 0.0000e+00 (0.0000e+00)	Loss Pred 4.4227e-01 (4.8706e-01)	Loss TOTAL 4.4289e-01 (5.1246e-01)
Epoch: [4][ 30/496]	L_Src_Sup 1.8521e-02 (3.7504e-02)	L_Trg_Inj 0.0000e+00 (0.0000e+00)	Loss Disc 0.0000e+00 (0.0000e+00)	Loss Pred 5.1075e-01 (4.8913e-01)	Loss TOTAL 5.2001e-01 (5.0788e-01)
Epoch: [4][ 40/496]	L_Src_Sup 0.0000e+00 (2.8232e-02)	L_Trg_Inj 0.0000e+00 (0.0000e+00)	Loss Disc 0.0000e+00 (0.0000e+00)	Loss Pred 4.9146e-01 (4.8869e-01)	Loss TOTAL 4.9146e-01 (5.0281e-01)
Epoch: [4][ 50/496]	L_Src_Sup 0.0000e+00 (2.3388e-02)	L_Trg_Inj 0.0000e+00 (0.0000e+00)	Loss Disc 0.0000e+00 (0.0000e+00)	Loss Pred 4.9159e-01 (4.8611e-01)	Loss TOTAL 4.9159e-01 (4.9780e-01)
Epoch: [4][ 60/496]	L_Src_Sup 1.0406e-04 (2.0687e-02)	L_Trg_Inj 0.0000e+00 (0.0000e+00)	Loss Disc 0.0000e+00 (0.0000e+00)	Loss Pred 5.0431e-01 (4.8479e-01)	Loss TOTAL 5.0436e-01 (4.9513e-01)
Epoch: [4][ 70/496]	L_Src_Sup 0.0000e+00 (1.8406e-02)	L_Trg_Inj 0.0000e+00 (0.0000e+00)	Loss Disc 0.0000e+00 (0.0000e+00)	Loss Pred 4.3503e-01 (4.8397e-01)	Loss TOTAL 4.3503e-01 (4.9317e-01)
Epoch: [4][ 80/496]	L_Src_Sup 0.0000e+00 (1.6573e-02)	L_Trg_Inj 0.0000e+00 (0.0000e+00)	Loss Disc 0.0000e+00 (0.0000e+00)	Loss Pred 4.9767e-01 (4.8379e-01)	Loss TOTAL 4.9767e-01 (4.9208e-01)
Epoch: [4][ 90/496]	L_Src_Sup 1.7527e-02 (1.4988e-02)	L_Trg_Inj 0.0000e+00 (0.0000e+00)	Loss Disc 0.0000e+00 (0.0000e+00)	Loss Pred 5.2390e-01 (4.8411e-01)	Loss TOTAL 5.3266e-01 (4.9161e-01)
Epoch: [4][100/496]	L_Src_Sup 0.0000e+00 (1.3710e-02)	L_Trg_Inj 0.0000e+00 (0.0000e+00)	Loss Disc 0.0000e+00 (0.0000e+00)	Loss Pred 5.1048e-01 (4.8435e-01)	Loss TOTAL 5.1048e-01 (4.9121e-01)
Epoch: [4][110/496]	L_Src_Sup 0.0000e+00 (1.2494e-02)	L_Trg_Inj 0.0000e+00 (0.0000e+00)	Loss Disc 0.0000e+00 (0.0000e+00)	Loss Pred 4.6577e-01 (4.8434e-01)	Loss TOTAL 4.6577e-01 (4.9058e-01)
Epoch: [4][120/496]	L_Src_Sup 0.0000e+00 (1.1682e-02)	L_Trg_Inj 0.0000e+00 (0.0000e+00)	Loss Disc 0.0000e+00 (0.0000e+00)	Loss Pred 4.5980e-01 (4.8332e-01)	Loss TOTAL 4.5980e-01 (4.8916e-01)
Epoch: [4][130/496]	L_Src_Sup 0.0000e+00 (1.1239e-02)	L_Trg_Inj 0.0000e+00 (0.0000e+00)	Loss Disc 0.0000e+00 (0.0000e+00)	Loss Pred 5.3547e-01 (4.8438e-01)	Loss TOTAL 5.3547e-01 (4.9000e-01)
Epoch: [4][140/496]	L_Src_Sup 1.7379e-02 (1.0560e-02)	L_Trg_Inj 0.0000e+00 (0.0000e+00)	Loss Disc 0.0000e+00 (0.0000e+00)	Loss Pred 5.0340e-01 (4.8434e-01)	Loss TOTAL 5.1209e-01 (4.8962e-01)
Epoch: [4][150/496]	L_Src_Sup 1.3212e-04 (1.0024e-02)	L_Trg_Inj 0.0000e+00 (0.0000e+00)	Loss Disc 0.0000e+00 (0.0000e+00)	Loss Pred 4.5341e-01 (4.8395e-01)	Loss TOTAL 4.5347e-01 (4.8896e-01)
Epoch: [4][160/496]	L_Src_Sup 1.7094e-02 (9.7364e-03)	L_Trg_Inj 0.0000e+00 (0.0000e+00)	Loss Disc 0.0000e+00 (0.0000e+00)	Loss Pred 4.6499e-01 (4.8365e-01)	Loss TOTAL 4.7354e-01 (4.8852e-01)
Epoch: [4][170/496]	L_Src_Sup 0.0000e+00 (9.4621e-03)	L_Trg_Inj 0.0000e+00 (0.0000e+00)	Loss Disc 0.0000e+00 (0.0000e+00)	Loss Pred 4.5967e-01 (4.8313e-01)	Loss TOTAL 4.5967e-01 (4.8786e-01)
Epoch: [4][180/496]	L_Src_Sup 0.0000e+00 (8.9523e-03)	L_Trg_Inj 0.0000e+00 (0.0000e+00)	Loss Disc 0.0000e+00 (0.0000e+00)	Loss Pred 4.8480e-01 (4.8349e-01)	Loss TOTAL 4.8480e-01 (4.8797e-01)
Epoch: [4][190/496]	L_Src_Sup 0.0000e+00 (8.5579e-03)	L_Trg_Inj 0.0000e+00 (0.0000e+00)	Loss Disc 0.0000e+00 (0.0000e+00)	Loss Pred 4.9805e-01 (4.8223e-01)	Loss TOTAL 4.9805e-01 (4.8651e-01)
Epoch: [4][200/496]	L_Src_Sup 3.2518e-03 (8.1468e-03)	L_Trg_Inj 0.0000e+00 (0.0000e+00)	Loss Disc 0.0000e+00 (0.0000e+00)	Loss Pred 5.0356e-01 (4.8176e-01)	Loss TOTAL 5.0519e-01 (4.8584e-01)
Epoch: [4][210/496]	L_Src_Sup 0.0000e+00 (7.9771e-03)	L_Trg_Inj 0.0000e+00 (0.0000e+00)	Loss Disc 0.0000e+00 (0.0000e+00)	Loss Pred 4.8439e-01 (4.8194e-01)	Loss TOTAL 4.8439e-01 (4.8593e-01)
Epoch: [4][220/496]	L_Src_Sup 0.0000e+00 (7.6149e-03)	L_Trg_Inj 0.0000e+00 (0.0000e+00)	Loss Disc 0.0000e+00 (0.0000e+00)	Loss Pred 4.5938e-01 (4.8193e-01)	Loss TOTAL 4.5938e-01 (4.8574e-01)
Epoch: [4][230/496]	L_Src_Sup 0.0000e+00 (7.4391e-03)	L_Trg_Inj 0.0000e+00 (0.0000e+00)	Loss Disc 0.0000e+00 (0.0000e+00)	Loss Pred 4.7195e-01 (4.8178e-01)	Loss TOTAL 4.7195e-01 (4.8550e-01)
Epoch: [4][240/496]	L_Src_Sup 0.0000e+00 (7.4106e-03)	L_Trg_Inj 0.0000e+00 (0.0000e+00)	Loss Disc 0.0000e+00 (0.0000e+00)	Loss Pred 5.1569e-01 (4.8186e-01)	Loss TOTAL 5.1569e-01 (4.8557e-01)
Epoch: [4][250/496]	L_Src_Sup 1.9451e-02 (7.3071e-03)	L_Trg_Inj 0.0000e+00 (0.0000e+00)	Loss Disc 0.0000e+00 (0.0000e+00)	Loss Pred 4.7261e-01 (4.8175e-01)	Loss TOTAL 4.8233e-01 (4.8541e-01)
Epoch: [4][260/496]	L_Src_Sup 0.0000e+00 (7.0906e-03)	L_Trg_Inj 0.0000e+00 (0.0000e+00)	Loss Disc 0.0000e+00 (0.0000e+00)	Loss Pred 4.8499e-01 (4.8121e-01)	Loss TOTAL 4.8499e-01 (4.8475e-01)
Epoch: [4][270/496]	L_Src_Sup 0.0000e+00 (7.0202e-03)	L_Trg_Inj 0.0000e+00 (0.0000e+00)	Loss Disc 0.0000e+00 (0.0000e+00)	Loss Pred 4.9781e-01 (4.8185e-01)	Loss TOTAL 4.9781e-01 (4.8536e-01)
Epoch: [4][280/496]	L_Src_Sup 2.8980e-02 (1.2342e-02)	L_Trg_Inj 0.0000e+00 (0.0000e+00)	Loss Disc 0.0000e+00 (0.0000e+00)	Loss Pred 5.3911e-01 (4.8273e-01)	Loss TOTAL 5.5360e-01 (4.8890e-01)
Epoch: [4][290/496]	L_Src_Sup 0.0000e+00 (1.2049e-02)	L_Trg_Inj 0.0000e+00 (0.0000e+00)	Loss Disc 0.0000e+00 (0.0000e+00)	Loss Pred 4.2755e-01 (4.8248e-01)	Loss TOTAL 4.2755e-01 (4.8850e-01)
Epoch: [4][300/496]	L_Src_Sup 8.4336e-04 (1.1839e-02)	L_Trg_Inj 0.0000e+00 (0.0000e+00)	Loss Disc 0.0000e+00 (0.0000e+00)	Loss Pred 4.5309e-01 (4.8266e-01)	Loss TOTAL 4.5351e-01 (4.8858e-01)
Epoch: [4][310/496]	L_Src_Sup 0.0000e+00 (1.1806e-02)	L_Trg_Inj 0.0000e+00 (0.0000e+00)	Loss Disc 0.0000e+00 (0.0000e+00)	Loss Pred 5.0351e-01 (4.8290e-01)	Loss TOTAL 5.0351e-01 (4.8880e-01)
Epoch: [4][320/496]	L_Src_Sup 4.6159e-03 (1.1477e-02)	L_Trg_Inj 0.0000e+00 (0.0000e+00)	Loss Disc 0.0000e+00 (0.0000e+00)	Loss Pred 5.1629e-01 (4.8276e-01)	Loss TOTAL 5.1860e-01 (4.8850e-01)
Epoch: [4][330/496]	L_Src_Sup 1.8009e-02 (1.1194e-02)	L_Trg_Inj 0.0000e+00 (0.0000e+00)	Loss Disc 0.0000e+00 (0.0000e+00)	Loss Pred 4.9394e-01 (4.8267e-01)	Loss TOTAL 5.0295e-01 (4.8827e-01)
Epoch: [4][340/496]	L_Src_Sup 0.0000e+00 (1.0920e-02)	L_Trg_Inj 0.0000e+00 (0.0000e+00)	Loss Disc 0.0000e+00 (0.0000e+00)	Loss Pred 5.0330e-01 (4.8281e-01)	Loss TOTAL 5.0330e-01 (4.8827e-01)
Epoch: [4][350/496]	L_Src_Sup 0.0000e+00 (1.0623e-02)	L_Trg_Inj 0.0000e+00 (0.0000e+00)	Loss Disc 0.0000e+00 (0.0000e+00)	Loss Pred 4.8489e-01 (4.8226e-01)	Loss TOTAL 4.8489e-01 (4.8757e-01)
Epoch: [4][360/496]	L_Src_Sup 0.0000e+00 (1.0365e-02)	L_Trg_Inj 0.0000e+00 (0.0000e+00)	Loss Disc 0.0000e+00 (0.0000e+00)	Loss Pred 4.6604e-01 (4.8258e-01)	Loss TOTAL 4.6604e-01 (4.8777e-01)
Epoch: [4][370/496]	L_Src_Sup 0.0000e+00 (1.0167e-02)	L_Trg_Inj 0.0000e+00 (0.0000e+00)	Loss Disc 0.0000e+00 (0.0000e+00)	Loss Pred 4.4705e-01 (4.8215e-01)	Loss TOTAL 4.4705e-01 (4.8724e-01)
Epoch: [4][380/496]	L_Src_Sup 0.0000e+00 (9.9569e-03)	L_Trg_Inj 0.0000e+00 (0.0000e+00)	Loss Disc 0.0000e+00 (0.0000e+00)	Loss Pred 4.5295e-01 (4.8201e-01)	Loss TOTAL 4.5295e-01 (4.8698e-01)
Epoch: [4][390/496]	L_Src_Sup 2.9021e-03 (9.7546e-03)	L_Trg_Inj 0.0000e+00 (0.0000e+00)	Loss Disc 0.0000e+00 (0.0000e+00)	Loss Pred 4.5895e-01 (4.8170e-01)	Loss TOTAL 4.6041e-01 (4.8657e-01)
Epoch: [4][400/496]	L_Src_Sup 0.0000e+00 (9.5147e-03)	L_Trg_Inj 0.0000e+00 (0.0000e+00)	Loss Disc 0.0000e+00 (0.0000e+00)	Loss Pred 4.7178e-01 (4.8178e-01)	Loss TOTAL 4.7178e-01 (4.8653e-01)
Epoch: [4][410/496]	L_Src_Sup 1.7850e-02 (9.3350e-03)	L_Trg_Inj 0.0000e+00 (0.0000e+00)	Loss Disc 0.0000e+00 (0.0000e+00)	Loss Pred 4.8477e-01 (4.8195e-01)	Loss TOTAL 4.9370e-01 (4.8662e-01)
Epoch: [4][420/496]	L_Src_Sup 2.5870e-03 (9.1673e-03)	L_Trg_Inj 0.0000e+00 (0.0000e+00)	Loss Disc 0.0000e+00 (0.0000e+00)	Loss Pred 4.4632e-01 (4.8200e-01)	Loss TOTAL 4.4761e-01 (4.8659e-01)
Epoch: [4][430/496]	L_Src_Sup 0.0000e+00 (9.0631e-03)	L_Trg_Inj 0.0000e+00 (0.0000e+00)	Loss Disc 0.0000e+00 (0.0000e+00)	Loss Pred 4.7919e-01 (4.8183e-01)	Loss TOTAL 4.7919e-01 (4.8636e-01)
Epoch: [4][440/496]	L_Src_Sup 0.0000e+00 (8.8974e-03)	L_Trg_Inj 0.0000e+00 (0.0000e+00)	Loss Disc 0.0000e+00 (0.0000e+00)	Loss Pred 4.6568e-01 (4.8134e-01)	Loss TOTAL 4.6568e-01 (4.8579e-01)
Epoch: [4][450/496]	L_Src_Sup 0.0000e+00 (8.7025e-03)	L_Trg_Inj 0.0000e+00 (0.0000e+00)	Loss Disc 0.0000e+00 (0.0000e+00)	Loss Pred 4.9715e-01 (4.8150e-01)	Loss TOTAL 4.9715e-01 (4.8586e-01)
Epoch: [4][460/496]	L_Src_Sup 0.0000e+00 (8.5547e-03)	L_Trg_Inj 0.0000e+00 (0.0000e+00)	Loss Disc 0.0000e+00 (0.0000e+00)	Loss Pred 4.2757e-01 (4.8123e-01)	Loss TOTAL 4.2757e-01 (4.8551e-01)
Epoch: [4][470/496]	L_Src_Sup 0.0000e+00 (8.4145e-03)	L_Trg_Inj 0.0000e+00 (0.0000e+00)	Loss Disc 0.0000e+00 (0.0000e+00)	Loss Pred 5.4167e-01 (4.8125e-01)	Loss TOTAL 5.4167e-01 (4.8546e-01)
Epoch: [4][480/496]	L_Src_Sup 0.0000e+00 (8.3326e-03)	L_Trg_Inj 0.0000e+00 (0.0000e+00)	Loss Disc 0.0000e+00 (0.0000e+00)	Loss Pred 4.4007e-01 (4.8096e-01)	Loss TOTAL 4.4007e-01 (4.8513e-01)
Epoch: [4][490/496]	L_Src_Sup 0.0000e+00 (8.2113e-03)	L_Trg_Inj 0.0000e+00 (0.0000e+00)	Loss Disc 0.0000e+00 (0.0000e+00)	Loss Pred 5.0956e-01 (4.8099e-01)	Loss TOTAL 5.0956e-01 (4.8509e-01)
Epoch: [4][496/496]	L_Src_Sup 0.0000e+00 (8.2153e-03)	L_Trg_Inj 0.0000e+00 (0.0000e+00)	Loss Disc 0.0000e+00 (0.0000e+00)	Loss Pred 4.9564e-01 (4.8101e-01)	Loss TOTAL 4.9564e-01 (4.8512e-01)
Epoch 4 complete. Saving model state...
Epoch: [5][ 10/496]	L_Src_Sup 1.5099e-02 (3.3538e-03)	L_Trg_Inj 0.0000e+00 (0.0000e+00)	Loss Disc 0.0000e+00 (0.0000e+00)	Loss Pred 4.9692e-01 (4.8633e-01)	Loss TOTAL 5.0447e-01 (4.8801e-01)
Epoch: [5][ 20/496]	L_Src_Sup 0.0000e+00 (1.9827e-03)	L_Trg_Inj 0.0000e+00 (0.0000e+00)	Loss Disc 0.0000e+00 (0.0000e+00)	Loss Pred 4.3456e-01 (4.7878e-01)	Loss TOTAL 4.3456e-01 (4.7977e-01)
Epoch: [5][ 30/496]	L_Src_Sup 0.0000e+00 (1.4202e-03)	L_Trg_Inj 0.0000e+00 (0.0000e+00)	Loss Disc 0.0000e+00 (0.0000e+00)	Loss Pred 4.7859e-01 (4.7891e-01)	Loss TOTAL 4.7859e-01 (4.7962e-01)
Epoch: [5][ 40/496]	L_Src_Sup 0.0000e+00 (1.4850e-03)	L_Trg_Inj 0.0000e+00 (0.0000e+00)	Loss Disc 0.0000e+00 (0.0000e+00)	Loss Pred 5.0426e-01 (4.7977e-01)	Loss TOTAL 5.0426e-01 (4.8051e-01)
Epoch: [5][ 50/496]	L_Src_Sup 7.6024e-03 (1.6366e-03)	L_Trg_Inj 0.0000e+00 (0.0000e+00)	Loss Disc 0.0000e+00 (0.0000e+00)	Loss Pred 4.9098e-01 (4.7847e-01)	Loss TOTAL 4.9478e-01 (4.7929e-01)
Epoch: [5][ 60/496]	L_Src_Sup 2.8194e-04 (1.5578e-03)	L_Trg_Inj 0.0000e+00 (0.0000e+00)	Loss Disc 0.0000e+00 (0.0000e+00)	Loss Pred 4.9684e-01 (4.8001e-01)	Loss TOTAL 4.9698e-01 (4.8079e-01)
Epoch: [5][ 70/496]	L_Src_Sup 0.0000e+00 (1.4661e-03)	L_Trg_Inj 0.0000e+00 (0.0000e+00)	Loss Disc 0.0000e+00 (0.0000e+00)	Loss Pred 4.4018e-01 (4.7942e-01)	Loss TOTAL 4.4018e-01 (4.8015e-01)
Epoch: [5][ 80/496]	L_Src_Sup 0.0000e+00 (1.7261e-03)	L_Trg_Inj 0.0000e+00 (0.0000e+00)	Loss Disc 0.0000e+00 (0.0000e+00)	Loss Pred 4.8932e-01 (4.7918e-01)	Loss TOTAL 4.8932e-01 (4.8004e-01)
Epoch: [5][ 90/496]	L_Src_Sup 0.0000e+00 (1.5615e-03)	L_Trg_Inj 0.0000e+00 (0.0000e+00)	Loss Disc 0.0000e+00 (0.0000e+00)	Loss Pred 4.7935e-01 (4.7792e-01)	Loss TOTAL 4.7935e-01 (4.7870e-01)
Epoch: [5][100/496]	L_Src_Sup 0.0000e+00 (1.5111e-03)	L_Trg_Inj 0.0000e+00 (0.0000e+00)	Loss Disc 0.0000e+00 (0.0000e+00)	Loss Pred 4.7197e-01 (4.7799e-01)	Loss TOTAL 4.7197e-01 (4.7875e-01)
Epoch: [5][110/496]	L_Src_Sup 0.0000e+00 (1.4158e-03)	L_Trg_Inj 0.0000e+00 (0.0000e+00)	Loss Disc 0.0000e+00 (0.0000e+00)	Loss Pred 4.6548e-01 (4.7744e-01)	Loss TOTAL 4.6548e-01 (4.7815e-01)
Epoch: [5][120/496]	L_Src_Sup 0.0000e+00 (1.5556e-03)	L_Trg_Inj 0.0000e+00 (0.0000e+00)	Loss Disc 0.0000e+00 (0.0000e+00)	Loss Pred 5.1593e-01 (4.7753e-01)	Loss TOTAL 5.1593e-01 (4.7831e-01)
Epoch: [5][130/496]	L_Src_Sup 2.3740e-03 (1.7766e-03)	L_Trg_Inj 0.0000e+00 (0.0000e+00)	Loss Disc 0.0000e+00 (0.0000e+00)	Loss Pred 4.5452e-01 (4.7722e-01)	Loss TOTAL 4.5571e-01 (4.7811e-01)
Epoch: [5][140/496]	L_Src_Sup 7.0051e-05 (1.9551e-03)	L_Trg_Inj 0.0000e+00 (0.0000e+00)	Loss Disc 0.0000e+00 (0.0000e+00)	Loss Pred 5.0975e-01 (4.7746e-01)	Loss TOTAL 5.0978e-01 (4.7844e-01)
Epoch: [5][150/496]	L_Src_Sup 3.5298e-02 (2.0601e-03)	L_Trg_Inj 0.0000e+00 (0.0000e+00)	Loss Disc 0.0000e+00 (0.0000e+00)	Loss Pred 4.7799e-01 (4.7866e-01)	Loss TOTAL 4.9564e-01 (4.7969e-01)
Epoch: [5][160/496]	L_Src_Sup 0.0000e+00 (2.0258e-03)	L_Trg_Inj 0.0000e+00 (0.0000e+00)	Loss Disc 0.0000e+00 (0.0000e+00)	Loss Pred 4.3382e-01 (4.7871e-01)	Loss TOTAL 4.3382e-01 (4.7972e-01)
Epoch: [5][170/496]	L_Src_Sup 0.0000e+00 (1.9371e-03)	L_Trg_Inj 0.0000e+00 (0.0000e+00)	Loss Disc 0.0000e+00 (0.0000e+00)	Loss Pred 4.9216e-01 (4.7853e-01)	Loss TOTAL 4.9216e-01 (4.7950e-01)
Epoch: [5][180/496]	L_Src_Sup 1.6949e-02 (2.1194e-03)	L_Trg_Inj 0.0000e+00 (0.0000e+00)	Loss Disc 0.0000e+00 (0.0000e+00)	Loss Pred 4.4689e-01 (4.7827e-01)	Loss TOTAL 4.5537e-01 (4.7933e-01)
Epoch: [5][190/496]	L_Src_Sup 0.0000e+00 (2.3955e-03)	L_Trg_Inj 0.0000e+00 (0.0000e+00)	Loss Disc 0.0000e+00 (0.0000e+00)	Loss Pred 4.9678e-01 (4.7868e-01)	Loss TOTAL 4.9678e-01 (4.7987e-01)
Epoch: [5][200/496]	L_Src_Sup 0.0000e+00 (2.2787e-03)	L_Trg_Inj 0.0000e+00 (0.0000e+00)	Loss Disc 0.0000e+00 (0.0000e+00)	Loss Pred 5.1018e-01 (4.7914e-01)	Loss TOTAL 5.1018e-01 (4.8028e-01)
Epoch: [5][210/496]	L_Src_Sup 0.0000e+00 (2.1701e-03)	L_Trg_Inj 0.0000e+00 (0.0000e+00)	Loss Disc 0.0000e+00 (0.0000e+00)	Loss Pred 4.5927e-01 (4.7985e-01)	Loss TOTAL 4.5927e-01 (4.8094e-01)
Epoch: [5][220/496]	L_Src_Sup 0.0000e+00 (2.0715e-03)	L_Trg_Inj 0.0000e+00 (0.0000e+00)	Loss Disc 0.0000e+00 (0.0000e+00)	Loss Pred 4.7805e-01 (4.8016e-01)	Loss TOTAL 4.7805e-01 (4.8119e-01)
Epoch: [5][230/496]	L_Src_Sup 0.0000e+00 (2.2209e-03)	L_Trg_Inj 0.0000e+00 (0.0000e+00)	Loss Disc 0.0000e+00 (0.0000e+00)	Loss Pred 5.2855e-01 (4.8027e-01)	Loss TOTAL 5.2855e-01 (4.8138e-01)
Epoch: [5][240/496]	L_Src_Sup 6.5397e-01 (1.3487e-02)	L_Trg_Inj 0.0000e+00 (0.0000e+00)	Loss Disc 0.0000e+00 (0.0000e+00)	Loss Pred 5.3116e-01 (4.8082e-01)	Loss TOTAL 8.5814e-01 (4.8756e-01)
Epoch: [5][250/496]	L_Src_Sup 1.2072e-03 (1.5162e-02)	L_Trg_Inj 0.0000e+00 (0.0000e+00)	Loss Disc 0.0000e+00 (0.0000e+00)	Loss Pred 4.9847e-01 (4.8068e-01)	Loss TOTAL 4.9907e-01 (4.8826e-01)
Epoch: [5][260/496]	L_Src_Sup 0.0000e+00 (1.4686e-02)	L_Trg_Inj 0.0000e+00 (0.0000e+00)	Loss Disc 0.0000e+00 (0.0000e+00)	Loss Pred 4.5385e-01 (4.8101e-01)	Loss TOTAL 4.5385e-01 (4.8835e-01)
Epoch: [5][270/496]	L_Src_Sup 3.4565e-02 (1.4398e-02)	L_Trg_Inj 0.0000e+00 (0.0000e+00)	Loss Disc 0.0000e+00 (0.0000e+00)	Loss Pred 4.9705e-01 (4.8125e-01)	Loss TOTAL 5.1433e-01 (4.8845e-01)
Epoch: [5][280/496]	L_Src_Sup 0.0000e+00 (1.3953e-02)	L_Trg_Inj 0.0000e+00 (0.0000e+00)	Loss Disc 0.0000e+00 (0.0000e+00)	Loss Pred 4.8461e-01 (4.8130e-01)	Loss TOTAL 4.8461e-01 (4.8828e-01)
Epoch: [5][290/496]	L_Src_Sup 0.0000e+00 (1.3623e-02)	L_Trg_Inj 0.0000e+00 (0.0000e+00)	Loss Disc 0.0000e+00 (0.0000e+00)	Loss Pred 4.7192e-01 (4.8099e-01)	Loss TOTAL 4.7192e-01 (4.8780e-01)
Epoch: [5][300/496]	L_Src_Sup 0.0000e+00 (1.3176e-02)	L_Trg_Inj 0.0000e+00 (0.0000e+00)	Loss Disc 0.0000e+00 (0.0000e+00)	Loss Pred 4.7790e-01 (4.8090e-01)	Loss TOTAL 4.7790e-01 (4.8749e-01)
Epoch: [5][310/496]	L_Src_Sup 0.0000e+00 (1.2782e-02)	L_Trg_Inj 0.0000e+00 (0.0000e+00)	Loss Disc 0.0000e+00 (0.0000e+00)	Loss Pred 4.5410e-01 (4.8084e-01)	Loss TOTAL 4.5410e-01 (4.8724e-01)
Epoch: [5][320/496]	L_Src_Sup 1.1402e-06 (1.2439e-02)	L_Trg_Inj 0.0000e+00 (0.0000e+00)	Loss Disc 0.0000e+00 (0.0000e+00)	Loss Pred 4.8437e-01 (4.8064e-01)	Loss TOTAL 4.8437e-01 (4.8686e-01)
Epoch: [5][330/496]	L_Src_Sup 1.7277e-03 (1.2179e-02)	L_Trg_Inj 0.0000e+00 (0.0000e+00)	Loss Disc 0.0000e+00 (0.0000e+00)	Loss Pred 5.1197e-01 (4.8072e-01)	Loss TOTAL 5.1283e-01 (4.8680e-01)
Epoch: [5][340/496]	L_Src_Sup 0.0000e+00 (1.1928e-02)	L_Trg_Inj 0.0000e+00 (0.0000e+00)	Loss Disc 0.0000e+00 (0.0000e+00)	Loss Pred 4.8468e-01 (4.8067e-01)	Loss TOTAL 4.8468e-01 (4.8663e-01)
Epoch: [5][350/496]	L_Src_Sup 5.9488e-04 (1.1665e-02)	L_Trg_Inj 0.0000e+00 (0.0000e+00)	Loss Disc 0.0000e+00 (0.0000e+00)	Loss Pred 4.7886e-01 (4.8082e-01)	Loss TOTAL 4.7916e-01 (4.8665e-01)
Epoch: [5][360/496]	L_Src_Sup 8.1698e-03 (1.1533e-02)	L_Trg_Inj 0.0000e+00 (0.0000e+00)	Loss Disc 0.0000e+00 (0.0000e+00)	Loss Pred 5.0334e-01 (4.8079e-01)	Loss TOTAL 5.0742e-01 (4.8656e-01)
Epoch: [5][370/496]	L_Src_Sup 1.7391e-02 (1.1319e-02)	L_Trg_Inj 0.0000e+00 (0.0000e+00)	Loss Disc 0.0000e+00 (0.0000e+00)	Loss Pred 4.6539e-01 (4.8069e-01)	Loss TOTAL 4.7409e-01 (4.8635e-01)
Epoch: [5][380/496]	L_Src_Sup 7.4723e-05 (1.1067e-02)	L_Trg_Inj 0.0000e+00 (0.0000e+00)	Loss Disc 0.0000e+00 (0.0000e+00)	Loss Pred 4.4058e-01 (4.8070e-01)	Loss TOTAL 4.4062e-01 (4.8623e-01)
Epoch: [5][390/496]	L_Src_Sup 0.0000e+00 (1.0783e-02)	L_Trg_Inj 0.0000e+00 (0.0000e+00)	Loss Disc 0.0000e+00 (0.0000e+00)	Loss Pred 4.7769e-01 (4.8104e-01)	Loss TOTAL 4.7769e-01 (4.8643e-01)
Epoch: [5][400/496]	L_Src_Sup 0.0000e+00 (1.0556e-02)	L_Trg_Inj 0.0000e+00 (0.0000e+00)	Loss Disc 0.0000e+00 (0.0000e+00)	Loss Pred 4.9124e-01 (4.8104e-01)	Loss TOTAL 4.9124e-01 (4.8632e-01)
Epoch: [5][410/496]	L_Src_Sup 1.7605e-02 (1.0388e-02)	L_Trg_Inj 0.0000e+00 (0.0000e+00)	Loss Disc 0.0000e+00 (0.0000e+00)	Loss Pred 4.7972e-01 (4.8078e-01)	Loss TOTAL 4.8853e-01 (4.8598e-01)
Epoch: [5][420/496]	L_Src_Sup 0.0000e+00 (1.0176e-02)	L_Trg_Inj 0.0000e+00 (0.0000e+00)	Loss Disc 0.0000e+00 (0.0000e+00)	Loss Pred 5.1724e-01 (4.8086e-01)	Loss TOTAL 5.1724e-01 (4.8594e-01)
Epoch: [5][430/496]	L_Src_Sup 0.0000e+00 (9.9793e-03)	L_Trg_Inj 0.0000e+00 (0.0000e+00)	Loss Disc 0.0000e+00 (0.0000e+00)	Loss Pred 5.1095e-01 (4.8122e-01)	Loss TOTAL 5.1095e-01 (4.8621e-01)
Epoch: [5][440/496]	L_Src_Sup 0.0000e+00 (9.7939e-03)	L_Trg_Inj 0.0000e+00 (0.0000e+00)	Loss Disc 0.0000e+00 (0.0000e+00)	Loss Pred 5.1617e-01 (4.8118e-01)	Loss TOTAL 5.1617e-01 (4.8608e-01)
Epoch: [5][450/496]	L_Src_Sup 0.0000e+00 (9.5763e-03)	L_Trg_Inj 0.0000e+00 (0.0000e+00)	Loss Disc 0.0000e+00 (0.0000e+00)	Loss Pred 4.4650e-01 (4.8070e-01)	Loss TOTAL 4.4650e-01 (4.8549e-01)
Epoch: [5][460/496]	L_Src_Sup 0.0000e+00 (9.4050e-03)	L_Trg_Inj 0.0000e+00 (0.0000e+00)	Loss Disc 0.0000e+00 (0.0000e+00)	Loss Pred 4.6567e-01 (4.8068e-01)	Loss TOTAL 4.6567e-01 (4.8538e-01)
Epoch: [5][470/496]	L_Src_Sup 1.7800e-03 (9.3166e-03)	L_Trg_Inj 0.0000e+00 (0.0000e+00)	Loss Disc 0.0000e+00 (0.0000e+00)	Loss Pred 4.6708e-01 (4.8070e-01)	Loss TOTAL 4.6797e-01 (4.8536e-01)
Epoch: [5][480/496]	L_Src_Sup 0.0000e+00 (9.1632e-03)	L_Trg_Inj 0.0000e+00 (0.0000e+00)	Loss Disc 0.0000e+00 (0.0000e+00)	Loss Pred 5.1657e-01 (4.8063e-01)	Loss TOTAL 5.1657e-01 (4.8521e-01)
Epoch: [5][490/496]	L_Src_Sup 0.0000e+00 (8.9764e-03)	L_Trg_Inj 0.0000e+00 (0.0000e+00)	Loss Disc 0.0000e+00 (0.0000e+00)	Loss Pred 4.5254e-01 (4.8046e-01)	Loss TOTAL 4.5254e-01 (4.8495e-01)
Epoch: [5][496/496]	L_Src_Sup 0.0000e+00 (8.8810e-03)	L_Trg_Inj 0.0000e+00 (0.0000e+00)	Loss Disc 0.0000e+00 (0.0000e+00)	Loss Pred 4.9060e-01 (4.8058e-01)	Loss TOTAL 4.9060e-01 (4.8502e-01)
Epoch 5 complete. Saving model state...
Epoch: [6][ 10/496]	L_Src_Sup 2.1033e-03 (1.3244e-03)	L_Trg_Inj 0.0000e+00 (0.0000e+00)	Loss Disc 0.0000e+00 (0.0000e+00)	Loss Pred 5.6253e-01 (4.7986e-01)	Loss TOTAL 5.6359e-01 (4.8052e-01)
Epoch: [6][ 20/496]	L_Src_Sup 0.0000e+00 (1.6499e-03)	L_Trg_Inj 0.0000e+00 (0.0000e+00)	Loss Disc 0.0000e+00 (0.0000e+00)	Loss Pred 4.3362e-01 (4.7748e-01)	Loss TOTAL 4.3362e-01 (4.7831e-01)
Epoch: [6][ 30/496]	L_Src_Sup 0.0000e+00 (1.7005e-03)	L_Trg_Inj 0.0000e+00 (0.0000e+00)	Loss Disc 0.0000e+00 (0.0000e+00)	Loss Pred 5.1120e-01 (4.7798e-01)	Loss TOTAL 5.1120e-01 (4.7883e-01)
Epoch: [6][ 40/496]	L_Src_Sup 1.7241e-02 (2.1569e-03)	L_Trg_Inj 0.0000e+00 (0.0000e+00)	Loss Disc 0.0000e+00 (0.0000e+00)	Loss Pred 4.5897e-01 (4.8249e-01)	Loss TOTAL 4.6759e-01 (4.8357e-01)
Epoch: [6][ 50/496]	L_Src_Sup 1.6949e-02 (2.4156e-03)	L_Trg_Inj 0.0000e+00 (0.0000e+00)	Loss Disc 0.0000e+00 (0.0000e+00)	Loss Pred 4.4628e-01 (4.8041e-01)	Loss TOTAL 4.5476e-01 (4.8162e-01)
Epoch: [6][ 60/496]	L_Src_Sup 0.0000e+00 (2.5955e-03)	L_Trg_Inj 0.0000e+00 (0.0000e+00)	Loss Disc 0.0000e+00 (0.0000e+00)	Loss Pred 4.4637e-01 (4.7884e-01)	Loss TOTAL 4.4637e-01 (4.8014e-01)
Epoch: [6][ 70/496]	L_Src_Sup 0.0000e+00 (2.4689e-03)	L_Trg_Inj 0.0000e+00 (0.0000e+00)	Loss Disc 0.0000e+00 (0.0000e+00)	Loss Pred 4.7161e-01 (4.7909e-01)	Loss TOTAL 4.7161e-01 (4.8033e-01)
Epoch: [6][ 80/496]	L_Src_Sup 0.0000e+00 (2.4123e-03)	L_Trg_Inj 0.0000e+00 (0.0000e+00)	Loss Disc 0.0000e+00 (0.0000e+00)	Loss Pred 4.5443e-01 (4.7891e-01)	Loss TOTAL 4.5443e-01 (4.8012e-01)
Epoch: [6][ 90/496]	L_Src_Sup 0.0000e+00 (2.9430e-03)	L_Trg_Inj 0.0000e+00 (0.0000e+00)	Loss Disc 0.0000e+00 (0.0000e+00)	Loss Pred 4.7202e-01 (4.7964e-01)	Loss TOTAL 4.7202e-01 (4.8112e-01)
Epoch: [6][100/496]	L_Src_Sup 1.0739e-02 (2.7582e-03)	L_Trg_Inj 0.0000e+00 (0.0000e+00)	Loss Disc 0.0000e+00 (0.0000e+00)	Loss Pred 4.4709e-01 (4.8005e-01)	Loss TOTAL 4.5246e-01 (4.8143e-01)
Epoch: [6][110/496]	L_Src_Sup 5.7544e-04 (2.6329e-03)	L_Trg_Inj 0.0000e+00 (0.0000e+00)	Loss Disc 0.0000e+00 (0.0000e+00)	Loss Pred 4.9069e-01 (4.7941e-01)	Loss TOTAL 4.9098e-01 (4.8073e-01)
Epoch: [6][120/496]	L_Src_Sup 1.6001e-02 (8.1296e-03)	L_Trg_Inj 0.0000e+00 (0.0000e+00)	Loss Disc 0.0000e+00 (0.0000e+00)	Loss Pred 4.7315e-01 (4.8100e-01)	Loss TOTAL 4.8115e-01 (4.8506e-01)
Epoch: [6][130/496]	L_Src_Sup 0.0000e+00 (7.5533e-03)	L_Trg_Inj 0.0000e+00 (0.0000e+00)	Loss Disc 0.0000e+00 (0.0000e+00)	Loss Pred 4.8722e-01 (4.8138e-01)	Loss TOTAL 4.8722e-01 (4.8516e-01)
Epoch: [6][140/496]	L_Src_Sup 0.0000e+00 (7.0189e-03)	L_Trg_Inj 0.0000e+00 (0.0000e+00)	Loss Disc 0.0000e+00 (0.0000e+00)	Loss Pred 4.9728e-01 (4.8096e-01)	Loss TOTAL 4.9728e-01 (4.8447e-01)
Epoch: [6][150/496]	L_Src_Sup 0.0000e+00 (6.5797e-03)	L_Trg_Inj 0.0000e+00 (0.0000e+00)	Loss Disc 0.0000e+00 (0.0000e+00)	Loss Pred 4.8390e-01 (4.8159e-01)	Loss TOTAL 4.8390e-01 (4.8488e-01)
Epoch: [6][160/496]	L_Src_Sup 0.0000e+00 (6.2847e-03)	L_Trg_Inj 0.0000e+00 (0.0000e+00)	Loss Disc 0.0000e+00 (0.0000e+00)	Loss Pred 4.8498e-01 (4.8102e-01)	Loss TOTAL 4.8498e-01 (4.8416e-01)
Epoch: [6][170/496]	L_Src_Sup 0.0000e+00 (6.0401e-03)	L_Trg_Inj 0.0000e+00 (0.0000e+00)	Loss Disc 0.0000e+00 (0.0000e+00)	Loss Pred 4.5250e-01 (4.8005e-01)	Loss TOTAL 4.5250e-01 (4.8307e-01)
Epoch: [6][180/496]	L_Src_Sup 0.0000e+00 (5.8020e-03)	L_Trg_Inj 0.0000e+00 (0.0000e+00)	Loss Disc 0.0000e+00 (0.0000e+00)	Loss Pred 4.9837e-01 (4.8082e-01)	Loss TOTAL 4.9837e-01 (4.8372e-01)
Epoch: [6][190/496]	L_Src_Sup 0.0000e+00 (5.7872e-03)	L_Trg_Inj 0.0000e+00 (0.0000e+00)	Loss Disc 0.0000e+00 (0.0000e+00)	Loss Pred 4.9730e-01 (4.8133e-01)	Loss TOTAL 4.9730e-01 (4.8422e-01)
Epoch: [6][200/496]	L_Src_Sup 0.0000e+00 (5.4978e-03)	L_Trg_Inj 0.0000e+00 (0.0000e+00)	Loss Disc 0.0000e+00 (0.0000e+00)	Loss Pred 4.4614e-01 (4.8085e-01)	Loss TOTAL 4.4614e-01 (4.8360e-01)
Epoch: [6][210/496]	L_Src_Sup 0.0000e+00 (5.4075e-03)	L_Trg_Inj 0.0000e+00 (0.0000e+00)	Loss Disc 0.0000e+00 (0.0000e+00)	Loss Pred 4.5886e-01 (4.8041e-01)	Loss TOTAL 4.5886e-01 (4.8312e-01)
Epoch: [6][220/496]	L_Src_Sup 0.0000e+00 (5.1617e-03)	L_Trg_Inj 0.0000e+00 (0.0000e+00)	Loss Disc 0.0000e+00 (0.0000e+00)	Loss Pred 4.4621e-01 (4.8019e-01)	Loss TOTAL 4.4621e-01 (4.8277e-01)
Epoch: [6][230/496]	L_Src_Sup 0.0000e+00 (4.9591e-03)	L_Trg_Inj 0.0000e+00 (0.0000e+00)	Loss Disc 0.0000e+00 (0.0000e+00)	Loss Pred 4.9717e-01 (4.8006e-01)	Loss TOTAL 4.9717e-01 (4.8254e-01)
Epoch: [6][240/496]	L_Src_Sup 1.1329e-05 (4.8276e-03)	L_Trg_Inj 0.0000e+00 (0.0000e+00)	Loss Disc 0.0000e+00 (0.0000e+00)	Loss Pred 4.6537e-01 (4.8011e-01)	Loss TOTAL 4.6537e-01 (4.8252e-01)
Epoch: [6][250/496]	L_Src_Sup 3.1125e-05 (4.7086e-03)	L_Trg_Inj 0.0000e+00 (0.0000e+00)	Loss Disc 0.0000e+00 (0.0000e+00)	Loss Pred 4.5933e-01 (4.8035e-01)	Loss TOTAL 4.5934e-01 (4.8270e-01)
Epoch: [6][260/496]	L_Src_Sup 0.0000e+00 (4.5350e-03)	L_Trg_Inj 0.0000e+00 (0.0000e+00)	Loss Disc 0.0000e+00 (0.0000e+00)	Loss Pred 4.9678e-01 (4.8073e-01)	Loss TOTAL 4.9678e-01 (4.8300e-01)
Epoch: [6][270/496]	L_Src_Sup 1.1692e-04 (4.5268e-03)	L_Trg_Inj 0.0000e+00 (0.0000e+00)	Loss Disc 0.0000e+00 (0.0000e+00)	Loss Pred 4.3390e-01 (4.8055e-01)	Loss TOTAL 4.3396e-01 (4.8282e-01)
Epoch: [6][280/496]	L_Src_Sup 1.7544e-02 (4.4293e-03)	L_Trg_Inj 0.0000e+00 (0.0000e+00)	Loss Disc 0.0000e+00 (0.0000e+00)	Loss Pred 4.7182e-01 (4.8044e-01)	Loss TOTAL 4.8059e-01 (4.8266e-01)
Epoch: [6][290/496]	L_Src_Sup 7.9999e-02 (4.8011e-03)	L_Trg_Inj 0.0000e+00 (0.0000e+00)	Loss Disc 0.0000e+00 (0.0000e+00)	Loss Pred 4.6546e-01 (4.8021e-01)	Loss TOTAL 5.0546e-01 (4.8261e-01)
Epoch: [6][300/496]	L_Src_Sup 9.5997e-03 (7.4947e-03)	L_Trg_Inj 0.0000e+00 (0.0000e+00)	Loss Disc 0.0000e+00 (0.0000e+00)	Loss Pred 4.8654e-01 (4.8035e-01)	Loss TOTAL 4.9134e-01 (4.8410e-01)
Epoch: [6][310/496]	L_Src_Sup 5.0180e-06 (8.1816e-03)	L_Trg_Inj 0.0000e+00 (0.0000e+00)	Loss Disc 0.0000e+00 (0.0000e+00)	Loss Pred 4.9730e-01 (4.8032e-01)	Loss TOTAL 4.9730e-01 (4.8441e-01)
Epoch: [6][320/496]	L_Src_Sup 0.0000e+00 (7.9780e-03)	L_Trg_Inj 0.0000e+00 (0.0000e+00)	Loss Disc 0.0000e+00 (0.0000e+00)	Loss Pred 5.0995e-01 (4.8041e-01)	Loss TOTAL 5.0995e-01 (4.8440e-01)
Epoch: [6][330/496]	L_Src_Sup 0.0000e+00 (7.8827e-03)	L_Trg_Inj 0.0000e+00 (0.0000e+00)	Loss Disc 0.0000e+00 (0.0000e+00)	Loss Pred 4.8789e-01 (4.8070e-01)	Loss TOTAL 4.8789e-01 (4.8464e-01)
Epoch: [6][340/496]	L_Src_Sup 0.0000e+00 (7.7960e-03)	L_Trg_Inj 0.0000e+00 (0.0000e+00)	Loss Disc 0.0000e+00 (0.0000e+00)	Loss Pred 4.4708e-01 (4.8047e-01)	Loss TOTAL 4.4708e-01 (4.8436e-01)
Epoch: [6][350/496]	L_Src_Sup 2.3565e-04 (7.7270e-03)	L_Trg_Inj 0.0000e+00 (0.0000e+00)	Loss Disc 0.0000e+00 (0.0000e+00)	Loss Pred 4.6658e-01 (4.8035e-01)	Loss TOTAL 4.6670e-01 (4.8421e-01)
Epoch: [6][360/496]	L_Src_Sup 0.0000e+00 (7.5578e-03)	L_Trg_Inj 0.0000e+00 (0.0000e+00)	Loss Disc 0.0000e+00 (0.0000e+00)	Loss Pred 5.0373e-01 (4.8085e-01)	Loss TOTAL 5.0373e-01 (4.8463e-01)
Epoch: [6][370/496]	L_Src_Sup 1.0801e-04 (7.3767e-03)	L_Trg_Inj 0.0000e+00 (0.0000e+00)	Loss Disc 0.0000e+00 (0.0000e+00)	Loss Pred 4.7441e-01 (4.8133e-01)	Loss TOTAL 4.7446e-01 (4.8502e-01)
Epoch: [6][380/496]	L_Src_Sup 0.0000e+00 (7.2214e-03)	L_Trg_Inj 0.0000e+00 (0.0000e+00)	Loss Disc 0.0000e+00 (0.0000e+00)	Loss Pred 4.5248e-01 (4.8112e-01)	Loss TOTAL 4.5248e-01 (4.8473e-01)
Epoch: [6][390/496]	L_Src_Sup 1.7033e-02 (7.0802e-03)	L_Trg_Inj 0.0000e+00 (0.0000e+00)	Loss Disc 0.0000e+00 (0.0000e+00)	Loss Pred 4.9749e-01 (4.8112e-01)	Loss TOTAL 5.0601e-01 (4.8466e-01)
Epoch: [6][400/496]	L_Src_Sup 0.0000e+00 (6.9102e-03)	L_Trg_Inj 0.0000e+00 (0.0000e+00)	Loss Disc 0.0000e+00 (0.0000e+00)	Loss Pred 5.2210e-01 (4.8142e-01)	Loss TOTAL 5.2210e-01 (4.8488e-01)
Epoch: [6][410/496]	L_Src_Sup 0.0000e+00 (6.7417e-03)	L_Trg_Inj 0.0000e+00 (0.0000e+00)	Loss Disc 0.0000e+00 (0.0000e+00)	Loss Pred 4.6516e-01 (4.8146e-01)	Loss TOTAL 4.6516e-01 (4.8483e-01)
Epoch: [6][420/496]	L_Src_Sup 0.0000e+00 (6.6277e-03)	L_Trg_Inj 0.0000e+00 (0.0000e+00)	Loss Disc 0.0000e+00 (0.0000e+00)	Loss Pred 4.8482e-01 (4.8127e-01)	Loss TOTAL 4.8482e-01 (4.8458e-01)
Epoch: [6][430/496]	L_Src_Sup 0.0000e+00 (6.4746e-03)	L_Trg_Inj 0.0000e+00 (0.0000e+00)	Loss Disc 0.0000e+00 (0.0000e+00)	Loss Pred 4.9739e-01 (4.8116e-01)	Loss TOTAL 4.9739e-01 (4.8440e-01)
Epoch: [6][440/496]	L_Src_Sup 0.0000e+00 (6.3752e-03)	L_Trg_Inj 0.0000e+00 (0.0000e+00)	Loss Disc 0.0000e+00 (0.0000e+00)	Loss Pred 4.7777e-01 (4.8103e-01)	Loss TOTAL 4.7777e-01 (4.8422e-01)
Epoch: [6][450/496]	L_Src_Sup 0.0000e+00 (6.2504e-03)	L_Trg_Inj 0.0000e+00 (0.0000e+00)	Loss Disc 0.0000e+00 (0.0000e+00)	Loss Pred 4.6595e-01 (4.8096e-01)	Loss TOTAL 4.6595e-01 (4.8409e-01)
Epoch: [6][460/496]	L_Src_Sup 2.6467e-04 (6.1939e-03)	L_Trg_Inj 0.0000e+00 (0.0000e+00)	Loss Disc 0.0000e+00 (0.0000e+00)	Loss Pred 4.6698e-01 (4.8063e-01)	Loss TOTAL 4.6711e-01 (4.8373e-01)
Epoch: [6][470/496]	L_Src_Sup 0.0000e+00 (6.0635e-03)	L_Trg_Inj 0.0000e+00 (0.0000e+00)	Loss Disc 0.0000e+00 (0.0000e+00)	Loss Pred 5.4257e-01 (4.8059e-01)	Loss TOTAL 5.4257e-01 (4.8362e-01)
Epoch: [6][480/496]	L_Src_Sup 0.0000e+00 (5.9488e-03)	L_Trg_Inj 0.0000e+00 (0.0000e+00)	Loss Disc 0.0000e+00 (0.0000e+00)	Loss Pred 5.2970e-01 (4.8084e-01)	Loss TOTAL 5.2970e-01 (4.8382e-01)
Epoch: [6][490/496]	L_Src_Sup 0.0000e+00 (5.8334e-03)	L_Trg_Inj 0.0000e+00 (0.0000e+00)	Loss Disc 0.0000e+00 (0.0000e+00)	Loss Pred 4.9689e-01 (4.8073e-01)	Loss TOTAL 4.9689e-01 (4.8364e-01)
Epoch: [6][496/496]	L_Src_Sup 0.0000e+00 (5.8062e-03)	L_Trg_Inj 0.0000e+00 (0.0000e+00)	Loss Disc 0.0000e+00 (0.0000e+00)	Loss Pred 4.8471e-01 (4.8067e-01)	Loss TOTAL 4.8471e-01 (4.8357e-01)
Epoch 6 complete. Saving model state...
Epoch: [7][ 10/496]	L_Src_Sup 3.7222e-03 (7.0477e-04)	L_Trg_Inj 0.0000e+00 (0.0000e+00)	Loss Disc 0.0000e+00 (0.0000e+00)	Loss Pred 4.9090e-01 (4.8527e-01)	Loss TOTAL 4.9276e-01 (4.8562e-01)
Epoch: [7][ 20/496]	L_Src_Sup 7.3399e-04 (1.9205e-03)	L_Trg_Inj 0.0000e+00 (0.0000e+00)	Loss Disc 0.0000e+00 (0.0000e+00)	Loss Pred 5.2590e-01 (4.9253e-01)	Loss TOTAL 5.2627e-01 (4.9349e-01)
Epoch: [7][ 30/496]	L_Src_Sup 0.0000e+00 (1.2898e-03)	L_Trg_Inj 0.0000e+00 (0.0000e+00)	Loss Disc 0.0000e+00 (0.0000e+00)	Loss Pred 4.7164e-01 (4.8550e-01)	Loss TOTAL 4.7164e-01 (4.8614e-01)
Epoch: [7][ 40/496]	L_Src_Sup 0.0000e+00 (1.0405e-03)	L_Trg_Inj 0.0000e+00 (0.0000e+00)	Loss Disc 0.0000e+00 (0.0000e+00)	Loss Pred 4.8543e-01 (4.8660e-01)	Loss TOTAL 4.8543e-01 (4.8712e-01)
Epoch: [7][ 50/496]	L_Src_Sup 0.0000e+00 (1.2185e-03)	L_Trg_Inj 0.0000e+00 (0.0000e+00)	Loss Disc 0.0000e+00 (0.0000e+00)	Loss Pred 4.5884e-01 (4.8524e-01)	Loss TOTAL 4.5884e-01 (4.8585e-01)
Epoch: [7][ 60/496]	L_Src_Sup 5.8235e-03 (1.4981e-03)	L_Trg_Inj 0.0000e+00 (0.0000e+00)	Loss Disc 0.0000e+00 (0.0000e+00)	Loss Pred 4.7943e-01 (4.8410e-01)	Loss TOTAL 4.8234e-01 (4.8484e-01)
Epoch: [7][ 70/496]	L_Src_Sup 2.0344e-05 (1.5020e-03)	L_Trg_Inj 0.0000e+00 (0.0000e+00)	Loss Disc 0.0000e+00 (0.0000e+00)	Loss Pred 5.2238e-01 (4.8446e-01)	Loss TOTAL 5.2239e-01 (4.8521e-01)
Epoch: [7][ 80/496]	L_Src_Sup 0.0000e+00 (1.3735e-03)	L_Trg_Inj 0.0000e+00 (0.0000e+00)	Loss Disc 0.0000e+00 (0.0000e+00)	Loss Pred 4.9953e-01 (4.8384e-01)	Loss TOTAL 4.9953e-01 (4.8453e-01)
Epoch: [7][ 90/496]	L_Src_Sup 0.0000e+00 (1.2209e-03)	L_Trg_Inj 0.0000e+00 (0.0000e+00)	Loss Disc 0.0000e+00 (0.0000e+00)	Loss Pred 4.9209e-01 (4.8368e-01)	Loss TOTAL 4.9209e-01 (4.8429e-01)
Epoch: [7][100/496]	L_Src_Sup 0.0000e+00 (1.4491e-03)	L_Trg_Inj 0.0000e+00 (0.0000e+00)	Loss Disc 0.0000e+00 (0.0000e+00)	Loss Pred 5.0966e-01 (4.8292e-01)	Loss TOTAL 5.0966e-01 (4.8365e-01)
Epoch: [7][110/496]	L_Src_Sup 0.0000e+00 (1.3175e-03)	L_Trg_Inj 0.0000e+00 (0.0000e+00)	Loss Disc 0.0000e+00 (0.0000e+00)	Loss Pred 5.0447e-01 (4.8203e-01)	Loss TOTAL 5.0447e-01 (4.8269e-01)
Epoch: [7][120/496]	L_Src_Sup 0.0000e+00 (1.2077e-03)	L_Trg_Inj 0.0000e+00 (0.0000e+00)	Loss Disc 0.0000e+00 (0.0000e+00)	Loss Pred 4.7152e-01 (4.8219e-01)	Loss TOTAL 4.7152e-01 (4.8279e-01)
Epoch: [7][130/496]	L_Src_Sup 4.4875e-04 (1.3204e-03)	L_Trg_Inj 0.0000e+00 (0.0000e+00)	Loss Disc 0.0000e+00 (0.0000e+00)	Loss Pred 4.6624e-01 (4.8151e-01)	Loss TOTAL 4.6647e-01 (4.8217e-01)
Epoch: [7][140/496]	L_Src_Sup 0.0000e+00 (1.2448e-03)	L_Trg_Inj 0.0000e+00 (0.0000e+00)	Loss Disc 0.0000e+00 (0.0000e+00)	Loss Pred 4.9816e-01 (4.8150e-01)	Loss TOTAL 4.9816e-01 (4.8213e-01)
Epoch: [7][150/496]	L_Src_Sup 0.0000e+00 (1.1618e-03)	L_Trg_Inj 0.0000e+00 (0.0000e+00)	Loss Disc 0.0000e+00 (0.0000e+00)	Loss Pred 4.9062e-01 (4.8183e-01)	Loss TOTAL 4.9062e-01 (4.8241e-01)
Epoch: [7][160/496]	L_Src_Sup 0.0000e+00 (1.1950e-03)	L_Trg_Inj 0.0000e+00 (0.0000e+00)	Loss Disc 0.0000e+00 (0.0000e+00)	Loss Pred 4.4646e-01 (4.8168e-01)	Loss TOTAL 4.4646e-01 (4.8228e-01)
Epoch: [7][170/496]	L_Src_Sup 0.0000e+00 (1.2432e-03)	L_Trg_Inj 0.0000e+00 (0.0000e+00)	Loss Disc 0.0000e+00 (0.0000e+00)	Loss Pred 5.1574e-01 (4.8167e-01)	Loss TOTAL 5.1574e-01 (4.8229e-01)
Epoch: [7][180/496]	L_Src_Sup 0.0000e+00 (1.1803e-03)	L_Trg_Inj 0.0000e+00 (0.0000e+00)	Loss Disc 0.0000e+00 (0.0000e+00)	Loss Pred 5.1641e-01 (4.8102e-01)	Loss TOTAL 5.1641e-01 (4.8161e-01)
Epoch: [7][190/496]	L_Src_Sup 0.0000e+00 (1.3164e-03)	L_Trg_Inj 0.0000e+00 (0.0000e+00)	Loss Disc 0.0000e+00 (0.0000e+00)	Loss Pred 5.0331e-01 (4.8117e-01)	Loss TOTAL 5.0331e-01 (4.8183e-01)
Epoch: [7][200/496]	L_Src_Sup 0.0000e+00 (1.4376e-03)	L_Trg_Inj 0.0000e+00 (0.0000e+00)	Loss Disc 0.0000e+00 (0.0000e+00)	Loss Pred 4.5265e-01 (4.8095e-01)	Loss TOTAL 4.5265e-01 (4.8167e-01)
Epoch: [7][210/496]	L_Src_Sup 3.1981e-04 (1.5639e-03)	L_Trg_Inj 0.0000e+00 (0.0000e+00)	Loss Disc 0.0000e+00 (0.0000e+00)	Loss Pred 4.6547e-01 (4.8045e-01)	Loss TOTAL 4.6563e-01 (4.8123e-01)
Epoch: [7][220/496]	L_Src_Sup 0.0000e+00 (1.5937e-03)	L_Trg_Inj 0.0000e+00 (0.0000e+00)	Loss Disc 0.0000e+00 (0.0000e+00)	Loss Pred 4.6530e-01 (4.7988e-01)	Loss TOTAL 4.6530e-01 (4.8068e-01)
Epoch: [7][230/496]	L_Src_Sup 0.0000e+00 (1.5621e-03)	L_Trg_Inj 0.0000e+00 (0.0000e+00)	Loss Disc 0.0000e+00 (0.0000e+00)	Loss Pred 4.5889e-01 (4.7947e-01)	Loss TOTAL 4.5889e-01 (4.8026e-01)
Epoch: [7][240/496]	L_Src_Sup 0.0000e+00 (1.5117e-03)	L_Trg_Inj 0.0000e+00 (0.0000e+00)	Loss Disc 0.0000e+00 (0.0000e+00)	Loss Pred 5.0325e-01 (4.7991e-01)	Loss TOTAL 5.0325e-01 (4.8067e-01)
Epoch: [7][250/496]	L_Src_Sup 0.0000e+00 (1.5224e-03)	L_Trg_Inj 0.0000e+00 (0.0000e+00)	Loss Disc 0.0000e+00 (0.0000e+00)	Loss Pred 4.7784e-01 (4.7974e-01)	Loss TOTAL 4.7784e-01 (4.8050e-01)
Epoch: [7][260/496]	L_Src_Sup 1.1096e-05 (1.5396e-03)	L_Trg_Inj 0.0000e+00 (0.0000e+00)	Loss Disc 0.0000e+00 (0.0000e+00)	Loss Pred 4.6566e-01 (4.7968e-01)	Loss TOTAL 4.6567e-01 (4.8045e-01)
Epoch: [7][270/496]	L_Src_Sup 1.7186e-03 (9.0506e-03)	L_Trg_Inj 0.0000e+00 (0.0000e+00)	Loss Disc 0.0000e+00 (0.0000e+00)	Loss Pred 5.1181e-01 (4.8100e-01)	Loss TOTAL 5.1267e-01 (4.8552e-01)
Epoch: [7][280/496]	L_Src_Sup 0.0000e+00 (8.8967e-03)	L_Trg_Inj 0.0000e+00 (0.0000e+00)	Loss Disc 0.0000e+00 (0.0000e+00)	Loss Pred 5.1620e-01 (4.8107e-01)	Loss TOTAL 5.1620e-01 (4.8552e-01)
Epoch: [7][290/496]	L_Src_Sup 0.0000e+00 (8.6681e-03)	L_Trg_Inj 0.0000e+00 (0.0000e+00)	Loss Disc 0.0000e+00 (0.0000e+00)	Loss Pred 4.7199e-01 (4.8075e-01)	Loss TOTAL 4.7199e-01 (4.8509e-01)
Epoch: [7][300/496]	L_Src_Sup 1.7506e-03 (8.5102e-03)	L_Trg_Inj 0.0000e+00 (0.0000e+00)	Loss Disc 0.0000e+00 (0.0000e+00)	Loss Pred 4.7280e-01 (4.8061e-01)	Loss TOTAL 4.7367e-01 (4.8486e-01)
Epoch: [7][310/496]	L_Src_Sup 1.3869e-02 (8.3517e-03)	L_Trg_Inj 0.0000e+00 (0.0000e+00)	Loss Disc 0.0000e+00 (0.0000e+00)	Loss Pred 4.8425e-01 (4.8048e-01)	Loss TOTAL 4.9119e-01 (4.8465e-01)
Epoch: [7][320/496]	L_Src_Sup 4.8735e-04 (8.1519e-03)	L_Trg_Inj 0.0000e+00 (0.0000e+00)	Loss Disc 0.0000e+00 (0.0000e+00)	Loss Pred 5.0333e-01 (4.8094e-01)	Loss TOTAL 5.0357e-01 (4.8502e-01)
Epoch: [7][330/496]	L_Src_Sup 0.0000e+00 (7.9616e-03)	L_Trg_Inj 0.0000e+00 (0.0000e+00)	Loss Disc 0.0000e+00 (0.0000e+00)	Loss Pred 4.4183e-01 (4.8062e-01)	Loss TOTAL 4.4183e-01 (4.8460e-01)
Epoch: [7][340/496]	L_Src_Sup 6.8257e-06 (7.7795e-03)	L_Trg_Inj 0.0000e+00 (0.0000e+00)	Loss Disc 0.0000e+00 (0.0000e+00)	Loss Pred 4.3998e-01 (4.8017e-01)	Loss TOTAL 4.3999e-01 (4.8406e-01)
Epoch: [7][350/496]	L_Src_Sup 0.0000e+00 (7.5573e-03)	L_Trg_Inj 0.0000e+00 (0.0000e+00)	Loss Disc 0.0000e+00 (0.0000e+00)	Loss Pred 4.7802e-01 (4.8026e-01)	Loss TOTAL 4.7802e-01 (4.8403e-01)
Epoch: [7][360/496]	L_Src_Sup 0.0000e+00 (7.3473e-03)	L_Trg_Inj 0.0000e+00 (0.0000e+00)	Loss Disc 0.0000e+00 (0.0000e+00)	Loss Pred 4.9807e-01 (4.8059e-01)	Loss TOTAL 4.9807e-01 (4.8426e-01)
Epoch: [7][370/496]	L_Src_Sup 0.0000e+00 (7.1974e-03)	L_Trg_Inj 0.0000e+00 (0.0000e+00)	Loss Disc 0.0000e+00 (0.0000e+00)	Loss Pred 4.5260e-01 (4.8041e-01)	Loss TOTAL 4.5260e-01 (4.8401e-01)
Epoch: [7][380/496]	L_Src_Sup 0.0000e+00 (7.0643e-03)	L_Trg_Inj 0.0000e+00 (0.0000e+00)	Loss Disc 0.0000e+00 (0.0000e+00)	Loss Pred 4.6512e-01 (4.8027e-01)	Loss TOTAL 4.6512e-01 (4.8380e-01)
Epoch: [7][390/496]	L_Src_Sup 0.0000e+00 (6.8831e-03)	L_Trg_Inj 0.0000e+00 (0.0000e+00)	Loss Disc 0.0000e+00 (0.0000e+00)	Loss Pred 5.3649e-01 (4.8028e-01)	Loss TOTAL 5.3649e-01 (4.8373e-01)
Epoch: [7][400/496]	L_Src_Sup 0.0000e+00 (6.7111e-03)	L_Trg_Inj 0.0000e+00 (0.0000e+00)	Loss Disc 0.0000e+00 (0.0000e+00)	Loss Pred 4.8399e-01 (4.8059e-01)	Loss TOTAL 4.8399e-01 (4.8395e-01)
Epoch: [7][410/496]	L_Src_Sup 0.0000e+00 (6.5474e-03)	L_Trg_Inj 0.0000e+00 (0.0000e+00)	Loss Disc 0.0000e+00 (0.0000e+00)	Loss Pred 4.7794e-01 (4.8030e-01)	Loss TOTAL 4.7794e-01 (4.8357e-01)
Epoch: [7][420/496]	L_Src_Sup 0.0000e+00 (6.4477e-03)	L_Trg_Inj 0.0000e+00 (0.0000e+00)	Loss Disc 0.0000e+00 (0.0000e+00)	Loss Pred 4.9741e-01 (4.8015e-01)	Loss TOTAL 4.9741e-01 (4.8338e-01)
Epoch: [7][430/496]	L_Src_Sup 5.3808e-04 (6.3428e-03)	L_Trg_Inj 0.0000e+00 (0.0000e+00)	Loss Disc 0.0000e+00 (0.0000e+00)	Loss Pred 5.0975e-01 (4.8014e-01)	Loss TOTAL 5.1002e-01 (4.8331e-01)
Epoch: [7][440/496]	L_Src_Sup 6.0902e-03 (6.2125e-03)	L_Trg_Inj 0.0000e+00 (0.0000e+00)	Loss Disc 0.0000e+00 (0.0000e+00)	Loss Pred 4.7423e-01 (4.8017e-01)	Loss TOTAL 4.7727e-01 (4.8328e-01)
Epoch: [7][450/496]	L_Src_Sup 0.0000e+00 (6.0776e-03)	L_Trg_Inj 0.0000e+00 (0.0000e+00)	Loss Disc 0.0000e+00 (0.0000e+00)	Loss Pred 4.6558e-01 (4.8031e-01)	Loss TOTAL 4.6558e-01 (4.8335e-01)
Epoch: [7][460/496]	L_Src_Sup 0.0000e+00 (5.9454e-03)	L_Trg_Inj 0.0000e+00 (0.0000e+00)	Loss Disc 0.0000e+00 (0.0000e+00)	Loss Pred 4.7151e-01 (4.8022e-01)	Loss TOTAL 4.7151e-01 (4.8320e-01)
Epoch: [7][470/496]	L_Src_Sup 0.0000e+00 (5.9063e-03)	L_Trg_Inj 0.0000e+00 (0.0000e+00)	Loss Disc 0.0000e+00 (0.0000e+00)	Loss Pred 4.8434e-01 (4.8053e-01)	Loss TOTAL 4.8434e-01 (4.8348e-01)
Epoch: [7][480/496]	L_Src_Sup 0.0000e+00 (5.7920e-03)	L_Trg_Inj 0.0000e+00 (0.0000e+00)	Loss Disc 0.0000e+00 (0.0000e+00)	Loss Pred 4.7183e-01 (4.8040e-01)	Loss TOTAL 4.7183e-01 (4.8330e-01)
Epoch: [7][490/496]	L_Src_Sup 0.0000e+00 (5.6847e-03)	L_Trg_Inj 0.0000e+00 (0.0000e+00)	Loss Disc 0.0000e+00 (0.0000e+00)	Loss Pred 4.7807e-01 (4.8026e-01)	Loss TOTAL 4.7807e-01 (4.8310e-01)
Epoch: [7][496/496]	L_Src_Sup 0.0000e+00 (5.6159e-03)	L_Trg_Inj 0.0000e+00 (0.0000e+00)	Loss Disc 0.0000e+00 (0.0000e+00)	Loss Pred 4.5222e-01 (4.8011e-01)	Loss TOTAL 4.5222e-01 (4.8292e-01)
Epoch 7 complete. Saving model state...
Epoch: [8][ 10/496]	L_Src_Sup 0.0000e+00 (0.0000e+00)	L_Trg_Inj 0.0000e+00 (0.0000e+00)	Loss Disc 0.0000e+00 (0.0000e+00)	Loss Pred 5.2210e-01 (4.7939e-01)	Loss TOTAL 5.2210e-01 (4.7939e-01)
Epoch: [8][ 20/496]	L_Src_Sup 0.0000e+00 (8.9688e-04)	L_Trg_Inj 0.0000e+00 (0.0000e+00)	Loss Disc 0.0000e+00 (0.0000e+00)	Loss Pred 4.7796e-01 (4.7751e-01)	Loss TOTAL 4.7796e-01 (4.7796e-01)
Epoch: [8][ 30/496]	L_Src_Sup 1.1424e-04 (6.0339e-04)	L_Trg_Inj 0.0000e+00 (0.0000e+00)	Loss Disc 0.0000e+00 (0.0000e+00)	Loss Pred 5.3659e-01 (4.7891e-01)	Loss TOTAL 5.3665e-01 (4.7921e-01)
Epoch: [8][ 40/496]	L_Src_Sup 0.0000e+00 (8.7785e-04)	L_Trg_Inj 0.0000e+00 (0.0000e+00)	Loss Disc 0.0000e+00 (0.0000e+00)	Loss Pred 5.0349e-01 (4.7856e-01)	Loss TOTAL 5.0349e-01 (4.7900e-01)
Epoch: [8][ 50/496]	L_Src_Sup 2.9880e-02 (1.1986e-02)	L_Trg_Inj 0.0000e+00 (0.0000e+00)	Loss Disc 0.0000e+00 (0.0000e+00)	Loss Pred 4.8657e-01 (4.8084e-01)	Loss TOTAL 5.0151e-01 (4.8684e-01)
Epoch: [8][ 60/496]	L_Src_Sup 1.3381e-02 (1.2781e-02)	L_Trg_Inj 0.0000e+00 (0.0000e+00)	Loss Disc 0.0000e+00 (0.0000e+00)	Loss Pred 4.5769e-01 (4.8019e-01)	Loss TOTAL 4.6438e-01 (4.8658e-01)
Epoch: [8][ 70/496]	L_Src_Sup 4.7732e-03 (1.4896e-02)	L_Trg_Inj 0.0000e+00 (0.0000e+00)	Loss Disc 0.0000e+00 (0.0000e+00)	Loss Pred 4.5857e-01 (4.8019e-01)	Loss TOTAL 4.6096e-01 (4.8764e-01)
Epoch: [8][ 80/496]	L_Src_Sup 0.0000e+00 (1.3036e-02)	L_Trg_Inj 0.0000e+00 (0.0000e+00)	Loss Disc 0.0000e+00 (0.0000e+00)	Loss Pred 4.6613e-01 (4.8011e-01)	Loss TOTAL 4.6613e-01 (4.8663e-01)
Epoch: [8][ 90/496]	L_Src_Sup 0.0000e+00 (1.1765e-02)	L_Trg_Inj 0.0000e+00 (0.0000e+00)	Loss Disc 0.0000e+00 (0.0000e+00)	Loss Pred 4.3947e-01 (4.7925e-01)	Loss TOTAL 4.3947e-01 (4.8514e-01)
Epoch: [8][100/496]	L_Src_Sup 0.0000e+00 (1.0784e-02)	L_Trg_Inj 0.0000e+00 (0.0000e+00)	Loss Disc 0.0000e+00 (0.0000e+00)	Loss Pred 4.7794e-01 (4.7908e-01)	Loss TOTAL 4.7794e-01 (4.8448e-01)
Epoch: [8][110/496]	L_Src_Sup 0.0000e+00 (9.8466e-03)	L_Trg_Inj 0.0000e+00 (0.0000e+00)	Loss Disc 0.0000e+00 (0.0000e+00)	Loss Pred 4.8466e-01 (4.7839e-01)	Loss TOTAL 4.8466e-01 (4.8331e-01)
Epoch: [8][120/496]	L_Src_Sup 0.0000e+00 (9.0286e-03)	L_Trg_Inj 0.0000e+00 (0.0000e+00)	Loss Disc 0.0000e+00 (0.0000e+00)	Loss Pred 4.5247e-01 (4.7859e-01)	Loss TOTAL 4.5247e-01 (4.8311e-01)
Epoch: [8][130/496]	L_Src_Sup 0.0000e+00 (8.3344e-03)	L_Trg_Inj 0.0000e+00 (0.0000e+00)	Loss Disc 0.0000e+00 (0.0000e+00)	Loss Pred 5.2862e-01 (4.7995e-01)	Loss TOTAL 5.2862e-01 (4.8412e-01)
Epoch: [8][140/496]	L_Src_Sup 0.0000e+00 (7.7391e-03)	L_Trg_Inj 0.0000e+00 (0.0000e+00)	Loss Disc 0.0000e+00 (0.0000e+00)	Loss Pred 4.9529e-01 (4.7972e-01)	Loss TOTAL 4.9529e-01 (4.8359e-01)
Epoch: [8][150/496]	L_Src_Sup 0.0000e+00 (7.2300e-03)	L_Trg_Inj 0.0000e+00 (0.0000e+00)	Loss Disc 0.0000e+00 (0.0000e+00)	Loss Pred 4.7775e-01 (4.8076e-01)	Loss TOTAL 4.7775e-01 (4.8437e-01)
Epoch: [8][160/496]	L_Src_Sup 0.0000e+00 (6.7782e-03)	L_Trg_Inj 0.0000e+00 (0.0000e+00)	Loss Disc 0.0000e+00 (0.0000e+00)	Loss Pred 4.7168e-01 (4.8023e-01)	Loss TOTAL 4.7168e-01 (4.8362e-01)
Epoch: [8][170/496]	L_Src_Sup 0.0000e+00 (6.4013e-03)	L_Trg_Inj 0.0000e+00 (0.0000e+00)	Loss Disc 0.0000e+00 (0.0000e+00)	Loss Pred 4.7153e-01 (4.8051e-01)	Loss TOTAL 4.7153e-01 (4.8371e-01)
Epoch: [8][180/496]	L_Src_Sup 0.0000e+00 (6.0456e-03)	L_Trg_Inj 0.0000e+00 (0.0000e+00)	Loss Disc 0.0000e+00 (0.0000e+00)	Loss Pred 5.0297e-01 (4.8007e-01)	Loss TOTAL 5.0297e-01 (4.8310e-01)
Epoch: [8][190/496]	L_Src_Sup 0.0000e+00 (5.7284e-03)	L_Trg_Inj 0.0000e+00 (0.0000e+00)	Loss Disc 0.0000e+00 (0.0000e+00)	Loss Pred 4.8426e-01 (4.8050e-01)	Loss TOTAL 4.8426e-01 (4.8337e-01)
Epoch: [8][200/496]	L_Src_Sup 0.0000e+00 (5.4556e-03)	L_Trg_Inj 0.0000e+00 (0.0000e+00)	Loss Disc 0.0000e+00 (0.0000e+00)	Loss Pred 4.6512e-01 (4.8098e-01)	Loss TOTAL 4.6512e-01 (4.8371e-01)
Epoch: [8][210/496]	L_Src_Sup 0.0000e+00 (5.1958e-03)	L_Trg_Inj 0.0000e+00 (0.0000e+00)	Loss Disc 0.0000e+00 (0.0000e+00)	Loss Pred 5.0988e-01 (4.8093e-01)	Loss TOTAL 5.0988e-01 (4.8352e-01)
Epoch: [8][220/496]	L_Src_Sup 0.0000e+00 (4.9597e-03)	L_Trg_Inj 0.0000e+00 (0.0000e+00)	Loss Disc 0.0000e+00 (0.0000e+00)	Loss Pred 5.0362e-01 (4.8105e-01)	Loss TOTAL 5.0362e-01 (4.8353e-01)
Epoch: [8][230/496]	L_Src_Sup 0.0000e+00 (4.8224e-03)	L_Trg_Inj 0.0000e+00 (0.0000e+00)	Loss Disc 0.0000e+00 (0.0000e+00)	Loss Pred 4.6523e-01 (4.8067e-01)	Loss TOTAL 4.6523e-01 (4.8308e-01)
Epoch: [8][240/496]	L_Src_Sup 2.2186e-03 (4.7038e-03)	L_Trg_Inj 0.0000e+00 (0.0000e+00)	Loss Disc 0.0000e+00 (0.0000e+00)	Loss Pred 4.9070e-01 (4.8090e-01)	Loss TOTAL 4.9181e-01 (4.8325e-01)
Epoch: [8][250/496]	L_Src_Sup 0.0000e+00 (4.6219e-03)	L_Trg_Inj 0.0000e+00 (0.0000e+00)	Loss Disc 0.0000e+00 (0.0000e+00)	Loss Pred 4.8506e-01 (4.8120e-01)	Loss TOTAL 4.8506e-01 (4.8351e-01)
Epoch: [8][260/496]	L_Src_Sup 0.0000e+00 (4.5745e-03)	L_Trg_Inj 0.0000e+00 (0.0000e+00)	Loss Disc 0.0000e+00 (0.0000e+00)	Loss Pred 4.5884e-01 (4.8089e-01)	Loss TOTAL 4.5884e-01 (4.8318e-01)
Epoch: [8][270/496]	L_Src_Sup 0.0000e+00 (4.4098e-03)	L_Trg_Inj 0.0000e+00 (0.0000e+00)	Loss Disc 0.0000e+00 (0.0000e+00)	Loss Pred 5.2848e-01 (4.8111e-01)	Loss TOTAL 5.2848e-01 (4.8331e-01)
Epoch: [8][280/496]	L_Src_Sup 1.6557e-02 (4.3419e-03)	L_Trg_Inj 0.0000e+00 (0.0000e+00)	Loss Disc 0.0000e+00 (0.0000e+00)	Loss Pred 4.8717e-01 (4.8100e-01)	Loss TOTAL 4.9545e-01 (4.8317e-01)
Epoch: [8][290/496]	L_Src_Sup 0.0000e+00 (4.2555e-03)	L_Trg_Inj 0.0000e+00 (0.0000e+00)	Loss Disc 0.0000e+00 (0.0000e+00)	Loss Pred 5.2217e-01 (4.8095e-01)	Loss TOTAL 5.2217e-01 (4.8308e-01)
Epoch: [8][300/496]	L_Src_Sup 0.0000e+00 (4.1194e-03)	L_Trg_Inj 0.0000e+00 (0.0000e+00)	Loss Disc 0.0000e+00 (0.0000e+00)	Loss Pred 4.8823e-01 (4.8081e-01)	Loss TOTAL 4.8823e-01 (4.8287e-01)
Epoch: [8][310/496]	L_Src_Sup 5.0263e-04 (4.1705e-03)	L_Trg_Inj 0.0000e+00 (0.0000e+00)	Loss Disc 0.0000e+00 (0.0000e+00)	Loss Pred 4.8120e-01 (4.8086e-01)	Loss TOTAL 4.8146e-01 (4.8295e-01)
Epoch: [8][320/496]	L_Src_Sup 1.2567e-01 (4.8085e-03)	L_Trg_Inj 0.0000e+00 (0.0000e+00)	Loss Disc 0.0000e+00 (0.0000e+00)	Loss Pred 4.5409e-01 (4.8099e-01)	Loss TOTAL 5.1692e-01 (4.8339e-01)
Epoch: [8][330/496]	L_Src_Sup 1.4491e-02 (7.3203e-03)	L_Trg_Inj 0.0000e+00 (0.0000e+00)	Loss Disc 0.0000e+00 (0.0000e+00)	Loss Pred 4.5326e-01 (4.8145e-01)	Loss TOTAL 4.6051e-01 (4.8511e-01)
Epoch: [8][340/496]	L_Src_Sup 0.0000e+00 (7.1629e-03)	L_Trg_Inj 0.0000e+00 (0.0000e+00)	Loss Disc 0.0000e+00 (0.0000e+00)	Loss Pred 4.4645e-01 (4.8133e-01)	Loss TOTAL 4.4645e-01 (4.8491e-01)
Epoch: [8][350/496]	L_Src_Sup 0.0000e+00 (7.0627e-03)	L_Trg_Inj 0.0000e+00 (0.0000e+00)	Loss Disc 0.0000e+00 (0.0000e+00)	Loss Pred 4.7762e-01 (4.8121e-01)	Loss TOTAL 4.7762e-01 (4.8474e-01)
Epoch: [8][360/496]	L_Src_Sup 0.0000e+00 (6.8667e-03)	L_Trg_Inj 0.0000e+00 (0.0000e+00)	Loss Disc 0.0000e+00 (0.0000e+00)	Loss Pred 4.9718e-01 (4.8105e-01)	Loss TOTAL 4.9718e-01 (4.8449e-01)
Epoch: [8][370/496]	L_Src_Sup 4.2331e-04 (6.6823e-03)	L_Trg_Inj 0.0000e+00 (0.0000e+00)	Loss Disc 0.0000e+00 (0.0000e+00)	Loss Pred 4.6501e-01 (4.8095e-01)	Loss TOTAL 4.6523e-01 (4.8429e-01)
Epoch: [8][380/496]	L_Src_Sup 0.0000e+00 (6.5065e-03)	L_Trg_Inj 0.0000e+00 (0.0000e+00)	Loss Disc 0.0000e+00 (0.0000e+00)	Loss Pred 4.9666e-01 (4.8120e-01)	Loss TOTAL 4.9666e-01 (4.8445e-01)
Epoch: [8][390/496]	L_Src_Sup 0.0000e+00 (6.3893e-03)	L_Trg_Inj 0.0000e+00 (0.0000e+00)	Loss Disc 0.0000e+00 (0.0000e+00)	Loss Pred 5.1598e-01 (4.8111e-01)	Loss TOTAL 5.1598e-01 (4.8430e-01)
Epoch: [8][400/496]	L_Src_Sup 0.0000e+00 (6.2581e-03)	L_Trg_Inj 0.0000e+00 (0.0000e+00)	Loss Disc 0.0000e+00 (0.0000e+00)	Loss Pred 4.9036e-01 (4.8153e-01)	Loss TOTAL 4.9036e-01 (4.8466e-01)
Epoch: [8][410/496]	L_Src_Sup 2.4551e-03 (6.1514e-03)	L_Trg_Inj 0.0000e+00 (0.0000e+00)	Loss Disc 0.0000e+00 (0.0000e+00)	Loss Pred 4.1472e-01 (4.8124e-01)	Loss TOTAL 4.1594e-01 (4.8431e-01)
Epoch: [8][420/496]	L_Src_Sup 0.0000e+00 (6.0533e-03)	L_Trg_Inj 0.0000e+00 (0.0000e+00)	Loss Disc 0.0000e+00 (0.0000e+00)	Loss Pred 4.8423e-01 (4.8086e-01)	Loss TOTAL 4.8423e-01 (4.8389e-01)
Epoch: [8][430/496]	L_Src_Sup 0.0000e+00 (5.9155e-03)	L_Trg_Inj 0.0000e+00 (0.0000e+00)	Loss Disc 0.0000e+00 (0.0000e+00)	Loss Pred 5.1801e-01 (4.8073e-01)	Loss TOTAL 5.1801e-01 (4.8369e-01)
Epoch: [8][440/496]	L_Src_Sup 0.0000e+00 (5.7834e-03)	L_Trg_Inj 0.0000e+00 (0.0000e+00)	Loss Disc 0.0000e+00 (0.0000e+00)	Loss Pred 4.7898e-01 (4.8051e-01)	Loss TOTAL 4.7898e-01 (4.8340e-01)
Epoch: [8][450/496]	L_Src_Sup 0.0000e+00 (5.6585e-03)	L_Trg_Inj 0.0000e+00 (0.0000e+00)	Loss Disc 0.0000e+00 (0.0000e+00)	Loss Pred 4.8398e-01 (4.8027e-01)	Loss TOTAL 4.8398e-01 (4.8310e-01)
Epoch: [8][460/496]	L_Src_Sup 0.0000e+00 (5.5357e-03)	L_Trg_Inj 0.0000e+00 (0.0000e+00)	Loss Disc 0.0000e+00 (0.0000e+00)	Loss Pred 5.2241e-01 (4.8030e-01)	Loss TOTAL 5.2241e-01 (4.8307e-01)
Epoch: [8][470/496]	L_Src_Sup 0.0000e+00 (5.4184e-03)	L_Trg_Inj 0.0000e+00 (0.0000e+00)	Loss Disc 0.0000e+00 (0.0000e+00)	Loss Pred 4.8496e-01 (4.8012e-01)	Loss TOTAL 4.8496e-01 (4.8283e-01)
Epoch: [8][480/496]	L_Src_Sup 0.0000e+00 (5.3055e-03)	L_Trg_Inj 0.0000e+00 (0.0000e+00)	Loss Disc 0.0000e+00 (0.0000e+00)	Loss Pred 4.6518e-01 (4.8003e-01)	Loss TOTAL 4.6518e-01 (4.8269e-01)
Epoch: [8][490/496]	L_Src_Sup 0.0000e+00 (5.1973e-03)	L_Trg_Inj 0.0000e+00 (0.0000e+00)	Loss Disc 0.0000e+00 (0.0000e+00)	Loss Pred 4.5889e-01 (4.8005e-01)	Loss TOTAL 4.5889e-01 (4.8265e-01)
Epoch: [8][496/496]	L_Src_Sup 1.7211e-02 (5.1691e-03)	L_Trg_Inj 0.0000e+00 (0.0000e+00)	Loss Disc 0.0000e+00 (0.0000e+00)	Loss Pred 4.7135e-01 (4.8006e-01)	Loss TOTAL 4.7996e-01 (4.8265e-01)
Epoch 8 complete. Saving model state...
Epoch: [9][ 10/496]	L_Src_Sup 0.0000e+00 (1.7391e-03)	L_Trg_Inj 0.0000e+00 (0.0000e+00)	Loss Disc 0.0000e+00 (0.0000e+00)	Loss Pred 4.7776e-01 (4.7376e-01)	Loss TOTAL 4.7776e-01 (4.7463e-01)
Epoch: [9][ 20/496]	L_Src_Sup 0.0000e+00 (9.0450e-04)	L_Trg_Inj 0.0000e+00 (0.0000e+00)	Loss Disc 0.0000e+00 (0.0000e+00)	Loss Pred 4.8478e-01 (4.7659e-01)	Loss TOTAL 4.8478e-01 (4.7704e-01)
Epoch: [9][ 30/496]	L_Src_Sup 0.0000e+00 (9.0956e-04)	L_Trg_Inj 0.0000e+00 (0.0000e+00)	Loss Disc 0.0000e+00 (0.0000e+00)	Loss Pred 5.1585e-01 (4.8057e-01)	Loss TOTAL 5.1585e-01 (4.8103e-01)
Epoch: [9][ 40/496]	L_Src_Sup 0.0000e+00 (6.9249e-04)	L_Trg_Inj 0.0000e+00 (0.0000e+00)	Loss Disc 0.0000e+00 (0.0000e+00)	Loss Pred 5.2212e-01 (4.8139e-01)	Loss TOTAL 5.2212e-01 (4.8174e-01)
Epoch: [9][ 50/496]	L_Src_Sup 0.0000e+00 (8.6885e-04)	L_Trg_Inj 0.0000e+00 (0.0000e+00)	Loss Disc 0.0000e+00 (0.0000e+00)	Loss Pred 4.7827e-01 (4.8171e-01)	Loss TOTAL 4.7827e-01 (4.8214e-01)
Epoch: [9][ 60/496]	L_Src_Sup 1.3341e-03 (1.1944e-03)	L_Trg_Inj 0.0000e+00 (0.0000e+00)	Loss Disc 0.0000e+00 (0.0000e+00)	Loss Pred 4.7885e-01 (4.8269e-01)	Loss TOTAL 4.7952e-01 (4.8328e-01)
Epoch: [9][ 70/496]	L_Src_Sup 2.9181e-04 (1.0980e-03)	L_Trg_Inj 0.0000e+00 (0.0000e+00)	Loss Disc 0.0000e+00 (0.0000e+00)	Loss Pred 4.9306e-01 (4.8028e-01)	Loss TOTAL 4.9321e-01 (4.8083e-01)
Epoch: [9][ 80/496]	L_Src_Sup 0.0000e+00 (1.1647e-03)	L_Trg_Inj 0.0000e+00 (0.0000e+00)	Loss Disc 0.0000e+00 (0.0000e+00)	Loss Pred 4.9673e-01 (4.8000e-01)	Loss TOTAL 4.9673e-01 (4.8058e-01)
Epoch: [9][ 90/496]	L_Src_Sup 0.0000e+00 (1.0361e-03)	L_Trg_Inj 0.0000e+00 (0.0000e+00)	Loss Disc 0.0000e+00 (0.0000e+00)	Loss Pred 4.8481e-01 (4.8018e-01)	Loss TOTAL 4.8481e-01 (4.8069e-01)
Epoch: [9][100/496]	L_Src_Sup 0.0000e+00 (9.5695e-04)	L_Trg_Inj 0.0000e+00 (0.0000e+00)	Loss Disc 0.0000e+00 (0.0000e+00)	Loss Pred 4.3967e-01 (4.7894e-01)	Loss TOTAL 4.3967e-01 (4.7942e-01)
Epoch: [9][110/496]	L_Src_Sup 0.0000e+00 (8.6995e-04)	L_Trg_Inj 0.0000e+00 (0.0000e+00)	Loss Disc 0.0000e+00 (0.0000e+00)	Loss Pred 4.6480e-01 (4.7959e-01)	Loss TOTAL 4.6480e-01 (4.8002e-01)
Epoch: [9][120/496]	L_Src_Sup 0.0000e+00 (8.0242e-04)	L_Trg_Inj 0.0000e+00 (0.0000e+00)	Loss Disc 0.0000e+00 (0.0000e+00)	Loss Pred 4.6537e-01 (4.7948e-01)	Loss TOTAL 4.6537e-01 (4.7988e-01)
Epoch: [9][130/496]	L_Src_Sup 0.0000e+00 (7.4565e-04)	L_Trg_Inj 0.0000e+00 (0.0000e+00)	Loss Disc 0.0000e+00 (0.0000e+00)	Loss Pred 4.8379e-01 (4.7923e-01)	Loss TOTAL 4.8379e-01 (4.7960e-01)
Epoch: [9][140/496]	L_Src_Sup 0.0000e+00 (6.9239e-04)	L_Trg_Inj 0.0000e+00 (0.0000e+00)	Loss Disc 0.0000e+00 (0.0000e+00)	Loss Pred 4.6895e-01 (4.7902e-01)	Loss TOTAL 4.6895e-01 (4.7937e-01)
Epoch: [9][150/496]	L_Src_Sup 0.0000e+00 (7.2793e-04)	L_Trg_Inj 0.0000e+00 (0.0000e+00)	Loss Disc 0.0000e+00 (0.0000e+00)	Loss Pred 4.9751e-01 (4.7868e-01)	Loss TOTAL 4.9751e-01 (4.7904e-01)
Epoch: [9][160/496]	L_Src_Sup 1.9790e-04 (8.1044e-04)	L_Trg_Inj 0.0000e+00 (0.0000e+00)	Loss Disc 0.0000e+00 (0.0000e+00)	Loss Pred 4.8039e-01 (4.7936e-01)	Loss TOTAL 4.8049e-01 (4.7976e-01)
Epoch: [9][170/496]	L_Src_Sup 0.0000e+00 (8.2688e-04)	L_Trg_Inj 0.0000e+00 (0.0000e+00)	Loss Disc 0.0000e+00 (0.0000e+00)	Loss Pred 4.5298e-01 (4.7907e-01)	Loss TOTAL 4.5298e-01 (4.7948e-01)
Epoch: [9][180/496]	L_Src_Sup 0.0000e+00 (7.8095e-04)	L_Trg_Inj 0.0000e+00 (0.0000e+00)	Loss Disc 0.0000e+00 (0.0000e+00)	Loss Pred 4.9716e-01 (4.7880e-01)	Loss TOTAL 4.9716e-01 (4.7919e-01)
Epoch: [9][190/496]	L_Src_Sup 0.0000e+00 (8.1160e-04)	L_Trg_Inj 0.0000e+00 (0.0000e+00)	Loss Disc 0.0000e+00 (0.0000e+00)	Loss Pred 4.9023e-01 (4.7949e-01)	Loss TOTAL 4.9023e-01 (4.7990e-01)
Epoch: [9][200/496]	L_Src_Sup 0.0000e+00 (7.7169e-04)	L_Trg_Inj 0.0000e+00 (0.0000e+00)	Loss Disc 0.0000e+00 (0.0000e+00)	Loss Pred 5.3114e-01 (4.8044e-01)	Loss TOTAL 5.3114e-01 (4.8082e-01)
Epoch: [9][210/496]	L_Src_Sup 0.0000e+00 (7.5507e-04)	L_Trg_Inj 0.0000e+00 (0.0000e+00)	Loss Disc 0.0000e+00 (0.0000e+00)	Loss Pred 4.4586e-01 (4.7994e-01)	Loss TOTAL 4.4586e-01 (4.8031e-01)
Epoch: [9][220/496]	L_Src_Sup 0.0000e+00 (7.2202e-04)	L_Trg_Inj 0.0000e+00 (0.0000e+00)	Loss Disc 0.0000e+00 (0.0000e+00)	Loss Pred 4.5220e-01 (4.8047e-01)	Loss TOTAL 4.5220e-01 (4.8083e-01)
Epoch: [9][230/496]	L_Src_Sup 4.2920e-03 (7.1375e-04)	L_Trg_Inj 0.0000e+00 (0.0000e+00)	Loss Disc 0.0000e+00 (0.0000e+00)	Loss Pred 4.9029e-01 (4.8078e-01)	Loss TOTAL 4.9243e-01 (4.8114e-01)
Epoch: [9][240/496]	L_Src_Sup 0.0000e+00 (7.6117e-04)	L_Trg_Inj 0.0000e+00 (0.0000e+00)	Loss Disc 0.0000e+00 (0.0000e+00)	Loss Pred 4.5875e-01 (4.8074e-01)	Loss TOTAL 4.5875e-01 (4.8112e-01)
Epoch: [9][250/496]	L_Src_Sup 0.0000e+00 (8.0565e-04)	L_Trg_Inj 0.0000e+00 (0.0000e+00)	Loss Disc 0.0000e+00 (0.0000e+00)	Loss Pred 4.9831e-01 (4.8052e-01)	Loss TOTAL 4.9831e-01 (4.8092e-01)
Epoch: [9][260/496]	L_Src_Sup 3.5093e-03 (7.8835e-04)	L_Trg_Inj 0.0000e+00 (0.0000e+00)	Loss Disc 0.0000e+00 (0.0000e+00)	Loss Pred 4.5907e-01 (4.8059e-01)	Loss TOTAL 4.6082e-01 (4.8098e-01)
Epoch: [9][270/496]	L_Src_Sup 0.0000e+00 (8.2535e-04)	L_Trg_Inj 0.0000e+00 (0.0000e+00)	Loss Disc 0.0000e+00 (0.0000e+00)	Loss Pred 4.2708e-01 (4.8018e-01)	Loss TOTAL 4.2708e-01 (4.8059e-01)
Epoch: [9][280/496]	L_Src_Sup 0.0000e+00 (7.9754e-04)	L_Trg_Inj 0.0000e+00 (0.0000e+00)	Loss Disc 0.0000e+00 (0.0000e+00)	Loss Pred 4.2906e-01 (4.8011e-01)	Loss TOTAL 4.2906e-01 (4.8051e-01)
Epoch: [9][290/496]	L_Src_Sup 2.3864e-03 (8.4481e-04)	L_Trg_Inj 0.0000e+00 (0.0000e+00)	Loss Disc 0.0000e+00 (0.0000e+00)	Loss Pred 4.7153e-01 (4.8008e-01)	Loss TOTAL 4.7272e-01 (4.8050e-01)
Epoch: [9][300/496]	L_Src_Sup 0.0000e+00 (8.3173e-04)	L_Trg_Inj 0.0000e+00 (0.0000e+00)	Loss Disc 0.0000e+00 (0.0000e+00)	Loss Pred 4.9700e-01 (4.8032e-01)	Loss TOTAL 4.9700e-01 (4.8073e-01)
Epoch: [9][310/496]	L_Src_Sup 0.0000e+00 (8.1062e-04)	L_Trg_Inj 0.0000e+00 (0.0000e+00)	Loss Disc 0.0000e+00 (0.0000e+00)	Loss Pred 4.8373e-01 (4.8044e-01)	Loss TOTAL 4.8373e-01 (4.8085e-01)
Epoch: [9][320/496]	L_Src_Sup 0.0000e+00 (8.3731e-04)	L_Trg_Inj 0.0000e+00 (0.0000e+00)	Loss Disc 0.0000e+00 (0.0000e+00)	Loss Pred 4.7175e-01 (4.8006e-01)	Loss TOTAL 4.7175e-01 (4.8048e-01)
Epoch: [9][330/496]	L_Src_Sup 5.8456e-01 (4.5286e-03)	L_Trg_Inj 0.0000e+00 (0.0000e+00)	Loss Disc 0.0000e+00 (0.0000e+00)	Loss Pred 5.8790e-01 (4.8057e-01)	Loss TOTAL 8.8018e-01 (4.8284e-01)
Epoch: [9][340/496]	L_Src_Sup 0.0000e+00 (4.8914e-03)	L_Trg_Inj 0.0000e+00 (0.0000e+00)	Loss Disc 0.0000e+00 (0.0000e+00)	Loss Pred 4.6505e-01 (4.8056e-01)	Loss TOTAL 4.6505e-01 (4.8300e-01)
Epoch: [9][350/496]	L_Src_Sup 0.0000e+00 (4.7645e-03)	L_Trg_Inj 0.0000e+00 (0.0000e+00)	Loss Disc 0.0000e+00 (0.0000e+00)	Loss Pred 4.8401e-01 (4.8050e-01)	Loss TOTAL 4.8401e-01 (4.8288e-01)
Epoch: [9][360/496]	L_Src_Sup 0.0000e+00 (4.7127e-03)	L_Trg_Inj 0.0000e+00 (0.0000e+00)	Loss Disc 0.0000e+00 (0.0000e+00)	Loss Pred 4.9056e-01 (4.8045e-01)	Loss TOTAL 4.9056e-01 (4.8280e-01)
Epoch: [9][370/496]	L_Src_Sup 0.0000e+00 (4.6340e-03)	L_Trg_Inj 0.0000e+00 (0.0000e+00)	Loss Disc 0.0000e+00 (0.0000e+00)	Loss Pred 4.4615e-01 (4.8024e-01)	Loss TOTAL 4.4615e-01 (4.8255e-01)
Epoch: [9][380/496]	L_Src_Sup 0.0000e+00 (4.5590e-03)	L_Trg_Inj 0.0000e+00 (0.0000e+00)	Loss Disc 0.0000e+00 (0.0000e+00)	Loss Pred 5.0365e-01 (4.8046e-01)	Loss TOTAL 5.0365e-01 (4.8274e-01)
Epoch: [9][390/496]	L_Src_Sup 0.0000e+00 (4.4867e-03)	L_Trg_Inj 0.0000e+00 (0.0000e+00)	Loss Disc 0.0000e+00 (0.0000e+00)	Loss Pred 4.9123e-01 (4.8047e-01)	Loss TOTAL 4.9123e-01 (4.8271e-01)
Epoch: [9][400/496]	L_Src_Sup 0.0000e+00 (4.3755e-03)	L_Trg_Inj 0.0000e+00 (0.0000e+00)	Loss Disc 0.0000e+00 (0.0000e+00)	Loss Pred 5.2843e-01 (4.8067e-01)	Loss TOTAL 5.2843e-01 (4.8286e-01)
Epoch: [9][410/496]	L_Src_Sup 0.0000e+00 (4.2760e-03)	L_Trg_Inj 0.0000e+00 (0.0000e+00)	Loss Disc 0.0000e+00 (0.0000e+00)	Loss Pred 4.9677e-01 (4.8028e-01)	Loss TOTAL 4.9677e-01 (4.8242e-01)
Epoch: [9][420/496]	L_Src_Sup 0.0000e+00 (4.2130e-03)	L_Trg_Inj 0.0000e+00 (0.0000e+00)	Loss Disc 0.0000e+00 (0.0000e+00)	Loss Pred 4.9679e-01 (4.8055e-01)	Loss TOTAL 4.9679e-01 (4.8266e-01)
Epoch: [9][430/496]	L_Src_Sup 0.0000e+00 (4.1615e-03)	L_Trg_Inj 0.0000e+00 (0.0000e+00)	Loss Disc 0.0000e+00 (0.0000e+00)	Loss Pred 4.7202e-01 (4.8039e-01)	Loss TOTAL 4.7202e-01 (4.8247e-01)
Epoch: [9][440/496]	L_Src_Sup 0.0000e+00 (4.0692e-03)	L_Trg_Inj 0.0000e+00 (0.0000e+00)	Loss Disc 0.0000e+00 (0.0000e+00)	Loss Pred 5.0965e-01 (4.8039e-01)	Loss TOTAL 5.0965e-01 (4.8242e-01)
Epoch: [9][450/496]	L_Src_Sup 0.0000e+00 (3.9788e-03)	L_Trg_Inj 0.0000e+00 (0.0000e+00)	Loss Disc 0.0000e+00 (0.0000e+00)	Loss Pred 4.5220e-01 (4.7997e-01)	Loss TOTAL 4.5220e-01 (4.8196e-01)
Epoch: [9][460/496]	L_Src_Sup 0.0000e+00 (3.9683e-03)	L_Trg_Inj 0.0000e+00 (0.0000e+00)	Loss Disc 0.0000e+00 (0.0000e+00)	Loss Pred 4.7149e-01 (4.7970e-01)	Loss TOTAL 4.7149e-01 (4.8168e-01)
Epoch: [9][470/496]	L_Src_Sup 0.0000e+00 (3.8839e-03)	L_Trg_Inj 0.0000e+00 (0.0000e+00)	Loss Disc 0.0000e+00 (0.0000e+00)	Loss Pred 5.0924e-01 (4.7970e-01)	Loss TOTAL 5.0924e-01 (4.8164e-01)
Epoch: [9][480/496]	L_Src_Sup 2.7573e-04 (3.8662e-03)	L_Trg_Inj 0.0000e+00 (0.0000e+00)	Loss Disc 0.0000e+00 (0.0000e+00)	Loss Pred 4.9716e-01 (4.7954e-01)	Loss TOTAL 4.9730e-01 (4.8147e-01)
Epoch: [9][490/496]	L_Src_Sup 0.0000e+00 (3.8444e-03)	L_Trg_Inj 0.0000e+00 (0.0000e+00)	Loss Disc 0.0000e+00 (0.0000e+00)	Loss Pred 4.4022e-01 (4.7951e-01)	Loss TOTAL 4.4022e-01 (4.8143e-01)
Epoch: [9][496/496]	L_Src_Sup 0.0000e+00 (3.7999e-03)	L_Trg_Inj 0.0000e+00 (0.0000e+00)	Loss Disc 0.0000e+00 (0.0000e+00)	Loss Pred 4.9082e-01 (4.7960e-01)	Loss TOTAL 4.9082e-01 (4.8150e-01)
Epoch 9 complete. Saving model state...
