Using device: cuda
=== Source-Only Training Mode (No Target Domain) ===
Loading Source Train...
Using Mean/Std from Source Train (mean[0]=7.290691577922281, std[0]=0.9645271857314103)
Epoch: [0][ 10/496]	L_Src_Sup 2.0001e+00 (2.0000e+00)	L_Trg_Inj 0.0000e+00 (0.0000e+00)	Loss Disc 0.0000e+00 (0.0000e+00)	Loss Pred 8.0493e-01 (7.7824e-01)	Loss TOTAL 1.8050e+00 (1.7782e+00)
Epoch: [0][ 20/496]	L_Src_Sup 1.4141e+00 (1.9605e+00)	L_Trg_Inj 0.0000e+00 (0.0000e+00)	Loss Disc 0.0000e+00 (0.0000e+00)	Loss Pred 8.0162e-01 (7.8241e-01)	Loss TOTAL 1.5087e+00 (1.7627e+00)
Epoch: [0][ 30/496]	L_Src_Sup 4.3350e-01 (1.6061e+00)	L_Trg_Inj 0.0000e+00 (0.0000e+00)	Loss Disc 0.0000e+00 (0.0000e+00)	Loss Pred 7.5596e-01 (7.8011e-01)	Loss TOTAL 9.7271e-01 (1.5832e+00)
Epoch: [0][ 40/496]	L_Src_Sup 4.3323e-01 (1.3114e+00)	L_Trg_Inj 0.0000e+00 (0.0000e+00)	Loss Disc 0.0000e+00 (0.0000e+00)	Loss Pred 7.4207e-01 (7.7923e-01)	Loss TOTAL 9.5868e-01 (1.4350e+00)
Epoch: [0][ 50/496]	L_Src_Sup 8.5702e-01 (1.1507e+00)	L_Trg_Inj 0.0000e+00 (0.0000e+00)	Loss Disc 0.0000e+00 (0.0000e+00)	Loss Pred 7.5459e-01 (7.7412e-01)	Loss TOTAL 1.1831e+00 (1.3495e+00)
Epoch: [0][ 60/496]	L_Src_Sup 7.9258e-02 (9.9863e-01)	L_Trg_Inj 0.0000e+00 (0.0000e+00)	Loss Disc 0.0000e+00 (0.0000e+00)	Loss Pred 7.7468e-01 (7.7225e-01)	Loss TOTAL 8.1430e-01 (1.2716e+00)
Epoch: [0][ 70/496]	L_Src_Sup 1.1634e-01 (8.6952e-01)	L_Trg_Inj 0.0000e+00 (0.0000e+00)	Loss Disc 0.0000e+00 (0.0000e+00)	Loss Pred 7.5218e-01 (7.6958e-01)	Loss TOTAL 8.1034e-01 (1.2043e+00)
Epoch: [0][ 80/496]	L_Src_Sup 4.6867e-02 (7.6832e-01)	L_Trg_Inj 0.0000e+00 (0.0000e+00)	Loss Disc 0.0000e+00 (0.0000e+00)	Loss Pred 7.2719e-01 (7.6638e-01)	Loss TOTAL 7.5062e-01 (1.1505e+00)
Epoch: [0][ 90/496]	L_Src_Sup 5.1389e-02 (6.8972e-01)	L_Trg_Inj 0.0000e+00 (0.0000e+00)	Loss Disc 0.0000e+00 (0.0000e+00)	Loss Pred 7.5946e-01 (7.6440e-01)	Loss TOTAL 7.8516e-01 (1.1093e+00)
Epoch: [0][100/496]	L_Src_Sup 1.4010e-01 (6.2681e-01)	L_Trg_Inj 0.0000e+00 (0.0000e+00)	Loss Disc 0.0000e+00 (0.0000e+00)	Loss Pred 7.3556e-01 (7.6218e-01)	Loss TOTAL 8.0561e-01 (1.0756e+00)
Epoch: [0][110/496]	L_Src_Sup 4.4128e-02 (5.7450e-01)	L_Trg_Inj 0.0000e+00 (0.0000e+00)	Loss Disc 0.0000e+00 (0.0000e+00)	Loss Pred 7.9033e-01 (7.5928e-01)	Loss TOTAL 8.1240e-01 (1.0465e+00)
Epoch: [0][120/496]	L_Src_Sup 9.8146e-02 (5.4319e-01)	L_Trg_Inj 0.0000e+00 (0.0000e+00)	Loss Disc 0.0000e+00 (0.0000e+00)	Loss Pred 7.1066e-01 (7.5555e-01)	Loss TOTAL 7.5973e-01 (1.0271e+00)
Epoch: [0][130/496]	L_Src_Sup 3.5928e-02 (5.0563e-01)	L_Trg_Inj 0.0000e+00 (0.0000e+00)	Loss Disc 0.0000e+00 (0.0000e+00)	Loss Pred 7.0331e-01 (7.5226e-01)	Loss TOTAL 7.2128e-01 (1.0051e+00)
Epoch: [0][140/496]	L_Src_Sup 2.8738e-02 (4.7163e-01)	L_Trg_Inj 0.0000e+00 (0.0000e+00)	Loss Disc 0.0000e+00 (0.0000e+00)	Loss Pred 6.7886e-01 (7.4827e-01)	Loss TOTAL 6.9323e-01 (9.8409e-01)
Epoch: [0][150/496]	L_Src_Sup 3.5990e-02 (4.4245e-01)	L_Trg_Inj 0.0000e+00 (0.0000e+00)	Loss Disc 0.0000e+00 (0.0000e+00)	Loss Pred 6.8114e-01 (7.4439e-01)	Loss TOTAL 6.9914e-01 (9.6562e-01)
Epoch: [0][160/496]	L_Src_Sup 1.9036e-02 (4.1683e-01)	L_Trg_Inj 0.0000e+00 (0.0000e+00)	Loss Disc 0.0000e+00 (0.0000e+00)	Loss Pred 6.9267e-01 (7.4179e-01)	Loss TOTAL 7.0219e-01 (9.5020e-01)
Epoch: [0][170/496]	L_Src_Sup 0.0000e+00 (3.9379e-01)	L_Trg_Inj 0.0000e+00 (0.0000e+00)	Loss Disc 0.0000e+00 (0.0000e+00)	Loss Pred 6.8748e-01 (7.3850e-01)	Loss TOTAL 6.8748e-01 (9.3539e-01)
Epoch: [0][180/496]	L_Src_Sup 5.4495e-02 (3.7447e-01)	L_Trg_Inj 0.0000e+00 (0.0000e+00)	Loss Disc 0.0000e+00 (0.0000e+00)	Loss Pred 6.8288e-01 (7.3536e-01)	Loss TOTAL 7.1012e-01 (9.2259e-01)
Epoch: [0][190/496]	L_Src_Sup 1.8851e-02 (3.5686e-01)	L_Trg_Inj 0.0000e+00 (0.0000e+00)	Loss Disc 0.0000e+00 (0.0000e+00)	Loss Pred 6.5855e-01 (7.3166e-01)	Loss TOTAL 6.6798e-01 (9.1009e-01)
Epoch: [0][200/496]	L_Src_Sup 5.6520e-02 (3.4082e-01)	L_Trg_Inj 0.0000e+00 (0.0000e+00)	Loss Disc 0.0000e+00 (0.0000e+00)	Loss Pred 6.8678e-01 (7.2779e-01)	Loss TOTAL 7.1504e-01 (8.9820e-01)
Epoch: [0][210/496]	L_Src_Sup 3.6242e-02 (3.2625e-01)	L_Trg_Inj 0.0000e+00 (0.0000e+00)	Loss Disc 0.0000e+00 (0.0000e+00)	Loss Pred 6.4546e-01 (7.2414e-01)	Loss TOTAL 6.6358e-01 (8.8727e-01)
Epoch: [0][220/496]	L_Src_Sup 8.0451e-02 (3.1275e-01)	L_Trg_Inj 0.0000e+00 (0.0000e+00)	Loss Disc 0.0000e+00 (0.0000e+00)	Loss Pred 6.9405e-01 (7.2092e-01)	Loss TOTAL 7.3428e-01 (8.7730e-01)
Epoch: [0][230/496]	L_Src_Sup 3.3943e-02 (3.0042e-01)	L_Trg_Inj 0.0000e+00 (0.0000e+00)	Loss Disc 0.0000e+00 (0.0000e+00)	Loss Pred 6.5356e-01 (7.1745e-01)	Loss TOTAL 6.7053e-01 (8.6766e-01)
Epoch: [0][240/496]	L_Src_Sup 2.9710e-02 (2.8848e-01)	L_Trg_Inj 0.0000e+00 (0.0000e+00)	Loss Disc 0.0000e+00 (0.0000e+00)	Loss Pred 6.2512e-01 (7.1378e-01)	Loss TOTAL 6.3998e-01 (8.5801e-01)
Epoch: [0][250/496]	L_Src_Sup 2.8786e-02 (2.7744e-01)	L_Trg_Inj 0.0000e+00 (0.0000e+00)	Loss Disc 0.0000e+00 (0.0000e+00)	Loss Pred 5.9005e-01 (7.1027e-01)	Loss TOTAL 6.0444e-01 (8.4899e-01)
Epoch: [0][260/496]	L_Src_Sup 4.6842e-02 (2.6794e-01)	L_Trg_Inj 0.0000e+00 (0.0000e+00)	Loss Disc 0.0000e+00 (0.0000e+00)	Loss Pred 7.0815e-01 (7.0705e-01)	Loss TOTAL 7.3157e-01 (8.4102e-01)
Epoch: [0][270/496]	L_Src_Sup 4.1783e-02 (2.5891e-01)	L_Trg_Inj 0.0000e+00 (0.0000e+00)	Loss Disc 0.0000e+00 (0.0000e+00)	Loss Pred 6.4119e-01 (7.0392e-01)	Loss TOTAL 6.6208e-01 (8.3337e-01)
Epoch: [0][280/496]	L_Src_Sup 4.9126e-02 (2.5059e-01)	L_Trg_Inj 0.0000e+00 (0.0000e+00)	Loss Disc 0.0000e+00 (0.0000e+00)	Loss Pred 6.0237e-01 (7.0046e-01)	Loss TOTAL 6.2693e-01 (8.2576e-01)
Epoch: [0][290/496]	L_Src_Sup 4.8190e-03 (2.4265e-01)	L_Trg_Inj 0.0000e+00 (0.0000e+00)	Loss Disc 0.0000e+00 (0.0000e+00)	Loss Pred 6.3267e-01 (6.9705e-01)	Loss TOTAL 6.3508e-01 (8.1838e-01)
Epoch: [0][300/496]	L_Src_Sup 2.2336e-02 (2.3500e-01)	L_Trg_Inj 0.0000e+00 (0.0000e+00)	Loss Disc 0.0000e+00 (0.0000e+00)	Loss Pred 5.9906e-01 (6.9376e-01)	Loss TOTAL 6.1023e-01 (8.1126e-01)
Epoch: [0][310/496]	L_Src_Sup 1.0002e-06 (2.2780e-01)	L_Trg_Inj 0.0000e+00 (0.0000e+00)	Loss Disc 0.0000e+00 (0.0000e+00)	Loss Pred 5.7840e-01 (6.9039e-01)	Loss TOTAL 5.7840e-01 (8.0429e-01)
Epoch: [0][320/496]	L_Src_Sup 0.0000e+00 (2.2097e-01)	L_Trg_Inj 0.0000e+00 (0.0000e+00)	Loss Disc 0.0000e+00 (0.0000e+00)	Loss Pred 5.9481e-01 (6.8717e-01)	Loss TOTAL 5.9481e-01 (7.9765e-01)
Epoch: [0][330/496]	L_Src_Sup 3.6133e-03 (2.1445e-01)	L_Trg_Inj 0.0000e+00 (0.0000e+00)	Loss Disc 0.0000e+00 (0.0000e+00)	Loss Pred 5.9496e-01 (6.8407e-01)	Loss TOTAL 5.9677e-01 (7.9130e-01)
Epoch: [0][340/496]	L_Src_Sup 1.0110e-04 (2.0841e-01)	L_Trg_Inj 0.0000e+00 (0.0000e+00)	Loss Disc 0.0000e+00 (0.0000e+00)	Loss Pred 5.7806e-01 (6.8118e-01)	Loss TOTAL 5.7811e-01 (7.8538e-01)
Epoch: [0][350/496]	L_Src_Sup 1.5649e-02 (2.0275e-01)	L_Trg_Inj 0.0000e+00 (0.0000e+00)	Loss Disc 0.0000e+00 (0.0000e+00)	Loss Pred 5.5596e-01 (6.7769e-01)	Loss TOTAL 5.6378e-01 (7.7907e-01)
Epoch: [0][360/496]	L_Src_Sup 2.5713e-03 (1.9736e-01)	L_Trg_Inj 0.0000e+00 (0.0000e+00)	Loss Disc 0.0000e+00 (0.0000e+00)	Loss Pred 5.9526e-01 (6.7473e-01)	Loss TOTAL 5.9654e-01 (7.7341e-01)
Epoch: [0][370/496]	L_Src_Sup 0.0000e+00 (1.9226e-01)	L_Trg_Inj 0.0000e+00 (0.0000e+00)	Loss Disc 0.0000e+00 (0.0000e+00)	Loss Pred 5.5217e-01 (6.7175e-01)	Loss TOTAL 5.5217e-01 (7.6788e-01)
Epoch: [0][380/496]	L_Src_Sup 1.7025e-03 (1.8733e-01)	L_Trg_Inj 0.0000e+00 (0.0000e+00)	Loss Disc 0.0000e+00 (0.0000e+00)	Loss Pred 5.5335e-01 (6.6862e-01)	Loss TOTAL 5.5421e-01 (7.6228e-01)
Epoch: [0][390/496]	L_Src_Sup 2.0903e-04 (1.8266e-01)	L_Trg_Inj 0.0000e+00 (0.0000e+00)	Loss Disc 0.0000e+00 (0.0000e+00)	Loss Pred 5.5461e-01 (6.6542e-01)	Loss TOTAL 5.5471e-01 (7.5675e-01)
Epoch: [0][400/496]	L_Src_Sup 7.4511e-05 (1.7831e-01)	L_Trg_Inj 0.0000e+00 (0.0000e+00)	Loss Disc 0.0000e+00 (0.0000e+00)	Loss Pred 5.1563e-01 (6.6244e-01)	Loss TOTAL 5.1567e-01 (7.5159e-01)
Epoch: [0][410/496]	L_Src_Sup 1.0161e+00 (1.8136e-01)	L_Trg_Inj 0.0000e+00 (0.0000e+00)	Loss Disc 0.0000e+00 (0.0000e+00)	Loss Pred 5.9324e-01 (6.5951e-01)	Loss TOTAL 1.1013e+00 (7.5019e-01)
Epoch: [0][420/496]	L_Src_Sup 3.2703e-02 (1.8119e-01)	L_Trg_Inj 0.0000e+00 (0.0000e+00)	Loss Disc 0.0000e+00 (0.0000e+00)	Loss Pred 5.1889e-01 (6.5670e-01)	Loss TOTAL 5.3524e-01 (7.4730e-01)
Epoch: [0][430/496]	L_Src_Sup 4.6326e-03 (1.7734e-01)	L_Trg_Inj 0.0000e+00 (0.0000e+00)	Loss Disc 0.0000e+00 (0.0000e+00)	Loss Pred 5.4806e-01 (6.5370e-01)	Loss TOTAL 5.5037e-01 (7.4237e-01)
Epoch: [0][440/496]	L_Src_Sup 3.7075e-02 (1.7369e-01)	L_Trg_Inj 0.0000e+00 (0.0000e+00)	Loss Disc 0.0000e+00 (0.0000e+00)	Loss Pred 5.0960e-01 (6.5072e-01)	Loss TOTAL 5.2813e-01 (7.3756e-01)
Epoch: [0][450/496]	L_Src_Sup 5.4003e-03 (1.7001e-01)	L_Trg_Inj 0.0000e+00 (0.0000e+00)	Loss Disc 0.0000e+00 (0.0000e+00)	Loss Pred 5.5327e-01 (6.4773e-01)	Loss TOTAL 5.5597e-01 (7.3273e-01)
Epoch: [0][460/496]	L_Src_Sup 1.2965e-02 (1.6647e-01)	L_Trg_Inj 0.0000e+00 (0.0000e+00)	Loss Disc 0.0000e+00 (0.0000e+00)	Loss Pred 5.1894e-01 (6.4481e-01)	Loss TOTAL 5.2542e-01 (7.2805e-01)
Epoch: [0][470/496]	L_Src_Sup 4.7549e-03 (1.6315e-01)	L_Trg_Inj 0.0000e+00 (0.0000e+00)	Loss Disc 0.0000e+00 (0.0000e+00)	Loss Pred 5.2161e-01 (6.4204e-01)	Loss TOTAL 5.2399e-01 (7.2361e-01)
Epoch: [0][480/496]	L_Src_Sup 4.8550e-03 (1.5982e-01)	L_Trg_Inj 0.0000e+00 (0.0000e+00)	Loss Disc 0.0000e+00 (0.0000e+00)	Loss Pred 5.1661e-01 (6.3903e-01)	Loss TOTAL 5.1903e-01 (7.1894e-01)
Epoch: [0][490/496]	L_Src_Sup 1.7145e-03 (1.5677e-01)	L_Trg_Inj 0.0000e+00 (0.0000e+00)	Loss Disc 0.0000e+00 (0.0000e+00)	Loss Pred 4.8540e-01 (6.3599e-01)	Loss TOTAL 4.8626e-01 (7.1438e-01)
Epoch: [0][496/496]	L_Src_Sup 0.0000e+00 (1.5492e-01)	L_Trg_Inj 0.0000e+00 (0.0000e+00)	Loss Disc 0.0000e+00 (0.0000e+00)	Loss Pred 4.8793e-01 (6.3436e-01)	Loss TOTAL 4.8793e-01 (7.1182e-01)
Epoch 0 complete. Saving model state...
Epoch: [1][ 10/496]	L_Src_Sup 1.9202e-05 (2.2611e-03)	L_Trg_Inj 0.0000e+00 (0.0000e+00)	Loss Disc 0.0000e+00 (0.0000e+00)	Loss Pred 4.8290e-01 (4.9245e-01)	Loss TOTAL 4.8291e-01 (4.9358e-01)
Epoch: [1][ 20/496]	L_Src_Sup 5.0658e-03 (5.1905e-03)	L_Trg_Inj 0.0000e+00 (0.0000e+00)	Loss Disc 0.0000e+00 (0.0000e+00)	Loss Pred 4.5887e-01 (4.8943e-01)	Loss TOTAL 4.6140e-01 (4.9202e-01)
Epoch: [1][ 30/496]	L_Src_Sup 0.0000e+00 (4.3670e-03)	L_Trg_Inj 0.0000e+00 (0.0000e+00)	Loss Disc 0.0000e+00 (0.0000e+00)	Loss Pred 4.8077e-01 (4.8425e-01)	Loss TOTAL 4.8077e-01 (4.8643e-01)
Epoch: [1][ 40/496]	L_Src_Sup 5.9209e-03 (5.4152e-03)	L_Trg_Inj 0.0000e+00 (0.0000e+00)	Loss Disc 0.0000e+00 (0.0000e+00)	Loss Pred 4.7596e-01 (4.8169e-01)	Loss TOTAL 4.7892e-01 (4.8440e-01)
Epoch: [1][ 50/496]	L_Src_Sup 1.1711e-03 (5.9544e-03)	L_Trg_Inj 0.0000e+00 (0.0000e+00)	Loss Disc 0.0000e+00 (0.0000e+00)	Loss Pred 4.3832e-01 (4.7979e-01)	Loss TOTAL 4.3890e-01 (4.8277e-01)
Epoch: [1][ 60/496]	L_Src_Sup 0.0000e+00 (5.6687e-03)	L_Trg_Inj 0.0000e+00 (0.0000e+00)	Loss Disc 0.0000e+00 (0.0000e+00)	Loss Pred 4.8022e-01 (4.7793e-01)	Loss TOTAL 4.8022e-01 (4.8077e-01)
Epoch: [1][ 70/496]	L_Src_Sup 4.9561e-04 (5.7374e-03)	L_Trg_Inj 0.0000e+00 (0.0000e+00)	Loss Disc 0.0000e+00 (0.0000e+00)	Loss Pred 4.4336e-01 (4.7648e-01)	Loss TOTAL 4.4361e-01 (4.7935e-01)
Epoch: [1][ 80/496]	L_Src_Sup 1.4240e-05 (5.5808e-03)	L_Trg_Inj 0.0000e+00 (0.0000e+00)	Loss Disc 0.0000e+00 (0.0000e+00)	Loss Pred 4.8479e-01 (4.7450e-01)	Loss TOTAL 4.8480e-01 (4.7729e-01)
Epoch: [1][ 90/496]	L_Src_Sup 1.1533e-04 (5.4627e-03)	L_Trg_Inj 0.0000e+00 (0.0000e+00)	Loss Disc 0.0000e+00 (0.0000e+00)	Loss Pred 4.5306e-01 (4.7269e-01)	Loss TOTAL 4.5312e-01 (4.7542e-01)
Epoch: [1][100/496]	L_Src_Sup 1.1380e-05 (5.1132e-03)	L_Trg_Inj 0.0000e+00 (0.0000e+00)	Loss Disc 0.0000e+00 (0.0000e+00)	Loss Pred 4.7059e-01 (4.7120e-01)	Loss TOTAL 4.7060e-01 (4.7376e-01)
Epoch: [1][110/496]	L_Src_Sup 4.8513e-04 (5.0489e-03)	L_Trg_Inj 0.0000e+00 (0.0000e+00)	Loss Disc 0.0000e+00 (0.0000e+00)	Loss Pred 4.2429e-01 (4.6910e-01)	Loss TOTAL 4.2453e-01 (4.7162e-01)
Epoch: [1][120/496]	L_Src_Sup 1.7826e-05 (4.9029e-03)	L_Trg_Inj 0.0000e+00 (0.0000e+00)	Loss Disc 0.0000e+00 (0.0000e+00)	Loss Pred 4.3965e-01 (4.6704e-01)	Loss TOTAL 4.3965e-01 (4.6949e-01)
Epoch: [1][130/496]	L_Src_Sup 3.1795e-04 (4.6579e-03)	L_Trg_Inj 0.0000e+00 (0.0000e+00)	Loss Disc 0.0000e+00 (0.0000e+00)	Loss Pred 4.3088e-01 (4.6464e-01)	Loss TOTAL 4.3104e-01 (4.6696e-01)
Epoch: [1][140/496]	L_Src_Sup 6.5944e-04 (4.5632e-03)	L_Trg_Inj 0.0000e+00 (0.0000e+00)	Loss Disc 0.0000e+00 (0.0000e+00)	Loss Pred 4.6173e-01 (4.6271e-01)	Loss TOTAL 4.6206e-01 (4.6500e-01)
Epoch: [1][150/496]	L_Src_Sup 1.6034e-02 (9.1682e-03)	L_Trg_Inj 0.0000e+00 (0.0000e+00)	Loss Disc 0.0000e+00 (0.0000e+00)	Loss Pred 4.3984e-01 (4.6242e-01)	Loss TOTAL 4.4785e-01 (4.6700e-01)
Epoch: [1][160/496]	L_Src_Sup 0.0000e+00 (9.6815e-03)	L_Trg_Inj 0.0000e+00 (0.0000e+00)	Loss Disc 0.0000e+00 (0.0000e+00)	Loss Pred 4.2503e-01 (4.6171e-01)	Loss TOTAL 4.2503e-01 (4.6655e-01)
Epoch: [1][170/496]	L_Src_Sup 3.2358e-02 (1.0156e-02)	L_Trg_Inj 0.0000e+00 (0.0000e+00)	Loss Disc 0.0000e+00 (0.0000e+00)	Loss Pred 4.6727e-01 (4.6091e-01)	Loss TOTAL 4.8345e-01 (4.6599e-01)
Epoch: [1][180/496]	L_Src_Sup 3.2918e-02 (1.1540e-02)	L_Trg_Inj 0.0000e+00 (0.0000e+00)	Loss Disc 0.0000e+00 (0.0000e+00)	Loss Pred 4.3453e-01 (4.5952e-01)	Loss TOTAL 4.5098e-01 (4.6529e-01)
Epoch: [1][190/496]	L_Src_Sup 1.6141e-02 (1.1686e-02)	L_Trg_Inj 0.0000e+00 (0.0000e+00)	Loss Disc 0.0000e+00 (0.0000e+00)	Loss Pred 4.2098e-01 (4.5857e-01)	Loss TOTAL 4.2905e-01 (4.6442e-01)
Epoch: [1][200/496]	L_Src_Sup 1.6562e-02 (1.2210e-02)	L_Trg_Inj 0.0000e+00 (0.0000e+00)	Loss Disc 0.0000e+00 (0.0000e+00)	Loss Pred 4.4255e-01 (4.5760e-01)	Loss TOTAL 4.5083e-01 (4.6371e-01)
Epoch: [1][210/496]	L_Src_Sup 0.0000e+00 (1.2548e-02)	L_Trg_Inj 0.0000e+00 (0.0000e+00)	Loss Disc 0.0000e+00 (0.0000e+00)	Loss Pred 4.0197e-01 (4.5645e-01)	Loss TOTAL 4.0197e-01 (4.6272e-01)
Epoch: [1][220/496]	L_Src_Sup 6.8853e-03 (1.2615e-02)	L_Trg_Inj 0.0000e+00 (0.0000e+00)	Loss Disc 0.0000e+00 (0.0000e+00)	Loss Pred 4.6313e-01 (4.5563e-01)	Loss TOTAL 4.6657e-01 (4.6194e-01)
Epoch: [1][230/496]	L_Src_Sup 0.0000e+00 (1.3016e-02)	L_Trg_Inj 0.0000e+00 (0.0000e+00)	Loss Disc 0.0000e+00 (0.0000e+00)	Loss Pred 4.6008e-01 (4.5457e-01)	Loss TOTAL 4.6008e-01 (4.6107e-01)
Epoch: [1][240/496]	L_Src_Sup 0.0000e+00 (1.3048e-02)	L_Trg_Inj 0.0000e+00 (0.0000e+00)	Loss Disc 0.0000e+00 (0.0000e+00)	Loss Pred 4.2296e-01 (4.5361e-01)	Loss TOTAL 4.2296e-01 (4.6013e-01)
Epoch: [1][250/496]	L_Src_Sup 2.5800e-02 (1.3105e-02)	L_Trg_Inj 0.0000e+00 (0.0000e+00)	Loss Disc 0.0000e+00 (0.0000e+00)	Loss Pred 4.6949e-01 (4.5289e-01)	Loss TOTAL 4.8239e-01 (4.5944e-01)
Epoch: [1][260/496]	L_Src_Sup 2.2601e-02 (1.2950e-02)	L_Trg_Inj 0.0000e+00 (0.0000e+00)	Loss Disc 0.0000e+00 (0.0000e+00)	Loss Pred 4.2419e-01 (4.5188e-01)	Loss TOTAL 4.3549e-01 (4.5836e-01)
Epoch: [1][270/496]	L_Src_Sup 1.3544e-05 (1.2638e-02)	L_Trg_Inj 0.0000e+00 (0.0000e+00)	Loss Disc 0.0000e+00 (0.0000e+00)	Loss Pred 4.4040e-01 (4.5139e-01)	Loss TOTAL 4.4041e-01 (4.5771e-01)
Epoch: [1][280/496]	L_Src_Sup 3.6727e-03 (1.2456e-02)	L_Trg_Inj 0.0000e+00 (0.0000e+00)	Loss Disc 0.0000e+00 (0.0000e+00)	Loss Pred 4.3922e-01 (4.5106e-01)	Loss TOTAL 4.4105e-01 (4.5728e-01)
Epoch: [1][290/496]	L_Src_Sup 6.6582e-05 (1.2178e-02)	L_Trg_Inj 0.0000e+00 (0.0000e+00)	Loss Disc 0.0000e+00 (0.0000e+00)	Loss Pred 4.3983e-01 (4.5051e-01)	Loss TOTAL 4.3986e-01 (4.5660e-01)
Epoch: [1][300/496]	L_Src_Sup 2.0610e-04 (1.1820e-02)	L_Trg_Inj 0.0000e+00 (0.0000e+00)	Loss Disc 0.0000e+00 (0.0000e+00)	Loss Pred 4.4535e-01 (4.5021e-01)	Loss TOTAL 4.4545e-01 (4.5612e-01)
Epoch: [1][310/496]	L_Src_Sup 6.3659e-03 (1.1604e-02)	L_Trg_Inj 0.0000e+00 (0.0000e+00)	Loss Disc 0.0000e+00 (0.0000e+00)	Loss Pred 4.4561e-01 (4.4966e-01)	Loss TOTAL 4.4879e-01 (4.5546e-01)
Epoch: [1][320/496]	L_Src_Sup 0.0000e+00 (1.1314e-02)	L_Trg_Inj 0.0000e+00 (0.0000e+00)	Loss Disc 0.0000e+00 (0.0000e+00)	Loss Pred 4.5648e-01 (4.4945e-01)	Loss TOTAL 4.5648e-01 (4.5511e-01)
Epoch: [1][330/496]	L_Src_Sup 1.5737e-02 (1.1133e-02)	L_Trg_Inj 0.0000e+00 (0.0000e+00)	Loss Disc 0.0000e+00 (0.0000e+00)	Loss Pred 4.5961e-01 (4.4944e-01)	Loss TOTAL 4.6748e-01 (4.5501e-01)
Epoch: [1][340/496]	L_Src_Sup 0.0000e+00 (1.1142e-02)	L_Trg_Inj 0.0000e+00 (0.0000e+00)	Loss Disc 0.0000e+00 (0.0000e+00)	Loss Pred 4.6333e-01 (4.4914e-01)	Loss TOTAL 4.6333e-01 (4.5471e-01)
Epoch: [1][350/496]	L_Src_Sup 2.4166e-04 (1.1051e-02)	L_Trg_Inj 0.0000e+00 (0.0000e+00)	Loss Disc 0.0000e+00 (0.0000e+00)	Loss Pred 4.3306e-01 (4.4892e-01)	Loss TOTAL 4.3318e-01 (4.5444e-01)
Epoch: [1][360/496]	L_Src_Sup 0.0000e+00 (1.0757e-02)	L_Trg_Inj 0.0000e+00 (0.0000e+00)	Loss Disc 0.0000e+00 (0.0000e+00)	Loss Pred 4.4158e-01 (4.4865e-01)	Loss TOTAL 4.4158e-01 (4.5402e-01)
Epoch: [1][370/496]	L_Src_Sup 2.0288e-02 (1.0521e-02)	L_Trg_Inj 0.0000e+00 (0.0000e+00)	Loss Disc 0.0000e+00 (0.0000e+00)	Loss Pred 4.4343e-01 (4.4830e-01)	Loss TOTAL 4.5358e-01 (4.5356e-01)
Epoch: [1][380/496]	L_Src_Sup 8.0111e-05 (1.0264e-02)	L_Trg_Inj 0.0000e+00 (0.0000e+00)	Loss Disc 0.0000e+00 (0.0000e+00)	Loss Pred 4.1185e-01 (4.4789e-01)	Loss TOTAL 4.1189e-01 (4.5302e-01)
Epoch: [1][390/496]	L_Src_Sup 0.0000e+00 (1.0010e-02)	L_Trg_Inj 0.0000e+00 (0.0000e+00)	Loss Disc 0.0000e+00 (0.0000e+00)	Loss Pred 4.3122e-01 (4.4771e-01)	Loss TOTAL 4.3122e-01 (4.5271e-01)
Epoch: [1][400/496]	L_Src_Sup 2.2362e-02 (1.6295e-02)	L_Trg_Inj 0.0000e+00 (0.0000e+00)	Loss Disc 0.0000e+00 (0.0000e+00)	Loss Pred 4.2231e-01 (4.4811e-01)	Loss TOTAL 4.3349e-01 (4.5625e-01)
Epoch: [1][410/496]	L_Src_Sup 2.9054e-02 (1.6256e-02)	L_Trg_Inj 0.0000e+00 (0.0000e+00)	Loss Disc 0.0000e+00 (0.0000e+00)	Loss Pred 4.4529e-01 (4.4779e-01)	Loss TOTAL 4.5982e-01 (4.5592e-01)
Epoch: [1][420/496]	L_Src_Sup 1.9542e-04 (1.5999e-02)	L_Trg_Inj 0.0000e+00 (0.0000e+00)	Loss Disc 0.0000e+00 (0.0000e+00)	Loss Pred 4.5595e-01 (4.4757e-01)	Loss TOTAL 4.5605e-01 (4.5557e-01)
Epoch: [1][430/496]	L_Src_Sup 1.6393e-02 (1.5787e-02)	L_Trg_Inj 0.0000e+00 (0.0000e+00)	Loss Disc 0.0000e+00 (0.0000e+00)	Loss Pred 4.3753e-01 (4.4735e-01)	Loss TOTAL 4.4573e-01 (4.5524e-01)
Epoch: [1][440/496]	L_Src_Sup 4.1097e-04 (1.5517e-02)	L_Trg_Inj 0.0000e+00 (0.0000e+00)	Loss Disc 0.0000e+00 (0.0000e+00)	Loss Pred 4.6124e-01 (4.4728e-01)	Loss TOTAL 4.6145e-01 (4.5504e-01)
Epoch: [1][450/496]	L_Src_Sup 5.8725e-05 (1.5199e-02)	L_Trg_Inj 0.0000e+00 (0.0000e+00)	Loss Disc 0.0000e+00 (0.0000e+00)	Loss Pred 4.3023e-01 (4.4687e-01)	Loss TOTAL 4.3026e-01 (4.5447e-01)
Epoch: [1][460/496]	L_Src_Sup 1.5672e-05 (1.4908e-02)	L_Trg_Inj 0.0000e+00 (0.0000e+00)	Loss Disc 0.0000e+00 (0.0000e+00)	Loss Pred 4.2418e-01 (4.4671e-01)	Loss TOTAL 4.2419e-01 (4.5416e-01)
Epoch: [1][470/496]	L_Src_Sup 0.0000e+00 (1.4672e-02)	L_Trg_Inj 0.0000e+00 (0.0000e+00)	Loss Disc 0.0000e+00 (0.0000e+00)	Loss Pred 4.2922e-01 (4.4635e-01)	Loss TOTAL 4.2922e-01 (4.5368e-01)
Epoch: [1][480/496]	L_Src_Sup 1.5504e-06 (1.4410e-02)	L_Trg_Inj 0.0000e+00 (0.0000e+00)	Loss Disc 0.0000e+00 (0.0000e+00)	Loss Pred 4.3646e-01 (4.4627e-01)	Loss TOTAL 4.3646e-01 (4.5347e-01)
Epoch: [1][490/496]	L_Src_Sup 0.0000e+00 (1.4120e-02)	L_Trg_Inj 0.0000e+00 (0.0000e+00)	Loss Disc 0.0000e+00 (0.0000e+00)	Loss Pred 4.2330e-01 (4.4600e-01)	Loss TOTAL 4.2330e-01 (4.5306e-01)
Epoch: [1][496/496]	L_Src_Sup 0.0000e+00 (1.3982e-02)	L_Trg_Inj 0.0000e+00 (0.0000e+00)	Loss Disc 0.0000e+00 (0.0000e+00)	Loss Pred 4.2300e-01 (4.4595e-01)	Loss TOTAL 4.2300e-01 (4.5294e-01)
Epoch 1 complete. Saving model state...
Epoch: [2][ 10/496]	L_Src_Sup 0.0000e+00 (3.1979e-03)	L_Trg_Inj 0.0000e+00 (0.0000e+00)	Loss Disc 0.0000e+00 (0.0000e+00)	Loss Pred 4.3564e-01 (4.3465e-01)	Loss TOTAL 4.3564e-01 (4.3624e-01)
Epoch: [2][ 20/496]	L_Src_Sup 0.0000e+00 (2.7166e-03)	L_Trg_Inj 0.0000e+00 (0.0000e+00)	Loss Disc 0.0000e+00 (0.0000e+00)	Loss Pred 4.2904e-01 (4.3558e-01)	Loss TOTAL 4.2904e-01 (4.3694e-01)
Epoch: [2][ 30/496]	L_Src_Sup 0.0000e+00 (3.5800e-03)	L_Trg_Inj 0.0000e+00 (0.0000e+00)	Loss Disc 0.0000e+00 (0.0000e+00)	Loss Pred 4.3645e-01 (4.3244e-01)	Loss TOTAL 4.3645e-01 (4.3423e-01)
Epoch: [2][ 40/496]	L_Src_Sup 5.8844e-03 (5.2018e-03)	L_Trg_Inj 0.0000e+00 (0.0000e+00)	Loss Disc 0.0000e+00 (0.0000e+00)	Loss Pred 4.3686e-01 (4.3220e-01)	Loss TOTAL 4.3980e-01 (4.3480e-01)
Epoch: [2][ 50/496]	L_Src_Sup 0.0000e+00 (5.8849e-03)	L_Trg_Inj 0.0000e+00 (0.0000e+00)	Loss Disc 0.0000e+00 (0.0000e+00)	Loss Pred 4.0998e-01 (4.3202e-01)	Loss TOTAL 4.0998e-01 (4.3496e-01)
Epoch: [2][ 60/496]	L_Src_Sup 0.0000e+00 (5.4681e-03)	L_Trg_Inj 0.0000e+00 (0.0000e+00)	Loss Disc 0.0000e+00 (0.0000e+00)	Loss Pred 4.3521e-01 (4.3228e-01)	Loss TOTAL 4.3521e-01 (4.3502e-01)
Epoch: [2][ 70/496]	L_Src_Sup 1.3258e-05 (4.6904e-03)	L_Trg_Inj 0.0000e+00 (0.0000e+00)	Loss Disc 0.0000e+00 (0.0000e+00)	Loss Pred 4.2284e-01 (4.3290e-01)	Loss TOTAL 4.2285e-01 (4.3525e-01)
Epoch: [2][ 80/496]	L_Src_Sup 0.0000e+00 (4.2408e-03)	L_Trg_Inj 0.0000e+00 (0.0000e+00)	Loss Disc 0.0000e+00 (0.0000e+00)	Loss Pred 4.5509e-01 (4.3331e-01)	Loss TOTAL 4.5509e-01 (4.3543e-01)
Epoch: [2][ 90/496]	L_Src_Sup 0.0000e+00 (3.7835e-03)	L_Trg_Inj 0.0000e+00 (0.0000e+00)	Loss Disc 0.0000e+00 (0.0000e+00)	Loss Pred 4.5367e-01 (4.3307e-01)	Loss TOTAL 4.5367e-01 (4.3496e-01)
Epoch: [2][100/496]	L_Src_Sup 0.0000e+00 (3.4359e-03)	L_Trg_Inj 0.0000e+00 (0.0000e+00)	Loss Disc 0.0000e+00 (0.0000e+00)	Loss Pred 4.3667e-01 (4.3326e-01)	Loss TOTAL 4.3667e-01 (4.3498e-01)
Epoch: [2][110/496]	L_Src_Sup 0.0000e+00 (3.2721e-03)	L_Trg_Inj 0.0000e+00 (0.0000e+00)	Loss Disc 0.0000e+00 (0.0000e+00)	Loss Pred 4.2802e-01 (4.3293e-01)	Loss TOTAL 4.2802e-01 (4.3457e-01)
Epoch: [2][120/496]	L_Src_Sup 1.5322e-02 (3.1271e-03)	L_Trg_Inj 0.0000e+00 (0.0000e+00)	Loss Disc 0.0000e+00 (0.0000e+00)	Loss Pred 4.1612e-01 (4.3281e-01)	Loss TOTAL 4.2379e-01 (4.3437e-01)
Epoch: [2][130/496]	L_Src_Sup 0.0000e+00 (2.8873e-03)	L_Trg_Inj 0.0000e+00 (0.0000e+00)	Loss Disc 0.0000e+00 (0.0000e+00)	Loss Pred 4.4368e-01 (4.3315e-01)	Loss TOTAL 4.4368e-01 (4.3459e-01)
Epoch: [2][140/496]	L_Src_Sup 1.6771e-02 (2.8009e-03)	L_Trg_Inj 0.0000e+00 (0.0000e+00)	Loss Disc 0.0000e+00 (0.0000e+00)	Loss Pred 4.4100e-01 (4.3247e-01)	Loss TOTAL 4.4938e-01 (4.3387e-01)
Epoch: [2][150/496]	L_Src_Sup 0.0000e+00 (2.6141e-03)	L_Trg_Inj 0.0000e+00 (0.0000e+00)	Loss Disc 0.0000e+00 (0.0000e+00)	Loss Pred 4.4083e-01 (4.3211e-01)	Loss TOTAL 4.4083e-01 (4.3341e-01)
Epoch: [2][160/496]	L_Src_Sup 1.7401e-02 (3.2294e-03)	L_Trg_Inj 0.0000e+00 (0.0000e+00)	Loss Disc 0.0000e+00 (0.0000e+00)	Loss Pred 4.7386e-01 (4.3288e-01)	Loss TOTAL 4.8256e-01 (4.3450e-01)
Epoch: [2][170/496]	L_Src_Sup 0.0000e+00 (3.0704e-03)	L_Trg_Inj 0.0000e+00 (0.0000e+00)	Loss Disc 0.0000e+00 (0.0000e+00)	Loss Pred 4.0879e-01 (4.3271e-01)	Loss TOTAL 4.0879e-01 (4.3424e-01)
Epoch: [2][180/496]	L_Src_Sup 2.2541e-03 (2.9895e-03)	L_Trg_Inj 0.0000e+00 (0.0000e+00)	Loss Disc 0.0000e+00 (0.0000e+00)	Loss Pred 4.1603e-01 (4.3263e-01)	Loss TOTAL 4.1716e-01 (4.3413e-01)
Epoch: [2][190/496]	L_Src_Sup 0.0000e+00 (2.8322e-03)	L_Trg_Inj 0.0000e+00 (0.0000e+00)	Loss Disc 0.0000e+00 (0.0000e+00)	Loss Pred 4.2176e-01 (4.3290e-01)	Loss TOTAL 4.2176e-01 (4.3432e-01)
Epoch: [2][200/496]	L_Src_Sup 0.0000e+00 (2.7657e-03)	L_Trg_Inj 0.0000e+00 (0.0000e+00)	Loss Disc 0.0000e+00 (0.0000e+00)	Loss Pred 4.1507e-01 (4.3329e-01)	Loss TOTAL 4.1507e-01 (4.3468e-01)
Epoch: [2][210/496]	L_Src_Sup 3.2794e-05 (2.6826e-03)	L_Trg_Inj 0.0000e+00 (0.0000e+00)	Loss Disc 0.0000e+00 (0.0000e+00)	Loss Pred 4.4707e-01 (4.3324e-01)	Loss TOTAL 4.4709e-01 (4.3458e-01)
Epoch: [2][220/496]	L_Src_Sup 3.0686e-05 (2.7326e-03)	L_Trg_Inj 0.0000e+00 (0.0000e+00)	Loss Disc 0.0000e+00 (0.0000e+00)	Loss Pred 4.1540e-01 (4.3334e-01)	Loss TOTAL 4.1541e-01 (4.3471e-01)
Epoch: [2][230/496]	L_Src_Sup 0.0000e+00 (2.6948e-03)	L_Trg_Inj 0.0000e+00 (0.0000e+00)	Loss Disc 0.0000e+00 (0.0000e+00)	Loss Pred 4.2422e-01 (4.3346e-01)	Loss TOTAL 4.2422e-01 (4.3481e-01)
Epoch: [2][240/496]	L_Src_Sup 3.0307e-06 (2.6792e-03)	L_Trg_Inj 0.0000e+00 (0.0000e+00)	Loss Disc 0.0000e+00 (0.0000e+00)	Loss Pred 4.2787e-01 (4.3333e-01)	Loss TOTAL 4.2787e-01 (4.3467e-01)
Epoch: [2][250/496]	L_Src_Sup 4.6409e-02 (2.8075e-03)	L_Trg_Inj 0.0000e+00 (0.0000e+00)	Loss Disc 0.0000e+00 (0.0000e+00)	Loss Pred 4.4775e-01 (4.3373e-01)	Loss TOTAL 4.7096e-01 (4.3514e-01)
Epoch: [2][260/496]	L_Src_Sup 2.3410e-05 (2.9798e-03)	L_Trg_Inj 0.0000e+00 (0.0000e+00)	Loss Disc 0.0000e+00 (0.0000e+00)	Loss Pred 4.1584e-01 (4.3366e-01)	Loss TOTAL 4.1585e-01 (4.3515e-01)
Epoch: [2][270/496]	L_Src_Sup 0.0000e+00 (2.8967e-03)	L_Trg_Inj 0.0000e+00 (0.0000e+00)	Loss Disc 0.0000e+00 (0.0000e+00)	Loss Pred 4.5502e-01 (4.3390e-01)	Loss TOTAL 4.5502e-01 (4.3535e-01)
Epoch: [2][280/496]	L_Src_Sup 0.0000e+00 (2.8603e-03)	L_Trg_Inj 0.0000e+00 (0.0000e+00)	Loss Disc 0.0000e+00 (0.0000e+00)	Loss Pred 4.3505e-01 (4.3367e-01)	Loss TOTAL 4.3505e-01 (4.3510e-01)
Epoch: [2][290/496]	L_Src_Sup 0.0000e+00 (2.7619e-03)	L_Trg_Inj 0.0000e+00 (0.0000e+00)	Loss Disc 0.0000e+00 (0.0000e+00)	Loss Pred 4.4093e-01 (4.3331e-01)	Loss TOTAL 4.4093e-01 (4.3469e-01)
Epoch: [2][300/496]	L_Src_Sup 2.2169e-03 (2.7189e-03)	L_Trg_Inj 0.0000e+00 (0.0000e+00)	Loss Disc 0.0000e+00 (0.0000e+00)	Loss Pred 4.7695e-01 (4.3358e-01)	Loss TOTAL 4.7806e-01 (4.3493e-01)
Epoch: [2][310/496]	L_Src_Sup 0.0000e+00 (2.6974e-03)	L_Trg_Inj 0.0000e+00 (0.0000e+00)	Loss Disc 0.0000e+00 (0.0000e+00)	Loss Pred 4.4074e-01 (4.3362e-01)	Loss TOTAL 4.4074e-01 (4.3496e-01)
Epoch: [2][320/496]	L_Src_Sup 1.1902e-02 (2.7587e-03)	L_Trg_Inj 0.0000e+00 (0.0000e+00)	Loss Disc 0.0000e+00 (0.0000e+00)	Loss Pred 4.3336e-01 (4.3350e-01)	Loss TOTAL 4.3931e-01 (4.3488e-01)
Epoch: [2][330/496]	L_Src_Sup 0.0000e+00 (2.7251e-03)	L_Trg_Inj 0.0000e+00 (0.0000e+00)	Loss Disc 0.0000e+00 (0.0000e+00)	Loss Pred 4.4223e-01 (4.3344e-01)	Loss TOTAL 4.4223e-01 (4.3480e-01)
Epoch: [2][340/496]	L_Src_Sup 0.0000e+00 (2.6835e-03)	L_Trg_Inj 0.0000e+00 (0.0000e+00)	Loss Disc 0.0000e+00 (0.0000e+00)	Loss Pred 4.1477e-01 (4.3355e-01)	Loss TOTAL 4.1477e-01 (4.3489e-01)
Epoch: [2][350/496]	L_Src_Sup 0.0000e+00 (2.6099e-03)	L_Trg_Inj 0.0000e+00 (0.0000e+00)	Loss Disc 0.0000e+00 (0.0000e+00)	Loss Pred 4.3364e-01 (4.3359e-01)	Loss TOTAL 4.3364e-01 (4.3489e-01)
Epoch: [2][360/496]	L_Src_Sup 1.2467e-03 (2.6927e-03)	L_Trg_Inj 0.0000e+00 (0.0000e+00)	Loss Disc 0.0000e+00 (0.0000e+00)	Loss Pred 4.2173e-01 (4.3356e-01)	Loss TOTAL 4.2236e-01 (4.3491e-01)
Epoch: [2][370/496]	L_Src_Sup 0.0000e+00 (2.6492e-03)	L_Trg_Inj 0.0000e+00 (0.0000e+00)	Loss Disc 0.0000e+00 (0.0000e+00)	Loss Pred 4.4149e-01 (4.3361e-01)	Loss TOTAL 4.4149e-01 (4.3494e-01)
Epoch: [2][380/496]	L_Src_Sup 0.0000e+00 (2.5798e-03)	L_Trg_Inj 0.0000e+00 (0.0000e+00)	Loss Disc 0.0000e+00 (0.0000e+00)	Loss Pred 4.3479e-01 (4.3348e-01)	Loss TOTAL 4.3479e-01 (4.3477e-01)
Epoch: [2][390/496]	L_Src_Sup 5.5369e-05 (2.5944e-03)	L_Trg_Inj 0.0000e+00 (0.0000e+00)	Loss Disc 0.0000e+00 (0.0000e+00)	Loss Pred 4.6984e-01 (4.3358e-01)	Loss TOTAL 4.6986e-01 (4.3488e-01)
Epoch: [2][400/496]	L_Src_Sup 0.0000e+00 (2.5295e-03)	L_Trg_Inj 0.0000e+00 (0.0000e+00)	Loss Disc 0.0000e+00 (0.0000e+00)	Loss Pred 4.4095e-01 (4.3364e-01)	Loss TOTAL 4.4095e-01 (4.3491e-01)
Epoch: [2][410/496]	L_Src_Sup 2.8587e-02 (2.5558e-03)	L_Trg_Inj 0.0000e+00 (0.0000e+00)	Loss Disc 0.0000e+00 (0.0000e+00)	Loss Pred 4.2474e-01 (4.3380e-01)	Loss TOTAL 4.3904e-01 (4.3508e-01)
Epoch: [2][420/496]	L_Src_Sup 0.0000e+00 (2.5427e-03)	L_Trg_Inj 0.0000e+00 (0.0000e+00)	Loss Disc 0.0000e+00 (0.0000e+00)	Loss Pred 4.0236e-01 (4.3368e-01)	Loss TOTAL 4.0236e-01 (4.3495e-01)
Epoch: [2][430/496]	L_Src_Sup 0.0000e+00 (2.5132e-03)	L_Trg_Inj 0.0000e+00 (0.0000e+00)	Loss Disc 0.0000e+00 (0.0000e+00)	Loss Pred 4.4776e-01 (4.3347e-01)	Loss TOTAL 4.4776e-01 (4.3472e-01)
Epoch: [2][440/496]	L_Src_Sup 0.0000e+00 (2.4630e-03)	L_Trg_Inj 0.0000e+00 (0.0000e+00)	Loss Disc 0.0000e+00 (0.0000e+00)	Loss Pred 4.1528e-01 (4.3362e-01)	Loss TOTAL 4.1528e-01 (4.3485e-01)
Epoch: [2][450/496]	L_Src_Sup 1.7285e-05 (2.4576e-03)	L_Trg_Inj 0.0000e+00 (0.0000e+00)	Loss Disc 0.0000e+00 (0.0000e+00)	Loss Pred 4.5968e-01 (4.3364e-01)	Loss TOTAL 4.5969e-01 (4.3487e-01)
Epoch: [2][460/496]	L_Src_Sup 0.0000e+00 (2.4042e-03)	L_Trg_Inj 0.0000e+00 (0.0000e+00)	Loss Disc 0.0000e+00 (0.0000e+00)	Loss Pred 4.1567e-01 (4.3359e-01)	Loss TOTAL 4.1567e-01 (4.3479e-01)
Epoch: [2][470/496]	L_Src_Sup 1.2803e-01 (1.1130e-02)	L_Trg_Inj 0.0000e+00 (0.0000e+00)	Loss Disc 0.0000e+00 (0.0000e+00)	Loss Pred 4.2555e-01 (4.3387e-01)	Loss TOTAL 4.8956e-01 (4.3943e-01)
Epoch: [2][480/496]	L_Src_Sup 9.9900e-02 (1.4161e-02)	L_Trg_Inj 0.0000e+00 (0.0000e+00)	Loss Disc 0.0000e+00 (0.0000e+00)	Loss Pred 4.4451e-01 (4.3406e-01)	Loss TOTAL 4.9446e-01 (4.4114e-01)
Epoch: [2][490/496]	L_Src_Sup 1.8450e-01 (1.6302e-02)	L_Trg_Inj 0.0000e+00 (0.0000e+00)	Loss Disc 0.0000e+00 (0.0000e+00)	Loss Pred 4.3041e-01 (4.3419e-01)	Loss TOTAL 5.2265e-01 (4.4234e-01)
Epoch: [2][496/496]	L_Src_Sup 1.2987e-01 (1.8127e-02)	L_Trg_Inj 0.0000e+00 (0.0000e+00)	Loss Disc 0.0000e+00 (0.0000e+00)	Loss Pred 4.2897e-01 (4.3431e-01)	Loss TOTAL 4.9390e-01 (4.4338e-01)
Epoch 2 complete. Saving model state...
Epoch: [3][ 10/496]	L_Src_Sup 9.1000e-02 (1.0380e-01)	L_Trg_Inj 0.0000e+00 (0.0000e+00)	Loss Disc 0.0000e+00 (0.0000e+00)	Loss Pred 4.4309e-01 (4.3765e-01)	Loss TOTAL 4.8859e-01 (4.8955e-01)
Epoch: [3][ 20/496]	L_Src_Sup 3.6064e-05 (8.3168e-02)	L_Trg_Inj 0.0000e+00 (0.0000e+00)	Loss Disc 0.0000e+00 (0.0000e+00)	Loss Pred 4.4672e-01 (4.3690e-01)	Loss TOTAL 4.4674e-01 (4.7848e-01)
Epoch: [3][ 30/496]	L_Src_Sup 1.0392e-02 (5.7627e-02)	L_Trg_Inj 0.0000e+00 (0.0000e+00)	Loss Disc 0.0000e+00 (0.0000e+00)	Loss Pred 4.6588e-01 (4.3677e-01)	Loss TOTAL 4.7108e-01 (4.6558e-01)
Epoch: [3][ 40/496]	L_Src_Sup 2.3871e-02 (4.4518e-02)	L_Trg_Inj 0.0000e+00 (0.0000e+00)	Loss Disc 0.0000e+00 (0.0000e+00)	Loss Pred 4.2740e-01 (4.3794e-01)	Loss TOTAL 4.3934e-01 (4.6020e-01)
Epoch: [3][ 50/496]	L_Src_Sup 2.4553e-03 (3.6315e-02)	L_Trg_Inj 0.0000e+00 (0.0000e+00)	Loss Disc 0.0000e+00 (0.0000e+00)	Loss Pred 4.7206e-01 (4.3652e-01)	Loss TOTAL 4.7329e-01 (4.5468e-01)
Epoch: [3][ 60/496]	L_Src_Sup 0.0000e+00 (3.0265e-02)	L_Trg_Inj 0.0000e+00 (0.0000e+00)	Loss Disc 0.0000e+00 (0.0000e+00)	Loss Pred 4.4661e-01 (4.3730e-01)	Loss TOTAL 4.4661e-01 (4.5243e-01)
Epoch: [3][ 70/496]	L_Src_Sup 8.5441e-06 (2.6094e-02)	L_Trg_Inj 0.0000e+00 (0.0000e+00)	Loss Disc 0.0000e+00 (0.0000e+00)	Loss Pred 4.3023e-01 (4.3802e-01)	Loss TOTAL 4.3024e-01 (4.5107e-01)
Epoch: [3][ 80/496]	L_Src_Sup 0.0000e+00 (2.2950e-02)	L_Trg_Inj 0.0000e+00 (0.0000e+00)	Loss Disc 0.0000e+00 (0.0000e+00)	Loss Pred 4.1448e-01 (4.3648e-01)	Loss TOTAL 4.1448e-01 (4.4795e-01)
Epoch: [3][ 90/496]	L_Src_Sup 9.4299e-05 (2.0582e-02)	L_Trg_Inj 0.0000e+00 (0.0000e+00)	Loss Disc 0.0000e+00 (0.0000e+00)	Loss Pred 4.4049e-01 (4.3497e-01)	Loss TOTAL 4.4054e-01 (4.4526e-01)
Epoch: [3][100/496]	L_Src_Sup 0.0000e+00 (1.8524e-02)	L_Trg_Inj 0.0000e+00 (0.0000e+00)	Loss Disc 0.0000e+00 (0.0000e+00)	Loss Pred 4.7833e-01 (4.3484e-01)	Loss TOTAL 4.7833e-01 (4.4410e-01)
Epoch: [3][110/496]	L_Src_Sup 0.0000e+00 (1.6841e-02)	L_Trg_Inj 0.0000e+00 (0.0000e+00)	Loss Disc 0.0000e+00 (0.0000e+00)	Loss Pred 4.2105e-01 (4.3515e-01)	Loss TOTAL 4.2105e-01 (4.4357e-01)
Epoch: [3][120/496]	L_Src_Sup 0.0000e+00 (1.5440e-02)	L_Trg_Inj 0.0000e+00 (0.0000e+00)	Loss Disc 0.0000e+00 (0.0000e+00)	Loss Pred 4.0826e-01 (4.3443e-01)	Loss TOTAL 4.0826e-01 (4.4215e-01)
Epoch: [3][130/496]	L_Src_Sup 8.6319e-03 (1.4319e-02)	L_Trg_Inj 0.0000e+00 (0.0000e+00)	Loss Disc 0.0000e+00 (0.0000e+00)	Loss Pred 4.4764e-01 (4.3465e-01)	Loss TOTAL 4.5196e-01 (4.4181e-01)
Epoch: [3][140/496]	L_Src_Sup 0.0000e+00 (1.3837e-02)	L_Trg_Inj 0.0000e+00 (0.0000e+00)	Loss Disc 0.0000e+00 (0.0000e+00)	Loss Pred 4.2738e-01 (4.3473e-01)	Loss TOTAL 4.2738e-01 (4.4165e-01)
Epoch: [3][150/496]	L_Src_Sup 2.5415e-05 (1.3091e-02)	L_Trg_Inj 0.0000e+00 (0.0000e+00)	Loss Disc 0.0000e+00 (0.0000e+00)	Loss Pred 4.0920e-01 (4.3474e-01)	Loss TOTAL 4.0922e-01 (4.4128e-01)
Epoch: [3][160/496]	L_Src_Sup 0.0000e+00 (1.2273e-02)	L_Trg_Inj 0.0000e+00 (0.0000e+00)	Loss Disc 0.0000e+00 (0.0000e+00)	Loss Pred 4.7830e-01 (4.3505e-01)	Loss TOTAL 4.7830e-01 (4.4119e-01)
Epoch: [3][170/496]	L_Src_Sup 1.2929e-05 (1.1622e-02)	L_Trg_Inj 0.0000e+00 (0.0000e+00)	Loss Disc 0.0000e+00 (0.0000e+00)	Loss Pred 4.3058e-01 (4.3472e-01)	Loss TOTAL 4.3059e-01 (4.4053e-01)
Epoch: [3][180/496]	L_Src_Sup 0.0000e+00 (1.0978e-02)	L_Trg_Inj 0.0000e+00 (0.0000e+00)	Loss Disc 0.0000e+00 (0.0000e+00)	Loss Pred 4.2122e-01 (4.3468e-01)	Loss TOTAL 4.2122e-01 (4.4017e-01)
Epoch: [3][190/496]	L_Src_Sup 0.0000e+00 (1.0418e-02)	L_Trg_Inj 0.0000e+00 (0.0000e+00)	Loss Disc 0.0000e+00 (0.0000e+00)	Loss Pred 4.0183e-01 (4.3441e-01)	Loss TOTAL 4.0183e-01 (4.3962e-01)
Epoch: [3][200/496]	L_Src_Sup 0.0000e+00 (9.9264e-03)	L_Trg_Inj 0.0000e+00 (0.0000e+00)	Loss Disc 0.0000e+00 (0.0000e+00)	Loss Pred 4.1472e-01 (4.3423e-01)	Loss TOTAL 4.1472e-01 (4.3919e-01)
Epoch: [3][210/496]	L_Src_Sup 0.0000e+00 (9.4659e-03)	L_Trg_Inj 0.0000e+00 (0.0000e+00)	Loss Disc 0.0000e+00 (0.0000e+00)	Loss Pred 4.6580e-01 (4.3435e-01)	Loss TOTAL 4.6580e-01 (4.3908e-01)
Epoch: [3][220/496]	L_Src_Sup 1.3950e-03 (9.0644e-03)	L_Trg_Inj 0.0000e+00 (0.0000e+00)	Loss Disc 0.0000e+00 (0.0000e+00)	Loss Pred 4.2818e-01 (4.3405e-01)	Loss TOTAL 4.2887e-01 (4.3858e-01)
Epoch: [3][230/496]	L_Src_Sup 0.0000e+00 (8.6708e-03)	L_Trg_Inj 0.0000e+00 (0.0000e+00)	Loss Disc 0.0000e+00 (0.0000e+00)	Loss Pred 4.3381e-01 (4.3401e-01)	Loss TOTAL 4.3381e-01 (4.3834e-01)
Epoch: [3][240/496]	L_Src_Sup 0.0000e+00 (8.3253e-03)	L_Trg_Inj 0.0000e+00 (0.0000e+00)	Loss Disc 0.0000e+00 (0.0000e+00)	Loss Pred 4.4296e-01 (4.3370e-01)	Loss TOTAL 4.4296e-01 (4.3786e-01)
Epoch: [3][250/496]	L_Src_Sup 0.0000e+00 (7.9923e-03)	L_Trg_Inj 0.0000e+00 (0.0000e+00)	Loss Disc 0.0000e+00 (0.0000e+00)	Loss Pred 4.2099e-01 (4.3350e-01)	Loss TOTAL 4.2099e-01 (4.3750e-01)
Epoch: [3][260/496]	L_Src_Sup 1.3441e-02 (7.7633e-03)	L_Trg_Inj 0.0000e+00 (0.0000e+00)	Loss Disc 0.0000e+00 (0.0000e+00)	Loss Pred 4.6222e-01 (4.3338e-01)	Loss TOTAL 4.6894e-01 (4.3726e-01)
Epoch: [3][270/496]	L_Src_Sup 0.0000e+00 (7.6171e-03)	L_Trg_Inj 0.0000e+00 (0.0000e+00)	Loss Disc 0.0000e+00 (0.0000e+00)	Loss Pred 4.3991e-01 (4.3312e-01)	Loss TOTAL 4.3991e-01 (4.3693e-01)
Epoch: [3][280/496]	L_Src_Sup 0.0000e+00 (7.3972e-03)	L_Trg_Inj 0.0000e+00 (0.0000e+00)	Loss Disc 0.0000e+00 (0.0000e+00)	Loss Pred 4.5280e-01 (4.3301e-01)	Loss TOTAL 4.5280e-01 (4.3671e-01)
Epoch: [3][290/496]	L_Src_Sup 3.4494e-04 (7.1446e-03)	L_Trg_Inj 0.0000e+00 (0.0000e+00)	Loss Disc 0.0000e+00 (0.0000e+00)	Loss Pred 4.5407e-01 (4.3281e-01)	Loss TOTAL 4.5425e-01 (4.3638e-01)
Epoch: [3][300/496]	L_Src_Sup 0.0000e+00 (6.9073e-03)	L_Trg_Inj 0.0000e+00 (0.0000e+00)	Loss Disc 0.0000e+00 (0.0000e+00)	Loss Pred 4.3501e-01 (4.3279e-01)	Loss TOTAL 4.3501e-01 (4.3624e-01)
Epoch: [3][310/496]	L_Src_Sup 0.0000e+00 (6.6845e-03)	L_Trg_Inj 0.0000e+00 (0.0000e+00)	Loss Disc 0.0000e+00 (0.0000e+00)	Loss Pred 4.0784e-01 (4.3264e-01)	Loss TOTAL 4.0784e-01 (4.3599e-01)
Epoch: [3][320/496]	L_Src_Sup 0.0000e+00 (6.4771e-03)	L_Trg_Inj 0.0000e+00 (0.0000e+00)	Loss Disc 0.0000e+00 (0.0000e+00)	Loss Pred 4.1453e-01 (4.3237e-01)	Loss TOTAL 4.1453e-01 (4.3560e-01)
Epoch: [3][330/496]	L_Src_Sup 0.0000e+00 (6.2808e-03)	L_Trg_Inj 0.0000e+00 (0.0000e+00)	Loss Disc 0.0000e+00 (0.0000e+00)	Loss Pred 4.4667e-01 (4.3239e-01)	Loss TOTAL 4.4667e-01 (4.3553e-01)
Epoch: [3][340/496]	L_Src_Sup 8.3555e-05 (6.1203e-03)	L_Trg_Inj 0.0000e+00 (0.0000e+00)	Loss Disc 0.0000e+00 (0.0000e+00)	Loss Pred 4.2085e-01 (4.3255e-01)	Loss TOTAL 4.2089e-01 (4.3561e-01)
Epoch: [3][350/496]	L_Src_Sup 0.0000e+00 (5.9473e-03)	L_Trg_Inj 0.0000e+00 (0.0000e+00)	Loss Disc 0.0000e+00 (0.0000e+00)	Loss Pred 4.5322e-01 (4.3244e-01)	Loss TOTAL 4.5322e-01 (4.3541e-01)
Epoch: [3][360/496]	L_Src_Sup 0.0000e+00 (5.8177e-03)	L_Trg_Inj 0.0000e+00 (0.0000e+00)	Loss Disc 0.0000e+00 (0.0000e+00)	Loss Pred 4.5981e-01 (4.3274e-01)	Loss TOTAL 4.5981e-01 (4.3565e-01)
Epoch: [3][370/496]	L_Src_Sup 0.0000e+00 (5.6606e-03)	L_Trg_Inj 0.0000e+00 (0.0000e+00)	Loss Disc 0.0000e+00 (0.0000e+00)	Loss Pred 4.6676e-01 (4.3269e-01)	Loss TOTAL 4.6676e-01 (4.3552e-01)
Epoch: [3][380/496]	L_Src_Sup 0.0000e+00 (5.5118e-03)	L_Trg_Inj 0.0000e+00 (0.0000e+00)	Loss Disc 0.0000e+00 (0.0000e+00)	Loss Pred 4.3989e-01 (4.3253e-01)	Loss TOTAL 4.3989e-01 (4.3529e-01)
Epoch: [3][390/496]	L_Src_Sup 0.0000e+00 (5.3706e-03)	L_Trg_Inj 0.0000e+00 (0.0000e+00)	Loss Disc 0.0000e+00 (0.0000e+00)	Loss Pred 4.0212e-01 (4.3234e-01)	Loss TOTAL 4.0212e-01 (4.3502e-01)
Epoch: [3][400/496]	L_Src_Sup 0.0000e+00 (5.2448e-03)	L_Trg_Inj 0.0000e+00 (0.0000e+00)	Loss Disc 0.0000e+00 (0.0000e+00)	Loss Pred 4.3379e-01 (4.3254e-01)	Loss TOTAL 4.3379e-01 (4.3516e-01)
Epoch: [3][410/496]	L_Src_Sup 0.0000e+00 (5.1332e-03)	L_Trg_Inj 0.0000e+00 (0.0000e+00)	Loss Disc 0.0000e+00 (0.0000e+00)	Loss Pred 4.3359e-01 (4.3253e-01)	Loss TOTAL 4.3359e-01 (4.3509e-01)
Epoch: [3][420/496]	L_Src_Sup 0.0000e+00 (5.0694e-03)	L_Trg_Inj 0.0000e+00 (0.0000e+00)	Loss Disc 0.0000e+00 (0.0000e+00)	Loss Pred 4.2761e-01 (4.3235e-01)	Loss TOTAL 4.2761e-01 (4.3489e-01)
Epoch: [3][430/496]	L_Src_Sup 0.0000e+00 (4.9515e-03)	L_Trg_Inj 0.0000e+00 (0.0000e+00)	Loss Disc 0.0000e+00 (0.0000e+00)	Loss Pred 4.2179e-01 (4.3243e-01)	Loss TOTAL 4.2179e-01 (4.3490e-01)
Epoch: [3][440/496]	L_Src_Sup 0.0000e+00 (4.8636e-03)	L_Trg_Inj 0.0000e+00 (0.0000e+00)	Loss Disc 0.0000e+00 (0.0000e+00)	Loss Pred 4.0852e-01 (4.3244e-01)	Loss TOTAL 4.0852e-01 (4.3488e-01)
Epoch: [3][450/496]	L_Src_Sup 0.0000e+00 (4.7615e-03)	L_Trg_Inj 0.0000e+00 (0.0000e+00)	Loss Disc 0.0000e+00 (0.0000e+00)	Loss Pred 4.0222e-01 (4.3229e-01)	Loss TOTAL 4.0222e-01 (4.3467e-01)
Epoch: [3][460/496]	L_Src_Sup 0.0000e+00 (4.6581e-03)	L_Trg_Inj 0.0000e+00 (0.0000e+00)	Loss Disc 0.0000e+00 (0.0000e+00)	Loss Pred 4.3373e-01 (4.3225e-01)	Loss TOTAL 4.3373e-01 (4.3458e-01)
Epoch: [3][470/496]	L_Src_Sup 0.0000e+00 (4.5590e-03)	L_Trg_Inj 0.0000e+00 (0.0000e+00)	Loss Disc 0.0000e+00 (0.0000e+00)	Loss Pred 4.1469e-01 (4.3238e-01)	Loss TOTAL 4.1469e-01 (4.3466e-01)
Epoch: [3][480/496]	L_Src_Sup 0.0000e+00 (4.4884e-03)	L_Trg_Inj 0.0000e+00 (0.0000e+00)	Loss Disc 0.0000e+00 (0.0000e+00)	Loss Pred 4.2756e-01 (4.3235e-01)	Loss TOTAL 4.2756e-01 (4.3460e-01)
Epoch: [3][490/496]	L_Src_Sup 1.0603e-02 (4.4186e-03)	L_Trg_Inj 0.0000e+00 (0.0000e+00)	Loss Disc 0.0000e+00 (0.0000e+00)	Loss Pred 4.4986e-01 (4.3230e-01)	Loss TOTAL 4.5516e-01 (4.3451e-01)
Epoch: [3][496/496]	L_Src_Sup 0.0000e+00 (4.3724e-03)	L_Trg_Inj 0.0000e+00 (0.0000e+00)	Loss Disc 0.0000e+00 (0.0000e+00)	Loss Pred 4.5966e-01 (4.3232e-01)	Loss TOTAL 4.5966e-01 (4.3451e-01)
Epoch 3 complete. Saving model state...
Epoch: [4][ 10/496]	L_Src_Sup 0.0000e+00 (6.5802e-03)	L_Trg_Inj 0.0000e+00 (0.0000e+00)	Loss Disc 0.0000e+00 (0.0000e+00)	Loss Pred 4.3361e-01 (4.3657e-01)	Loss TOTAL 4.3361e-01 (4.3986e-01)
Epoch: [4][ 20/496]	L_Src_Sup 0.0000e+00 (5.6498e-03)	L_Trg_Inj 0.0000e+00 (0.0000e+00)	Loss Disc 0.0000e+00 (0.0000e+00)	Loss Pred 4.6046e-01 (4.3552e-01)	Loss TOTAL 4.6046e-01 (4.3835e-01)
Epoch: [4][ 30/496]	L_Src_Sup 0.0000e+00 (4.7934e-03)	L_Trg_Inj 0.0000e+00 (0.0000e+00)	Loss Disc 0.0000e+00 (0.0000e+00)	Loss Pred 4.3375e-01 (4.3274e-01)	Loss TOTAL 4.3375e-01 (4.3514e-01)
Epoch: [4][ 40/496]	L_Src_Sup 0.0000e+00 (3.5951e-03)	L_Trg_Inj 0.0000e+00 (0.0000e+00)	Loss Disc 0.0000e+00 (0.0000e+00)	Loss Pred 4.4482e-01 (4.3630e-01)	Loss TOTAL 4.4482e-01 (4.3810e-01)
Epoch: [4][ 50/496]	L_Src_Sup 0.0000e+00 (3.2245e-03)	L_Trg_Inj 0.0000e+00 (0.0000e+00)	Loss Disc 0.0000e+00 (0.0000e+00)	Loss Pred 4.2063e-01 (4.3466e-01)	Loss TOTAL 4.2063e-01 (4.3627e-01)
Epoch: [4][ 60/496]	L_Src_Sup 0.0000e+00 (2.6871e-03)	L_Trg_Inj 0.0000e+00 (0.0000e+00)	Loss Disc 0.0000e+00 (0.0000e+00)	Loss Pred 4.1455e-01 (4.3473e-01)	Loss TOTAL 4.1455e-01 (4.3608e-01)
Epoch: [4][ 70/496]	L_Src_Sup 0.0000e+00 (2.4074e-03)	L_Trg_Inj 0.0000e+00 (0.0000e+00)	Loss Disc 0.0000e+00 (0.0000e+00)	Loss Pred 4.4650e-01 (4.3442e-01)	Loss TOTAL 4.4650e-01 (4.3563e-01)
Epoch: [4][ 80/496]	L_Src_Sup 0.0000e+00 (2.1613e-03)	L_Trg_Inj 0.0000e+00 (0.0000e+00)	Loss Disc 0.0000e+00 (0.0000e+00)	Loss Pred 4.2214e-01 (4.3397e-01)	Loss TOTAL 4.2214e-01 (4.3505e-01)
Epoch: [4][ 90/496]	L_Src_Sup 4.0308e-03 (1.9659e-03)	L_Trg_Inj 0.0000e+00 (0.0000e+00)	Loss Disc 0.0000e+00 (0.0000e+00)	Loss Pred 4.2092e-01 (4.3408e-01)	Loss TOTAL 4.2293e-01 (4.3506e-01)
Epoch: [4][100/496]	L_Src_Sup 0.0000e+00 (2.0416e-03)	L_Trg_Inj 0.0000e+00 (0.0000e+00)	Loss Disc 0.0000e+00 (0.0000e+00)	Loss Pred 4.5074e-01 (4.3503e-01)	Loss TOTAL 4.5074e-01 (4.3605e-01)
Epoch: [4][110/496]	L_Src_Sup 0.0000e+00 (1.9555e-03)	L_Trg_Inj 0.0000e+00 (0.0000e+00)	Loss Disc 0.0000e+00 (0.0000e+00)	Loss Pred 4.0826e-01 (4.3530e-01)	Loss TOTAL 4.0826e-01 (4.3628e-01)
Epoch: [4][120/496]	L_Src_Sup 0.0000e+00 (1.7928e-03)	L_Trg_Inj 0.0000e+00 (0.0000e+00)	Loss Disc 0.0000e+00 (0.0000e+00)	Loss Pred 4.1505e-01 (4.3424e-01)	Loss TOTAL 4.1505e-01 (4.3514e-01)
Epoch: [4][130/496]	L_Src_Sup 0.0000e+00 (1.6549e-03)	L_Trg_Inj 0.0000e+00 (0.0000e+00)	Loss Disc 0.0000e+00 (0.0000e+00)	Loss Pred 4.2739e-01 (4.3412e-01)	Loss TOTAL 4.2739e-01 (4.3495e-01)
Epoch: [4][140/496]	L_Src_Sup 0.0000e+00 (1.7133e-03)	L_Trg_Inj 0.0000e+00 (0.0000e+00)	Loss Disc 0.0000e+00 (0.0000e+00)	Loss Pred 4.0845e-01 (4.3375e-01)	Loss TOTAL 4.0845e-01 (4.3460e-01)
Epoch: [4][150/496]	L_Src_Sup 3.1531e-05 (1.5993e-03)	L_Trg_Inj 0.0000e+00 (0.0000e+00)	Loss Disc 0.0000e+00 (0.0000e+00)	Loss Pred 4.4018e-01 (4.3372e-01)	Loss TOTAL 4.4019e-01 (4.3452e-01)
Epoch: [4][160/496]	L_Src_Sup 0.0000e+00 (1.5282e-03)	L_Trg_Inj 0.0000e+00 (0.0000e+00)	Loss Disc 0.0000e+00 (0.0000e+00)	Loss Pred 4.3354e-01 (4.3358e-01)	Loss TOTAL 4.3354e-01 (4.3435e-01)
Epoch: [4][170/496]	L_Src_Sup 0.0000e+00 (1.4565e-03)	L_Trg_Inj 0.0000e+00 (0.0000e+00)	Loss Disc 0.0000e+00 (0.0000e+00)	Loss Pred 4.2085e-01 (4.3384e-01)	Loss TOTAL 4.2085e-01 (4.3457e-01)
Epoch: [4][180/496]	L_Src_Sup 0.0000e+00 (1.4736e-03)	L_Trg_Inj 0.0000e+00 (0.0000e+00)	Loss Disc 0.0000e+00 (0.0000e+00)	Loss Pred 4.2696e-01 (4.3377e-01)	Loss TOTAL 4.2696e-01 (4.3451e-01)
Epoch: [4][190/496]	L_Src_Sup 0.0000e+00 (1.4529e-03)	L_Trg_Inj 0.0000e+00 (0.0000e+00)	Loss Disc 0.0000e+00 (0.0000e+00)	Loss Pred 4.2271e-01 (4.3325e-01)	Loss TOTAL 4.2271e-01 (4.3397e-01)
Epoch: [4][200/496]	L_Src_Sup 2.5319e-04 (1.6648e-03)	L_Trg_Inj 0.0000e+00 (0.0000e+00)	Loss Disc 0.0000e+00 (0.0000e+00)	Loss Pred 4.2800e-01 (4.3333e-01)	Loss TOTAL 4.2813e-01 (4.3416e-01)
Epoch: [4][210/496]	L_Src_Sup 0.0000e+00 (1.5855e-03)	L_Trg_Inj 0.0000e+00 (0.0000e+00)	Loss Disc 0.0000e+00 (0.0000e+00)	Loss Pred 4.4116e-01 (4.3311e-01)	Loss TOTAL 4.4116e-01 (4.3391e-01)
Epoch: [4][220/496]	L_Src_Sup 0.0000e+00 (1.5134e-03)	L_Trg_Inj 0.0000e+00 (0.0000e+00)	Loss Disc 0.0000e+00 (0.0000e+00)	Loss Pred 4.2740e-01 (4.3274e-01)	Loss TOTAL 4.2740e-01 (4.3349e-01)
Epoch: [4][230/496]	L_Src_Sup 2.9185e-03 (1.4865e-03)	L_Trg_Inj 0.0000e+00 (0.0000e+00)	Loss Disc 0.0000e+00 (0.0000e+00)	Loss Pred 4.1411e-01 (4.3253e-01)	Loss TOTAL 4.1557e-01 (4.3327e-01)
Epoch: [4][240/496]	L_Src_Sup 6.1518e-03 (1.4502e-03)	L_Trg_Inj 0.0000e+00 (0.0000e+00)	Loss Disc 0.0000e+00 (0.0000e+00)	Loss Pred 4.1533e-01 (4.3266e-01)	Loss TOTAL 4.1840e-01 (4.3339e-01)
Epoch: [4][250/496]	L_Src_Sup 0.0000e+00 (1.4156e-03)	L_Trg_Inj 0.0000e+00 (0.0000e+00)	Loss Disc 0.0000e+00 (0.0000e+00)	Loss Pred 4.1475e-01 (4.3261e-01)	Loss TOTAL 4.1475e-01 (4.3331e-01)
Epoch: [4][260/496]	L_Src_Sup 0.0000e+00 (1.3612e-03)	L_Trg_Inj 0.0000e+00 (0.0000e+00)	Loss Disc 0.0000e+00 (0.0000e+00)	Loss Pred 4.2722e-01 (4.3260e-01)	Loss TOTAL 4.2722e-01 (4.3328e-01)
Epoch: [4][270/496]	L_Src_Sup 1.5773e-03 (1.4143e-03)	L_Trg_Inj 0.0000e+00 (0.0000e+00)	Loss Disc 0.0000e+00 (0.0000e+00)	Loss Pred 4.4607e-01 (4.3329e-01)	Loss TOTAL 4.4686e-01 (4.3400e-01)
Epoch: [4][280/496]	L_Src_Sup 8.6661e-05 (1.4508e-03)	L_Trg_Inj 0.0000e+00 (0.0000e+00)	Loss Disc 0.0000e+00 (0.0000e+00)	Loss Pred 4.0250e-01 (4.3307e-01)	Loss TOTAL 4.0254e-01 (4.3380e-01)
Epoch: [4][290/496]	L_Src_Sup 0.0000e+00 (1.4008e-03)	L_Trg_Inj 0.0000e+00 (0.0000e+00)	Loss Disc 0.0000e+00 (0.0000e+00)	Loss Pred 4.3462e-01 (4.3282e-01)	Loss TOTAL 4.3462e-01 (4.3352e-01)
Epoch: [4][300/496]	L_Src_Sup 0.0000e+00 (1.3541e-03)	L_Trg_Inj 0.0000e+00 (0.0000e+00)	Loss Disc 0.0000e+00 (0.0000e+00)	Loss Pred 4.2705e-01 (4.3256e-01)	Loss TOTAL 4.2705e-01 (4.3324e-01)
Epoch: [4][310/496]	L_Src_Sup 0.0000e+00 (1.3104e-03)	L_Trg_Inj 0.0000e+00 (0.0000e+00)	Loss Disc 0.0000e+00 (0.0000e+00)	Loss Pred 4.2033e-01 (4.3264e-01)	Loss TOTAL 4.2033e-01 (4.3330e-01)
Epoch: [4][320/496]	L_Src_Sup 3.6554e-02 (1.9244e-03)	L_Trg_Inj 0.0000e+00 (0.0000e+00)	Loss Disc 0.0000e+00 (0.0000e+00)	Loss Pred 4.2773e-01 (4.3228e-01)	Loss TOTAL 4.4600e-01 (4.3325e-01)
Epoch: [4][330/496]	L_Src_Sup 3.7933e-04 (1.9747e-03)	L_Trg_Inj 0.0000e+00 (0.0000e+00)	Loss Disc 0.0000e+00 (0.0000e+00)	Loss Pred 4.4898e-01 (4.3241e-01)	Loss TOTAL 4.4917e-01 (4.3340e-01)
Epoch: [4][340/496]	L_Src_Sup 7.2891e-05 (1.9725e-03)	L_Trg_Inj 0.0000e+00 (0.0000e+00)	Loss Disc 0.0000e+00 (0.0000e+00)	Loss Pred 4.1579e-01 (4.3228e-01)	Loss TOTAL 4.1583e-01 (4.3326e-01)
Epoch: [4][350/496]	L_Src_Sup 0.0000e+00 (1.9178e-03)	L_Trg_Inj 0.0000e+00 (0.0000e+00)	Loss Disc 0.0000e+00 (0.0000e+00)	Loss Pred 4.5309e-01 (4.3247e-01)	Loss TOTAL 4.5309e-01 (4.3343e-01)
Epoch: [4][360/496]	L_Src_Sup 0.0000e+00 (1.8654e-03)	L_Trg_Inj 0.0000e+00 (0.0000e+00)	Loss Disc 0.0000e+00 (0.0000e+00)	Loss Pred 4.4627e-01 (4.3249e-01)	Loss TOTAL 4.4627e-01 (4.3342e-01)
Epoch: [4][370/496]	L_Src_Sup 0.0000e+00 (1.8150e-03)	L_Trg_Inj 0.0000e+00 (0.0000e+00)	Loss Disc 0.0000e+00 (0.0000e+00)	Loss Pred 4.6532e-01 (4.3259e-01)	Loss TOTAL 4.6532e-01 (4.3350e-01)
Epoch: [4][380/496]	L_Src_Sup 1.5370e-04 (1.7676e-03)	L_Trg_Inj 0.0000e+00 (0.0000e+00)	Loss Disc 0.0000e+00 (0.0000e+00)	Loss Pred 4.0858e-01 (4.3244e-01)	Loss TOTAL 4.0866e-01 (4.3332e-01)
Epoch: [4][390/496]	L_Src_Sup 0.0000e+00 (1.7223e-03)	L_Trg_Inj 0.0000e+00 (0.0000e+00)	Loss Disc 0.0000e+00 (0.0000e+00)	Loss Pred 4.4076e-01 (4.3253e-01)	Loss TOTAL 4.4076e-01 (4.3340e-01)
Epoch: [4][400/496]	L_Src_Sup 0.0000e+00 (1.7152e-03)	L_Trg_Inj 0.0000e+00 (0.0000e+00)	Loss Disc 0.0000e+00 (0.0000e+00)	Loss Pred 4.3480e-01 (4.3224e-01)	Loss TOTAL 4.3480e-01 (4.3309e-01)
Epoch: [4][410/496]	L_Src_Sup 0.0000e+00 (1.6734e-03)	L_Trg_Inj 0.0000e+00 (0.0000e+00)	Loss Disc 0.0000e+00 (0.0000e+00)	Loss Pred 4.1498e-01 (4.3207e-01)	Loss TOTAL 4.1498e-01 (4.3291e-01)
Epoch: [4][420/496]	L_Src_Sup 0.0000e+00 (1.6336e-03)	L_Trg_Inj 0.0000e+00 (0.0000e+00)	Loss Disc 0.0000e+00 (0.0000e+00)	Loss Pred 4.5278e-01 (4.3199e-01)	Loss TOTAL 4.5278e-01 (4.3280e-01)
Epoch: [4][430/496]	L_Src_Sup 1.3619e-03 (1.6027e-03)	L_Trg_Inj 0.0000e+00 (0.0000e+00)	Loss Disc 0.0000e+00 (0.0000e+00)	Loss Pred 4.3547e-01 (4.3181e-01)	Loss TOTAL 4.3615e-01 (4.3261e-01)
Epoch: [4][440/496]	L_Src_Sup 0.0000e+00 (1.5711e-03)	L_Trg_Inj 0.0000e+00 (0.0000e+00)	Loss Disc 0.0000e+00 (0.0000e+00)	Loss Pred 4.3994e-01 (4.3183e-01)	Loss TOTAL 4.3994e-01 (4.3262e-01)
Epoch: [4][450/496]	L_Src_Sup 0.0000e+00 (1.5367e-03)	L_Trg_Inj 0.0000e+00 (0.0000e+00)	Loss Disc 0.0000e+00 (0.0000e+00)	Loss Pred 4.4011e-01 (4.3200e-01)	Loss TOTAL 4.4011e-01 (4.3277e-01)
Epoch: [4][460/496]	L_Src_Sup 0.0000e+00 (1.5033e-03)	L_Trg_Inj 0.0000e+00 (0.0000e+00)	Loss Disc 0.0000e+00 (0.0000e+00)	Loss Pred 4.3940e-01 (4.3198e-01)	Loss TOTAL 4.3940e-01 (4.3273e-01)
Epoch: [4][470/496]	L_Src_Sup 0.0000e+00 (1.4717e-03)	L_Trg_Inj 0.0000e+00 (0.0000e+00)	Loss Disc 0.0000e+00 (0.0000e+00)	Loss Pred 4.1472e-01 (4.3185e-01)	Loss TOTAL 4.1472e-01 (4.3259e-01)
Epoch: [4][480/496]	L_Src_Sup 0.0000e+00 (1.4410e-03)	L_Trg_Inj 0.0000e+00 (0.0000e+00)	Loss Disc 0.0000e+00 (0.0000e+00)	Loss Pred 4.2038e-01 (4.3190e-01)	Loss TOTAL 4.2038e-01 (4.3262e-01)
Epoch: [4][490/496]	L_Src_Sup 0.0000e+00 (1.4116e-03)	L_Trg_Inj 0.0000e+00 (0.0000e+00)	Loss Disc 0.0000e+00 (0.0000e+00)	Loss Pred 4.2979e-01 (4.3187e-01)	Loss TOTAL 4.2979e-01 (4.3258e-01)
Epoch: [4][496/496]	L_Src_Sup 0.0000e+00 (1.3946e-03)	L_Trg_Inj 0.0000e+00 (0.0000e+00)	Loss Disc 0.0000e+00 (0.0000e+00)	Loss Pred 4.0910e-01 (4.3169e-01)	Loss TOTAL 4.0910e-01 (4.3239e-01)
Epoch 4 complete. Saving model state...
Epoch: [5][ 10/496]	L_Src_Sup 0.0000e+00 (1.1219e-03)	L_Trg_Inj 0.0000e+00 (0.0000e+00)	Loss Disc 0.0000e+00 (0.0000e+00)	Loss Pred 4.5869e-01 (4.3860e-01)	Loss TOTAL 4.5869e-01 (4.3916e-01)
Epoch: [5][ 20/496]	L_Src_Sup 0.0000e+00 (1.3200e-03)	L_Trg_Inj 0.0000e+00 (0.0000e+00)	Loss Disc 0.0000e+00 (0.0000e+00)	Loss Pred 4.5257e-01 (4.3808e-01)	Loss TOTAL 4.5257e-01 (4.3874e-01)
Epoch: [5][ 30/496]	L_Src_Sup 0.0000e+00 (1.6283e-03)	L_Trg_Inj 0.0000e+00 (0.0000e+00)	Loss Disc 0.0000e+00 (0.0000e+00)	Loss Pred 4.0810e-01 (4.3661e-01)	Loss TOTAL 4.0810e-01 (4.3742e-01)
Epoch: [5][ 40/496]	L_Src_Sup 5.8124e-06 (1.7994e-03)	L_Trg_Inj 0.0000e+00 (0.0000e+00)	Loss Disc 0.0000e+00 (0.0000e+00)	Loss Pred 4.3382e-01 (4.3484e-01)	Loss TOTAL 4.3382e-01 (4.3574e-01)
Epoch: [5][ 50/496]	L_Src_Sup 0.0000e+00 (1.7006e-03)	L_Trg_Inj 0.0000e+00 (0.0000e+00)	Loss Disc 0.0000e+00 (0.0000e+00)	Loss Pred 4.3336e-01 (4.3333e-01)	Loss TOTAL 4.3336e-01 (4.3418e-01)
Epoch: [5][ 60/496]	L_Src_Sup 0.0000e+00 (1.4172e-03)	L_Trg_Inj 0.0000e+00 (0.0000e+00)	Loss Disc 0.0000e+00 (0.0000e+00)	Loss Pred 4.4640e-01 (4.3336e-01)	Loss TOTAL 4.4640e-01 (4.3407e-01)
Epoch: [5][ 70/496]	L_Src_Sup 0.0000e+00 (1.2147e-03)	L_Trg_Inj 0.0000e+00 (0.0000e+00)	Loss Disc 0.0000e+00 (0.0000e+00)	Loss Pred 4.1451e-01 (4.3229e-01)	Loss TOTAL 4.1451e-01 (4.3290e-01)
Epoch: [5][ 80/496]	L_Src_Sup 1.5497e-02 (1.7205e-03)	L_Trg_Inj 0.0000e+00 (0.0000e+00)	Loss Disc 0.0000e+00 (0.0000e+00)	Loss Pred 3.9544e-01 (4.3103e-01)	Loss TOTAL 4.0319e-01 (4.3189e-01)
Epoch: [5][ 90/496]	L_Src_Sup 0.0000e+00 (1.5704e-03)	L_Trg_Inj 0.0000e+00 (0.0000e+00)	Loss Disc 0.0000e+00 (0.0000e+00)	Loss Pred 4.7165e-01 (4.3040e-01)	Loss TOTAL 4.7165e-01 (4.3119e-01)
Epoch: [5][100/496]	L_Src_Sup 0.0000e+00 (1.4586e-03)	L_Trg_Inj 0.0000e+00 (0.0000e+00)	Loss Disc 0.0000e+00 (0.0000e+00)	Loss Pred 4.2081e-01 (4.3073e-01)	Loss TOTAL 4.2081e-01 (4.3146e-01)
Epoch: [5][110/496]	L_Src_Sup 0.0000e+00 (1.3260e-03)	L_Trg_Inj 0.0000e+00 (0.0000e+00)	Loss Disc 0.0000e+00 (0.0000e+00)	Loss Pred 4.5252e-01 (4.3041e-01)	Loss TOTAL 4.5252e-01 (4.3107e-01)
Epoch: [5][120/496]	L_Src_Sup 0.0000e+00 (1.2155e-03)	L_Trg_Inj 0.0000e+00 (0.0000e+00)	Loss Disc 0.0000e+00 (0.0000e+00)	Loss Pred 4.3364e-01 (4.3044e-01)	Loss TOTAL 4.3364e-01 (4.3105e-01)
Epoch: [5][130/496]	L_Src_Sup 0.0000e+00 (1.1220e-03)	L_Trg_Inj 0.0000e+00 (0.0000e+00)	Loss Disc 0.0000e+00 (0.0000e+00)	Loss Pred 4.1147e-01 (4.3013e-01)	Loss TOTAL 4.1147e-01 (4.3069e-01)
Epoch: [5][140/496]	L_Src_Sup 1.1594e-01 (1.9135e-03)	L_Trg_Inj 0.0000e+00 (0.0000e+00)	Loss Disc 0.0000e+00 (0.0000e+00)	Loss Pred 4.4181e-01 (4.2996e-01)	Loss TOTAL 4.9978e-01 (4.3092e-01)
Epoch: [5][150/496]	L_Src_Sup 0.0000e+00 (2.4159e-03)	L_Trg_Inj 0.0000e+00 (0.0000e+00)	Loss Disc 0.0000e+00 (0.0000e+00)	Loss Pred 4.4026e-01 (4.3057e-01)	Loss TOTAL 4.4026e-01 (4.3178e-01)
Epoch: [5][160/496]	L_Src_Sup 2.9649e-03 (2.5003e-03)	L_Trg_Inj 0.0000e+00 (0.0000e+00)	Loss Disc 0.0000e+00 (0.0000e+00)	Loss Pred 4.2170e-01 (4.3048e-01)	Loss TOTAL 4.2318e-01 (4.3173e-01)
Epoch: [5][170/496]	L_Src_Sup 0.0000e+00 (2.3612e-03)	L_Trg_Inj 0.0000e+00 (0.0000e+00)	Loss Disc 0.0000e+00 (0.0000e+00)	Loss Pred 4.5240e-01 (4.3063e-01)	Loss TOTAL 4.5240e-01 (4.3181e-01)
Epoch: [5][180/496]	L_Src_Sup 0.0000e+00 (2.2301e-03)	L_Trg_Inj 0.0000e+00 (0.0000e+00)	Loss Disc 0.0000e+00 (0.0000e+00)	Loss Pred 4.4593e-01 (4.3087e-01)	Loss TOTAL 4.4593e-01 (4.3199e-01)
Epoch: [5][190/496]	L_Src_Sup 0.0000e+00 (2.1127e-03)	L_Trg_Inj 0.0000e+00 (0.0000e+00)	Loss Disc 0.0000e+00 (0.0000e+00)	Loss Pred 4.3975e-01 (4.3137e-01)	Loss TOTAL 4.3975e-01 (4.3243e-01)
Epoch: [5][200/496]	L_Src_Sup 0.0000e+00 (2.0365e-03)	L_Trg_Inj 0.0000e+00 (0.0000e+00)	Loss Disc 0.0000e+00 (0.0000e+00)	Loss Pred 4.4642e-01 (4.3131e-01)	Loss TOTAL 4.4642e-01 (4.3233e-01)
Epoch: [5][210/496]	L_Src_Sup 0.0000e+00 (1.9396e-03)	L_Trg_Inj 0.0000e+00 (0.0000e+00)	Loss Disc 0.0000e+00 (0.0000e+00)	Loss Pred 4.4654e-01 (4.3186e-01)	Loss TOTAL 4.4654e-01 (4.3283e-01)
Epoch: [5][220/496]	L_Src_Sup 0.0000e+00 (1.8514e-03)	L_Trg_Inj 0.0000e+00 (0.0000e+00)	Loss Disc 0.0000e+00 (0.0000e+00)	Loss Pred 4.2685e-01 (4.3168e-01)	Loss TOTAL 4.2685e-01 (4.3260e-01)
Epoch: [5][230/496]	L_Src_Sup 0.0000e+00 (1.7710e-03)	L_Trg_Inj 0.0000e+00 (0.0000e+00)	Loss Disc 0.0000e+00 (0.0000e+00)	Loss Pred 4.4599e-01 (4.3196e-01)	Loss TOTAL 4.4599e-01 (4.3285e-01)
Epoch: [5][240/496]	L_Src_Sup 0.0000e+00 (1.6974e-03)	L_Trg_Inj 0.0000e+00 (0.0000e+00)	Loss Disc 0.0000e+00 (0.0000e+00)	Loss Pred 4.0174e-01 (4.3166e-01)	Loss TOTAL 4.0174e-01 (4.3251e-01)
Epoch: [5][250/496]	L_Src_Sup 0.0000e+00 (1.6297e-03)	L_Trg_Inj 0.0000e+00 (0.0000e+00)	Loss Disc 0.0000e+00 (0.0000e+00)	Loss Pred 4.1444e-01 (4.3145e-01)	Loss TOTAL 4.1444e-01 (4.3227e-01)
Epoch: [5][260/496]	L_Src_Sup 0.0000e+00 (1.5670e-03)	L_Trg_Inj 0.0000e+00 (0.0000e+00)	Loss Disc 0.0000e+00 (0.0000e+00)	Loss Pred 4.5931e-01 (4.3171e-01)	Loss TOTAL 4.5931e-01 (4.3249e-01)
Epoch: [5][270/496]	L_Src_Sup 0.0000e+00 (1.5090e-03)	L_Trg_Inj 0.0000e+00 (0.0000e+00)	Loss Disc 0.0000e+00 (0.0000e+00)	Loss Pred 4.2689e-01 (4.3173e-01)	Loss TOTAL 4.2689e-01 (4.3248e-01)
Epoch: [5][280/496]	L_Src_Sup 3.9498e-04 (1.4565e-03)	L_Trg_Inj 0.0000e+00 (0.0000e+00)	Loss Disc 0.0000e+00 (0.0000e+00)	Loss Pred 4.0839e-01 (4.3163e-01)	Loss TOTAL 4.0859e-01 (4.3235e-01)
Epoch: [5][290/496]	L_Src_Sup 0.0000e+00 (1.4063e-03)	L_Trg_Inj 0.0000e+00 (0.0000e+00)	Loss Disc 0.0000e+00 (0.0000e+00)	Loss Pred 4.3339e-01 (4.3156e-01)	Loss TOTAL 4.3339e-01 (4.3226e-01)
Epoch: [5][300/496]	L_Src_Sup 0.0000e+00 (1.3594e-03)	L_Trg_Inj 0.0000e+00 (0.0000e+00)	Loss Disc 0.0000e+00 (0.0000e+00)	Loss Pred 4.0820e-01 (4.3181e-01)	Loss TOTAL 4.0820e-01 (4.3249e-01)
Epoch: [5][310/496]	L_Src_Sup 2.9438e-03 (1.3256e-03)	L_Trg_Inj 0.0000e+00 (0.0000e+00)	Loss Disc 0.0000e+00 (0.0000e+00)	Loss Pred 4.0219e-01 (4.3178e-01)	Loss TOTAL 4.0366e-01 (4.3245e-01)
Epoch: [5][320/496]	L_Src_Sup 0.0000e+00 (1.3512e-03)	L_Trg_Inj 0.0000e+00 (0.0000e+00)	Loss Disc 0.0000e+00 (0.0000e+00)	Loss Pred 4.2683e-01 (4.3187e-01)	Loss TOTAL 4.2683e-01 (4.3255e-01)
Epoch: [5][330/496]	L_Src_Sup 0.0000e+00 (1.3103e-03)	L_Trg_Inj 0.0000e+00 (0.0000e+00)	Loss Disc 0.0000e+00 (0.0000e+00)	Loss Pred 4.2680e-01 (4.3174e-01)	Loss TOTAL 4.2680e-01 (4.3240e-01)
Epoch: [5][340/496]	L_Src_Sup 0.0000e+00 (1.2717e-03)	L_Trg_Inj 0.0000e+00 (0.0000e+00)	Loss Disc 0.0000e+00 (0.0000e+00)	Loss Pred 4.3344e-01 (4.3205e-01)	Loss TOTAL 4.3344e-01 (4.3268e-01)
Epoch: [5][350/496]	L_Src_Sup 1.4525e-04 (1.2439e-03)	L_Trg_Inj 0.0000e+00 (0.0000e+00)	Loss Disc 0.0000e+00 (0.0000e+00)	Loss Pred 4.4747e-01 (4.3206e-01)	Loss TOTAL 4.4754e-01 (4.3268e-01)
Epoch: [5][360/496]	L_Src_Sup 0.0000e+00 (1.2094e-03)	L_Trg_Inj 0.0000e+00 (0.0000e+00)	Loss Disc 0.0000e+00 (0.0000e+00)	Loss Pred 4.2711e-01 (4.3216e-01)	Loss TOTAL 4.2711e-01 (4.3276e-01)
Epoch: [5][370/496]	L_Src_Sup 0.0000e+00 (1.1767e-03)	L_Trg_Inj 0.0000e+00 (0.0000e+00)	Loss Disc 0.0000e+00 (0.0000e+00)	Loss Pred 4.2719e-01 (4.3197e-01)	Loss TOTAL 4.2719e-01 (4.3256e-01)
Epoch: [5][380/496]	L_Src_Sup 0.0000e+00 (1.1457e-03)	L_Trg_Inj 0.0000e+00 (0.0000e+00)	Loss Disc 0.0000e+00 (0.0000e+00)	Loss Pred 4.0778e-01 (4.3191e-01)	Loss TOTAL 4.0778e-01 (4.3248e-01)
Epoch: [5][390/496]	L_Src_Sup 1.3314e-02 (1.2457e-03)	L_Trg_Inj 0.0000e+00 (0.0000e+00)	Loss Disc 0.0000e+00 (0.0000e+00)	Loss Pred 4.4000e-01 (4.3190e-01)	Loss TOTAL 4.4666e-01 (4.3252e-01)
Epoch: [5][400/496]	L_Src_Sup 0.0000e+00 (1.2146e-03)	L_Trg_Inj 0.0000e+00 (0.0000e+00)	Loss Disc 0.0000e+00 (0.0000e+00)	Loss Pred 4.4055e-01 (4.3177e-01)	Loss TOTAL 4.4055e-01 (4.3237e-01)
Epoch: [5][410/496]	L_Src_Sup 0.0000e+00 (1.1850e-03)	L_Trg_Inj 0.0000e+00 (0.0000e+00)	Loss Disc 0.0000e+00 (0.0000e+00)	Loss Pred 4.6534e-01 (4.3157e-01)	Loss TOTAL 4.6534e-01 (4.3216e-01)
Epoch: [5][420/496]	L_Src_Sup 0.0000e+00 (1.1568e-03)	L_Trg_Inj 0.0000e+00 (0.0000e+00)	Loss Disc 0.0000e+00 (0.0000e+00)	Loss Pred 4.2151e-01 (4.3168e-01)	Loss TOTAL 4.2151e-01 (4.3225e-01)
Epoch: [5][430/496]	L_Src_Sup 0.0000e+00 (1.1299e-03)	L_Trg_Inj 0.0000e+00 (0.0000e+00)	Loss Disc 0.0000e+00 (0.0000e+00)	Loss Pred 4.1456e-01 (4.3174e-01)	Loss TOTAL 4.1456e-01 (4.3230e-01)
Epoch: [5][440/496]	L_Src_Sup 0.0000e+00 (1.1366e-03)	L_Trg_Inj 0.0000e+00 (0.0000e+00)	Loss Disc 0.0000e+00 (0.0000e+00)	Loss Pred 4.2675e-01 (4.3174e-01)	Loss TOTAL 4.2675e-01 (4.3231e-01)
Epoch: [5][450/496]	L_Src_Sup 0.0000e+00 (1.1113e-03)	L_Trg_Inj 0.0000e+00 (0.0000e+00)	Loss Disc 0.0000e+00 (0.0000e+00)	Loss Pred 4.1483e-01 (4.3160e-01)	Loss TOTAL 4.1483e-01 (4.3216e-01)
Epoch: [5][460/496]	L_Src_Sup 0.0000e+00 (1.0872e-03)	L_Trg_Inj 0.0000e+00 (0.0000e+00)	Loss Disc 0.0000e+00 (0.0000e+00)	Loss Pred 4.7151e-01 (4.3152e-01)	Loss TOTAL 4.7151e-01 (4.3206e-01)
Epoch: [5][470/496]	L_Src_Sup 2.1027e-04 (1.1141e-03)	L_Trg_Inj 0.0000e+00 (0.0000e+00)	Loss Disc 0.0000e+00 (0.0000e+00)	Loss Pred 4.3381e-01 (4.3152e-01)	Loss TOTAL 4.3391e-01 (4.3208e-01)
Epoch: [5][480/496]	L_Src_Sup 0.0000e+00 (1.0909e-03)	L_Trg_Inj 0.0000e+00 (0.0000e+00)	Loss Disc 0.0000e+00 (0.0000e+00)	Loss Pred 4.2065e-01 (4.3144e-01)	Loss TOTAL 4.2065e-01 (4.3198e-01)
Epoch: [5][490/496]	L_Src_Sup 0.0000e+00 (1.0686e-03)	L_Trg_Inj 0.0000e+00 (0.0000e+00)	Loss Disc 0.0000e+00 (0.0000e+00)	Loss Pred 4.3946e-01 (4.3136e-01)	Loss TOTAL 4.3946e-01 (4.3189e-01)
Epoch: [5][496/496]	L_Src_Sup 0.0000e+00 (1.0560e-03)	L_Trg_Inj 0.0000e+00 (0.0000e+00)	Loss Disc 0.0000e+00 (0.0000e+00)	Loss Pred 4.6785e-01 (4.3141e-01)	Loss TOTAL 4.6785e-01 (4.3194e-01)
Epoch 5 complete. Saving model state...
Epoch: [6][ 10/496]	L_Src_Sup 0.0000e+00 (5.9863e-06)	L_Trg_Inj 0.0000e+00 (0.0000e+00)	Loss Disc 0.0000e+00 (0.0000e+00)	Loss Pred 4.5239e-01 (4.3851e-01)	Loss TOTAL 4.5239e-01 (4.3852e-01)
Epoch: [6][ 20/496]	L_Src_Sup 0.0000e+00 (2.9931e-06)	L_Trg_Inj 0.0000e+00 (0.0000e+00)	Loss Disc 0.0000e+00 (0.0000e+00)	Loss Pred 4.2182e-01 (4.3579e-01)	Loss TOTAL 4.2182e-01 (4.3579e-01)
Epoch: [6][ 30/496]	L_Src_Sup 0.0000e+00 (8.0709e-06)	L_Trg_Inj 0.0000e+00 (0.0000e+00)	Loss Disc 0.0000e+00 (0.0000e+00)	Loss Pred 4.3331e-01 (4.3718e-01)	Loss TOTAL 4.3331e-01 (4.3719e-01)
Epoch: [6][ 40/496]	L_Src_Sup 0.0000e+00 (1.3874e-05)	L_Trg_Inj 0.0000e+00 (0.0000e+00)	Loss Disc 0.0000e+00 (0.0000e+00)	Loss Pred 4.4593e-01 (4.3516e-01)	Loss TOTAL 4.4593e-01 (4.3517e-01)
Epoch: [6][ 50/496]	L_Src_Sup 0.0000e+00 (4.3979e-04)	L_Trg_Inj 0.0000e+00 (0.0000e+00)	Loss Disc 0.0000e+00 (0.0000e+00)	Loss Pred 4.2032e-01 (4.3241e-01)	Loss TOTAL 4.2032e-01 (4.3263e-01)
Epoch: [6][ 60/496]	L_Src_Sup 0.0000e+00 (3.6649e-04)	L_Trg_Inj 0.0000e+00 (0.0000e+00)	Loss Disc 0.0000e+00 (0.0000e+00)	Loss Pred 4.2038e-01 (4.3226e-01)	Loss TOTAL 4.2038e-01 (4.3244e-01)
Epoch: [6][ 70/496]	L_Src_Sup 0.0000e+00 (3.1413e-04)	L_Trg_Inj 0.0000e+00 (0.0000e+00)	Loss Disc 0.0000e+00 (0.0000e+00)	Loss Pred 4.1461e-01 (4.3203e-01)	Loss TOTAL 4.1461e-01 (4.3219e-01)
Epoch: [6][ 80/496]	L_Src_Sup 4.3548e-05 (4.6758e-04)	L_Trg_Inj 0.0000e+00 (0.0000e+00)	Loss Disc 0.0000e+00 (0.0000e+00)	Loss Pred 4.2820e-01 (4.3185e-01)	Loss TOTAL 4.2822e-01 (4.3209e-01)
Epoch: [6][ 90/496]	L_Src_Sup 0.0000e+00 (7.9881e-04)	L_Trg_Inj 0.0000e+00 (0.0000e+00)	Loss Disc 0.0000e+00 (0.0000e+00)	Loss Pred 4.4007e-01 (4.3172e-01)	Loss TOTAL 4.4007e-01 (4.3212e-01)
Epoch: [6][100/496]	L_Src_Sup 0.0000e+00 (7.1893e-04)	L_Trg_Inj 0.0000e+00 (0.0000e+00)	Loss Disc 0.0000e+00 (0.0000e+00)	Loss Pred 4.2075e-01 (4.3146e-01)	Loss TOTAL 4.2075e-01 (4.3182e-01)
Epoch: [6][110/496]	L_Src_Sup 0.0000e+00 (8.8326e-04)	L_Trg_Inj 0.0000e+00 (0.0000e+00)	Loss Disc 0.0000e+00 (0.0000e+00)	Loss Pred 4.2723e-01 (4.3121e-01)	Loss TOTAL 4.2723e-01 (4.3165e-01)
Epoch: [6][120/496]	L_Src_Sup 0.0000e+00 (8.0965e-04)	L_Trg_Inj 0.0000e+00 (0.0000e+00)	Loss Disc 0.0000e+00 (0.0000e+00)	Loss Pred 3.9513e-01 (4.3125e-01)	Loss TOTAL 3.9513e-01 (4.3166e-01)
Epoch: [6][130/496]	L_Src_Sup 0.0000e+00 (8.3905e-04)	L_Trg_Inj 0.0000e+00 (0.0000e+00)	Loss Disc 0.0000e+00 (0.0000e+00)	Loss Pred 4.2700e-01 (4.3184e-01)	Loss TOTAL 4.2700e-01 (4.3226e-01)
Epoch: [6][140/496]	L_Src_Sup 0.0000e+00 (7.7912e-04)	L_Trg_Inj 0.0000e+00 (0.0000e+00)	Loss Disc 0.0000e+00 (0.0000e+00)	Loss Pred 4.3312e-01 (4.3160e-01)	Loss TOTAL 4.3312e-01 (4.3199e-01)
Epoch: [6][150/496]	L_Src_Sup 0.0000e+00 (7.9079e-04)	L_Trg_Inj 0.0000e+00 (0.0000e+00)	Loss Disc 0.0000e+00 (0.0000e+00)	Loss Pred 4.7837e-01 (4.3154e-01)	Loss TOTAL 4.7837e-01 (4.3193e-01)
Epoch: [6][160/496]	L_Src_Sup 0.0000e+00 (7.4136e-04)	L_Trg_Inj 0.0000e+00 (0.0000e+00)	Loss Disc 0.0000e+00 (0.0000e+00)	Loss Pred 4.2713e-01 (4.3122e-01)	Loss TOTAL 4.2713e-01 (4.3159e-01)
Epoch: [6][170/496]	L_Src_Sup 0.0000e+00 (6.9775e-04)	L_Trg_Inj 0.0000e+00 (0.0000e+00)	Loss Disc 0.0000e+00 (0.0000e+00)	Loss Pred 4.3531e-01 (4.3159e-01)	Loss TOTAL 4.3531e-01 (4.3194e-01)
Epoch: [6][180/496]	L_Src_Sup 0.0000e+00 (6.5899e-04)	L_Trg_Inj 0.0000e+00 (0.0000e+00)	Loss Disc 0.0000e+00 (0.0000e+00)	Loss Pred 4.2071e-01 (4.3184e-01)	Loss TOTAL 4.2071e-01 (4.3217e-01)
Epoch: [6][190/496]	L_Src_Sup 0.0000e+00 (6.2456e-04)	L_Trg_Inj 0.0000e+00 (0.0000e+00)	Loss Disc 0.0000e+00 (0.0000e+00)	Loss Pred 4.1422e-01 (4.3235e-01)	Loss TOTAL 4.1422e-01 (4.3266e-01)
Epoch: [6][200/496]	L_Src_Sup 0.0000e+00 (5.9334e-04)	L_Trg_Inj 0.0000e+00 (0.0000e+00)	Loss Disc 0.0000e+00 (0.0000e+00)	Loss Pred 4.2686e-01 (4.3208e-01)	Loss TOTAL 4.2686e-01 (4.3237e-01)
Epoch: [6][210/496]	L_Src_Sup 0.0000e+00 (5.6517e-04)	L_Trg_Inj 0.0000e+00 (0.0000e+00)	Loss Disc 0.0000e+00 (0.0000e+00)	Loss Pred 4.5867e-01 (4.3248e-01)	Loss TOTAL 4.5867e-01 (4.3276e-01)
Epoch: [6][220/496]	L_Src_Sup 0.0000e+00 (5.3948e-04)	L_Trg_Inj 0.0000e+00 (0.0000e+00)	Loss Disc 0.0000e+00 (0.0000e+00)	Loss Pred 4.0795e-01 (4.3224e-01)	Loss TOTAL 4.0795e-01 (4.3251e-01)
Epoch: [6][230/496]	L_Src_Sup 5.7260e-03 (5.4839e-04)	L_Trg_Inj 0.0000e+00 (0.0000e+00)	Loss Disc 0.0000e+00 (0.0000e+00)	Loss Pred 4.3397e-01 (4.3201e-01)	Loss TOTAL 4.3683e-01 (4.3228e-01)
Epoch: [6][240/496]	L_Src_Sup 0.0000e+00 (5.3140e-04)	L_Trg_Inj 0.0000e+00 (0.0000e+00)	Loss Disc 0.0000e+00 (0.0000e+00)	Loss Pred 4.2805e-01 (4.3174e-01)	Loss TOTAL 4.2805e-01 (4.3201e-01)
Epoch: [6][250/496]	L_Src_Sup 0.0000e+00 (5.1014e-04)	L_Trg_Inj 0.0000e+00 (0.0000e+00)	Loss Disc 0.0000e+00 (0.0000e+00)	Loss Pred 4.2711e-01 (4.3161e-01)	Loss TOTAL 4.2711e-01 (4.3187e-01)
Epoch: [6][260/496]	L_Src_Sup 0.0000e+00 (4.9071e-04)	L_Trg_Inj 0.0000e+00 (0.0000e+00)	Loss Disc 0.0000e+00 (0.0000e+00)	Loss Pred 4.4616e-01 (4.3154e-01)	Loss TOTAL 4.4616e-01 (4.3178e-01)
Epoch: [6][270/496]	L_Src_Sup 0.0000e+00 (4.7254e-04)	L_Trg_Inj 0.0000e+00 (0.0000e+00)	Loss Disc 0.0000e+00 (0.0000e+00)	Loss Pred 4.4590e-01 (4.3170e-01)	Loss TOTAL 4.4590e-01 (4.3193e-01)
Epoch: [6][280/496]	L_Src_Sup 0.0000e+00 (4.5566e-04)	L_Trg_Inj 0.0000e+00 (0.0000e+00)	Loss Disc 0.0000e+00 (0.0000e+00)	Loss Pred 4.6491e-01 (4.3162e-01)	Loss TOTAL 4.6491e-01 (4.3185e-01)
Epoch: [6][290/496]	L_Src_Sup 4.0318e-04 (5.6007e-04)	L_Trg_Inj 0.0000e+00 (0.0000e+00)	Loss Disc 0.0000e+00 (0.0000e+00)	Loss Pred 4.2771e-01 (4.3172e-01)	Loss TOTAL 4.2792e-01 (4.3200e-01)
Epoch: [6][300/496]	L_Src_Sup 7.7233e-03 (5.6783e-04)	L_Trg_Inj 0.0000e+00 (0.0000e+00)	Loss Disc 0.0000e+00 (0.0000e+00)	Loss Pred 4.1426e-01 (4.3158e-01)	Loss TOTAL 4.1812e-01 (4.3187e-01)
Epoch: [6][310/496]	L_Src_Sup 0.0000e+00 (5.4977e-04)	L_Trg_Inj 0.0000e+00 (0.0000e+00)	Loss Disc 0.0000e+00 (0.0000e+00)	Loss Pred 4.2699e-01 (4.3132e-01)	Loss TOTAL 4.2699e-01 (4.3159e-01)
Epoch: [6][320/496]	L_Src_Sup 0.0000e+00 (5.3259e-04)	L_Trg_Inj 0.0000e+00 (0.0000e+00)	Loss Disc 0.0000e+00 (0.0000e+00)	Loss Pred 4.3997e-01 (4.3166e-01)	Loss TOTAL 4.3997e-01 (4.3193e-01)
Epoch: [6][330/496]	L_Src_Sup 0.0000e+00 (5.1645e-04)	L_Trg_Inj 0.0000e+00 (0.0000e+00)	Loss Disc 0.0000e+00 (0.0000e+00)	Loss Pred 4.2192e-01 (4.3182e-01)	Loss TOTAL 4.2192e-01 (4.3208e-01)
Epoch: [6][340/496]	L_Src_Sup 0.0000e+00 (5.0126e-04)	L_Trg_Inj 0.0000e+00 (0.0000e+00)	Loss Disc 0.0000e+00 (0.0000e+00)	Loss Pred 4.7135e-01 (4.3193e-01)	Loss TOTAL 4.7135e-01 (4.3218e-01)
Epoch: [6][350/496]	L_Src_Sup 0.0000e+00 (4.8694e-04)	L_Trg_Inj 0.0000e+00 (0.0000e+00)	Loss Disc 0.0000e+00 (0.0000e+00)	Loss Pred 4.3313e-01 (4.3164e-01)	Loss TOTAL 4.3313e-01 (4.3188e-01)
Epoch: [6][360/496]	L_Src_Sup 0.0000e+00 (5.8602e-04)	L_Trg_Inj 0.0000e+00 (0.0000e+00)	Loss Disc 0.0000e+00 (0.0000e+00)	Loss Pred 4.2118e-01 (4.3157e-01)	Loss TOTAL 4.2118e-01 (4.3186e-01)
Epoch: [6][370/496]	L_Src_Sup 0.0000e+00 (5.7018e-04)	L_Trg_Inj 0.0000e+00 (0.0000e+00)	Loss Disc 0.0000e+00 (0.0000e+00)	Loss Pred 4.2152e-01 (4.3176e-01)	Loss TOTAL 4.2152e-01 (4.3204e-01)
Epoch: [6][380/496]	L_Src_Sup 0.0000e+00 (5.5517e-04)	L_Trg_Inj 0.0000e+00 (0.0000e+00)	Loss Disc 0.0000e+00 (0.0000e+00)	Loss Pred 4.4584e-01 (4.3178e-01)	Loss TOTAL 4.4584e-01 (4.3206e-01)
Epoch: [6][390/496]	L_Src_Sup 0.0000e+00 (5.4094e-04)	L_Trg_Inj 0.0000e+00 (0.0000e+00)	Loss Disc 0.0000e+00 (0.0000e+00)	Loss Pred 4.0207e-01 (4.3162e-01)	Loss TOTAL 4.0207e-01 (4.3189e-01)
Epoch: [6][400/496]	L_Src_Sup 0.0000e+00 (6.6258e-04)	L_Trg_Inj 0.0000e+00 (0.0000e+00)	Loss Disc 0.0000e+00 (0.0000e+00)	Loss Pred 4.2780e-01 (4.3135e-01)	Loss TOTAL 4.2780e-01 (4.3168e-01)
Epoch: [6][410/496]	L_Src_Sup 0.0000e+00 (6.7658e-04)	L_Trg_Inj 0.0000e+00 (0.0000e+00)	Loss Disc 0.0000e+00 (0.0000e+00)	Loss Pred 4.2080e-01 (4.3134e-01)	Loss TOTAL 4.2080e-01 (4.3168e-01)
Epoch: [6][420/496]	L_Src_Sup 7.5810e-03 (6.8343e-04)	L_Trg_Inj 0.0000e+00 (0.0000e+00)	Loss Disc 0.0000e+00 (0.0000e+00)	Loss Pred 4.2652e-01 (4.3129e-01)	Loss TOTAL 4.3031e-01 (4.3163e-01)
Epoch: [6][430/496]	L_Src_Sup 0.0000e+00 (6.6754e-04)	L_Trg_Inj 0.0000e+00 (0.0000e+00)	Loss Disc 0.0000e+00 (0.0000e+00)	Loss Pred 4.6586e-01 (4.3135e-01)	Loss TOTAL 4.6586e-01 (4.3169e-01)
Epoch: [6][440/496]	L_Src_Sup 9.0977e-02 (1.0757e-03)	L_Trg_Inj 0.0000e+00 (0.0000e+00)	Loss Disc 0.0000e+00 (0.0000e+00)	Loss Pred 4.1393e-01 (4.3130e-01)	Loss TOTAL 4.5942e-01 (4.3184e-01)
Epoch: [6][450/496]	L_Src_Sup 0.0000e+00 (1.0917e-03)	L_Trg_Inj 0.0000e+00 (0.0000e+00)	Loss Disc 0.0000e+00 (0.0000e+00)	Loss Pred 4.2061e-01 (4.3117e-01)	Loss TOTAL 4.2061e-01 (4.3172e-01)
Epoch: [6][460/496]	L_Src_Sup 0.0000e+00 (1.0713e-03)	L_Trg_Inj 0.0000e+00 (0.0000e+00)	Loss Disc 0.0000e+00 (0.0000e+00)	Loss Pred 4.2039e-01 (4.3114e-01)	Loss TOTAL 4.2039e-01 (4.3168e-01)
Epoch: [6][470/496]	L_Src_Sup 0.0000e+00 (1.0486e-03)	L_Trg_Inj 0.0000e+00 (0.0000e+00)	Loss Disc 0.0000e+00 (0.0000e+00)	Loss Pred 4.7183e-01 (4.3121e-01)	Loss TOTAL 4.7183e-01 (4.3174e-01)
Epoch: [6][480/496]	L_Src_Sup 0.0000e+00 (1.0634e-03)	L_Trg_Inj 0.0000e+00 (0.0000e+00)	Loss Disc 0.0000e+00 (0.0000e+00)	Loss Pred 4.2152e-01 (4.3131e-01)	Loss TOTAL 4.2152e-01 (4.3185e-01)
Epoch: [6][490/496]	L_Src_Sup 0.0000e+00 (1.0434e-03)	L_Trg_Inj 0.0000e+00 (0.0000e+00)	Loss Disc 0.0000e+00 (0.0000e+00)	Loss Pred 4.1490e-01 (4.3129e-01)	Loss TOTAL 4.1490e-01 (4.3181e-01)
Epoch: [6][496/496]	L_Src_Sup 0.0000e+00 (1.0308e-03)	L_Trg_Inj 0.0000e+00 (0.0000e+00)	Loss Disc 0.0000e+00 (0.0000e+00)	Loss Pred 4.4056e-01 (4.3122e-01)	Loss TOTAL 4.4056e-01 (4.3173e-01)
Epoch 6 complete. Saving model state...
Epoch: [7][ 10/496]	L_Src_Sup 0.0000e+00 (0.0000e+00)	L_Trg_Inj 0.0000e+00 (0.0000e+00)	Loss Disc 0.0000e+00 (0.0000e+00)	Loss Pred 4.3324e-01 (4.3591e-01)	Loss TOTAL 4.3324e-01 (4.3591e-01)
Epoch: [7][ 20/496]	L_Src_Sup 0.0000e+00 (5.1141e-07)	L_Trg_Inj 0.0000e+00 (0.0000e+00)	Loss Disc 0.0000e+00 (0.0000e+00)	Loss Pred 4.2765e-01 (4.3535e-01)	Loss TOTAL 4.2765e-01 (4.3535e-01)
Epoch: [7][ 30/496]	L_Src_Sup 0.0000e+00 (3.4094e-07)	L_Trg_Inj 0.0000e+00 (0.0000e+00)	Loss Disc 0.0000e+00 (0.0000e+00)	Loss Pred 4.2054e-01 (4.3453e-01)	Loss TOTAL 4.2054e-01 (4.3453e-01)
Epoch: [7][ 40/496]	L_Src_Sup 0.0000e+00 (1.3602e-04)	L_Trg_Inj 0.0000e+00 (0.0000e+00)	Loss Disc 0.0000e+00 (0.0000e+00)	Loss Pred 4.2043e-01 (4.3540e-01)	Loss TOTAL 4.2043e-01 (4.3546e-01)
Epoch: [7][ 50/496]	L_Src_Sup 0.0000e+00 (1.0882e-04)	L_Trg_Inj 0.0000e+00 (0.0000e+00)	Loss Disc 0.0000e+00 (0.0000e+00)	Loss Pred 4.5864e-01 (4.3566e-01)	Loss TOTAL 4.5864e-01 (4.3571e-01)
Epoch: [7][ 60/496]	L_Src_Sup 0.0000e+00 (9.0683e-05)	L_Trg_Inj 0.0000e+00 (0.0000e+00)	Loss Disc 0.0000e+00 (0.0000e+00)	Loss Pred 4.1426e-01 (4.3539e-01)	Loss TOTAL 4.1426e-01 (4.3543e-01)
Epoch: [7][ 70/496]	L_Src_Sup 0.0000e+00 (7.7728e-05)	L_Trg_Inj 0.0000e+00 (0.0000e+00)	Loss Disc 0.0000e+00 (0.0000e+00)	Loss Pred 4.3363e-01 (4.3282e-01)	Loss TOTAL 4.3363e-01 (4.3286e-01)
Epoch: [7][ 80/496]	L_Src_Sup 0.0000e+00 (2.2977e-04)	L_Trg_Inj 0.0000e+00 (0.0000e+00)	Loss Disc 0.0000e+00 (0.0000e+00)	Loss Pred 4.3297e-01 (4.3330e-01)	Loss TOTAL 4.3297e-01 (4.3341e-01)
Epoch: [7][ 90/496]	L_Src_Sup 0.0000e+00 (2.0987e-04)	L_Trg_Inj 0.0000e+00 (0.0000e+00)	Loss Disc 0.0000e+00 (0.0000e+00)	Loss Pred 4.2068e-01 (4.3156e-01)	Loss TOTAL 4.2068e-01 (4.3167e-01)
Epoch: [7][100/496]	L_Src_Sup 0.0000e+00 (1.8889e-04)	L_Trg_Inj 0.0000e+00 (0.0000e+00)	Loss Disc 0.0000e+00 (0.0000e+00)	Loss Pred 4.2714e-01 (4.3066e-01)	Loss TOTAL 4.2714e-01 (4.3076e-01)
Epoch: [7][110/496]	L_Src_Sup 0.0000e+00 (2.9885e-04)	L_Trg_Inj 0.0000e+00 (0.0000e+00)	Loss Disc 0.0000e+00 (0.0000e+00)	Loss Pred 4.2107e-01 (4.2996e-01)	Loss TOTAL 4.2107e-01 (4.3011e-01)
Epoch: [7][120/496]	L_Src_Sup 0.0000e+00 (2.8720e-04)	L_Trg_Inj 0.0000e+00 (0.0000e+00)	Loss Disc 0.0000e+00 (0.0000e+00)	Loss Pred 4.3943e-01 (4.3088e-01)	Loss TOTAL 4.3943e-01 (4.3102e-01)
Epoch: [7][130/496]	L_Src_Sup 0.0000e+00 (2.6524e-04)	L_Trg_Inj 0.0000e+00 (0.0000e+00)	Loss Disc 0.0000e+00 (0.0000e+00)	Loss Pred 4.0785e-01 (4.2986e-01)	Loss TOTAL 4.0785e-01 (4.3000e-01)
Epoch: [7][140/496]	L_Src_Sup 0.0000e+00 (2.4629e-04)	L_Trg_Inj 0.0000e+00 (0.0000e+00)	Loss Disc 0.0000e+00 (0.0000e+00)	Loss Pred 4.3952e-01 (4.2935e-01)	Loss TOTAL 4.3952e-01 (4.2947e-01)
Epoch: [7][150/496]	L_Src_Sup 0.0000e+00 (2.5392e-04)	L_Trg_Inj 0.0000e+00 (0.0000e+00)	Loss Disc 0.0000e+00 (0.0000e+00)	Loss Pred 4.2066e-01 (4.2910e-01)	Loss TOTAL 4.2066e-01 (4.2922e-01)
Epoch: [7][160/496]	L_Src_Sup 0.0000e+00 (2.8383e-04)	L_Trg_Inj 0.0000e+00 (0.0000e+00)	Loss Disc 0.0000e+00 (0.0000e+00)	Loss Pred 4.4618e-01 (4.2939e-01)	Loss TOTAL 4.4618e-01 (4.2953e-01)
Epoch: [7][170/496]	L_Src_Sup 0.0000e+00 (2.6714e-04)	L_Trg_Inj 0.0000e+00 (0.0000e+00)	Loss Disc 0.0000e+00 (0.0000e+00)	Loss Pred 3.9564e-01 (4.2888e-01)	Loss TOTAL 3.9564e-01 (4.2902e-01)
Epoch: [7][180/496]	L_Src_Sup 0.0000e+00 (2.5230e-04)	L_Trg_Inj 0.0000e+00 (0.0000e+00)	Loss Disc 0.0000e+00 (0.0000e+00)	Loss Pred 4.2706e-01 (4.2871e-01)	Loss TOTAL 4.2706e-01 (4.2884e-01)
Epoch: [7][190/496]	L_Src_Sup 0.0000e+00 (2.3902e-04)	L_Trg_Inj 0.0000e+00 (0.0000e+00)	Loss Disc 0.0000e+00 (0.0000e+00)	Loss Pred 4.2683e-01 (4.2907e-01)	Loss TOTAL 4.2683e-01 (4.2919e-01)
Epoch: [7][200/496]	L_Src_Sup 7.6755e-03 (4.7163e-04)	L_Trg_Inj 0.0000e+00 (0.0000e+00)	Loss Disc 0.0000e+00 (0.0000e+00)	Loss Pred 4.7036e-01 (4.2892e-01)	Loss TOTAL 4.7420e-01 (4.2916e-01)
Epoch: [7][210/496]	L_Src_Sup 0.0000e+00 (4.8466e-04)	L_Trg_Inj 0.0000e+00 (0.0000e+00)	Loss Disc 0.0000e+00 (0.0000e+00)	Loss Pred 4.5823e-01 (4.2927e-01)	Loss TOTAL 4.5823e-01 (4.2952e-01)
Epoch: [7][220/496]	L_Src_Sup 0.0000e+00 (4.6898e-04)	L_Trg_Inj 0.0000e+00 (0.0000e+00)	Loss Disc 0.0000e+00 (0.0000e+00)	Loss Pred 4.1393e-01 (4.2939e-01)	Loss TOTAL 4.1393e-01 (4.2962e-01)
Epoch: [7][230/496]	L_Src_Sup 0.0000e+00 (4.4859e-04)	L_Trg_Inj 0.0000e+00 (0.0000e+00)	Loss Disc 0.0000e+00 (0.0000e+00)	Loss Pred 4.6502e-01 (4.2998e-01)	Loss TOTAL 4.6502e-01 (4.3020e-01)
Epoch: [7][240/496]	L_Src_Sup 0.0000e+00 (4.2990e-04)	L_Trg_Inj 0.0000e+00 (0.0000e+00)	Loss Disc 0.0000e+00 (0.0000e+00)	Loss Pred 4.1442e-01 (4.3015e-01)	Loss TOTAL 4.1442e-01 (4.3036e-01)
Epoch: [7][250/496]	L_Src_Sup 0.0000e+00 (4.1270e-04)	L_Trg_Inj 0.0000e+00 (0.0000e+00)	Loss Disc 0.0000e+00 (0.0000e+00)	Loss Pred 4.2062e-01 (4.3032e-01)	Loss TOTAL 4.2062e-01 (4.3053e-01)
Epoch: [7][260/496]	L_Src_Sup 0.0000e+00 (4.0440e-04)	L_Trg_Inj 0.0000e+00 (0.0000e+00)	Loss Disc 0.0000e+00 (0.0000e+00)	Loss Pred 4.3968e-01 (4.3026e-01)	Loss TOTAL 4.3968e-01 (4.3046e-01)
Epoch: [7][270/496]	L_Src_Sup 0.0000e+00 (3.8943e-04)	L_Trg_Inj 0.0000e+00 (0.0000e+00)	Loss Disc 0.0000e+00 (0.0000e+00)	Loss Pred 4.2155e-01 (4.3027e-01)	Loss TOTAL 4.2155e-01 (4.3046e-01)
Epoch: [7][280/496]	L_Src_Sup 0.0000e+00 (3.7552e-04)	L_Trg_Inj 0.0000e+00 (0.0000e+00)	Loss Disc 0.0000e+00 (0.0000e+00)	Loss Pred 4.4615e-01 (4.3027e-01)	Loss TOTAL 4.4615e-01 (4.3046e-01)
Epoch: [7][290/496]	L_Src_Sup 0.0000e+00 (4.0649e-04)	L_Trg_Inj 0.0000e+00 (0.0000e+00)	Loss Disc 0.0000e+00 (0.0000e+00)	Loss Pred 4.6497e-01 (4.3024e-01)	Loss TOTAL 4.6497e-01 (4.3044e-01)
Epoch: [7][300/496]	L_Src_Sup 1.2049e-03 (5.1356e-04)	L_Trg_Inj 0.0000e+00 (0.0000e+00)	Loss Disc 0.0000e+00 (0.0000e+00)	Loss Pred 4.2027e-01 (4.2995e-01)	Loss TOTAL 4.2087e-01 (4.3021e-01)
Epoch: [7][310/496]	L_Src_Sup 0.0000e+00 (5.4003e-04)	L_Trg_Inj 0.0000e+00 (0.0000e+00)	Loss Disc 0.0000e+00 (0.0000e+00)	Loss Pred 4.4944e-01 (4.3005e-01)	Loss TOTAL 4.4944e-01 (4.3032e-01)
Epoch: [7][320/496]	L_Src_Sup 0.0000e+00 (5.4982e-04)	L_Trg_Inj 0.0000e+00 (0.0000e+00)	Loss Disc 0.0000e+00 (0.0000e+00)	Loss Pred 4.5969e-01 (4.3029e-01)	Loss TOTAL 4.5969e-01 (4.3056e-01)
Epoch: [7][330/496]	L_Src_Sup 0.0000e+00 (5.3316e-04)	L_Trg_Inj 0.0000e+00 (0.0000e+00)	Loss Disc 0.0000e+00 (0.0000e+00)	Loss Pred 4.2727e-01 (4.3033e-01)	Loss TOTAL 4.2727e-01 (4.3060e-01)
Epoch: [7][340/496]	L_Src_Sup 0.0000e+00 (5.1747e-04)	L_Trg_Inj 0.0000e+00 (0.0000e+00)	Loss Disc 0.0000e+00 (0.0000e+00)	Loss Pred 4.0155e-01 (4.3044e-01)	Loss TOTAL 4.0155e-01 (4.3070e-01)
Epoch: [7][350/496]	L_Src_Sup 0.0000e+00 (5.0313e-04)	L_Trg_Inj 0.0000e+00 (0.0000e+00)	Loss Disc 0.0000e+00 (0.0000e+00)	Loss Pred 4.3391e-01 (4.3038e-01)	Loss TOTAL 4.3391e-01 (4.3063e-01)
Epoch: [7][360/496]	L_Src_Sup 0.0000e+00 (4.8915e-04)	L_Trg_Inj 0.0000e+00 (0.0000e+00)	Loss Disc 0.0000e+00 (0.0000e+00)	Loss Pred 4.0156e-01 (4.3030e-01)	Loss TOTAL 4.0156e-01 (4.3055e-01)
Epoch: [7][370/496]	L_Src_Sup 0.0000e+00 (4.8128e-04)	L_Trg_Inj 0.0000e+00 (0.0000e+00)	Loss Disc 0.0000e+00 (0.0000e+00)	Loss Pred 4.2692e-01 (4.3034e-01)	Loss TOTAL 4.2692e-01 (4.3058e-01)
Epoch: [7][380/496]	L_Src_Sup 1.5556e-02 (5.0955e-04)	L_Trg_Inj 0.0000e+00 (0.0000e+00)	Loss Disc 0.0000e+00 (0.0000e+00)	Loss Pred 4.1431e-01 (4.3018e-01)	Loss TOTAL 4.2208e-01 (4.3044e-01)
Epoch: [7][390/496]	L_Src_Sup 0.0000e+00 (4.9913e-04)	L_Trg_Inj 0.0000e+00 (0.0000e+00)	Loss Disc 0.0000e+00 (0.0000e+00)	Loss Pred 4.1434e-01 (4.3019e-01)	Loss TOTAL 4.1434e-01 (4.3043e-01)
Epoch: [7][400/496]	L_Src_Sup 0.0000e+00 (4.8665e-04)	L_Trg_Inj 0.0000e+00 (0.0000e+00)	Loss Disc 0.0000e+00 (0.0000e+00)	Loss Pred 4.0797e-01 (4.3019e-01)	Loss TOTAL 4.0797e-01 (4.3044e-01)
Epoch: [7][410/496]	L_Src_Sup 0.0000e+00 (4.7478e-04)	L_Trg_Inj 0.0000e+00 (0.0000e+00)	Loss Disc 0.0000e+00 (0.0000e+00)	Loss Pred 4.6477e-01 (4.3034e-01)	Loss TOTAL 4.6477e-01 (4.3058e-01)
Epoch: [7][420/496]	L_Src_Sup 0.0000e+00 (4.6347e-04)	L_Trg_Inj 0.0000e+00 (0.0000e+00)	Loss Disc 0.0000e+00 (0.0000e+00)	Loss Pred 4.3324e-01 (4.3040e-01)	Loss TOTAL 4.3324e-01 (4.3063e-01)
Epoch: [7][430/496]	L_Src_Sup 0.0000e+00 (4.5291e-04)	L_Trg_Inj 0.0000e+00 (0.0000e+00)	Loss Disc 0.0000e+00 (0.0000e+00)	Loss Pred 4.3318e-01 (4.3059e-01)	Loss TOTAL 4.3318e-01 (4.3082e-01)
Epoch: [7][440/496]	L_Src_Sup 0.0000e+00 (4.4262e-04)	L_Trg_Inj 0.0000e+00 (0.0000e+00)	Loss Disc 0.0000e+00 (0.0000e+00)	Loss Pred 4.5887e-01 (4.3059e-01)	Loss TOTAL 4.5887e-01 (4.3081e-01)
Epoch: [7][450/496]	L_Src_Sup 0.0000e+00 (4.3278e-04)	L_Trg_Inj 0.0000e+00 (0.0000e+00)	Loss Disc 0.0000e+00 (0.0000e+00)	Loss Pred 4.3325e-01 (4.3066e-01)	Loss TOTAL 4.3325e-01 (4.3088e-01)
Epoch: [7][460/496]	L_Src_Sup 0.0000e+00 (4.2346e-04)	L_Trg_Inj 0.0000e+00 (0.0000e+00)	Loss Disc 0.0000e+00 (0.0000e+00)	Loss Pred 4.0892e-01 (4.3065e-01)	Loss TOTAL 4.0892e-01 (4.3087e-01)
Epoch: [7][470/496]	L_Src_Sup 0.0000e+00 (4.6304e-04)	L_Trg_Inj 0.0000e+00 (0.0000e+00)	Loss Disc 0.0000e+00 (0.0000e+00)	Loss Pred 4.3369e-01 (4.3069e-01)	Loss TOTAL 4.3369e-01 (4.3092e-01)
Epoch: [7][480/496]	L_Src_Sup 0.0000e+00 (4.7316e-04)	L_Trg_Inj 0.0000e+00 (0.0000e+00)	Loss Disc 0.0000e+00 (0.0000e+00)	Loss Pred 4.3969e-01 (4.3070e-01)	Loss TOTAL 4.3969e-01 (4.3093e-01)
Epoch: [7][490/496]	L_Src_Sup 0.0000e+00 (4.6365e-04)	L_Trg_Inj 0.0000e+00 (0.0000e+00)	Loss Disc 0.0000e+00 (0.0000e+00)	Loss Pred 4.3588e-01 (4.3097e-01)	Loss TOTAL 4.3588e-01 (4.3120e-01)
Epoch: [7][496/496]	L_Src_Sup 0.0000e+00 (4.5804e-04)	L_Trg_Inj 0.0000e+00 (0.0000e+00)	Loss Disc 0.0000e+00 (0.0000e+00)	Loss Pred 4.3912e-01 (4.3094e-01)	Loss TOTAL 4.3912e-01 (4.3117e-01)
Epoch 7 complete. Saving model state...
Epoch: [8][ 10/496]	L_Src_Sup 0.0000e+00 (0.0000e+00)	L_Trg_Inj 0.0000e+00 (0.0000e+00)	Loss Disc 0.0000e+00 (0.0000e+00)	Loss Pred 4.3316e-01 (4.3581e-01)	Loss TOTAL 4.3316e-01 (4.3581e-01)
Epoch: [8][ 20/496]	L_Src_Sup 0.0000e+00 (0.0000e+00)	L_Trg_Inj 0.0000e+00 (0.0000e+00)	Loss Disc 0.0000e+00 (0.0000e+00)	Loss Pred 4.2801e-01 (4.2942e-01)	Loss TOTAL 4.2801e-01 (4.2942e-01)
Epoch: [8][ 30/496]	L_Src_Sup 0.0000e+00 (0.0000e+00)	L_Trg_Inj 0.0000e+00 (0.0000e+00)	Loss Disc 0.0000e+00 (0.0000e+00)	Loss Pred 4.3316e-01 (4.3336e-01)	Loss TOTAL 4.3316e-01 (4.3336e-01)
Epoch: [8][ 40/496]	L_Src_Sup 0.0000e+00 (0.0000e+00)	L_Trg_Inj 0.0000e+00 (0.0000e+00)	Loss Disc 0.0000e+00 (0.0000e+00)	Loss Pred 4.5299e-01 (4.3065e-01)	Loss TOTAL 4.5299e-01 (4.3065e-01)
Epoch: [8][ 50/496]	L_Src_Sup 0.0000e+00 (0.0000e+00)	L_Trg_Inj 0.0000e+00 (0.0000e+00)	Loss Disc 0.0000e+00 (0.0000e+00)	Loss Pred 4.2111e-01 (4.2976e-01)	Loss TOTAL 4.2111e-01 (4.2976e-01)
Epoch: [8][ 60/496]	L_Src_Sup 0.0000e+00 (0.0000e+00)	L_Trg_Inj 0.0000e+00 (0.0000e+00)	Loss Disc 0.0000e+00 (0.0000e+00)	Loss Pred 4.1492e-01 (4.2976e-01)	Loss TOTAL 4.1492e-01 (4.2976e-01)
Epoch: [8][ 70/496]	L_Src_Sup 0.0000e+00 (0.0000e+00)	L_Trg_Inj 0.0000e+00 (0.0000e+00)	Loss Disc 0.0000e+00 (0.0000e+00)	Loss Pred 4.5950e-01 (4.2968e-01)	Loss TOTAL 4.5950e-01 (4.2968e-01)
Epoch: [8][ 80/496]	L_Src_Sup 0.0000e+00 (0.0000e+00)	L_Trg_Inj 0.0000e+00 (0.0000e+00)	Loss Disc 0.0000e+00 (0.0000e+00)	Loss Pred 4.3291e-01 (4.2945e-01)	Loss TOTAL 4.3291e-01 (4.2945e-01)
Epoch: [8][ 90/496]	L_Src_Sup 0.0000e+00 (0.0000e+00)	L_Trg_Inj 0.0000e+00 (0.0000e+00)	Loss Disc 0.0000e+00 (0.0000e+00)	Loss Pred 4.2646e-01 (4.2992e-01)	Loss TOTAL 4.2646e-01 (4.2992e-01)
Epoch: [8][100/496]	L_Src_Sup 0.0000e+00 (0.0000e+00)	L_Trg_Inj 0.0000e+00 (0.0000e+00)	Loss Disc 0.0000e+00 (0.0000e+00)	Loss Pred 4.2064e-01 (4.2975e-01)	Loss TOTAL 4.2064e-01 (4.2975e-01)
Epoch: [8][110/496]	L_Src_Sup 0.0000e+00 (8.9491e-06)	L_Trg_Inj 0.0000e+00 (0.0000e+00)	Loss Disc 0.0000e+00 (0.0000e+00)	Loss Pred 4.2053e-01 (4.2993e-01)	Loss TOTAL 4.2053e-01 (4.2994e-01)
Epoch: [8][120/496]	L_Src_Sup 0.0000e+00 (9.4254e-06)	L_Trg_Inj 0.0000e+00 (0.0000e+00)	Loss Disc 0.0000e+00 (0.0000e+00)	Loss Pred 4.7157e-01 (4.3077e-01)	Loss TOTAL 4.7157e-01 (4.3078e-01)
Epoch: [8][130/496]	L_Src_Sup 2.6091e-02 (1.1140e-02)	L_Trg_Inj 0.0000e+00 (0.0000e+00)	Loss Disc 0.0000e+00 (0.0000e+00)	Loss Pred 4.5333e-01 (4.3245e-01)	Loss TOTAL 4.6638e-01 (4.3802e-01)
Epoch: [8][140/496]	L_Src_Sup 0.0000e+00 (1.0516e-02)	L_Trg_Inj 0.0000e+00 (0.0000e+00)	Loss Disc 0.0000e+00 (0.0000e+00)	Loss Pred 4.5254e-01 (4.3299e-01)	Loss TOTAL 4.5254e-01 (4.3825e-01)
Epoch: [8][150/496]	L_Src_Sup 0.0000e+00 (9.8540e-03)	L_Trg_Inj 0.0000e+00 (0.0000e+00)	Loss Disc 0.0000e+00 (0.0000e+00)	Loss Pred 4.3276e-01 (4.3252e-01)	Loss TOTAL 4.3276e-01 (4.3745e-01)
Epoch: [8][160/496]	L_Src_Sup 0.0000e+00 (9.2939e-03)	L_Trg_Inj 0.0000e+00 (0.0000e+00)	Loss Disc 0.0000e+00 (0.0000e+00)	Loss Pred 4.7884e-01 (4.3222e-01)	Loss TOTAL 4.7884e-01 (4.3687e-01)
Epoch: [8][170/496]	L_Src_Sup 0.0000e+00 (8.7506e-03)	L_Trg_Inj 0.0000e+00 (0.0000e+00)	Loss Disc 0.0000e+00 (0.0000e+00)	Loss Pred 4.3874e-01 (4.3244e-01)	Loss TOTAL 4.3874e-01 (4.3681e-01)
Epoch: [8][180/496]	L_Src_Sup 0.0000e+00 (8.2645e-03)	L_Trg_Inj 0.0000e+00 (0.0000e+00)	Loss Disc 0.0000e+00 (0.0000e+00)	Loss Pred 4.0794e-01 (4.3246e-01)	Loss TOTAL 4.0794e-01 (4.3660e-01)
Epoch: [8][190/496]	L_Src_Sup 0.0000e+00 (7.8389e-03)	L_Trg_Inj 0.0000e+00 (0.0000e+00)	Loss Disc 0.0000e+00 (0.0000e+00)	Loss Pred 4.3975e-01 (4.3223e-01)	Loss TOTAL 4.3975e-01 (4.3615e-01)
Epoch: [8][200/496]	L_Src_Sup 0.0000e+00 (7.4480e-03)	L_Trg_Inj 0.0000e+00 (0.0000e+00)	Loss Disc 0.0000e+00 (0.0000e+00)	Loss Pred 4.3967e-01 (4.3271e-01)	Loss TOTAL 4.3967e-01 (4.3643e-01)
Epoch: [8][210/496]	L_Src_Sup 0.0000e+00 (7.0934e-03)	L_Trg_Inj 0.0000e+00 (0.0000e+00)	Loss Disc 0.0000e+00 (0.0000e+00)	Loss Pred 4.3334e-01 (4.3300e-01)	Loss TOTAL 4.3334e-01 (4.3654e-01)
Epoch: [8][220/496]	L_Src_Sup 0.0000e+00 (6.7710e-03)	L_Trg_Inj 0.0000e+00 (0.0000e+00)	Loss Disc 0.0000e+00 (0.0000e+00)	Loss Pred 4.1421e-01 (4.3284e-01)	Loss TOTAL 4.1421e-01 (4.3622e-01)
Epoch: [8][230/496]	L_Src_Sup 0.0000e+00 (6.4998e-03)	L_Trg_Inj 0.0000e+00 (0.0000e+00)	Loss Disc 0.0000e+00 (0.0000e+00)	Loss Pred 4.5221e-01 (4.3286e-01)	Loss TOTAL 4.5221e-01 (4.3611e-01)
Epoch: [8][240/496]	L_Src_Sup 0.0000e+00 (6.2289e-03)	L_Trg_Inj 0.0000e+00 (0.0000e+00)	Loss Disc 0.0000e+00 (0.0000e+00)	Loss Pred 4.1400e-01 (4.3270e-01)	Loss TOTAL 4.1400e-01 (4.3581e-01)
Epoch: [8][250/496]	L_Src_Sup 0.0000e+00 (6.0192e-03)	L_Trg_Inj 0.0000e+00 (0.0000e+00)	Loss Disc 0.0000e+00 (0.0000e+00)	Loss Pred 4.1402e-01 (4.3247e-01)	Loss TOTAL 4.1402e-01 (4.3548e-01)
Epoch: [8][260/496]	L_Src_Sup 0.0000e+00 (5.8033e-03)	L_Trg_Inj 0.0000e+00 (0.0000e+00)	Loss Disc 0.0000e+00 (0.0000e+00)	Loss Pred 4.1394e-01 (4.3229e-01)	Loss TOTAL 4.1394e-01 (4.3519e-01)
Epoch: [8][270/496]	L_Src_Sup 0.0000e+00 (5.5901e-03)	L_Trg_Inj 0.0000e+00 (0.0000e+00)	Loss Disc 0.0000e+00 (0.0000e+00)	Loss Pred 4.6595e-01 (4.3223e-01)	Loss TOTAL 4.6595e-01 (4.3502e-01)
Epoch: [8][280/496]	L_Src_Sup 0.0000e+00 (5.3937e-03)	L_Trg_Inj 0.0000e+00 (0.0000e+00)	Loss Disc 0.0000e+00 (0.0000e+00)	Loss Pred 4.0764e-01 (4.3218e-01)	Loss TOTAL 4.0764e-01 (4.3487e-01)
Epoch: [8][290/496]	L_Src_Sup 0.0000e+00 (5.2159e-03)	L_Trg_Inj 0.0000e+00 (0.0000e+00)	Loss Disc 0.0000e+00 (0.0000e+00)	Loss Pred 3.9562e-01 (4.3209e-01)	Loss TOTAL 3.9562e-01 (4.3470e-01)
Epoch: [8][300/496]	L_Src_Sup 0.0000e+00 (5.0421e-03)	L_Trg_Inj 0.0000e+00 (0.0000e+00)	Loss Disc 0.0000e+00 (0.0000e+00)	Loss Pred 4.2711e-01 (4.3211e-01)	Loss TOTAL 4.2711e-01 (4.3463e-01)
Epoch: [8][310/496]	L_Src_Sup 0.0000e+00 (4.8834e-03)	L_Trg_Inj 0.0000e+00 (0.0000e+00)	Loss Disc 0.0000e+00 (0.0000e+00)	Loss Pred 4.3293e-01 (4.3234e-01)	Loss TOTAL 4.3293e-01 (4.3478e-01)
Epoch: [8][320/496]	L_Src_Sup 0.0000e+00 (4.7308e-03)	L_Trg_Inj 0.0000e+00 (0.0000e+00)	Loss Disc 0.0000e+00 (0.0000e+00)	Loss Pred 4.6499e-01 (4.3215e-01)	Loss TOTAL 4.6499e-01 (4.3452e-01)
Epoch: [8][330/496]	L_Src_Sup 0.0000e+00 (4.5874e-03)	L_Trg_Inj 0.0000e+00 (0.0000e+00)	Loss Disc 0.0000e+00 (0.0000e+00)	Loss Pred 4.3974e-01 (4.3245e-01)	Loss TOTAL 4.3974e-01 (4.3474e-01)
Epoch: [8][340/496]	L_Src_Sup 0.0000e+00 (4.4549e-03)	L_Trg_Inj 0.0000e+00 (0.0000e+00)	Loss Disc 0.0000e+00 (0.0000e+00)	Loss Pred 4.2694e-01 (4.3230e-01)	Loss TOTAL 4.2694e-01 (4.3452e-01)
Epoch: [8][350/496]	L_Src_Sup 0.0000e+00 (4.3276e-03)	L_Trg_Inj 0.0000e+00 (0.0000e+00)	Loss Disc 0.0000e+00 (0.0000e+00)	Loss Pred 4.5245e-01 (4.3217e-01)	Loss TOTAL 4.5245e-01 (4.3434e-01)
Epoch: [8][360/496]	L_Src_Sup 0.0000e+00 (4.2074e-03)	L_Trg_Inj 0.0000e+00 (0.0000e+00)	Loss Disc 0.0000e+00 (0.0000e+00)	Loss Pred 4.3988e-01 (4.3184e-01)	Loss TOTAL 4.3988e-01 (4.3395e-01)
Epoch: [8][370/496]	L_Src_Sup 0.0000e+00 (4.0937e-03)	L_Trg_Inj 0.0000e+00 (0.0000e+00)	Loss Disc 0.0000e+00 (0.0000e+00)	Loss Pred 4.0785e-01 (4.3171e-01)	Loss TOTAL 4.0785e-01 (4.3376e-01)
Epoch: [8][380/496]	L_Src_Sup 0.0000e+00 (3.9860e-03)	L_Trg_Inj 0.0000e+00 (0.0000e+00)	Loss Disc 0.0000e+00 (0.0000e+00)	Loss Pred 4.2730e-01 (4.3172e-01)	Loss TOTAL 4.2730e-01 (4.3371e-01)
Epoch: [8][390/496]	L_Src_Sup 0.0000e+00 (3.8838e-03)	L_Trg_Inj 0.0000e+00 (0.0000e+00)	Loss Disc 0.0000e+00 (0.0000e+00)	Loss Pred 4.3968e-01 (4.3170e-01)	Loss TOTAL 4.3968e-01 (4.3365e-01)
Epoch: [8][400/496]	L_Src_Sup 0.0000e+00 (3.7867e-03)	L_Trg_Inj 0.0000e+00 (0.0000e+00)	Loss Disc 0.0000e+00 (0.0000e+00)	Loss Pred 4.2695e-01 (4.3162e-01)	Loss TOTAL 4.2695e-01 (4.3352e-01)
Epoch: [8][410/496]	L_Src_Sup 0.0000e+00 (3.6943e-03)	L_Trg_Inj 0.0000e+00 (0.0000e+00)	Loss Disc 0.0000e+00 (0.0000e+00)	Loss Pred 4.5232e-01 (4.3177e-01)	Loss TOTAL 4.5232e-01 (4.3362e-01)
Epoch: [8][420/496]	L_Src_Sup 0.0000e+00 (3.6063e-03)	L_Trg_Inj 0.0000e+00 (0.0000e+00)	Loss Disc 0.0000e+00 (0.0000e+00)	Loss Pred 4.1419e-01 (4.3151e-01)	Loss TOTAL 4.1419e-01 (4.3331e-01)
Epoch: [8][430/496]	L_Src_Sup 0.0000e+00 (3.5515e-03)	L_Trg_Inj 0.0000e+00 (0.0000e+00)	Loss Disc 0.0000e+00 (0.0000e+00)	Loss Pred 4.3366e-01 (4.3142e-01)	Loss TOTAL 4.3366e-01 (4.3319e-01)
Epoch: [8][440/496]	L_Src_Sup 0.0000e+00 (3.4708e-03)	L_Trg_Inj 0.0000e+00 (0.0000e+00)	Loss Disc 0.0000e+00 (0.0000e+00)	Loss Pred 4.3950e-01 (4.3140e-01)	Loss TOTAL 4.3950e-01 (4.3313e-01)
Epoch: [8][450/496]	L_Src_Sup 0.0000e+00 (3.4229e-03)	L_Trg_Inj 0.0000e+00 (0.0000e+00)	Loss Disc 0.0000e+00 (0.0000e+00)	Loss Pred 4.2672e-01 (4.3136e-01)	Loss TOTAL 4.2672e-01 (4.3307e-01)
Epoch: [8][460/496]	L_Src_Sup 0.0000e+00 (3.3485e-03)	L_Trg_Inj 0.0000e+00 (0.0000e+00)	Loss Disc 0.0000e+00 (0.0000e+00)	Loss Pred 4.4595e-01 (4.3146e-01)	Loss TOTAL 4.4595e-01 (4.3314e-01)
Epoch: [8][470/496]	L_Src_Sup 0.0000e+00 (3.2773e-03)	L_Trg_Inj 0.0000e+00 (0.0000e+00)	Loss Disc 0.0000e+00 (0.0000e+00)	Loss Pred 4.2673e-01 (4.3152e-01)	Loss TOTAL 4.2673e-01 (4.3316e-01)
Epoch: [8][480/496]	L_Src_Sup 0.0000e+00 (3.2090e-03)	L_Trg_Inj 0.0000e+00 (0.0000e+00)	Loss Disc 0.0000e+00 (0.0000e+00)	Loss Pred 4.3959e-01 (4.3144e-01)	Loss TOTAL 4.3959e-01 (4.3305e-01)
Epoch: [8][490/496]	L_Src_Sup 0.0000e+00 (3.1435e-03)	L_Trg_Inj 0.0000e+00 (0.0000e+00)	Loss Disc 0.0000e+00 (0.0000e+00)	Loss Pred 4.1505e-01 (4.3121e-01)	Loss TOTAL 4.1505e-01 (4.3278e-01)
Epoch: [8][496/496]	L_Src_Sup 0.0000e+00 (3.1055e-03)	L_Trg_Inj 0.0000e+00 (0.0000e+00)	Loss Disc 0.0000e+00 (0.0000e+00)	Loss Pred 4.3343e-01 (4.3121e-01)	Loss TOTAL 4.3343e-01 (4.3276e-01)
Epoch 8 complete. Saving model state...
Epoch: [9][ 10/496]	L_Src_Sup 0.0000e+00 (0.0000e+00)	L_Trg_Inj 0.0000e+00 (0.0000e+00)	Loss Disc 0.0000e+00 (0.0000e+00)	Loss Pred 4.2690e-01 (4.3646e-01)	Loss TOTAL 4.2690e-01 (4.3646e-01)
Epoch: [9][ 20/496]	L_Src_Sup 0.0000e+00 (0.0000e+00)	L_Trg_Inj 0.0000e+00 (0.0000e+00)	Loss Disc 0.0000e+00 (0.0000e+00)	Loss Pred 4.2053e-01 (4.3589e-01)	Loss TOTAL 4.2053e-01 (4.3589e-01)
Epoch: [9][ 30/496]	L_Src_Sup 0.0000e+00 (0.0000e+00)	L_Trg_Inj 0.0000e+00 (0.0000e+00)	Loss Disc 0.0000e+00 (0.0000e+00)	Loss Pred 4.2057e-01 (4.3246e-01)	Loss TOTAL 4.2057e-01 (4.3246e-01)
Epoch: [9][ 40/496]	L_Src_Sup 0.0000e+00 (9.6122e-05)	L_Trg_Inj 0.0000e+00 (0.0000e+00)	Loss Disc 0.0000e+00 (0.0000e+00)	Loss Pred 4.3337e-01 (4.3012e-01)	Loss TOTAL 4.3337e-01 (4.3017e-01)
Epoch: [9][ 50/496]	L_Src_Sup 0.0000e+00 (1.8676e-04)	L_Trg_Inj 0.0000e+00 (0.0000e+00)	Loss Disc 0.0000e+00 (0.0000e+00)	Loss Pred 4.3959e-01 (4.2957e-01)	Loss TOTAL 4.3959e-01 (4.2966e-01)
Epoch: [9][ 60/496]	L_Src_Sup 0.0000e+00 (1.5564e-04)	L_Trg_Inj 0.0000e+00 (0.0000e+00)	Loss Disc 0.0000e+00 (0.0000e+00)	Loss Pred 4.1421e-01 (4.2880e-01)	Loss TOTAL 4.1421e-01 (4.2888e-01)
Epoch: [9][ 70/496]	L_Src_Sup 1.1255e-02 (4.6162e-04)	L_Trg_Inj 0.0000e+00 (0.0000e+00)	Loss Disc 0.0000e+00 (0.0000e+00)	Loss Pred 4.3319e-01 (4.3009e-01)	Loss TOTAL 4.3882e-01 (4.3032e-01)
Epoch: [9][ 80/496]	L_Src_Sup 0.0000e+00 (4.0392e-04)	L_Trg_Inj 0.0000e+00 (0.0000e+00)	Loss Disc 0.0000e+00 (0.0000e+00)	Loss Pred 4.1422e-01 (4.2941e-01)	Loss TOTAL 4.1422e-01 (4.2961e-01)
Epoch: [9][ 90/496]	L_Src_Sup 0.0000e+00 (3.5904e-04)	L_Trg_Inj 0.0000e+00 (0.0000e+00)	Loss Disc 0.0000e+00 (0.0000e+00)	Loss Pred 4.1405e-01 (4.2899e-01)	Loss TOTAL 4.1405e-01 (4.2917e-01)
Epoch: [9][100/496]	L_Src_Sup 0.0000e+00 (3.2314e-04)	L_Trg_Inj 0.0000e+00 (0.0000e+00)	Loss Disc 0.0000e+00 (0.0000e+00)	Loss Pred 4.4599e-01 (4.2945e-01)	Loss TOTAL 4.4599e-01 (4.2961e-01)
Epoch: [9][110/496]	L_Src_Sup 0.0000e+00 (5.7754e-04)	L_Trg_Inj 0.0000e+00 (0.0000e+00)	Loss Disc 0.0000e+00 (0.0000e+00)	Loss Pred 4.1374e-01 (4.2901e-01)	Loss TOTAL 4.1374e-01 (4.2930e-01)
Epoch: [9][120/496]	L_Src_Sup 0.0000e+00 (5.2942e-04)	L_Trg_Inj 0.0000e+00 (0.0000e+00)	Loss Disc 0.0000e+00 (0.0000e+00)	Loss Pred 4.1396e-01 (4.2937e-01)	Loss TOTAL 4.1396e-01 (4.2963e-01)
Epoch: [9][130/496]	L_Src_Sup 0.0000e+00 (5.6174e-04)	L_Trg_Inj 0.0000e+00 (0.0000e+00)	Loss Disc 0.0000e+00 (0.0000e+00)	Loss Pred 4.0879e-01 (4.2901e-01)	Loss TOTAL 4.0879e-01 (4.2929e-01)
Epoch: [9][140/496]	L_Src_Sup 0.0000e+00 (5.2161e-04)	L_Trg_Inj 0.0000e+00 (0.0000e+00)	Loss Disc 0.0000e+00 (0.0000e+00)	Loss Pred 4.3399e-01 (4.2957e-01)	Loss TOTAL 4.3399e-01 (4.2983e-01)
Epoch: [9][150/496]	L_Src_Sup 0.0000e+00 (4.8684e-04)	L_Trg_Inj 0.0000e+00 (0.0000e+00)	Loss Disc 0.0000e+00 (0.0000e+00)	Loss Pred 4.3286e-01 (4.2924e-01)	Loss TOTAL 4.3286e-01 (4.2949e-01)
Epoch: [9][160/496]	L_Src_Sup 0.0000e+00 (4.5641e-04)	L_Trg_Inj 0.0000e+00 (0.0000e+00)	Loss Disc 0.0000e+00 (0.0000e+00)	Loss Pred 4.3422e-01 (4.2894e-01)	Loss TOTAL 4.3422e-01 (4.2917e-01)
Epoch: [9][170/496]	L_Src_Sup 0.0000e+00 (4.2957e-04)	L_Trg_Inj 0.0000e+00 (0.0000e+00)	Loss Disc 0.0000e+00 (0.0000e+00)	Loss Pred 4.0769e-01 (4.2951e-01)	Loss TOTAL 4.0769e-01 (4.2972e-01)
Epoch: [9][180/496]	L_Src_Sup 0.0000e+00 (4.0570e-04)	L_Trg_Inj 0.0000e+00 (0.0000e+00)	Loss Disc 0.0000e+00 (0.0000e+00)	Loss Pred 4.3320e-01 (4.2950e-01)	Loss TOTAL 4.3320e-01 (4.2971e-01)
Epoch: [9][190/496]	L_Src_Sup 0.0000e+00 (3.8435e-04)	L_Trg_Inj 0.0000e+00 (0.0000e+00)	Loss Disc 0.0000e+00 (0.0000e+00)	Loss Pred 4.0791e-01 (4.2917e-01)	Loss TOTAL 4.0791e-01 (4.2937e-01)
Epoch: [9][200/496]	L_Src_Sup 0.0000e+00 (4.2478e-04)	L_Trg_Inj 0.0000e+00 (0.0000e+00)	Loss Disc 0.0000e+00 (0.0000e+00)	Loss Pred 4.1455e-01 (4.2925e-01)	Loss TOTAL 4.1455e-01 (4.2946e-01)
Epoch: [9][210/496]	L_Src_Sup 0.0000e+00 (4.0500e-04)	L_Trg_Inj 0.0000e+00 (0.0000e+00)	Loss Disc 0.0000e+00 (0.0000e+00)	Loss Pred 4.7132e-01 (4.2972e-01)	Loss TOTAL 4.7132e-01 (4.2992e-01)
Epoch: [9][220/496]	L_Src_Sup 0.0000e+00 (3.8659e-04)	L_Trg_Inj 0.0000e+00 (0.0000e+00)	Loss Disc 0.0000e+00 (0.0000e+00)	Loss Pred 4.3324e-01 (4.2968e-01)	Loss TOTAL 4.3324e-01 (4.2988e-01)
Epoch: [9][230/496]	L_Src_Sup 0.0000e+00 (3.7041e-04)	L_Trg_Inj 0.0000e+00 (0.0000e+00)	Loss Disc 0.0000e+00 (0.0000e+00)	Loss Pred 4.2097e-01 (4.3017e-01)	Loss TOTAL 4.2097e-01 (4.3035e-01)
Epoch: [9][240/496]	L_Src_Sup 0.0000e+00 (3.5497e-04)	L_Trg_Inj 0.0000e+00 (0.0000e+00)	Loss Disc 0.0000e+00 (0.0000e+00)	Loss Pred 4.2687e-01 (4.3014e-01)	Loss TOTAL 4.2687e-01 (4.3032e-01)
Epoch: [9][250/496]	L_Src_Sup 0.0000e+00 (4.4054e-04)	L_Trg_Inj 0.0000e+00 (0.0000e+00)	Loss Disc 0.0000e+00 (0.0000e+00)	Loss Pred 4.5950e-01 (4.3048e-01)	Loss TOTAL 4.5950e-01 (4.3070e-01)
Epoch: [9][260/496]	L_Src_Sup 0.0000e+00 (4.2359e-04)	L_Trg_Inj 0.0000e+00 (0.0000e+00)	Loss Disc 0.0000e+00 (0.0000e+00)	Loss Pred 4.5944e-01 (4.3075e-01)	Loss TOTAL 4.5944e-01 (4.3096e-01)
Epoch: [9][270/496]	L_Src_Sup 0.0000e+00 (4.0790e-04)	L_Trg_Inj 0.0000e+00 (0.0000e+00)	Loss Disc 0.0000e+00 (0.0000e+00)	Loss Pred 4.5228e-01 (4.3080e-01)	Loss TOTAL 4.5228e-01 (4.3101e-01)
Epoch: [9][280/496]	L_Src_Sup 0.0000e+00 (3.9333e-04)	L_Trg_Inj 0.0000e+00 (0.0000e+00)	Loss Disc 0.0000e+00 (0.0000e+00)	Loss Pred 4.2080e-01 (4.3052e-01)	Loss TOTAL 4.2080e-01 (4.3071e-01)
Epoch: [9][290/496]	L_Src_Sup 0.0000e+00 (3.7977e-04)	L_Trg_Inj 0.0000e+00 (0.0000e+00)	Loss Disc 0.0000e+00 (0.0000e+00)	Loss Pred 4.2674e-01 (4.3067e-01)	Loss TOTAL 4.2674e-01 (4.3086e-01)
Epoch: [9][300/496]	L_Src_Sup 0.0000e+00 (3.6711e-04)	L_Trg_Inj 0.0000e+00 (0.0000e+00)	Loss Disc 0.0000e+00 (0.0000e+00)	Loss Pred 4.5240e-01 (4.3082e-01)	Loss TOTAL 4.5240e-01 (4.3101e-01)
Epoch: [9][310/496]	L_Src_Sup 0.0000e+00 (3.5527e-04)	L_Trg_Inj 0.0000e+00 (0.0000e+00)	Loss Disc 0.0000e+00 (0.0000e+00)	Loss Pred 3.9505e-01 (4.3079e-01)	Loss TOTAL 3.9505e-01 (4.3096e-01)
Epoch: [9][320/496]	L_Src_Sup 0.0000e+00 (3.4417e-04)	L_Trg_Inj 0.0000e+00 (0.0000e+00)	Loss Disc 0.0000e+00 (0.0000e+00)	Loss Pred 4.3300e-01 (4.3061e-01)	Loss TOTAL 4.3300e-01 (4.3078e-01)
Epoch: [9][330/496]	L_Src_Sup 0.0000e+00 (3.3374e-04)	L_Trg_Inj 0.0000e+00 (0.0000e+00)	Loss Disc 0.0000e+00 (0.0000e+00)	Loss Pred 4.5233e-01 (4.3055e-01)	Loss TOTAL 4.5233e-01 (4.3072e-01)
Epoch: [9][340/496]	L_Src_Sup 0.0000e+00 (3.2392e-04)	L_Trg_Inj 0.0000e+00 (0.0000e+00)	Loss Disc 0.0000e+00 (0.0000e+00)	Loss Pred 4.0773e-01 (4.3029e-01)	Loss TOTAL 4.0773e-01 (4.3046e-01)
Epoch: [9][350/496]	L_Src_Sup 0.0000e+00 (3.1467e-04)	L_Trg_Inj 0.0000e+00 (0.0000e+00)	Loss Disc 0.0000e+00 (0.0000e+00)	Loss Pred 4.0819e-01 (4.3023e-01)	Loss TOTAL 4.0819e-01 (4.3038e-01)
Epoch: [9][360/496]	L_Src_Sup 0.0000e+00 (3.0593e-04)	L_Trg_Inj 0.0000e+00 (0.0000e+00)	Loss Disc 0.0000e+00 (0.0000e+00)	Loss Pred 4.2088e-01 (4.3018e-01)	Loss TOTAL 4.2088e-01 (4.3033e-01)
Epoch: [9][370/496]	L_Src_Sup 0.0000e+00 (2.9766e-04)	L_Trg_Inj 0.0000e+00 (0.0000e+00)	Loss Disc 0.0000e+00 (0.0000e+00)	Loss Pred 4.2698e-01 (4.3025e-01)	Loss TOTAL 4.2698e-01 (4.3040e-01)
Epoch: [9][380/496]	L_Src_Sup 0.0000e+00 (3.1614e-04)	L_Trg_Inj 0.0000e+00 (0.0000e+00)	Loss Disc 0.0000e+00 (0.0000e+00)	Loss Pred 4.4603e-01 (4.3041e-01)	Loss TOTAL 4.4603e-01 (4.3057e-01)
Epoch: [9][390/496]	L_Src_Sup 0.0000e+00 (4.1614e-04)	L_Trg_Inj 0.0000e+00 (0.0000e+00)	Loss Disc 0.0000e+00 (0.0000e+00)	Loss Pred 4.2069e-01 (4.3052e-01)	Loss TOTAL 4.2069e-01 (4.3073e-01)
Epoch: [9][400/496]	L_Src_Sup 0.0000e+00 (4.8806e-04)	L_Trg_Inj 0.0000e+00 (0.0000e+00)	Loss Disc 0.0000e+00 (0.0000e+00)	Loss Pred 4.3882e-01 (4.3067e-01)	Loss TOTAL 4.3882e-01 (4.3092e-01)
Epoch: [9][410/496]	L_Src_Sup 0.0000e+00 (4.7917e-04)	L_Trg_Inj 0.0000e+00 (0.0000e+00)	Loss Disc 0.0000e+00 (0.0000e+00)	Loss Pred 4.2833e-01 (4.3061e-01)	Loss TOTAL 4.2833e-01 (4.3085e-01)
Epoch: [9][420/496]	L_Src_Sup 0.0000e+00 (4.6776e-04)	L_Trg_Inj 0.0000e+00 (0.0000e+00)	Loss Disc 0.0000e+00 (0.0000e+00)	Loss Pred 4.5925e-01 (4.3054e-01)	Loss TOTAL 4.5925e-01 (4.3077e-01)
Epoch: [9][430/496]	L_Src_Sup 0.0000e+00 (4.5689e-04)	L_Trg_Inj 0.0000e+00 (0.0000e+00)	Loss Disc 0.0000e+00 (0.0000e+00)	Loss Pred 4.0762e-01 (4.3055e-01)	Loss TOTAL 4.0762e-01 (4.3077e-01)
Epoch: [9][440/496]	L_Src_Sup 0.0000e+00 (4.4650e-04)	L_Trg_Inj 0.0000e+00 (0.0000e+00)	Loss Disc 0.0000e+00 (0.0000e+00)	Loss Pred 4.2057e-01 (4.3045e-01)	Loss TOTAL 4.2057e-01 (4.3067e-01)
Epoch: [9][450/496]	L_Src_Sup 0.0000e+00 (4.3658e-04)	L_Trg_Inj 0.0000e+00 (0.0000e+00)	Loss Disc 0.0000e+00 (0.0000e+00)	Loss Pred 4.2685e-01 (4.3061e-01)	Loss TOTAL 4.2685e-01 (4.3083e-01)
Epoch: [9][460/496]	L_Src_Sup 0.0000e+00 (4.7742e-04)	L_Trg_Inj 0.0000e+00 (0.0000e+00)	Loss Disc 0.0000e+00 (0.0000e+00)	Loss Pred 4.1427e-01 (4.3067e-01)	Loss TOTAL 4.1427e-01 (4.3091e-01)
Epoch: [9][470/496]	L_Src_Sup 0.0000e+00 (1.1519e-03)	L_Trg_Inj 0.0000e+00 (0.0000e+00)	Loss Disc 0.0000e+00 (0.0000e+00)	Loss Pred 4.2201e-01 (4.3074e-01)	Loss TOTAL 4.2201e-01 (4.3131e-01)
Epoch: [9][480/496]	L_Src_Sup 1.6512e-02 (1.2626e-03)	L_Trg_Inj 0.0000e+00 (0.0000e+00)	Loss Disc 0.0000e+00 (0.0000e+00)	Loss Pred 4.5861e-01 (4.3066e-01)	Loss TOTAL 4.6686e-01 (4.3129e-01)
Epoch: [9][490/496]	L_Src_Sup 8.5822e-03 (1.3572e-03)	L_Trg_Inj 0.0000e+00 (0.0000e+00)	Loss Disc 0.0000e+00 (0.0000e+00)	Loss Pred 4.1392e-01 (4.3086e-01)	Loss TOTAL 4.1821e-01 (4.3153e-01)
Epoch: [9][496/496]	L_Src_Sup 8.5635e-03 (1.3580e-03)	L_Trg_Inj 0.0000e+00 (0.0000e+00)	Loss Disc 0.0000e+00 (0.0000e+00)	Loss Pred 4.4619e-01 (4.3094e-01)	Loss TOTAL 4.5047e-01 (4.3162e-01)
Epoch 9 complete. Saving model state...
